{
  "comments": [
    "While executing a test, the following exception was received:\n\njava.lang.Exception: \n\nFor input string: \"/div\u003e\"\n                at\ntest.LocalUsrLoginLogout.executeRequest(LocalUsrLoginLogout.java:3436)at       \n         test.LocalUsrLoginLogout.c2GETLocalhost(LocalUsrLoginLogout.java:389)\nat                sun.reflect.NativeMethodAccessorImpl.invoke0(Native Method) at\nsun.reflect.NativeMethodAccessorImpl.invoke(Unknown Source) at\nsun.reflect.DelegatingMethodAccessorImpl.invoke(Unknown Source) at\njava.lang.reflect.Method.invoke(Unknown Source)at\njunit.framework.TestCase.runTest(TestCase.java:154) at\njunit.framework.TestCase.runBare(TestCase.java:127) at\njunit.framework.TestResult$1.protect(TestResult.java:106) at\njunit.framework.TestResult.runProtected(TestResult.java:124) at\njunit.framework.TestResult.run(TestResult.java:109) at\njunit.framework.TestCase.run(TestCase.java:118) at\norg.eclipse.hyades.test.common.junit.HyadesTestCase.run(HyadesTestCase.java:173)\nat junit.framework.TestSuite.runTest(TestSuite.java:208) at\norg.eclipse.hyades.test.common.junit.HyadesTestSuite.runTest(HyadesTestSuite.java:428)\nat junit.framework.TestSuite.run(TestSuite.java:203)\n                at\norg.eclipse.hyades.test.common.junit.HyadesTestSuite.doRun(HyadesTestSuite.java:396)\n                at\norg.eclipse.hyades.test.common.junit.HyadesTestSuite.run(HyadesTestSuite.java:311)\n                at junit.extensions.TestDecorator.basicRun(TestDecorator.java:22)\n                at junit.extensions.TestDecorator.run(TestDecorator.java:28)\n                at junit.extensions.RepeatedTest.run(RepeatedTest.java:25)\n                at junit.framework.TestSuite.runTest(TestSuite.java:208)\n                at\norg.eclipse.hyades.test.common.junit.HyadesTestSuite.runTest(HyadesTestSuite.java:428)\n                at junit.framework.TestSuite.run(TestSuite.java:203)\n                at\norg.eclipse.hyades.test.common.junit.HyadesTestSuite.doRun(HyadesTestSuite.java:396)\n                at\norg.eclipse.hyades.test.common.junit.HyadesTestSuite.run(HyadesTestSuite.java:311)\n                at junit.extensions.TestDecorator.basicRun(TestDecorator.java:22)\n                at junit.extensions.TestDecorator.run(TestDecorator.java:28)\n                at junit.extensions.RepeatedTest.run(RepeatedTest.java:25)\n                at junit.framework.TestSuite.runTest(TestSuite.java:208)\n                at\norg.eclipse.hyades.test.common.junit.HyadesTestSuite.runTest(HyadesTestSuite.java:428)\n                at junit.framework.TestSuite.run(TestSuite.java:203)\n                at\norg.eclipse.hyades.test.common.junit.HyadesTestSuite.doRun(HyadesTestSuite.java:396)\n                at\norg.eclipse.hyades.test.common.junit.HyadesTestSuite.run(HyadesTestSuite.java:311)\n                at\norg.eclipse.hyades.test.common.junit.HyadesTestRunner.run(HyadesTestRunner.java:281)\n                at\norg.eclipse.hyades.test.java.runner.HyadesJUnitRunner.main(HyadesJUnitRunner.java:150)",
    "This is likely an exception thrown via the connection.\n\nWith the provided example files, I\u0027m unable to reproduce because the recording \nrefers to the relative hostname \"testserver.\"\n\nIn my case, all methods returned an error string of \"testserver.\"\n\nUpon further investigate, this was found to be an UnknownHostException, but \nonly the localized message was being reported to the user.\n\nIn my case, with the deliveries made in 4.1, the error is now being reported \nas \"java.net.UnknownHostException: testserver\" which is infinitely more \nhelpful.\n\nIn the initial case of the \"/div\u003e\" error string, this improved error reporting \nshould aid the user in diagnosing the problem.  \n\nIf this still appears to be the problem of TPTP URL execution, please reopen \nthis defect with the additional information.\n",
    "ACTION: Please verify/close this defect.",
    "Closing by default since not closed by the originator in the 7+ months since being resolved.  \n\nPlease reopen if the issue is still present in the latest TPTP release or the resolution is not correct."
  ],
  "commentCreationDates": [
    "2005-09-20T17:27:40+02:00",
    "2005-09-26T22:32:23+02:00",
    "2006-11-16T13:58:48+01:00",
    "2007-02-12T17:57:42+01:00"
  ],
  "traces": [
    {
      "exceptionType": "java.lang.Exception",
      "message": "For input string: \"/div\u003e\"",
      "elements": [
        {
          "method": "test.LocalUsrLoginLogout.executeRequest",
          "source": "LocalUsrLoginLogout.java:3436"
        },
        {
          "method": "test.LocalUsrLoginLogout.c2GETLocalhost",
          "source": "LocalUsrLoginLogout.java:389"
        },
        {
          "method": "sun.reflect.NativeMethodAccessorImpl.invoke0",
          "source": "Native Method"
        },
        {
          "method": "sun.reflect.NativeMethodAccessorImpl.invoke",
          "source": "Unknown Source"
        },
        {
          "method": "sun.reflect.DelegatingMethodAccessorImpl.invoke",
          "source": "Unknown Source"
        },
        {
          "method": "java.lang.reflect.Method.invoke",
          "source": "Unknown Source"
        },
        {
          "method": "junit.framework.TestCase.runTest",
          "source": "TestCase.java:154"
        },
        {
          "method": "junit.framework.TestCase.runBare",
          "source": "TestCase.java:127"
        },
        {
          "method": "junit.framework.TestResult$1.protect",
          "source": "TestResult.java:106"
        },
        {
          "method": "junit.framework.TestResult.runProtected",
          "source": "TestResult.java:124"
        },
        {
          "method": "junit.framework.TestResult.run",
          "source": "TestResult.java:109"
        },
        {
          "method": "junit.framework.TestCase.run",
          "source": "TestCase.java:118"
        },
        {
          "method": "org.eclipse.hyades.test.common.junit.HyadesTestCase.run",
          "source": "HyadesTestCase.java:173"
        },
        {
          "method": "junit.framework.TestSuite.runTest",
          "source": "TestSuite.java:208"
        },
        {
          "method": "org.eclipse.hyades.test.common.junit.HyadesTestSuite.runTest",
          "source": "HyadesTestSuite.java:428"
        },
        {
          "method": "junit.framework.TestSuite.run",
          "source": "TestSuite.java:203"
        },
        {
          "method": "org.eclipse.hyades.test.common.junit.HyadesTestSuite.doRun",
          "source": "HyadesTestSuite.java:396"
        },
        {
          "method": "org.eclipse.hyades.test.common.junit.HyadesTestSuite.run",
          "source": "HyadesTestSuite.java:311"
        },
        {
          "method": "junit.extensions.TestDecorator.basicRun",
          "source": "TestDecorator.java:22"
        },
        {
          "method": "junit.extensions.TestDecorator.run",
          "source": "TestDecorator.java:28"
        },
        {
          "method": "junit.extensions.RepeatedTest.run",
          "source": "RepeatedTest.java:25"
        },
        {
          "method": "junit.framework.TestSuite.runTest",
          "source": "TestSuite.java:208"
        },
        {
          "method": "org.eclipse.hyades.test.common.junit.HyadesTestSuite.runTest",
          "source": "HyadesTestSuite.java:428"
        },
        {
          "method": "junit.framework.TestSuite.run",
          "source": "TestSuite.java:203"
        },
        {
          "method": "org.eclipse.hyades.test.common.junit.HyadesTestSuite.doRun",
          "source": "HyadesTestSuite.java:396"
        },
        {
          "method": "org.eclipse.hyades.test.common.junit.HyadesTestSuite.run",
          "source": "HyadesTestSuite.java:311"
        },
        {
          "method": "junit.extensions.TestDecorator.basicRun",
          "source": "TestDecorator.java:22"
        },
        {
          "method": "junit.extensions.TestDecorator.run",
          "source": "TestDecorator.java:28"
        },
        {
          "method": "junit.extensions.RepeatedTest.run",
          "source": "RepeatedTest.java:25"
        },
        {
          "method": "junit.framework.TestSuite.runTest",
          "source": "TestSuite.java:208"
        },
        {
          "method": "org.eclipse.hyades.test.common.junit.HyadesTestSuite.runTest",
          "source": "HyadesTestSuite.java:428"
        },
        {
          "method": "junit.framework.TestSuite.run",
          "source": "TestSuite.java:203"
        },
        {
          "method": "org.eclipse.hyades.test.common.junit.HyadesTestSuite.doRun",
          "source": "HyadesTestSuite.java:396"
        },
        {
          "method": "org.eclipse.hyades.test.common.junit.HyadesTestSuite.run",
          "source": "HyadesTestSuite.java:311"
        },
        {
          "method": "org.eclipse.hyades.test.common.junit.HyadesTestRunner.run",
          "source": "HyadesTestRunner.java:281"
        },
        {
          "method": "org.eclipse.hyades.test.java.runner.HyadesJUnitRunner.main",
          "source": "HyadesJUnitRunner.java:150"
        }
      ],
      "number": 0,
      "commentIndex": 0,
      "bugId": "110038",
      "date": "2005-09-20T17:27:40+02:00",
      "product": "TPTP Testing",
      "component": "Test.UI.URLTest",
      "severity": "normal"
    }
  ],
  "groupId": "110038",
  "bugId": "110038",
  "date": "2005-09-20T17:27:40+02:00",
  "product": "TPTP Testing",
  "component": "Test.UI.URLTest",
  "severity": "normal"
}