{
  "comments": [
    "I was adding a session test in org.eclipse.ui.tests, and the session test no\nlonger complete when I add an \"assertEquals(...)\" at the end.\n\nThe test suite failes with incorrect numbers, a console error, and a stack trace\nthat indicates the test didn\u0027t run:\n\nconsole:\norg.eclipse.core.internal.runtime.AssertionFailedException: assertion failed:\nUnexpected message: org.eclipse.ui.tests.session.ViewWithState\n\tat org.eclipse.core.internal.runtime.Assert.isTrue(Assert.java:107)\n\tat\norg.eclipse.core.tests.session.SessionTestRunner$ResultCollector.processMessage(SessionTestRunner.java:157)\n\tat\norg.eclipse.core.tests.session.SessionTestRunner$ResultCollector.processAvailableMessages(SessionTestRunner.java:104)\n\tat\norg.eclipse.core.tests.session.SessionTestRunner$ResultCollector.run(SessionTestRunner.java:181)\n\tat java.lang.Thread.run(Thread.java:534)\n\nJunit stack trace:\njava.lang.Exception: Test did not run:\ntestCheckMultipleViews(org.eclipse.ui.tests.session.Bug108033Test)\n\tat org.eclipse.core.tests.session.SessionTestRunner.run(SessionTestRunner.java:295)\n\tat org.eclipse.core.tests.session.TestDescriptor.run(TestDescriptor.java:87)\n\tat\norg.eclipse.core.tests.session.SessionTestSuite.runSessionTest(SessionTestSuite.java:153)\n\tat\norg.eclipse.core.tests.session.SessionTestSuite.runTest(SessionTestSuite.java:171)\n\tat junit.framework.TestSuite.run(TestSuite.java:203)\n\tat org.eclipse.core.tests.session.SessionTestSuite.run(SessionTestSuite.java:126)\n\tat junit.framework.TestSuite.runTest(TestSuite.java:208)\n\tat junit.framework.TestSuite.run(TestSuite.java:203)\n\tat\norg.eclipse.jdt.internal.junit.runner.RemoteTestRunner.runTests(RemoteTestRunner.java:478)\n\tat\norg.eclipse.jdt.internal.junit.runner.RemoteTestRunner.run(RemoteTestRunner.java:344)\n\tat\norg.eclipse.pde.internal.junit.runtime.RemotePluginTestRunner.main(RemotePluginTestRunner.java:57)\n\tat\norg.eclipse.pde.internal.junit.runtime.UITestApplication$1.run(UITestApplication.java:99)\n\tat org.eclipse.swt.widgets.RunnableLock.run(RunnableLock.java:35)\n\tat org.eclipse.swt.widgets.Synchronizer.runAsyncMessages(Synchronizer.java:123)\n\tat org.eclipse.swt.widgets.Display.runAsyncMessages(Display.java:3037)\n\tat org.eclipse.swt.widgets.Display.readAndDispatch(Display.java:2745)\n\tat org.eclipse.ui.internal.Workbench.runEventLoop(Workbench.java:1774)\n\tat org.eclipse.ui.internal.Workbench.runUI(Workbench.java:1738)\n\tat org.eclipse.ui.internal.Workbench.createAndRunWorkbench(Workbench.java:376)\n\tat org.eclipse.ui.PlatformUI.createAndRunWorkbench(PlatformUI.java:143)\n\tat org.eclipse.ui.internal.ide.IDEApplication.run(IDEApplication.java:106)\n\tat\norg.eclipse.pde.internal.junit.runtime.UITestApplication.run(UITestApplication.java:39)\n\tat\norg.eclipse.core.internal.runtime.PlatformActivator$1.run(PlatformActivator.java:226)\n\tat org.eclipse.core.runtime.adaptor.EclipseStarter.run(EclipseStarter.java:375)\n\tat org.eclipse.core.runtime.adaptor.EclipseStarter.run(EclipseStarter.java:164)\n\tat sun.reflect.NativeMethodAccessorImpl.invoke0(Native Method)\n\tat sun.reflect.NativeMethodAccessorImpl.invoke(NativeMethodAccessorImpl.java:39)\n\tat\nsun.reflect.DelegatingMethodAccessorImpl.invoke(DelegatingMethodAccessorImpl.java:25)\n\tat java.lang.reflect.Method.invoke(Method.java:324)\n\tat org.eclipse.core.launcher.Main.invokeFramework(Main.java:338)\n\tat org.eclipse.core.launcher.Main.basicRun(Main.java:282)\n\tat org.eclipse.core.launcher.Main.run(Main.java:977)\n\tat org.eclipse.core.launcher.Main.main(Main.java:952)\n\nLater,\nPW",
    "Created an attachment (id\u003d29013)\nView-based session test\n\nThis session test \"correctly\" fails on 3.1.0, but doesn\u0027t complete with the\nabove errors on 3.2 from HEAD.\n\nPW\n",
    "With the java test I actually attached, the console failure is:\n\norg.eclipse.core.internal.runtime.AssertionFailedException: assertion failed:\nUnexpected message: org.eclipse.ui.views.ProgressView\n\tat org.eclipse.core.internal.runtime.Assert.isTrue(Assert.java:107)\n\tat\norg.eclipse.core.tests.session.SessionTestRunner$ResultCollector.processMessage(SessionTestRunner.java:157)\n\tat\norg.eclipse.core.tests.session.SessionTestRunner$ResultCollector.processAvailableMessages(SessionTestRunner.java:104)\n\tat\norg.eclipse.core.tests.session.SessionTestRunner$ResultCollector.run(SessionTestRunner.java:181)\n\tat java.lang.Thread.run(Thread.java:534)\n\nPW\n",
    "The assertion that fails at the end of\nSessionTestRunner.ResultCollector#processMessage() should be deleted. I tried to\nbe smart and catch invalid messages, but turns out that if there is a way of\ndoing that properly, it is not be as simple as the way it is implemented.\nLuckily, it only happens when the tests actually fail.\n\nPaul, could you confirm that doing the change suggested works for you?",
    "I commented out that line, and now my test \"correctly\" fails with a\nComparisonFailure and the unequal info.\n\nPW\n",
    "I released the fix into HEAD. JohnA agreed to put it in for M3.",
    "The fix has been released."
  ],
  "commentCreationDates": [
    "2005-10-31T19:01:04+01:00",
    "2005-10-31T19:05:02+01:00",
    "2005-10-31T19:09:13+01:00",
    "2005-11-01T20:51:42+01:00",
    "2005-11-02T12:54:57+01:00",
    "2005-11-02T16:02:25+01:00",
    "2005-11-02T17:06:04+01:00"
  ],
  "traces": [
    {
      "exceptionType": "org.eclipse.core.internal.runtime.AssertionFailedException",
      "message": "assertion failed: Unexpected message: org.eclipse.ui.tests.session.ViewWithState",
      "elements": [
        {
          "method": "org.eclipse.core.internal.runtime.Assert.isTrue",
          "source": "Assert.java:107"
        },
        {
          "method": "org.eclipse.core.tests.session.SessionTestRunner$ResultCollector.processMessage",
          "source": "SessionTestRunner.java:157"
        },
        {
          "method": "org.eclipse.core.tests.session.SessionTestRunner$ResultCollector.processAvailableMessages",
          "source": "SessionTestRunner.java:104"
        },
        {
          "method": "org.eclipse.core.tests.session.SessionTestRunner$ResultCollector.run",
          "source": "SessionTestRunner.java:181"
        },
        {
          "method": "java.lang.Thread.run",
          "source": "Thread.java:534"
        }
      ],
      "number": 0,
      "commentIndex": 0,
      "bugId": "114396",
      "date": "2005-10-31T19:01:04+01:00",
      "product": "Platform",
      "component": "Runtime",
      "severity": "normal"
    },
    {
      "exceptionType": "java.lang.Exception",
      "message": "Test did not run: testCheckMultipleViews(org.eclipse.ui.tests.session.Bug108033Test)",
      "elements": [
        {
          "method": "org.eclipse.core.tests.session.SessionTestRunner.run",
          "source": "SessionTestRunner.java:295"
        },
        {
          "method": "org.eclipse.core.tests.session.TestDescriptor.run",
          "source": "TestDescriptor.java:87"
        },
        {
          "method": "org.eclipse.core.tests.session.SessionTestSuite.runSessionTest",
          "source": "SessionTestSuite.java:153"
        },
        {
          "method": "org.eclipse.core.tests.session.SessionTestSuite.runTest",
          "source": "SessionTestSuite.java:171"
        },
        {
          "method": "junit.framework.TestSuite.run",
          "source": "TestSuite.java:203"
        },
        {
          "method": "org.eclipse.core.tests.session.SessionTestSuite.run",
          "source": "SessionTestSuite.java:126"
        },
        {
          "method": "junit.framework.TestSuite.runTest",
          "source": "TestSuite.java:208"
        },
        {
          "method": "junit.framework.TestSuite.run",
          "source": "TestSuite.java:203"
        },
        {
          "method": "org.eclipse.jdt.internal.junit.runner.RemoteTestRunner.runTests",
          "source": "RemoteTestRunner.java:478"
        },
        {
          "method": "org.eclipse.jdt.internal.junit.runner.RemoteTestRunner.run",
          "source": "RemoteTestRunner.java:344"
        },
        {
          "method": "org.eclipse.pde.internal.junit.runtime.RemotePluginTestRunner.main",
          "source": "RemotePluginTestRunner.java:57"
        },
        {
          "method": "org.eclipse.pde.internal.junit.runtime.UITestApplication$1.run",
          "source": "UITestApplication.java:99"
        },
        {
          "method": "org.eclipse.swt.widgets.RunnableLock.run",
          "source": "RunnableLock.java:35"
        },
        {
          "method": "org.eclipse.swt.widgets.Synchronizer.runAsyncMessages",
          "source": "Synchronizer.java:123"
        },
        {
          "method": "org.eclipse.swt.widgets.Display.runAsyncMessages",
          "source": "Display.java:3037"
        },
        {
          "method": "org.eclipse.swt.widgets.Display.readAndDispatch",
          "source": "Display.java:2745"
        },
        {
          "method": "org.eclipse.ui.internal.Workbench.runEventLoop",
          "source": "Workbench.java:1774"
        },
        {
          "method": "org.eclipse.ui.internal.Workbench.runUI",
          "source": "Workbench.java:1738"
        },
        {
          "method": "org.eclipse.ui.internal.Workbench.createAndRunWorkbench",
          "source": "Workbench.java:376"
        },
        {
          "method": "org.eclipse.ui.PlatformUI.createAndRunWorkbench",
          "source": "PlatformUI.java:143"
        },
        {
          "method": "org.eclipse.ui.internal.ide.IDEApplication.run",
          "source": "IDEApplication.java:106"
        },
        {
          "method": "org.eclipse.pde.internal.junit.runtime.UITestApplication.run",
          "source": "UITestApplication.java:39"
        },
        {
          "method": "org.eclipse.core.internal.runtime.PlatformActivator$1.run",
          "source": "PlatformActivator.java:226"
        },
        {
          "method": "org.eclipse.core.runtime.adaptor.EclipseStarter.run",
          "source": "EclipseStarter.java:375"
        },
        {
          "method": "org.eclipse.core.runtime.adaptor.EclipseStarter.run",
          "source": "EclipseStarter.java:164"
        },
        {
          "method": "sun.reflect.NativeMethodAccessorImpl.invoke0",
          "source": "Native Method"
        },
        {
          "method": "sun.reflect.NativeMethodAccessorImpl.invoke",
          "source": "NativeMethodAccessorImpl.java:39"
        },
        {
          "method": "sun.reflect.DelegatingMethodAccessorImpl.invoke",
          "source": "DelegatingMethodAccessorImpl.java:25"
        },
        {
          "method": "java.lang.reflect.Method.invoke",
          "source": "Method.java:324"
        },
        {
          "method": "org.eclipse.core.launcher.Main.invokeFramework",
          "source": "Main.java:338"
        },
        {
          "method": "org.eclipse.core.launcher.Main.basicRun",
          "source": "Main.java:282"
        },
        {
          "method": "org.eclipse.core.launcher.Main.run",
          "source": "Main.java:977"
        },
        {
          "method": "org.eclipse.core.launcher.Main.main",
          "source": "Main.java:952"
        }
      ],
      "number": 1,
      "commentIndex": 0,
      "bugId": "114396",
      "date": "2005-10-31T19:01:04+01:00",
      "product": "Platform",
      "component": "Runtime",
      "severity": "normal"
    },
    {
      "exceptionType": "org.eclipse.core.internal.runtime.AssertionFailedException",
      "message": "assertion failed: Unexpected message: org.eclipse.ui.views.ProgressView",
      "elements": [
        {
          "method": "org.eclipse.core.internal.runtime.Assert.isTrue",
          "source": "Assert.java:107"
        },
        {
          "method": "org.eclipse.core.tests.session.SessionTestRunner$ResultCollector.processMessage",
          "source": "SessionTestRunner.java:157"
        },
        {
          "method": "org.eclipse.core.tests.session.SessionTestRunner$ResultCollector.processAvailableMessages",
          "source": "SessionTestRunner.java:104"
        },
        {
          "method": "org.eclipse.core.tests.session.SessionTestRunner$ResultCollector.run",
          "source": "SessionTestRunner.java:181"
        },
        {
          "method": "java.lang.Thread.run",
          "source": "Thread.java:534"
        }
      ],
      "number": 2,
      "commentIndex": 2,
      "bugId": "114396",
      "date": "2005-10-31T19:09:13+01:00",
      "product": "Platform",
      "component": "Runtime",
      "severity": "normal"
    }
  ],
  "groupId": "114396",
  "bugId": "114396",
  "date": "2005-10-31T19:01:04+01:00",
  "product": "Platform",
  "component": "Runtime",
  "severity": "normal"
}