{
  "comments": [
    "We have an automated test bot that runs the tests every hour or so.  Twice in the past two days I\u0027ve seen a failure in ImportExistingTest.  The failure is intermittent -- asking the bot to run it again simply results in all tests passing.  It seems like there might be a timing problem in the test itself.\n\n\nFIRST FAILURE\nThe following failures occurred:\nFAILURE: testImportSingleDirectory(org.eclipse.ui.tests.datatransfer.ImportExistingTest) (614)\njunit.framework.AssertionFailedError: Files were not imported\n????????at junit.framework.Assert.fail(Assert.java:47)\n????????at junit.framework.Assert.assertTrue(Assert.java:20)\n????????at org.eclipse.ui.tests.datatransfer.ImportExistingTest.verifyProjectInWorkspace(ImportExistingTest.java:631)\n????????at org.eclipse.ui.tests.datatransfer.ImportExistingTest.testImportSingleDirectory(ImportExistingTest.java:428)\n????????at sun.reflect.NativeMethodAccessorImpl.invoke0(Native Method)\n????????at sun.reflect.NativeMethodAccessorImpl.invoke(NativeMethodAccessorImpl.java:39)\n????????at sun.reflect.DelegatingMethodAccessorImpl.invoke(DelegatingMethodAccessorImpl.java:25)\n????????at java.lang.reflect.Method.invoke(Method.java:585)\n????????at junit.framework.TestCase.runTest(TestCase.java:154)\n????????at junit.framework.TestCase.runBare(TestCase.java:127)\n????????at junit.framework.TestResult$1.protect(TestResult.java:106)\n????????at junit.framework.TestResult.runProtected(TestResult.java:124)\n????????at junit.framework.TestResult.run(TestResult.java:109)\n????????at junit.framework.TestCase.run(TestCase.java:118)\n????????at junit.framework.TestSuite.runTest(TestSuite.java:208)\n????????at junit.framework.TestSuite.run(TestSuite.java:203)\n????????at junit.framework.TestSuite.runTest(TestSuite.java:208)\n????????at junit.framework.TestSuite.run(TestSuite.java:203)\n????????at junit.framework.TestSuite.runTest(TestSuite.java:208)\n????????at junit.framework.TestSuite.run(TestSuite.java:203)\n????????at org.eclipse.jdt.internal.junit.runner.RemoteTestRunner.runTests(RemoteTestRunner.java:478)\n????????at org.eclipse.jdt.internal.junit.runner.RemoteTestRunner.run(RemoteTestRunner.java:344)\n????????at org.eclipse.pde.internal.junit.runtime.RemotePluginTestRunner.main(RemotePluginTestRunner.java:57)\n????????at org.eclipse.pde.internal.junit.runtime.UITestApplication$1.run(UITestApplication.java:105)\n????????at org.eclipse.swt.widgets.RunnableLock.run(RunnableLock.java:35)\n????????at org.eclipse.swt.widgets.Synchronizer.runAsyncMessages(Synchronizer.java:123)\n????????at org.eclipse.swt.widgets.Display.runAsyncMessages(Display.java:3038)\n????????at org.eclipse.swt.widgets.Display.readAndDispatch(Display.java:2746)\n????????at org.eclipse.ui.internal.Workbench.runEventLoop(Workbench.java:1794)\n????????at org.eclipse.ui.internal.Workbench.runUI(Workbench.java:1758)\n????????at org.eclipse.ui.internal.Workbench.createAndRunWorkbench(Workbench.java:381)\n????????at org.eclipse.ui.PlatformUI.createAndRunWorkbench(PlatformUI.java:143)\n????????at org.eclipse.ui.internal.ide.IDEApplication.run(IDEApplication.java:106)\n????????at org.eclipse.pde.internal.junit.runtime.UITestApplication.run(UITestApplication.java:45)\n????????at org.eclipse.core.internal.runtime.PlatformActivator$1.run(PlatformActivator.java:109)\n????????at org.eclipse.core.runtime.adaptor.EclipseStarter.run(EclipseStarter.java:376)\n????????at org.eclipse.core.runtime.adaptor.EclipseStarter.run(EclipseStarter.java:165)\n????????at sun.reflect.NativeMethodAccessorImpl.invoke0(Native Method)\n????????at sun.reflect.NativeMethodAccessorImpl.invoke(NativeMethodAccessorImpl.java:39)\n????????at sun.reflect.DelegatingMethodAccessorImpl.invoke(DelegatingMethodAccessorImpl.java:25)\n????????at java.lang.reflect.Method.invoke(Method.java:585)\n????????at org.eclipse.core.launcher.Main.invokeFramework(Main.java:338)\n????????at org.eclipse.core.launcher.Main.basicRun(Main.java:282)\n????????at org.eclipse.core.launcher.Main.run(Main.java:977)\n????????at org.eclipse.core.launcher.Main.main(Main.java:952)\n\n\nSECOND FAILURE\nThe following failures occurred:\nFAILURE: testImportSingleDirectoryWithCopyDeleteProjectKeepContents(org.eclipse.ui.tests.datatransfer.ImportExistingTest) (615)\njunit.framework.AssertionFailedError: Files were not imported\n????????at junit.framework.Assert.fail(Assert.java:47)\n????????at junit.framework.Assert.assertTrue(Assert.java:20)\n????????at org.eclipse.ui.tests.datatransfer.ImportExistingTest.verifyProjectInWorkspace(ImportExistingTest.java:631)\n????????at org.eclipse.ui.tests.datatransfer.ImportExistingTest.testImportSingleDirectoryWithCopyDeleteProjectKeepContents(ImportExistingTest.java:530)\n????????at sun.reflect.NativeMethodAccessorImpl.invoke0(Native Method)\n????????at sun.reflect.NativeMethodAccessorImpl.invoke(NativeMethodAccessorImpl.java:39)\n????????at sun.reflect.DelegatingMethodAccessorImpl.invoke(DelegatingMethodAccessorImpl.java:25)\n????????at java.lang.reflect.Method.invoke(Method.java:585)\n????????at junit.framework.TestCase.runTest(TestCase.java:154)\n????????at junit.framework.TestCase.runBare(TestCase.java:127)\n????????at junit.framework.TestResult$1.protect(TestResult.java:106)\n????????at junit.framework.TestResult.runProtected(TestResult.java:124)\n????????at junit.framework.TestResult.run(TestResult.java:109)\n????????at junit.framework.TestCase.run(TestCase.java:118)\n????????at junit.framework.TestSuite.runTest(TestSuite.java:208)\n????????at junit.framework.TestSuite.run(TestSuite.java:203)\n????????at junit.framework.TestSuite.runTest(TestSuite.java:208)\n????????at junit.framework.TestSuite.run(TestSuite.java:203)\n????????at junit.framework.TestSuite.runTest(TestSuite.java:208)\n????????at junit.framework.TestSuite.run(TestSuite.java:203)\n????????at org.eclipse.jdt.internal.junit.runner.RemoteTestRunner.runTests(RemoteTestRunner.java:478)\n????????at org.eclipse.jdt.internal.junit.runner.RemoteTestRunner.run(RemoteTestRunner.java:344)\n????????at org.eclipse.pde.internal.junit.runtime.RemotePluginTestRunner.main(RemotePluginTestRunner.java:57)\n????????at org.eclipse.pde.internal.junit.runtime.UITestApplication$1.run(UITestApplication.java:105)\n????????at org.eclipse.swt.widgets.RunnableLock.run(RunnableLock.java:35)\n????????at org.eclipse.swt.widgets.Synchronizer.runAsyncMessages(Synchronizer.java:123)\n????????at org.eclipse.swt.widgets.Display.runAsyncMessages(Display.java:3038)\n????????at org.eclipse.swt.widgets.Display.readAndDispatch(Display.java:2746)\n????????at org.eclipse.ui.internal.Workbench.runEventLoop(Workbench.java:1794)\n????????at org.eclipse.ui.internal.Workbench.runUI(Workbench.java:1758)\n????????at org.eclipse.ui.internal.Workbench.createAndRunWorkbench(Workbench.java:381)\n????????at org.eclipse.ui.PlatformUI.createAndRunWorkbench(PlatformUI.java:143)\n????????at org.eclipse.ui.internal.ide.IDEApplication.run(IDEApplication.java:106)\n????????at org.eclipse.pde.internal.junit.runtime.UITestApplication.run(UITestApplication.java:45)\n????????at org.eclipse.core.internal.runtime.PlatformActivator$1.run(PlatformActivator.java:226)\n????????at org.eclipse.core.runtime.adaptor.EclipseStarter.run(EclipseStarter.java:376)\n????????at org.eclipse.core.runtime.adaptor.EclipseStarter.run(EclipseStarter.java:165)\n????????at sun.reflect.NativeMethodAccessorImpl.invoke0(Native Method)\n????????at sun.reflect.NativeMethodAccessorImpl.invoke(NativeMethodAccessorImpl.java:39)\n????????at sun.reflect.DelegatingMethodAccessorImpl.invoke(DelegatingMethodAccessorImpl.java:25)\n????????at java.lang.reflect.Method.invoke(Method.java:585)\n????????at org.eclipse.core.launcher.Main.invokeFramework(Main.java:338)\n????????at org.eclipse.core.launcher.Main.basicRun(Main.java:282)\n????????at org.eclipse.core.launcher.Main.run(Main.java:977)\n????????at org.eclipse.core.launcher.Main.main(Main.java:952)",
    "THIRD FAILURE\nThe following failures occurred:\nFAILURE: testImportSingleDirectoryWithCopy(org.eclipse.ui.tests.datatransfer.ImportExistingTest) (615)\njunit.framework.AssertionFailedError: Files were not imported\n????????at junit.framework.Assert.fail(Assert.java:47)\n????????at junit.framework.Assert.assertTrue(Assert.java:20)\n????????at org.eclipse.ui.tests.datatransfer.ImportExistingTest.verifyProjectInWorkspace(ImportExistingTest.java:631)\n????????at org.eclipse.ui.tests.datatransfer.ImportExistingTest.testImportSingleDirectoryWithCopy(ImportExistingTest.java:479)\n????????at sun.reflect.NativeMethodAccessorImpl.invoke0(Native Method)\n????????at sun.reflect.NativeMethodAccessorImpl.invoke(NativeMethodAccessorImpl.java:39)\n????????at sun.reflect.DelegatingMethodAccessorImpl.invoke(DelegatingMethodAccessorImpl.java:25)\n????????at java.lang.reflect.Method.invoke(Method.java:585)\n????????at junit.framework.TestCase.runTest(TestCase.java:154)\n????????at junit.framework.TestCase.runBare(TestCase.java:127)\n????????at junit.framework.TestResult$1.protect(TestResult.java:106)\n????????at junit.framework.TestResult.runProtected(TestResult.java:124)\n????????at junit.framework.TestResult.run(TestResult.java:109)\n????????at junit.framework.TestCase.run(TestCase.java:118)\n????????at junit.framework.TestSuite.runTest(TestSuite.java:208)\n????????at junit.framework.TestSuite.run(TestSuite.java:203)\n????????at junit.framework.TestSuite.runTest(TestSuite.java:208)\n????????at junit.framework.TestSuite.run(TestSuite.java:203)\n????????at junit.framework.TestSuite.runTest(TestSuite.java:208)\n????????at junit.framework.TestSuite.run(TestSuite.java:203)\n????????at org.eclipse.jdt.internal.junit.runner.RemoteTestRunner.runTests(RemoteTestRunner.java:478)\n????????at org.eclipse.jdt.internal.junit.runner.RemoteTestRunner.run(RemoteTestRunner.java:344)\n????????at org.eclipse.pde.internal.junit.runtime.RemotePluginTestRunner.main(RemotePluginTestRunner.java:57)\n????????at org.eclipse.pde.internal.junit.runtime.UITestApplication$1.run(UITestApplication.java:105)\n????????at org.eclipse.swt.widgets.RunnableLock.run(RunnableLock.java:35)\n????????at org.eclipse.swt.widgets.Synchronizer.runAsyncMessages(Synchronizer.java:123)\n????????at org.eclipse.swt.widgets.Display.runAsyncMessages(Display.java:3038)\n????????at org.eclipse.swt.widgets.Display.readAndDispatch(Display.java:2746)\n????????at org.eclipse.ui.internal.Workbench.runEventLoop(Workbench.java:1794)\n????????at org.eclipse.ui.internal.Workbench.runUI(Workbench.java:1758)\n????????at org.eclipse.ui.internal.Workbench.createAndRunWorkbench(Workbench.java:381)\n????????at org.eclipse.ui.PlatformUI.createAndRunWorkbench(PlatformUI.java:143)\n????????at org.eclipse.ui.internal.ide.IDEApplication.run(IDEApplication.java:106)\n????????at org.eclipse.pde.internal.junit.runtime.UITestApplication.run(UITestApplication.java:45)\n????????at org.eclipse.core.internal.runtime.PlatformActivator$1.run(PlatformActivator.java:109)\n????????at org.eclipse.core.runtime.adaptor.EclipseStarter.run(EclipseStarter.java:376)\n????????at org.eclipse.core.runtime.adaptor.EclipseStarter.run(EclipseStarter.java:165)\n????????at sun.reflect.NativeMethodAccessorImpl.invoke0(Native Method)\n????????at sun.reflect.NativeMethodAccessorImpl.invoke(NativeMethodAccessorImpl.java:39)\n????????at sun.reflect.DelegatingMethodAccessorImpl.invoke(DelegatingMethodAccessorImpl.java:25)\n????????at java.lang.reflect.Method.invoke(Method.java:585)\n????????at org.eclipse.core.launcher.Main.invokeFramework(Main.java:338)\n????????at org.eclipse.core.launcher.Main.basicRun(Main.java:282)\n????????at org.eclipse.core.launcher.Main.run(Main.java:977)\n????????at org.eclipse.core.launcher.Main.main(Main.java:952)\n",
    "Do all 3 tests fail on the same run?  Or is it a different test(s) each time?  I haven\u0027t been able to replicate by just running the UITestSuite on a Linux box in the lab.",
    "Different test fails on different runs.",
    "Created an attachment (id\u003d30486)\napply patch to ImportExistingTest.java\n\nTry this patch - it will report which files it is expecting but were not found in the workspace.  \n\nAlso, I noticed that an extra folder is likely being checked for when it shouldn\u0027t be in the three import from directory test cases (another project folder was added to the test data archive file after the patch was submitted and the code wasn\u0027t altered to account for that - not sure how the tests ever passed if this is why the failures are occuring).",
    "I\u0027ve ran the suites a dozen times and it\u0027s all green.  Patch submitted.",
    "Verified in I20051213-0010.  Ran the UI Test suite and all tests passed on Win2000"
  ],
  "commentCreationDates": [
    "2005-11-22T18:17:17+01:00",
    "2005-11-22T18:29:32+01:00",
    "2005-11-22T20:50:19+01:00",
    "2005-11-22T21:22:36+01:00",
    "2005-11-23T16:02:11+01:00",
    "2005-11-23T16:46:26+01:00",
    "2005-12-13T16:37:19+01:00"
  ],
  "traces": [
    {
      "exceptionType": "junit.framework.AssertionFailedError",
      "message": "Files were not imported ????????",
      "elements": [
        {
          "method": "junit.framework.Assert.fail",
          "source": "Assert.java:47"
        }
      ],
      "number": 0,
      "commentIndex": 0,
      "bugId": "117539",
      "date": "2005-11-22T18:17:17+01:00",
      "product": "Platform",
      "component": "UI",
      "severity": "normal"
    },
    {
      "exceptionType": "junit.framework.AssertionFailedError",
      "message": "Files were not imported ????????",
      "elements": [
        {
          "method": "junit.framework.Assert.fail",
          "source": "Assert.java:47"
        }
      ],
      "number": 1,
      "commentIndex": 0,
      "bugId": "117539",
      "date": "2005-11-22T18:17:17+01:00",
      "product": "Platform",
      "component": "UI",
      "severity": "normal"
    },
    {
      "exceptionType": "junit.framework.AssertionFailedError",
      "message": "Files were not imported ????????",
      "elements": [
        {
          "method": "junit.framework.Assert.fail",
          "source": "Assert.java:47"
        }
      ],
      "number": 2,
      "commentIndex": 1,
      "bugId": "117539",
      "date": "2005-11-22T18:29:32+01:00",
      "product": "Platform",
      "component": "UI",
      "severity": "normal"
    }
  ],
  "groupId": "117539",
  "bugId": "117539",
  "date": "2005-11-22T18:17:17+01:00",
  "product": "Platform",
  "component": "UI",
  "severity": "normal"
}