{
  "comments": [
    "Running the full suite on JRockit 1.5.0_03 shows up a number of problems (some to do with fragile string comparisons, but others more serious....)\n\n                     \u003d\u003d\u003d\u003d\u003d\u003d\u003d\u003d\u003d\u003d\u003d\u003d\u003d\u003d\u003d\u003d\ntestReflectionOfAbstractITDs(org.aspectj.systemtest.ajc150.Ajc150Tests)\n                     \u003d\u003d\u003d\u003d\u003d\u003d\u003d\u003d\u003d\u003d\u003d\u003d\u003d\u003d\u003d\u003d\njunit.framework.AssertionFailedError: Expecting output:\npublic abstract long Connection.callRate()\npublic long LongDistance.callRate()\npublic long Local.callRate()\npublic void Customer.addCharge(long)\npublic Customer Connection.payer\npublic long Customer.totalCharge\nBut found output:\npublic void Customer.addCharge(long)\npublic long Local.callRate()\npublic long LongDistance.callRate()\npublic abstract long Connection.callRate()\npublic long Customer.totalCharge\npublic Customer Connection.payer\n\nFirst difference is on line 1\n\n\tat junit.framework.Assert.fail(Assert.java:47)\n\tat org.aspectj.testing.OutputSpec.matchAgainst(OutputSpec.java:58)\n\tat org.aspectj.testing.RunSpec.execute(RunSpec.java:61)\n\tat org.aspectj.testing.AjcTest.runTest(AjcTest.java:68)\n\tat org.aspectj.testing.XMLBasedAjcTestCase.runTest(XMLBasedAjcTestCase.java:111)\n\tat org.aspectj.systemtest.ajc150.Ajc150Tests.testReflectionOfAbstractITDs(Ajc150Tests.java:746)\n\tat jrockit.reflect.VirtualNativeMethodInvoker.invoke(Ljava.lang.Object;[Ljava.lang.Object;)Ljava.lang.Object;(Unknown Source)\n\tat jrockit.reflect.InitialMethodInvoker.invoke(Ljava.lang.Object;[Ljava.lang.Object;)Ljava.lang.Object;(Unknown Source)\n\tat java.lang.reflect.Method.invoke(Ljava.lang.Object;[Ljava.lang.Object;I)Ljava.lang.Object;(Unknown Source)\n\tat junit.framework.TestCase.runTest(TestCase.java:154)\n\tat junit.framework.TestCase.runBare(TestCase.java:127)\n\tat junit.framework.TestResult$1.protect(TestResult.java:106)\n\tat junit.framework.TestResult.runProtected(TestResult.java:124)\n\tat junit.framework.TestResult.run(TestResult.java:109)\n\tat junit.framework.TestCase.run(TestCase.java:118)\n\tat junit.framework.TestSuite.runTest(TestSuite.java:208)\n\tat junit.framework.TestSuite.run(TestSuite.java:203)\n\tat junit.framework.TestSuite.runTest(TestSuite.java:208)\n\tat junit.framework.TestSuite.run(TestSuite.java:203)\n\tat junit.extensions.TestDecorator.basicRun(TestDecorator.java:22)\n\tat junit.extensions.TestSetup$1.protect(TestSetup.java:19)\n\tat junit.framework.TestResult.runProtected(TestResult.java:124)\n\tat junit.extensions.TestSetup.run(TestSetup.java:23)\n\tat junit.framework.TestSuite.runTest(TestSuite.java:208)\n\tat junit.framework.TestSuite.run(TestSuite.java:203)\n\tat junit.framework.TestSuite.runTest(TestSuite.java:208)\n\tat junit.framework.TestSuite.run(TestSuite.java:203)\n\tat junit.framework.TestSuite.runTest(TestSuite.java:208)\n\tat junit.framework.TestSuite.run(TestSuite.java:203)\n\n                     \u003d\u003d\u003d\u003d\u003d\u003d\u003d\u003d\u003d\u003d\u003d\u003d\u003d\u003d\u003d\u003d\ntestCloneMethod_pr83311(org.aspectj.systemtest.ajc150.Ajc150Tests)\n                     \u003d\u003d\u003d\u003d\u003d\u003d\u003d\u003d\u003d\u003d\u003d\u003d\u003d\u003d\u003d\u003d\njunit.framework.AssertionFailedError: test \"overriding/polymorphism error on interface method introduction\" failed\ntest \"overriding/polymorphism error on interface method introduction\" failed\nUnexpected error messages:\n\terror at Type \u0027java.lang.Object\u0027 (no debug info available)::0 can\u0027t override java.lang.Object I.clone() with java.lang.Object java.lang.Object.clone() visibility is reduced\n\terror at public abstract Object I.clone();\n                         ^^^^\nC:\\temp\\ajcSandbox\\ajcTest50786.tmp\\pr83311.aj:2:0::0 can\u0027t override java.lang.Object I.clone() with java.lang.Object java.lang.Object.clone() visibility is reduced\n\ncommand was: ajc -classpath C:\\cygwin\\home\\Adrian\\projects\\aspectjdev\\lib\\test\\aspectjrt.jar;..\\testing-client\\bin;..\\runtime\\bin;..\\aspectj5rt\\bin;..\\lib\\junit\\junit.jar;..\\bridge\\bin;..\\loadtime\\bin;..\\weaver\\bin;..\\weaver5\\bin;..\\aj-build\\jars\\bridge.jar;..\\aj-build\\jars\\util.jar;..\\aj-build\\jars\\loadtime.jar;..\\aj-build\\jars\\weaver.jar;..\\aj-build\\jars\\weaver5.jar;..\\aj-build\\jars\\asm.jar;..\\lib\\test\\testing-client.jar;..\\lib\\test\\aspectjrt.jar;C:\\temp\\ajcSandbox\\ajcTest50786.tmp C:\\temp\\ajcSandbox\\ajcTest50786.tmp\\pr83311.aj -d C:\\temp\\ajcSandbox\\ajcTest50786.tmp\n\tat junit.framework.Assert.fail(Assert.java:47)\n\tat org.aspectj.tools.ajc.AjcTestCase.assertMessages(AjcTestCase.java:452)\n\tat org.aspectj.testing.CompileSpec.execute(CompileSpec.java:56)\n\tat org.aspectj.testing.AjcTest.runTest(AjcTest.java:68)\n\tat org.aspectj.testing.XMLBasedAjcTestCase.runTest(XMLBasedAjcTestCase.java:111)\n\tat org.aspectj.systemtest.ajc150.Ajc150Tests.testCloneMethod_pr83311(Ajc150Tests.java:255)\n\tat jrockit.reflect.VirtualNativeMethodInvoker.invoke(Ljava.lang.Object;[Ljava.lang.Object;)Ljava.lang.Object;(Unknown Source)\n\tat jrockit.reflect.InitialMethodInvoker.invoke(Ljava.lang.Object;[Ljava.lang.Object;)Ljava.lang.Object;(Unknown Source)\n\tat java.lang.reflect.Method.invoke(Ljava.lang.Object;[Ljava.lang.Object;I)Ljava.lang.Object;(Unknown Source)\n\tat junit.framework.TestCase.runTest(TestCase.java:154)\n\tat junit.framework.TestCase.runBare(TestCase.java:127)\n\tat junit.framework.TestResult$1.protect(TestResult.java:106)\n\tat junit.framework.TestResult.runProtected(TestResult.java:124)\n\tat junit.framework.TestResult.run(TestResult.java:109)\n\tat junit.framework.TestCase.run(TestCase.java:118)\n\tat junit.framework.TestSuite.runTest(TestSuite.java:208)\n\tat junit.framework.TestSuite.run(TestSuite.java:203)\n\tat junit.framework.TestSuite.runTest(TestSuite.java:208)\n\tat junit.framework.TestSuite.run(TestSuite.java:203)\n\tat junit.extensions.TestDecorator.basicRun(TestDecorator.java:22)\n\tat junit.extensions.TestSetup$1.protect(TestSetup.java:19)\n\tat junit.framework.TestResult.runProtected(TestResult.java:124)\n\tat junit.extensions.TestSetup.run(TestSetup.java:23)\n\tat junit.framework.TestSuite.runTest(TestSuite.java:208)\n\tat junit.framework.TestSuite.run(TestSuite.java:203)\n\tat junit.framework.TestSuite.runTest(TestSuite.java:208)\n\tat junit.framework.TestSuite.run(TestSuite.java:203)\n\tat junit.framework.TestSuite.runTest(TestSuite.java:208)\n\tat junit.framework.TestSuite.run(TestSuite.java:203)\n\n                     \u003d\u003d\u003d\u003d\u003d\u003d\u003d\u003d\u003d\u003d\u003d\u003d\u003d\u003d\u003d\u003d\ntestGenericDecpParameterized(org.aspectj.systemtest.ajc150.GenericsTests)\n                     \u003d\u003d\u003d\u003d\u003d\u003d\u003d\u003d\u003d\u003d\u003d\u003d\u003d\u003d\u003d\u003d\njava.lang.ClassFormatError: Basic6 : duplicate attribute Signature\n\tat java.lang.ClassLoader.defineClass(Ljava.lang.String;[BIILjava.security.ProtectionDomain;)Ljava.lang.Class;(Unknown Source)\n\tat java.security.SecureClassLoader.defineClass(SecureClassLoader.java:124)\n\tat java.net.URLClassLoader.defineClass(URLClassLoader.java:260)\n\tat java.net.URLClassLoader.access$100(URLClassLoader.java:56)\n\tat java.net.URLClassLoader$1.run(URLClassLoader.java:195)\n\tat java.net.URLClassLoader.findClass(URLClassLoader.java:188)\n\tat java.lang.ClassLoader.loadClass(Ljava.lang.String;Z)Ljava.lang.Class;(Unknown Source)\n\tat java.lang.ClassLoader.loadClass(Ljava.lang.String;)Ljava.lang.Class;(Unknown Source)\n\tat org.aspectj.tools.ajc.AjcTestCase.run(AjcTestCase.java:607)\n\tat org.aspectj.testing.RunSpec.execute(RunSpec.java:56)\n\tat org.aspectj.testing.AjcTest.runTest(AjcTest.java:68)\n\tat org.aspectj.testing.XMLBasedAjcTestCase.runTest(XMLBasedAjcTestCase.java:111)\n\tat org.aspectj.systemtest.ajc150.GenericsTests.testGenericDecpParameterized(GenericsTests.java:584)\n\tat jrockit.reflect.VirtualNativeMethodInvoker.invoke(Ljava.lang.Object;[Ljava.lang.Object;)Ljava.lang.Object;(Unknown Source)\n\tat jrockit.reflect.InitialMethodInvoker.invoke(Ljava.lang.Object;[Ljava.lang.Object;)Ljava.lang.Object;(Unknown Source)\n\tat java.lang.reflect.Method.invoke(Ljava.lang.Object;[Ljava.lang.Object;I)Ljava.lang.Object;(Unknown Source)\n\tat junit.framework.TestCase.runTest(TestCase.java:154)\n\tat junit.framework.TestCase.runBare(TestCase.java:127)\n\tat junit.framework.TestResult$1.protect(TestResult.java:106)\n\tat junit.framework.TestResult.runProtected(TestResult.java:124)\n\tat junit.framework.TestResult.run(TestResult.java:109)\n\tat junit.framework.TestCase.run(TestCase.java:118)\n\tat junit.framework.TestSuite.runTest(TestSuite.java:208)\n\tat junit.framework.TestSuite.run(TestSuite.java:203)\n\tat junit.framework.TestSuite.runTest(TestSuite.java:208)\n\tat junit.framework.TestSuite.run(TestSuite.java:203)\n\tat junit.extensions.TestDecorator.basicRun(TestDecorator.java:22)\n\n                     \u003d\u003d\u003d\u003d\u003d\u003d\u003d\u003d\u003d\u003d\u003d\u003d\u003d\u003d\u003d\u003d\ntestPR96220_GenericDecp(org.aspectj.systemtest.ajc150.GenericsTests)\n                     \u003d\u003d\u003d\u003d\u003d\u003d\u003d\u003d\u003d\u003d\u003d\u003d\u003d\u003d\u003d\u003d\njava.lang.ClassFormatError: Basic : duplicate attribute Signature\n\tat java.lang.ClassLoader.defineClass(Ljava.lang.String;[BIILjava.security.ProtectionDomain;)Ljava.lang.Class;(Unknown Source)\n\tat java.security.SecureClassLoader.defineClass(SecureClassLoader.java:124)\n\tat java.net.URLClassLoader.defineClass(URLClassLoader.java:260)\n\tat java.net.URLClassLoader.access$100(URLClassLoader.java:56)\n\tat java.net.URLClassLoader$1.run(URLClassLoader.java:195)\n\tat java.net.URLClassLoader.findClass(URLClassLoader.java:188)\n\tat java.lang.ClassLoader.loadClass(Ljava.lang.String;Z)Ljava.lang.Class;(Unknown Source)\n\tat java.lang.ClassLoader.loadClass(Ljava.lang.String;)Ljava.lang.Class;(Unknown Source)\n\tat org.aspectj.tools.ajc.AjcTestCase.run(AjcTestCase.java:607)\n\tat org.aspectj.testing.RunSpec.execute(RunSpec.java:56)\n\tat org.aspectj.testing.AjcTest.runTest(AjcTest.java:68)\n\tat org.aspectj.testing.XMLBasedAjcTestCase.runTest(XMLBasedAjcTestCase.java:111)\n\tat org.aspectj.systemtest.ajc150.GenericsTests.testPR96220_GenericDecp(GenericsTests.java:540)\n\tat jrockit.reflect.VirtualNativeMethodInvoker.invoke(Ljava.lang.Object;[Ljava.lang.Object;)Ljava.lang.Object;(Unknown Source)\n\tat jrockit.reflect.InitialMethodInvoker.invoke(Ljava.lang.Object;[Ljava.lang.Object;)Ljava.lang.Object;(Unknown Source)\n\tat java.lang.reflect.Method.invoke(Ljava.lang.Object;[Ljava.lang.Object;I)Ljava.lang.Object;(Unknown Source)\n\tat junit.framework.TestCase.runTest(TestCase.java:154)\n\tat junit.framework.TestCase.runBare(TestCase.java:127)\n\tat junit.framework.TestResult$1.protect(TestResult.java:106)\n\tat junit.framework.TestResult.runProtected(TestResult.java:124)\n\tat junit.framework.TestResult.run(TestResult.java:109)\n\tat junit.framework.TestCase.run(TestCase.java:118)\n\tat junit.framework.TestSuite.runTest(TestSuite.java:208)\n\tat junit.framework.TestSuite.run(TestSuite.java:203)\n\tat junit.framework.TestSuite.runTest(TestSuite.java:208)\n\tat junit.framework.TestSuite.run(TestSuite.java:203)\n\tat junit.extensions.TestDecorator.basicRun(TestDecorator.java:22)\n\n                     \u003d\u003d\u003d\u003d\u003d\u003d\u003d\u003d\u003d\u003d\u003d\u003d\u003d\u003d\u003d\u003d\ntestITDs(org.aspectj.systemtest.ajc150.ataspectj.AtAjAnnotationGenTests)\n                     \u003d\u003d\u003d\u003d\u003d\u003d\u003d\u003d\u003d\u003d\u003d\u003d\u003d\u003d\u003d\u003d\njunit.framework.AssertionFailedError: Exception thrown by a.b.c.ITDTest.main(String[]) :java.lang.RuntimeException: expecting method name a, got:  c\n\tat junit.framework.Assert.fail(Assert.java:47)\n\tat org.aspectj.tools.ajc.AjcTestCase.run(AjcTestCase.java:619)\n\tat org.aspectj.testing.RunSpec.execute(RunSpec.java:56)\n\tat org.aspectj.testing.AjcTest.runTest(AjcTest.java:68)\n\tat org.aspectj.testing.XMLBasedAjcTestCase.runTest(XMLBasedAjcTestCase.java:111)\n\tat org.aspectj.systemtest.ajc150.ataspectj.AtAjAnnotationGenTests.testITDs(AtAjAnnotationGenTests.java:157)\n\tat jrockit.reflect.VirtualNativeMethodInvoker.invoke(Ljava.lang.Object;[Ljava.lang.Object;)Ljava.lang.Object;(Unknown Source)\n\tat jrockit.reflect.InitialMethodInvoker.invoke(Ljava.lang.Object;[Ljava.lang.Object;)Ljava.lang.Object;(Unknown Source)\n\tat java.lang.reflect.Method.invoke(Ljava.lang.Object;[Ljava.lang.Object;I)Ljava.lang.Object;(Unknown Source)\n\tat junit.framework.TestCase.runTest(TestCase.java:154)\n\tat junit.framework.TestCase.runBare(TestCase.java:127)\n\tat junit.framework.TestResult$1.protect(TestResult.java:106)\n\tat junit.framework.TestResult.runProtected(TestResult.java:124)\n\tat junit.framework.TestResult.run(TestResult.java:109)\n\tat junit.framework.TestCase.run(TestCase.java:118)\n\tat junit.framework.TestSuite.runTest(TestSuite.java:208)\n\tat junit.framework.TestSuite.run(TestSuite.java:203)\n\tat junit.framework.TestSuite.runTest(TestSuite.java:208)\n\tat junit.framework.TestSuite.run(TestSuite.java:203)\n\tat junit.extensions.TestDecorator.basicRun(TestDecorator.java:22)\n\tat junit.extensions.TestSetup$1.protect(TestSetup.java:19)\n\tat junit.framework.TestResult.runProtected(TestResult.java:124)\n\tat junit.extensions.TestSetup.run(TestSetup.java:23)\n\tat junit.framework.TestSuite.runTest(TestSuite.java:208)\n\tat junit.framework.TestSuite.run(TestSuite.java:203)\n\tat junit.framework.TestSuite.runTest(TestSuite.java:208)\n\tat junit.framework.TestSuite.run(TestSuite.java:203)\n\tat junit.framework.TestSuite.runTest(TestSuite.java:208)\n\tat junit.framework.TestSuite.run(TestSuite.java:203)\n\n                     \u003d\u003d\u003d\u003d\u003d\u003d\u003d\u003d\u003d\u003d\u003d\u003d\u003d\u003d\u003d\u003d\ntestDecAnnotation(org.aspectj.systemtest.ajc150.ataspectj.AtAjAnnotationGenTests)\n                     \u003d\u003d\u003d\u003d\u003d\u003d\u003d\u003d\u003d\u003d\u003d\u003d\u003d\u003d\u003d\u003d\njunit.framework.AssertionFailedError: Exception thrown by DeclareAnnotationTest.main(String[]) :java.lang.RuntimeException: expecting @type\n\tat junit.framework.Assert.fail(Assert.java:47)\n\tat org.aspectj.tools.ajc.AjcTestCase.run(AjcTestCase.java:619)\n\tat org.aspectj.testing.RunSpec.execute(RunSpec.java:56)\n\tat org.aspectj.testing.AjcTest.runTest(AjcTest.java:68)\n\tat org.aspectj.testing.XMLBasedAjcTestCase.runTest(XMLBasedAjcTestCase.java:111)\n\tat org.aspectj.systemtest.ajc150.ataspectj.AtAjAnnotationGenTests.testDecAnnotation(AtAjAnnotationGenTests.java:153)\n\tat jrockit.reflect.VirtualNativeMethodInvoker.invoke(Ljava.lang.Object;[Ljava.lang.Object;)Ljava.lang.Object;(Unknown Source)\n\tat jrockit.reflect.InitialMethodInvoker.invoke(Ljava.lang.Object;[Ljava.lang.Object;)Ljava.lang.Object;(Unknown Source)\n\tat java.lang.reflect.Method.invoke(Ljava.lang.Object;[Ljava.lang.Object;I)Ljava.lang.Object;(Unknown Source)\n\tat junit.framework.TestCase.runTest(TestCase.java:154)\n\tat junit.framework.TestCase.runBare(TestCase.java:127)\n\tat junit.framework.TestResult$1.protect(TestResult.java:106)\n\tat junit.framework.TestResult.runProtected(TestResult.java:124)\n\tat junit.framework.TestResult.run(TestResult.java:109)\n\tat junit.framework.TestCase.run(TestCase.java:118)\n\tat junit.framework.TestSuite.runTest(TestSuite.java:208)\n\tat junit.framework.TestSuite.run(TestSuite.java:203)\n\tat junit.framework.TestSuite.runTest(TestSuite.java:208)\n\tat junit.framework.TestSuite.run(TestSuite.java:203)\n\tat junit.extensions.TestDecorator.basicRun(TestDecorator.java:22)\n\tat junit.extensions.TestSetup$1.protect(TestSetup.java:19)\n\tat junit.framework.TestResult.runProtected(TestResult.java:124)\n\tat junit.extensions.TestSetup.run(TestSetup.java:23)\n\tat junit.framework.TestSuite.runTest(TestSuite.java:208)\n\tat junit.framework.TestSuite.run(TestSuite.java:203)\n\tat junit.framework.TestSuite.runTest(TestSuite.java:208)\n\tat junit.framework.TestSuite.run(TestSuite.java:203)\n\tat junit.framework.TestSuite.runTest(TestSuite.java:208)\n\tat junit.framework.TestSuite.run(TestSuite.java:203)\n\n                     \u003d\u003d\u003d\u003d\u003d\u003d\u003d\u003d\u003d\u003d\u003d\u003d\u003d\u003d\u003d\u003d\ntestDeows(org.aspectj.systemtest.ajc150.ataspectj.AtAjAnnotationGenTests)\n                     \u003d\u003d\u003d\u003d\u003d\u003d\u003d\u003d\u003d\u003d\u003d\u003d\u003d\u003d\u003d\u003d\njunit.framework.AssertionFailedError: Exception thrown by Deow.main(String[]) :java.lang.RuntimeException: Expecting a warning\n\tat junit.framework.Assert.fail(Assert.java:47)\n\tat org.aspectj.tools.ajc.AjcTestCase.run(AjcTestCase.java:619)\n\tat org.aspectj.testing.RunSpec.execute(RunSpec.java:56)\n\tat org.aspectj.testing.AjcTest.runTest(AjcTest.java:68)\n\tat org.aspectj.testing.XMLBasedAjcTestCase.runTest(XMLBasedAjcTestCase.java:111)\n\tat org.aspectj.systemtest.ajc150.ataspectj.AtAjAnnotationGenTests.testDeows(AtAjAnnotationGenTests.java:127)\n\tat jrockit.reflect.VirtualNativeMethodInvoker.invoke(Ljava.lang.Object;[Ljava.lang.Object;)Ljava.lang.Object;(Unknown Source)\n\tat jrockit.reflect.InitialMethodInvoker.invoke(Ljava.lang.Object;[Ljava.lang.Object;)Ljava.lang.Object;(Unknown Source)\n\tat java.lang.reflect.Method.invoke(Ljava.lang.Object;[Ljava.lang.Object;I)Ljava.lang.Object;(Unknown Source)\n\tat junit.framework.TestCase.runTest(TestCase.java:154)\n\tat junit.framework.TestCase.runBare(TestCase.java:127)\n\tat junit.framework.TestResult$1.protect(TestResult.java:106)\n\tat junit.framework.TestResult.runProtected(TestResult.java:124)\n\tat junit.framework.TestResult.run(TestResult.java:109)\n\tat junit.framework.TestCase.run(TestCase.java:118)\n\tat junit.framework.TestSuite.runTest(TestSuite.java:208)\n\tat junit.framework.TestSuite.run(TestSuite.java:203)\n\tat junit.framework.TestSuite.runTest(TestSuite.java:208)\n\tat junit.framework.TestSuite.run(TestSuite.java:203)\n\tat junit.extensions.TestDecorator.basicRun(TestDecorator.java:22)\n\tat junit.extensions.TestSetup$1.protect(TestSetup.java:19)\n\tat junit.framework.TestResult.runProtected(TestResult.java:124)\n\tat junit.extensions.TestSetup.run(TestSetup.java:23)\n\tat junit.framework.TestSuite.runTest(TestSuite.java:208)\n\tat junit.framework.TestSuite.run(TestSuite.java:203)\n\tat junit.framework.TestSuite.runTest(TestSuite.java:208)\n\tat junit.framework.TestSuite.run(TestSuite.java:203)\n\tat junit.framework.TestSuite.runTest(TestSuite.java:208)\n\tat junit.framework.TestSuite.run(TestSuite.java:203)",
    "fixed the last three of these (all to do with ordering of reflective members returned by runtime being assumed by test case - not true bugs)",
    "first failure fixed also (test case issue as well)",
    "fixed cases 3 \u0026 4 - by removing the old attribute when we add a new one (LazyClassGen).   I think its a safe change that shouldnt\u0027 require a 2nd RC by itself.\n\nfixes checked in.",
    "The final failure is related to clone.  We do some special handling of clone - and it appears that clone on JRockit isn\u0027t marked \u0027native\u0027 - like on the other VMs we test against.  That is reasonable, so I\u0027ve changed the logic to remove the native test and verify the declaring type is Object (with guards on null where appropriate).\n\nThis is a simple change that I don\u0027t think requires a new RC.\n\nI will check in the fix when dev.eclipse.org starts responding.\n\nSo... I think thats all failing cases dealt with.",
    "finally managed to commit the clone fix.",
    "me too.\n\nThis bug can be closed off on the next build now.",
    "all changes now in"
  ],
  "commentCreationDates": [
    "2005-12-14T17:47:17+01:00",
    "2005-12-14T18:15:49+01:00",
    "2005-12-14T18:23:18+01:00",
    "2005-12-15T09:46:50+01:00",
    "2005-12-15T12:04:35+01:00",
    "2005-12-15T14:14:58+01:00",
    "2005-12-15T14:26:36+01:00",
    "2005-12-16T15:14:54+01:00"
  ],
  "traces": [
    {
      "exceptionType": "junit.framework.AssertionFailedError",
      "message": "Expecting output: public abstract long Connection.callRate() public long LongDistance.callRate() public long Local.callRate() public void Customer.addCharge(long) public Customer Connection.payer public long Customer.totalCharge But found output: public void Customer.addCharge(long) public long Local.callRate() public long LongDistance.callRate() public abstract long Connection.callRate() public long Customer.totalCharge public Customer Connection.payer  First difference is on line 1",
      "elements": [
        {
          "method": "junit.framework.Assert.fail",
          "source": "Assert.java:47"
        },
        {
          "method": "org.aspectj.testing.OutputSpec.matchAgainst",
          "source": "OutputSpec.java:58"
        },
        {
          "method": "org.aspectj.testing.RunSpec.execute",
          "source": "RunSpec.java:61"
        },
        {
          "method": "org.aspectj.testing.AjcTest.runTest",
          "source": "AjcTest.java:68"
        },
        {
          "method": "org.aspectj.testing.XMLBasedAjcTestCase.runTest",
          "source": "XMLBasedAjcTestCase.java:111"
        },
        {
          "method": "org.aspectj.systemtest.ajc150.Ajc150Tests.testReflectionOfAbstractITDs",
          "source": "Ajc150Tests.java:746"
        },
        {
          "method": "jrockit.reflect.VirtualNativeMethodInvoker.invoke",
          "source": "Ljava.lang.Object;[Ljava.lang.Object;"
        }
      ],
      "number": 0,
      "commentIndex": 0,
      "bugId": "120916",
      "date": "2005-12-14T17:47:17+01:00",
      "product": "AspectJ",
      "component": "Compiler",
      "severity": "normal"
    },
    {
      "exceptionType": "junit.framework.AssertionFailedError",
      "message": "test \"overriding/polymorphism error on interface method introduction\" failed test \"overriding/polymorphism error on interface method introduction\" failed Unexpected error messages:  error at Type \u0027java.lang.Object\u0027 (no debug info available)::0 can\u0027t override java.lang.Object I.clone() with java.lang.Object java.lang.Object.clone() visibility is reduced  error at public abstract Object I.clone();                          ^^^^ C:\\temp\\ajcSandbox\\ajcTest50786.tmp\\pr83311.aj:2:0::0 can\u0027t override java.lang.Object I.clone() with java.lang.Object java.lang.Object.clone() visibility is reduced  command was: ajc -classpath C:\\cygwin\\home\\Adrian\\projects\\aspectjdev\\lib\\test\\aspectjrt.jar;..\\testing-client\\bin;..\\runtime\\bin;..\\aspectj5rt\\bin;..\\lib\\junit\\junit.jar;..\\bridge\\bin;..\\loadtime\\bin;..\\weaver\\bin;..\\weaver5\\bin;..\\aj-build\\jars\\bridge.jar;..\\aj-build\\jars\\util.jar;..\\aj-build\\jars\\loadtime.jar;..\\aj-build\\jars\\weaver.jar;..\\aj-build\\jars\\weaver5.jar;..\\aj-build\\jars\\asm.jar;..\\lib\\test\\testing-client.jar;..\\lib\\test\\aspectjrt.jar;C:\\temp\\ajcSandbox\\ajcTest50786.tmp C:\\temp\\ajcSandbox\\ajcTest50786.tmp\\pr83311.aj -d C:\\temp\\ajcSandbox\\ajcTest50786.tmp",
      "elements": [
        {
          "method": "junit.framework.Assert.fail",
          "source": "Assert.java:47"
        },
        {
          "method": "org.aspectj.tools.ajc.AjcTestCase.assertMessages",
          "source": "AjcTestCase.java:452"
        },
        {
          "method": "org.aspectj.testing.CompileSpec.execute",
          "source": "CompileSpec.java:56"
        },
        {
          "method": "org.aspectj.testing.AjcTest.runTest",
          "source": "AjcTest.java:68"
        },
        {
          "method": "org.aspectj.testing.XMLBasedAjcTestCase.runTest",
          "source": "XMLBasedAjcTestCase.java:111"
        },
        {
          "method": "org.aspectj.systemtest.ajc150.Ajc150Tests.testCloneMethod_pr83311",
          "source": "Ajc150Tests.java:255"
        },
        {
          "method": "jrockit.reflect.VirtualNativeMethodInvoker.invoke",
          "source": "Ljava.lang.Object;[Ljava.lang.Object;"
        }
      ],
      "number": 1,
      "commentIndex": 0,
      "bugId": "120916",
      "date": "2005-12-14T17:47:17+01:00",
      "product": "AspectJ",
      "component": "Compiler",
      "severity": "normal"
    },
    {
      "exceptionType": "java.lang.ClassFormatError",
      "message": "Basic6 : duplicate attribute Signature",
      "elements": [
        {
          "method": "java.lang.ClassLoader.defineClass",
          "source": "Ljava.lang.String;[BIILjava.security.ProtectionDomain;"
        }
      ],
      "number": 2,
      "commentIndex": 0,
      "bugId": "120916",
      "date": "2005-12-14T17:47:17+01:00",
      "product": "AspectJ",
      "component": "Compiler",
      "severity": "normal"
    },
    {
      "exceptionType": "java.lang.ClassFormatError",
      "message": "Basic : duplicate attribute Signature",
      "elements": [
        {
          "method": "java.lang.ClassLoader.defineClass",
          "source": "Ljava.lang.String;[BIILjava.security.ProtectionDomain;"
        }
      ],
      "number": 3,
      "commentIndex": 0,
      "bugId": "120916",
      "date": "2005-12-14T17:47:17+01:00",
      "product": "AspectJ",
      "component": "Compiler",
      "severity": "normal"
    },
    {
      "exceptionType": "java.lang.RuntimeException",
      "message": "expecting method name a, got:  c",
      "elements": [
        {
          "method": "junit.framework.Assert.fail",
          "source": "Assert.java:47"
        },
        {
          "method": "org.aspectj.tools.ajc.AjcTestCase.run",
          "source": "AjcTestCase.java:619"
        },
        {
          "method": "org.aspectj.testing.RunSpec.execute",
          "source": "RunSpec.java:56"
        },
        {
          "method": "org.aspectj.testing.AjcTest.runTest",
          "source": "AjcTest.java:68"
        },
        {
          "method": "org.aspectj.testing.XMLBasedAjcTestCase.runTest",
          "source": "XMLBasedAjcTestCase.java:111"
        },
        {
          "method": "org.aspectj.systemtest.ajc150.ataspectj.AtAjAnnotationGenTests.testITDs",
          "source": "AtAjAnnotationGenTests.java:157"
        },
        {
          "method": "jrockit.reflect.VirtualNativeMethodInvoker.invoke",
          "source": "Ljava.lang.Object;[Ljava.lang.Object;"
        }
      ],
      "number": 4,
      "commentIndex": 0,
      "bugId": "120916",
      "date": "2005-12-14T17:47:17+01:00",
      "product": "AspectJ",
      "component": "Compiler",
      "severity": "normal"
    },
    {
      "exceptionType": "java.lang.RuntimeException",
      "message": "expecting @type",
      "elements": [
        {
          "method": "junit.framework.Assert.fail",
          "source": "Assert.java:47"
        },
        {
          "method": "org.aspectj.tools.ajc.AjcTestCase.run",
          "source": "AjcTestCase.java:619"
        },
        {
          "method": "org.aspectj.testing.RunSpec.execute",
          "source": "RunSpec.java:56"
        },
        {
          "method": "org.aspectj.testing.AjcTest.runTest",
          "source": "AjcTest.java:68"
        },
        {
          "method": "org.aspectj.testing.XMLBasedAjcTestCase.runTest",
          "source": "XMLBasedAjcTestCase.java:111"
        },
        {
          "method": "org.aspectj.systemtest.ajc150.ataspectj.AtAjAnnotationGenTests.testDecAnnotation",
          "source": "AtAjAnnotationGenTests.java:153"
        },
        {
          "method": "jrockit.reflect.VirtualNativeMethodInvoker.invoke",
          "source": "Ljava.lang.Object;[Ljava.lang.Object;"
        }
      ],
      "number": 5,
      "commentIndex": 0,
      "bugId": "120916",
      "date": "2005-12-14T17:47:17+01:00",
      "product": "AspectJ",
      "component": "Compiler",
      "severity": "normal"
    },
    {
      "exceptionType": "java.lang.RuntimeException",
      "message": "Expecting a warning",
      "elements": [
        {
          "method": "junit.framework.Assert.fail",
          "source": "Assert.java:47"
        },
        {
          "method": "org.aspectj.tools.ajc.AjcTestCase.run",
          "source": "AjcTestCase.java:619"
        },
        {
          "method": "org.aspectj.testing.RunSpec.execute",
          "source": "RunSpec.java:56"
        },
        {
          "method": "org.aspectj.testing.AjcTest.runTest",
          "source": "AjcTest.java:68"
        },
        {
          "method": "org.aspectj.testing.XMLBasedAjcTestCase.runTest",
          "source": "XMLBasedAjcTestCase.java:111"
        },
        {
          "method": "org.aspectj.systemtest.ajc150.ataspectj.AtAjAnnotationGenTests.testDeows",
          "source": "AtAjAnnotationGenTests.java:127"
        },
        {
          "method": "jrockit.reflect.VirtualNativeMethodInvoker.invoke",
          "source": "Ljava.lang.Object;[Ljava.lang.Object;"
        }
      ],
      "number": 6,
      "commentIndex": 0,
      "bugId": "120916",
      "date": "2005-12-14T17:47:17+01:00",
      "product": "AspectJ",
      "component": "Compiler",
      "severity": "normal"
    }
  ],
  "groupId": "120916",
  "bugId": "120916",
  "date": "2005-12-14T17:47:17+01:00",
  "product": "AspectJ",
  "component": "Compiler",
  "severity": "normal"
}