{
  "comments": [
    "I20060221-1300\n\nI got several exceptions in .log but nothing visibly in the UI. I started the JDT Text tests several times in Debug and Run mode (in sequence, not parallel). I also terminated one of those via Debug view.\n\n!ENTRY org.eclipse.jdt.junit 4 4 2006-02-27 17:54:28.022\n!MESSAGE Error\n!STACK 0\njava.lang.Exception: Unexpected TestElement type for testId \u0027230\u0027: org.eclipse.jdt.text.tests.JUnitProjectTestSetup: NOT_RUN (1)\n\tat org.eclipse.jdt.internal.junit.model.TestRunSession$TestSessionNotifier.logUnexpectedTest(TestRunSession.java:476)\n\tat org.eclipse.jdt.internal.junit.model.TestRunSession$TestSessionNotifier.testFailed(TestRunSession.java:414)\n\tat org.eclipse.jdt.internal.junit.model.RemoteTestRunnerClient$7.run(RemoteTestRunnerClient.java:525)\n\tat org.eclipse.core.runtime.SafeRunner.run(SafeRunner.java:37)\n\tat org.eclipse.core.runtime.Platform.run(Platform.java:816)\n\tat org.eclipse.jdt.internal.junit.model.RemoteTestRunnerClient.notifyTestFailed(RemoteTestRunnerClient.java:522)\n\tat org.eclipse.jdt.internal.junit.model.RemoteTestRunnerClient.access$16(RemoteTestRunnerClient.java:517)\n\tat org.eclipse.jdt.internal.junit.model.RemoteTestRunnerClient$TraceProcessingState.readMessage(RemoteTestRunnerClient.java:170)\n\tat org.eclipse.jdt.internal.junit.model.RemoteTestRunnerClient.receiveMessage(RemoteTestRunnerClient.java:342)\n\tat org.eclipse.jdt.internal.junit.model.RemoteTestRunnerClient.access$26(RemoteTestRunnerClient.java:341)\n\tat org.eclipse.jdt.internal.junit.model.RemoteTestRunnerClient$ServerConnection.run(RemoteTestRunnerClient.java:267)\n\n!ENTRY org.eclipse.jdt.junit 4 4 2006-02-27 17:54:28.053\n!MESSAGE Error\n!STACK 0\njava.lang.Exception: Unexpected TestElement type for testId \u0027243\u0027: org.eclipse.jdt.text.tests.JUnitProjectTestSetup: NOT_RUN (1)\n\tat org.eclipse.jdt.internal.junit.model.TestRunSession$TestSessionNotifier.logUnexpectedTest(TestRunSession.java:476)\n\tat org.eclipse.jdt.internal.junit.model.TestRunSession$TestSessionNotifier.testFailed(TestRunSession.java:414)\n\tat org.eclipse.jdt.internal.junit.model.RemoteTestRunnerClient$7.run(RemoteTestRunnerClient.java:525)\n\tat org.eclipse.core.runtime.SafeRunner.run(SafeRunner.java:37)\n\tat org.eclipse.core.runtime.Platform.run(Platform.java:816)\n\tat org.eclipse.jdt.internal.junit.model.RemoteTestRunnerClient.notifyTestFailed(RemoteTestRunnerClient.java:522)\n\tat org.eclipse.jdt.internal.junit.model.RemoteTestRunnerClient.access$16(RemoteTestRunnerClient.java:517)\n\tat org.eclipse.jdt.internal.junit.model.RemoteTestRunnerClient$TraceProcessingState.readMessage(RemoteTestRunnerClient.java:170)\n\tat org.eclipse.jdt.internal.junit.model.RemoteTestRunnerClient.receiveMessage(RemoteTestRunnerClient.java:342)\n\tat org.eclipse.jdt.internal.junit.model.RemoteTestRunnerClient.access$26(RemoteTestRunnerClient.java:341)\n\tat org.eclipse.jdt.internal.junit.model.RemoteTestRunnerClient$ServerConnection.run(RemoteTestRunnerClient.java:267)\n\n!ENTRY org.eclipse.jdt.junit 4 4 2006-02-27 17:54:30.251\n!MESSAGE Error\n!STACK 0\njava.lang.Exception: Unexpected TestElement type for testId \u0027301\u0027: org.eclipse.jdt.text.tests.AbstractSemanticHighlightingTest$SemanticHighlightingTestSetup: NOT_RUN (1)\n\tat org.eclipse.jdt.internal.junit.model.TestRunSession$TestSessionNotifier.logUnexpectedTest(TestRunSession.java:476)\n\tat org.eclipse.jdt.internal.junit.model.TestRunSession$TestSessionNotifier.testFailed(TestRunSession.java:414)\n\tat org.eclipse.jdt.internal.junit.model.RemoteTestRunnerClient$7.run(RemoteTestRunnerClient.java:525)\n\tat org.eclipse.core.runtime.SafeRunner.run(SafeRunner.java:37)\n\tat org.eclipse.core.runtime.Platform.run(Platform.java:816)\n\tat org.eclipse.jdt.internal.junit.model.RemoteTestRunnerClient.notifyTestFailed(RemoteTestRunnerClient.java:522)\n\tat org.eclipse.jdt.internal.junit.model.RemoteTestRunnerClient.access$16(RemoteTestRunnerClient.java:517)\n\tat org.eclipse.jdt.internal.junit.model.RemoteTestRunnerClient$TraceProcessingState.readMessage(RemoteTestRunnerClient.java:170)\n\tat org.eclipse.jdt.internal.junit.model.RemoteTestRunnerClient.receiveMessage(RemoteTestRunnerClient.java:342)\n\tat org.eclipse.jdt.internal.junit.model.RemoteTestRunnerClient.access$26(RemoteTestRunnerClient.java:341)\n\tat org.eclipse.jdt.internal.junit.model.RemoteTestRunnerClient$ServerConnection.run(RemoteTestRunnerClient.java:267)\n\n!ENTRY org.eclipse.jdt.junit 4 4 2006-02-27 17:54:30.261\n!MESSAGE Error\n!STACK 0\njava.lang.Exception: Unexpected TestElement type for testId \u0027321\u0027: org.eclipse.jdt.text.tests.AbstractSemanticHighlightingTest$SemanticHighlightingTestSetup: NOT_RUN (1)\n\tat org.eclipse.jdt.internal.junit.model.TestRunSession$TestSessionNotifier.logUnexpectedTest(TestRunSession.java:476)\n\tat org.eclipse.jdt.internal.junit.model.TestRunSession$TestSessionNotifier.testFailed(TestRunSession.java:414)\n\tat org.eclipse.jdt.internal.junit.model.RemoteTestRunnerClient$7.run(RemoteTestRunnerClient.java:525)\n\tat org.eclipse.core.runtime.SafeRunner.run(SafeRunner.java:37)\n\tat org.eclipse.core.runtime.Platform.run(Platform.java:816)\n\tat org.eclipse.jdt.internal.junit.model.RemoteTestRunnerClient.notifyTestFailed(RemoteTestRunnerClient.java:522)\n\tat org.eclipse.jdt.internal.junit.model.RemoteTestRunnerClient.access$16(RemoteTestRunnerClient.java:517)\n\tat org.eclipse.jdt.internal.junit.model.RemoteTestRunnerClient$TraceProcessingState.readMessage(RemoteTestRunnerClient.java:170)\n\tat org.eclipse.jdt.internal.junit.model.RemoteTestRunnerClient.receiveMessage(RemoteTestRunnerClient.java:342)\n\tat org.eclipse.jdt.internal.junit.model.RemoteTestRunnerClient.access$26(RemoteTestRunnerClient.java:341)\n\tat org.eclipse.jdt.internal.junit.model.RemoteTestRunnerClient$ServerConnection.run(RemoteTestRunnerClient.java:267)\n\n!ENTRY org.eclipse.jdt.junit 4 4 2006-02-27 17:54:31.607\n!MESSAGE Error\n!STACK 0\njava.lang.Exception: Unexpected TestElement type for testId \u0027363\u0027: org.eclipse.jdt.ui.tests.core.ProjectTestSetup: NOT_RUN (1)\n\tat org.eclipse.jdt.internal.junit.model.TestRunSession$TestSessionNotifier.logUnexpectedTest(TestRunSession.java:476)\n\tat org.eclipse.jdt.internal.junit.model.TestRunSession$TestSessionNotifier.testFailed(TestRunSession.java:414)\n\tat org.eclipse.jdt.internal.junit.model.RemoteTestRunnerClient$7.run(RemoteTestRunnerClient.java:525)\n\tat org.eclipse.core.runtime.SafeRunner.run(SafeRunner.java:37)\n\tat org.eclipse.core.runtime.Platform.run(Platform.java:816)\n\tat org.eclipse.jdt.internal.junit.model.RemoteTestRunnerClient.notifyTestFailed(RemoteTestRunnerClient.java:522)\n\tat org.eclipse.jdt.internal.junit.model.RemoteTestRunnerClient.access$16(RemoteTestRunnerClient.java:517)\n\tat org.eclipse.jdt.internal.junit.model.RemoteTestRunnerClient$TraceProcessingState.readMessage(RemoteTestRunnerClient.java:170)\n\tat org.eclipse.jdt.internal.junit.model.RemoteTestRunnerClient.receiveMessage(RemoteTestRunnerClient.java:342)\n\tat org.eclipse.jdt.internal.junit.model.RemoteTestRunnerClient.access$26(RemoteTestRunnerClient.java:341)\n\tat org.eclipse.jdt.internal.junit.model.RemoteTestRunnerClient$ServerConnection.run(RemoteTestRunnerClient.java:267)\n\n!ENTRY org.eclipse.jdt.junit 4 4 2006-02-27 17:54:33.343\n!MESSAGE Error\n!STACK 0\njava.lang.Exception: Unexpected TestElement type for testId \u0027512\u0027: org.eclipse.jdt.text.tests.IndentActionTest$IndentTestSetup: NOT_RUN (1)\n\tat org.eclipse.jdt.internal.junit.model.TestRunSession$TestSessionNotifier.logUnexpectedTest(TestRunSession.java:476)\n\tat org.eclipse.jdt.internal.junit.model.TestRunSession$TestSessionNotifier.testFailed(TestRunSession.java:414)\n\tat org.eclipse.jdt.internal.junit.model.RemoteTestRunnerClient$7.run(RemoteTestRunnerClient.java:525)\n\tat org.eclipse.core.runtime.SafeRunner.run(SafeRunner.java:37)\n\tat org.eclipse.core.runtime.Platform.run(Platform.java:816)\n\tat org.eclipse.jdt.internal.junit.model.RemoteTestRunnerClient.notifyTestFailed(RemoteTestRunnerClient.java:522)\n\tat org.eclipse.jdt.internal.junit.model.RemoteTestRunnerClient.access$16(RemoteTestRunnerClient.java:517)\n\tat org.eclipse.jdt.internal.junit.model.RemoteTestRunnerClient$TraceProcessingState.readMessage(RemoteTestRunnerClient.java:170)\n\tat org.eclipse.jdt.internal.junit.model.RemoteTestRunnerClient.receiveMessage(RemoteTestRunnerClient.java:342)\n\tat org.eclipse.jdt.internal.junit.model.RemoteTestRunnerClient.access$26(RemoteTestRunnerClient.java:341)\n\tat org.eclipse.jdt.internal.junit.model.RemoteTestRunnerClient$ServerConnection.run(RemoteTestRunnerClient.java:267)",
    "These are exceptions occurring in TestSetups. Need to show them in the view as well.",
    "*** Bug 138774 has been marked as a duplicate of this bug. ***",
    "*** Bug 139909 has been marked as a duplicate of this bug. ***",
    "Created an attachment (id\u003d40441)\nFix\n\n",
    "+1 for 3.2 RC3.",
    "Unfortunately, it was not possible to make the patch smaller for these reasons:\n\nAn early (but wrong...) design decision was that only TestCaseElement can hold failure traces. I missed the fact that also TestSuites, TestDecorators, etc. can fail. The fix has to move various fields from TestCaseElement to the superclass TestElement to allow setting results there as well.\n\nAs a consequence, many signatures needed to be weakened to accept TestElements as well. Furthermore, calculation of the failure-state of TestSuiteElements became more complicated, since the suites\u0027 state now not only depend on the children\u0027s states, but also on the state of the suite itself.\n\nLastly, TestViewer needed a few fixes to accomodate for new updating requirements to show failed suites (+ a performance imporvement in processChangesInUI() and a horribly wron iteration in updateElementInTree()).",
    "Approving the way this got fixed for 3.2 RC3 but it must be reviewed by a third party.",
    "Tom, please carefully review.",
    "Review comments of the patch in attachment 40441:\n\nA) TestRunSession::testFailed(): possible NPE\n\n  Previously, an instanceof expression ensured a non-null TestCaseElement. Now that any TestElement can be tested, a null check should be added for the element retrieved from the fIdToTest map. If the element is null, an unexpected warning should be logged and returned, as was previously with non-TestCaseElements.\n\n\nB) Status predicates\n\n  This is would make some methods easier to understand, but is probably too much for this patch: similar to the existing Status::isFailure, one could imagine the following predicates:\n  - isRunning() \u003d\u003d RUNNING | RUNNING_FAILURE | RUNNING_ERROR\n  - isError() \u003d\u003d ERROR | RUNNING_ERROR\n  - isFailure() \u003d\u003d FAILURE | RUNNING_FAILURE \n  - isErrorOrFailure() \u003d\u003d isError() | isFailure() [replaces current isFailure()]\n\nThe readability of the following methods would profit from these predicates:\n  - TestSuiteElement::getStatus\n  - RunnerViewHistory::getImageDescriptor\n  - TestSessionLabelProvider::getImage\n\nC) TestSuiteElement::getStatus:\n\nNot sure about the status combination... and the interaction with getCombinedStatus (which is only used here - move?). Please explain. For example, what happens if the child state is RUNNING and the currently highest is RUNNING_ERROR?\n\nD) TestRunnerViewPart::createControl\n\nThe initial value for the setShowFailuresOnly() call has changed - why?",
    "Created an attachment (id\u003d40477)\nBetter patch\n\nA) Sure, restored check (is null check now, not ! instanceof)\n\nB/C) partly done in patch\n\nD) We once discussed that disabling the filter should be the default. Was left in this patch by accident. Reverted change.",
    "Created an attachment (id\u003d40481)\nEvent better patch\n\nas discussed.",
    "Reviewed, tested, and released Even better patch.",
    "verified in 32RC3\n\nBut the Junit View does not pop up if in fast view and the JUnit icon does not get an error tick, which is a bit missleading, see Bug 141259"
  ],
  "commentCreationDates": [
    "2006-02-28T07:55:04+01:00",
    "2006-02-28T11:25:37+01:00",
    "2006-04-28T15:57:48+02:00",
    "2006-05-03T14:20:07+02:00",
    "2006-05-05T01:01:09+02:00",
    "2006-05-05T01:01:34+02:00",
    "2006-05-05T01:25:33+02:00",
    "2006-05-05T01:45:49+02:00",
    "2006-05-05T09:24:03+02:00",
    "2006-05-05T11:42:27+02:00",
    "2006-05-05T15:40:33+02:00",
    "2006-05-05T16:33:24+02:00",
    "2006-05-05T17:17:51+02:00",
    "2006-05-11T12:04:55+02:00"
  ],
  "traces": [
    {
      "exceptionType": "java.lang.Exception",
      "message": "Unexpected TestElement type for testId \u0027230\u0027: org.eclipse.jdt.text.tests.JUnitProjectTestSetup: NOT_RUN (1)",
      "elements": [
        {
          "method": "org.eclipse.jdt.internal.junit.model.TestRunSession$TestSessionNotifier.logUnexpectedTest",
          "source": "TestRunSession.java:476"
        },
        {
          "method": "org.eclipse.jdt.internal.junit.model.TestRunSession$TestSessionNotifier.testFailed",
          "source": "TestRunSession.java:414"
        },
        {
          "method": "org.eclipse.jdt.internal.junit.model.RemoteTestRunnerClient$7.run",
          "source": "RemoteTestRunnerClient.java:525"
        },
        {
          "method": "org.eclipse.core.runtime.SafeRunner.run",
          "source": "SafeRunner.java:37"
        },
        {
          "method": "org.eclipse.core.runtime.Platform.run",
          "source": "Platform.java:816"
        },
        {
          "method": "org.eclipse.jdt.internal.junit.model.RemoteTestRunnerClient.notifyTestFailed",
          "source": "RemoteTestRunnerClient.java:522"
        },
        {
          "method": "org.eclipse.jdt.internal.junit.model.RemoteTestRunnerClient.access$16",
          "source": "RemoteTestRunnerClient.java:517"
        },
        {
          "method": "org.eclipse.jdt.internal.junit.model.RemoteTestRunnerClient$TraceProcessingState.readMessage",
          "source": "RemoteTestRunnerClient.java:170"
        },
        {
          "method": "org.eclipse.jdt.internal.junit.model.RemoteTestRunnerClient.receiveMessage",
          "source": "RemoteTestRunnerClient.java:342"
        },
        {
          "method": "org.eclipse.jdt.internal.junit.model.RemoteTestRunnerClient.access$26",
          "source": "RemoteTestRunnerClient.java:341"
        },
        {
          "method": "org.eclipse.jdt.internal.junit.model.RemoteTestRunnerClient$ServerConnection.run",
          "source": "RemoteTestRunnerClient.java:267"
        }
      ],
      "number": 0,
      "commentIndex": 0,
      "bugId": "129725",
      "date": "2006-02-28T07:55:04+01:00",
      "product": "JDT",
      "component": "UI",
      "severity": "normal"
    },
    {
      "exceptionType": "java.lang.Exception",
      "message": "Unexpected TestElement type for testId \u0027243\u0027: org.eclipse.jdt.text.tests.JUnitProjectTestSetup: NOT_RUN (1)",
      "elements": [
        {
          "method": "org.eclipse.jdt.internal.junit.model.TestRunSession$TestSessionNotifier.logUnexpectedTest",
          "source": "TestRunSession.java:476"
        },
        {
          "method": "org.eclipse.jdt.internal.junit.model.TestRunSession$TestSessionNotifier.testFailed",
          "source": "TestRunSession.java:414"
        },
        {
          "method": "org.eclipse.jdt.internal.junit.model.RemoteTestRunnerClient$7.run",
          "source": "RemoteTestRunnerClient.java:525"
        },
        {
          "method": "org.eclipse.core.runtime.SafeRunner.run",
          "source": "SafeRunner.java:37"
        },
        {
          "method": "org.eclipse.core.runtime.Platform.run",
          "source": "Platform.java:816"
        },
        {
          "method": "org.eclipse.jdt.internal.junit.model.RemoteTestRunnerClient.notifyTestFailed",
          "source": "RemoteTestRunnerClient.java:522"
        },
        {
          "method": "org.eclipse.jdt.internal.junit.model.RemoteTestRunnerClient.access$16",
          "source": "RemoteTestRunnerClient.java:517"
        },
        {
          "method": "org.eclipse.jdt.internal.junit.model.RemoteTestRunnerClient$TraceProcessingState.readMessage",
          "source": "RemoteTestRunnerClient.java:170"
        },
        {
          "method": "org.eclipse.jdt.internal.junit.model.RemoteTestRunnerClient.receiveMessage",
          "source": "RemoteTestRunnerClient.java:342"
        },
        {
          "method": "org.eclipse.jdt.internal.junit.model.RemoteTestRunnerClient.access$26",
          "source": "RemoteTestRunnerClient.java:341"
        },
        {
          "method": "org.eclipse.jdt.internal.junit.model.RemoteTestRunnerClient$ServerConnection.run",
          "source": "RemoteTestRunnerClient.java:267"
        }
      ],
      "number": 1,
      "commentIndex": 0,
      "bugId": "129725",
      "date": "2006-02-28T07:55:04+01:00",
      "product": "JDT",
      "component": "UI",
      "severity": "normal"
    },
    {
      "exceptionType": "java.lang.Exception",
      "message": "Unexpected TestElement type for testId \u0027301\u0027: org.eclipse.jdt.text.tests.AbstractSemanticHighlightingTest$SemanticHighlightingTestSetup: NOT_RUN (1)",
      "elements": [
        {
          "method": "org.eclipse.jdt.internal.junit.model.TestRunSession$TestSessionNotifier.logUnexpectedTest",
          "source": "TestRunSession.java:476"
        },
        {
          "method": "org.eclipse.jdt.internal.junit.model.TestRunSession$TestSessionNotifier.testFailed",
          "source": "TestRunSession.java:414"
        },
        {
          "method": "org.eclipse.jdt.internal.junit.model.RemoteTestRunnerClient$7.run",
          "source": "RemoteTestRunnerClient.java:525"
        },
        {
          "method": "org.eclipse.core.runtime.SafeRunner.run",
          "source": "SafeRunner.java:37"
        },
        {
          "method": "org.eclipse.core.runtime.Platform.run",
          "source": "Platform.java:816"
        },
        {
          "method": "org.eclipse.jdt.internal.junit.model.RemoteTestRunnerClient.notifyTestFailed",
          "source": "RemoteTestRunnerClient.java:522"
        },
        {
          "method": "org.eclipse.jdt.internal.junit.model.RemoteTestRunnerClient.access$16",
          "source": "RemoteTestRunnerClient.java:517"
        },
        {
          "method": "org.eclipse.jdt.internal.junit.model.RemoteTestRunnerClient$TraceProcessingState.readMessage",
          "source": "RemoteTestRunnerClient.java:170"
        },
        {
          "method": "org.eclipse.jdt.internal.junit.model.RemoteTestRunnerClient.receiveMessage",
          "source": "RemoteTestRunnerClient.java:342"
        },
        {
          "method": "org.eclipse.jdt.internal.junit.model.RemoteTestRunnerClient.access$26",
          "source": "RemoteTestRunnerClient.java:341"
        },
        {
          "method": "org.eclipse.jdt.internal.junit.model.RemoteTestRunnerClient$ServerConnection.run",
          "source": "RemoteTestRunnerClient.java:267"
        }
      ],
      "number": 2,
      "commentIndex": 0,
      "bugId": "129725",
      "date": "2006-02-28T07:55:04+01:00",
      "product": "JDT",
      "component": "UI",
      "severity": "normal"
    },
    {
      "exceptionType": "java.lang.Exception",
      "message": "Unexpected TestElement type for testId \u0027321\u0027: org.eclipse.jdt.text.tests.AbstractSemanticHighlightingTest$SemanticHighlightingTestSetup: NOT_RUN (1)",
      "elements": [
        {
          "method": "org.eclipse.jdt.internal.junit.model.TestRunSession$TestSessionNotifier.logUnexpectedTest",
          "source": "TestRunSession.java:476"
        },
        {
          "method": "org.eclipse.jdt.internal.junit.model.TestRunSession$TestSessionNotifier.testFailed",
          "source": "TestRunSession.java:414"
        },
        {
          "method": "org.eclipse.jdt.internal.junit.model.RemoteTestRunnerClient$7.run",
          "source": "RemoteTestRunnerClient.java:525"
        },
        {
          "method": "org.eclipse.core.runtime.SafeRunner.run",
          "source": "SafeRunner.java:37"
        },
        {
          "method": "org.eclipse.core.runtime.Platform.run",
          "source": "Platform.java:816"
        },
        {
          "method": "org.eclipse.jdt.internal.junit.model.RemoteTestRunnerClient.notifyTestFailed",
          "source": "RemoteTestRunnerClient.java:522"
        },
        {
          "method": "org.eclipse.jdt.internal.junit.model.RemoteTestRunnerClient.access$16",
          "source": "RemoteTestRunnerClient.java:517"
        },
        {
          "method": "org.eclipse.jdt.internal.junit.model.RemoteTestRunnerClient$TraceProcessingState.readMessage",
          "source": "RemoteTestRunnerClient.java:170"
        },
        {
          "method": "org.eclipse.jdt.internal.junit.model.RemoteTestRunnerClient.receiveMessage",
          "source": "RemoteTestRunnerClient.java:342"
        },
        {
          "method": "org.eclipse.jdt.internal.junit.model.RemoteTestRunnerClient.access$26",
          "source": "RemoteTestRunnerClient.java:341"
        },
        {
          "method": "org.eclipse.jdt.internal.junit.model.RemoteTestRunnerClient$ServerConnection.run",
          "source": "RemoteTestRunnerClient.java:267"
        }
      ],
      "number": 3,
      "commentIndex": 0,
      "bugId": "129725",
      "date": "2006-02-28T07:55:04+01:00",
      "product": "JDT",
      "component": "UI",
      "severity": "normal"
    },
    {
      "exceptionType": "java.lang.Exception",
      "message": "Unexpected TestElement type for testId \u0027363\u0027: org.eclipse.jdt.ui.tests.core.ProjectTestSetup: NOT_RUN (1)",
      "elements": [
        {
          "method": "org.eclipse.jdt.internal.junit.model.TestRunSession$TestSessionNotifier.logUnexpectedTest",
          "source": "TestRunSession.java:476"
        },
        {
          "method": "org.eclipse.jdt.internal.junit.model.TestRunSession$TestSessionNotifier.testFailed",
          "source": "TestRunSession.java:414"
        },
        {
          "method": "org.eclipse.jdt.internal.junit.model.RemoteTestRunnerClient$7.run",
          "source": "RemoteTestRunnerClient.java:525"
        },
        {
          "method": "org.eclipse.core.runtime.SafeRunner.run",
          "source": "SafeRunner.java:37"
        },
        {
          "method": "org.eclipse.core.runtime.Platform.run",
          "source": "Platform.java:816"
        },
        {
          "method": "org.eclipse.jdt.internal.junit.model.RemoteTestRunnerClient.notifyTestFailed",
          "source": "RemoteTestRunnerClient.java:522"
        },
        {
          "method": "org.eclipse.jdt.internal.junit.model.RemoteTestRunnerClient.access$16",
          "source": "RemoteTestRunnerClient.java:517"
        },
        {
          "method": "org.eclipse.jdt.internal.junit.model.RemoteTestRunnerClient$TraceProcessingState.readMessage",
          "source": "RemoteTestRunnerClient.java:170"
        },
        {
          "method": "org.eclipse.jdt.internal.junit.model.RemoteTestRunnerClient.receiveMessage",
          "source": "RemoteTestRunnerClient.java:342"
        },
        {
          "method": "org.eclipse.jdt.internal.junit.model.RemoteTestRunnerClient.access$26",
          "source": "RemoteTestRunnerClient.java:341"
        },
        {
          "method": "org.eclipse.jdt.internal.junit.model.RemoteTestRunnerClient$ServerConnection.run",
          "source": "RemoteTestRunnerClient.java:267"
        }
      ],
      "number": 4,
      "commentIndex": 0,
      "bugId": "129725",
      "date": "2006-02-28T07:55:04+01:00",
      "product": "JDT",
      "component": "UI",
      "severity": "normal"
    },
    {
      "exceptionType": "java.lang.Exception",
      "message": "Unexpected TestElement type for testId \u0027512\u0027: org.eclipse.jdt.text.tests.IndentActionTest$IndentTestSetup: NOT_RUN (1)",
      "elements": [
        {
          "method": "org.eclipse.jdt.internal.junit.model.TestRunSession$TestSessionNotifier.logUnexpectedTest",
          "source": "TestRunSession.java:476"
        },
        {
          "method": "org.eclipse.jdt.internal.junit.model.TestRunSession$TestSessionNotifier.testFailed",
          "source": "TestRunSession.java:414"
        },
        {
          "method": "org.eclipse.jdt.internal.junit.model.RemoteTestRunnerClient$7.run",
          "source": "RemoteTestRunnerClient.java:525"
        },
        {
          "method": "org.eclipse.core.runtime.SafeRunner.run",
          "source": "SafeRunner.java:37"
        },
        {
          "method": "org.eclipse.core.runtime.Platform.run",
          "source": "Platform.java:816"
        },
        {
          "method": "org.eclipse.jdt.internal.junit.model.RemoteTestRunnerClient.notifyTestFailed",
          "source": "RemoteTestRunnerClient.java:522"
        },
        {
          "method": "org.eclipse.jdt.internal.junit.model.RemoteTestRunnerClient.access$16",
          "source": "RemoteTestRunnerClient.java:517"
        },
        {
          "method": "org.eclipse.jdt.internal.junit.model.RemoteTestRunnerClient$TraceProcessingState.readMessage",
          "source": "RemoteTestRunnerClient.java:170"
        },
        {
          "method": "org.eclipse.jdt.internal.junit.model.RemoteTestRunnerClient.receiveMessage",
          "source": "RemoteTestRunnerClient.java:342"
        },
        {
          "method": "org.eclipse.jdt.internal.junit.model.RemoteTestRunnerClient.access$26",
          "source": "RemoteTestRunnerClient.java:341"
        },
        {
          "method": "org.eclipse.jdt.internal.junit.model.RemoteTestRunnerClient$ServerConnection.run",
          "source": "RemoteTestRunnerClient.java:267"
        }
      ],
      "number": 5,
      "commentIndex": 0,
      "bugId": "129725",
      "date": "2006-02-28T07:55:04+01:00",
      "product": "JDT",
      "component": "UI",
      "severity": "normal"
    }
  ],
  "groupId": "129725",
  "bugId": "129725",
  "date": "2006-02-28T07:55:04+01:00",
  "product": "JDT",
  "component": "UI",
  "severity": "normal"
}