{
  "comments": [
    "Consumers of TPTP have reported that if you open a test suite using a UNC path and then attempt to execute that test suite programatically, the test execution will fail.  See the stack trace below:\n\njava.lang.IllegalArgumentException: invalid relative pathName: file:\\foo-mobile\\temp\\Simple\\simple\\SimpleTest.testsuite\n\tat org.eclipse.emf.common.util.URI.createFileURI(URI.java:801)\n\tat org.eclipse.hyades.execution.harness.JavaExecutionDeploymentAdapter.getSourceRootDir(JavaExecutionDeploymentAdapter.java:696)\n\tat org.eclipse.hyades.execution.harness.JavaExecutionDeploymentAdapter.getDeployFilePath(JavaExecutionDeploymentAdapter.java:587)\n\tat org.eclipse.hyades.execution.harness.JavaExecutionDeploymentAdapter.collectDeployableArtifacts(JavaExecutionDeploymentAdapter.java:329)\n\tat org.eclipse.hyades.execution.harness.JavaExecutionDeploymentAdapter.collectDeployableFiles(JavaExecutionDeploymentAdapter.java:240)\n\tat org.eclipse.hyades.execution.harness.JavaExecutionDeploymentAdapter.deployTestAssets(JavaExecutionDeploymentAdapter.java:468)\n\tat org.eclipse.hyades.execution.harness.util.ExecutionAdapterUtilities.adaptExecutionDeployment(ExecutionAdapterUtilities.java:159)\n\tat org.eclipse.hyades.execution.harness.TestExecutionHarness.launchTestExecution(TestExecutionHarness.java:1988)\n\tat org.eclipse.hyades.execution.harness.TestExecutionHarness.access$2(TestExecutionHarness.java:1856)\n\tat org.eclipse.hyades.execution.harness.TestExecutionHarness$2.run(TestExecutionHarness.java:692)\n\tat org.eclipse.core.internal.jobs.Worker.run(Worker.java:58)\njava.lang.IllegalArgumentException: invalid relative pathName: file:\\cdavis-mobile\\temp\\Simple\\simple\\SimpleTest.testsuite\n\tat org.eclipse.emf.common.util.URI.createFileURI(URI.java:801)",
    "Some fixes have been made for this, but additional work may need to be done.  Deferring to 4.2.1.",
    "Fixes from 4.2 appear to be complete.  Please re-open if additional problems are found.",
    "ACTION: Please verify/close this defect.",
    "Closing..."
  ],
  "commentCreationDates": [
    "2006-03-09T19:40:58+01:00",
    "2006-05-15T16:31:27+02:00",
    "2006-07-07T16:30:48+02:00",
    "2006-11-16T14:00:45+01:00",
    "2006-11-16T14:59:11+01:00"
  ],
  "traces": [
    {
      "exceptionType": "java.lang.IllegalArgumentException",
      "message": "invalid relative pathName: file:\\foo-mobile\\temp\\Simple\\simple\\SimpleTest.testsuite",
      "elements": [
        {
          "method": "org.eclipse.emf.common.util.URI.createFileURI",
          "source": "URI.java:801"
        },
        {
          "method": "org.eclipse.hyades.execution.harness.JavaExecutionDeploymentAdapter.getSourceRootDir",
          "source": "JavaExecutionDeploymentAdapter.java:696"
        },
        {
          "method": "org.eclipse.hyades.execution.harness.JavaExecutionDeploymentAdapter.getDeployFilePath",
          "source": "JavaExecutionDeploymentAdapter.java:587"
        },
        {
          "method": "org.eclipse.hyades.execution.harness.JavaExecutionDeploymentAdapter.collectDeployableArtifacts",
          "source": "JavaExecutionDeploymentAdapter.java:329"
        },
        {
          "method": "org.eclipse.hyades.execution.harness.JavaExecutionDeploymentAdapter.collectDeployableFiles",
          "source": "JavaExecutionDeploymentAdapter.java:240"
        },
        {
          "method": "org.eclipse.hyades.execution.harness.JavaExecutionDeploymentAdapter.deployTestAssets",
          "source": "JavaExecutionDeploymentAdapter.java:468"
        },
        {
          "method": "org.eclipse.hyades.execution.harness.util.ExecutionAdapterUtilities.adaptExecutionDeployment",
          "source": "ExecutionAdapterUtilities.java:159"
        },
        {
          "method": "org.eclipse.hyades.execution.harness.TestExecutionHarness.launchTestExecution",
          "source": "TestExecutionHarness.java:1988"
        },
        {
          "method": "org.eclipse.hyades.execution.harness.TestExecutionHarness.access$2",
          "source": "TestExecutionHarness.java:1856"
        },
        {
          "method": "org.eclipse.hyades.execution.harness.TestExecutionHarness$2.run",
          "source": "TestExecutionHarness.java:692"
        },
        {
          "method": "org.eclipse.core.internal.jobs.Worker.run",
          "source": "Worker.java:58"
        }
      ],
      "number": 0,
      "commentIndex": 0,
      "bugId": "131168",
      "date": "2006-03-09T19:40:58+01:00",
      "product": "TPTP Testing",
      "component": "Test.Execution",
      "severity": "normal"
    },
    {
      "exceptionType": "java.lang.IllegalArgumentException",
      "message": "invalid relative pathName: file:\\cdavis-mobile\\temp\\Simple\\simple\\SimpleTest.testsuite",
      "elements": [
        {
          "method": "org.eclipse.emf.common.util.URI.createFileURI",
          "source": "URI.java:801"
        }
      ],
      "number": 1,
      "commentIndex": 0,
      "bugId": "131168",
      "date": "2006-03-09T19:40:58+01:00",
      "product": "TPTP Testing",
      "component": "Test.Execution",
      "severity": "normal"
    }
  ],
  "groupId": "131168",
  "bugId": "131168",
  "date": "2006-03-09T19:40:58+01:00",
  "product": "TPTP Testing",
  "component": "Test.Execution",
  "severity": "normal"
}