{
  "comments": [
    "This would appear to be a manifestation of bug 108892 although the orginal problem was never reproduced in the suite. The latest J9 can be obtained here\nhttp://www-128.ibm.com/developerworks/java/jdk/index.html.\n\nTestsModuleTests\nAspectJ System Test Suite - JDK 1.5\nAspectJ1.5.0 tests\norg.aspectj.testing.XMLBasedAjcTestCase$1\norg.aspectj.systemtest.ajc150.ataspectj.AtAjLTWTests\norg.aspectj.systemtest.ajc150.ataspectj.AtAjLTWTests\ntestAppContainer(org.aspectj.systemtest.ajc150.ataspectj.AtAjLTWTests)\njunit.framework.AssertionFailedError: test \"AppContainer\" failed: failure junit.framework.AssertionFailedError: test \"AppContainer\" failed: failure in \u0027ltw.AppContainer\u0027 C:\\workspaces\\org.aspectj-Ron_LTW\\tests\\java5\\ataspectj\\ajc-ant.xml:217: Java returned: 1\n\tat junit.framework.Assert.fail(Assert.java:47)\n\tat org.aspectj.testing.AntSpec$1.buildFinished(AntSpec.java:101)\n\tat org.apache.tools.ant.Project.fireBuildFinished(Project.java:1848)\n\tat org.aspectj.testing.AntSpec.execute(AntSpec.java:133)\n\tat org.aspectj.testing.AjcTest.runTest(AjcTest.java:68)\n\tat org.aspectj.testing.XMLBasedAjcTestCase.runTest(XMLBasedAjcTestCase.java:111)\n\tat org.aspectj.systemtest.ajc150.ataspectj.AtAjLTWTests.testAppContainer(AtAjLTWTests.java:205)\n\tat sun.reflect.NativeMethodAccessorImpl.invoke0(Native Method)\n\tat sun.reflect.NativeMethodAccessorImpl.invoke(NativeMethodAccessorImpl.java:64)\n\tat sun.reflect.DelegatingMethodAccessorImpl.invoke(DelegatingMethodAccessorImpl.java:43)\n\tat java.lang.reflect.Method.invoke(Method.java:615)\n\tat junit.framework.TestCase.runTest(TestCase.java:154)\n\tat junit.framework.TestCase.runBare(TestCase.java:127)\n\tat junit.framework.TestResult$1.protect(TestResult.java:106)\n\tat junit.framework.TestResult.runProtected(TestResult.java:124)\n\tat junit.framework.TestResult.run(TestResult.java:109)\n\tat junit.framework.TestCase.run(TestCase.java:118)\n\tat junit.framework.TestSuite.runTest(TestSuite.java:208)\n\tat junit.framework.TestSuite.run(TestSuite.java:203)\n\tat junit.framework.TestSuite.runTest(TestSuite.java:208)\n\tat junit.framework.TestSuite.run(TestSuite.java:203)\n\tat junit.extensions.TestDecorator.basicRun(TestDecorator.java:22)\n\tat junit.extensions.TestSetup$1.protect(TestSetup.java:19)\n\tat junit.framework.TestResult.runProtected(TestResult.java:124)\n\tat junit.extensions.TestSetup.run(TestSetup.java:23)\n\tat junit.framework.TestSuite.runTest(TestSuite.java:208)\n\tat junit.framework.TestSuite.run(TestSuite.java:203)\n\tat junit.framework.TestSuite.runTest(TestSuite.java:208)\n\tat junit.framework.TestSuite.run(TestSuite.java:203)\n\tat junit.framework.TestSuite.runTest(TestSuite.java:208)\n\tat junit.framework.TestSuite.run(TestSuite.java:203)\n\tat junit.framework.TestSuite.runTest(TestSuite.java:208)\n\tat junit.framework.TestSuite.run(TestSuite.java:203)\n\tat org.eclipse.jdt.internal.junit.runner.junit3.JUnit3TestReference.run(JUnit3TestReference.java:128)\n\tat org.eclipse.jdt.internal.junit.runner.TestExecution.run(TestExecution.java:38)\n\tat org.eclipse.jdt.internal.junit.runner.RemoteTestRunner.runTests(RemoteTestRunner.java:460)\n\tat org.eclipse.jdt.internal.junit.runner.RemoteTestRunner.runTests(RemoteTestRunner.java:673)\n\tat org.eclipse.jdt.internal.junit.runner.RemoteTestRunner.run(RemoteTestRunner.java:386)\n\tat org.eclipse.jdt.internal.junit.runner.RemoteTestRunner.main(RemoteTestRunner.java:196)\n\nTEST: AppContainer\t.\n\nAspectJ Compilation Result:\n3 messages (3 info, 0 warning, 0 error, 0 fail, )0 weaveInfo\n[info 1] info compiling C:\\temp\\ajcSandbox\\ajcTest6203.tmp\\ataspectj\\hierarchy\\AppContainerTest.java\n[info 2] info compiling C:\\temp\\ajcSandbox\\ajcTest6203.tmp\\ataspectj\\hierarchy\\app\\SubApp.java\n[info 3] info compiling C:\\temp\\ajcSandbox\\ajcTest6203.tmp\\ataspectj\\TestHelper.java\n\ncommand was: \u0027ajc -classpath C:\\workspaces\\org.aspectj-Ron_LTW\\lib\\test\\aspectjrt.jar;..\\testing-client\\bin;..\\runtime\\bin;..\\aspectj5rt\\bin;..\\lib\\junit\\junit.jar;..\\bridge\\bin;..\\loadtime\\bin;..\\weaver\\bin;..\\weaver5\\bin;..\\aj-build\\jars\\bridge.jar;..\\aj-build\\jars\\util.jar;..\\aj-build\\jars\\loadtime.jar;..\\aj-build\\jars\\weaver.jar;..\\aj-build\\jars\\weaver5.jar;..\\aj-build\\jars\\asm.jar;..\\lib\\test\\testing-client.jar;..\\lib\\test\\aspectjrt.jar;C:\\temp\\ajcSandbox\\ajcTest6203.tmp -1.5 -XterminateAfterCompilation C:\\temp\\ajcSandbox\\ajcTest6203.tmp\\ataspectj\\hierarchy\\AppContainerTest.java C:\\temp\\ajcSandbox\\ajcTest6203.tmp\\ataspectj\\hierarchy\\app\\SubApp.java C:\\temp\\ajcSandbox\\ajcTest6203.tmp\\ataspectj\\TestHelper.java -d C:\\temp\\ajcSandbox\\ajcTest6203.tmp\u0027\n\n.\nBUILD FAILED\njunit.framework.AssertionFailedError: test \"AppContainer\" failed: failure in \u0027ltw.AppContainer\u0027 C:\\workspaces\\org.aspectj-Ron_LTW\\tests\\java5\\ataspectj\\ajc-ant.xml:217: Java returned: 1\n\tat org.apache.tools.ant.Project.executeSortedTargets(Project.java:1225)\n\tat org.apache.tools.ant.Project.executeTarget(Project.java:1185)\n\tat org.aspectj.testing.AntSpec.execute(AntSpec.java:130)\n\tat org.aspectj.testing.AjcTest.runTest(AjcTest.java:68)\n\tat org.aspectj.testing.XMLBasedAjcTestCase.runTest(XMLBasedAjcTestCase.java:111)\n\tat org.aspectj.systemtest.ajc150.ataspectj.AtAjLTWTests.testAppContainer(AtAjLTWTests.java:205)\n\tat sun.reflect.NativeMethodAccessorImpl.invoke0(Native Method)\n\tat sun.reflect.NativeMethodAccessorImpl.invoke(NativeMethodAccessorImpl.java:64)\n\tat sun.reflect.DelegatingMethodAccessorImpl.invoke(DelegatingMethodAccessorImpl.java:43)\n\tat java.lang.reflect.Method.invoke(Method.java:615)\n\tat junit.framework.TestCase.runTest(TestCase.java:154)\n\tat junit.framework.TestCase.runBare(TestCase.java:127)\n\tat junit.framework.TestResult$1.protect(TestResult.java:106)\n\tat junit.framework.TestResult.runProtected(TestResult.java:124)\n\tat junit.framework.TestResult.run(TestResult.java:109)\n\tat junit.framework.TestCase.run(TestCase.java:118)\n\tat junit.framework.TestSuite.runTest(TestSuite.java:208)\n\tat junit.framework.TestSuite.run(TestSuite.java:203)\n\tat junit.framework.TestSuite.runTest(TestSuite.java:208)\n\tat junit.framework.TestSuite.run(TestSuite.java:203)\n\tat junit.extensions.TestDecorator.basicRun(TestDecorator.java:22)\n\tat junit.extensions.TestSetup$1.protect(TestSetup.java:19)\n\tat junit.framework.TestResult.runProtected(TestResult.java:124)\n\tat junit.extensions.TestSetup.run(TestSetup.java:23)\n\tat org.eclipse.jdt.internal.junit.runner.junit3.JUnit3TestReference.run(JUnit3TestReference.java:128)\n\tat org.eclipse.jdt.internal.junit.runner.TestExecution.run(TestExecution.java:38)\n\tat org.eclipse.jdt.internal.junit.runner.RemoteTestRunner.runTests(RemoteTestRunner.java:460)\n\tat org.eclipse.jdt.internal.junit.runner.RemoteTestRunner.runTests(RemoteTestRunner.java:673)\n\tat org.eclipse.jdt.internal.junit.runner.RemoteTestRunner.run(RemoteTestRunner.java:386)\n\tat org.eclipse.jdt.internal.junit.runner.RemoteTestRunner.main(RemoteTestRunner.java:196)\nCaused by: junit.framework.AssertionFailedError: test \"AppContainer\" failed: failure in \u0027ltw.AppContainer\u0027 C:\\workspaces\\org.aspectj-Ron_LTW\\tests\\java5\\ataspectj\\ajc-ant.xml:217: Java returned: 1\n\tat junit.framework.Assert.fail(Assert.java:47)\n\tat org.aspectj.testing.AntSpec$1.targetFinished(AntSpec.java:107)\n\tat org.apache.tools.ant.Project.fireTargetFinished(Project.java:1922)\n\tat org.apache.tools.ant.Target.performTasks(Target.java:376)\n\tat org.apache.tools.ant.Project.executeSortedTargets(Project.java:1216)\n\t... 29 more\n--- Nested Exception ---\njunit.framework.AssertionFailedError: test \"AppContainer\" failed: failure in \u0027ltw.AppContainer\u0027 C:\\workspaces\\org.aspectj-Ron_LTW\\tests\\java5\\ataspectj\\ajc-ant.xml:217: Java returned: 1\n\tat junit.framework.Assert.fail(Assert.java:47)\n\tat org.aspectj.testing.AntSpec$1.targetFinished(AntSpec.java:107)\n\tat org.apache.tools.ant.Project.fireTargetFinished(Project.java:1922)\n\tat org.apache.tools.ant.Target.performTasks(Target.java:376)\n\tat org.apache.tools.ant.Project.executeSortedTargets(Project.java:1216)\n\tat org.apache.tools.ant.Project.executeTarget(Project.java:1185)\n\tat org.aspectj.testing.AntSpec.execute(AntSpec.java:130)\n\tat org.aspectj.testing.AjcTest.runTest(AjcTest.java:68)\n\tat org.aspectj.testing.XMLBasedAjcTestCase.runTest(XMLBasedAjcTestCase.java:111)\n\tat org.aspectj.systemtest.ajc150.ataspectj.AtAjLTWTests.testAppContainer(AtAjLTWTests.java:205)\n\tat sun.reflect.NativeMethodAccessorImpl.invoke0(Native Method)\n\tat sun.reflect.NativeMethodAccessorImpl.invoke(NativeMethodAccessorImpl.java:64)\n\tat sun.reflect.DelegatingMethodAccessorImpl.invoke(DelegatingMethodAccessorImpl.java:43)\n\tat java.lang.reflect.Method.invoke(Method.java:615)\n\tat junit.framework.TestCase.runTest(TestCase.java:154)\n\tat junit.framework.TestCase.runBare(TestCase.java:127)\n\tat junit.framework.TestResult$1.protect(TestResult.java:106)\n\tat junit.framework.TestResult.runProtected(TestResult.java:124)\n\tat junit.framework.TestResult.run(TestResult.java:109)\n\tat junit.framework.TestCase.run(TestCase.java:118)\n\tat junit.framework.TestSuite.runTest(TestSuite.java:208)\n\tat junit.framework.TestSuite.run(TestSuite.java:203)\n\tat junit.framework.TestSuite.runTest(TestSuite.java:208)\n\tat junit.framework.TestSuite.run(TestSuite.java:203)\n\tat junit.extensions.TestDecorator.basicRun(TestDecorator.java:22)\n\tat junit.extensions.TestSetup$1.protect(TestSetup.java:19)\n\tat junit.framework.TestResult.runProtected(TestResult.java:124)\n\tat junit.extensions.TestSetup.run(TestSetup.java:23)\n\tat org.eclipse.jdt.internal.junit.runner.junit3.JUnit3TestReference.run(JUnit3TestReference.java:128)\n\tat org.eclipse.jdt.internal.junit.runner.TestExecution.run(TestExecution.java:38)\n\tat org.eclipse.jdt.internal.junit.runner.RemoteTestRunner.runTests(RemoteTestRunner.java:460)\n\tat org.eclipse.jdt.internal.junit.runner.RemoteTestRunner.runTests(RemoteTestRunner.java:673)\n\tat org.eclipse.jdt.internal.junit.runner.RemoteTestRunner.run(RemoteTestRunner.java:386)\n\tat org.eclipse.jdt.internal.junit.runner.RemoteTestRunner.main(RemoteTestRunner.java:196)\n\nTotal time: 2 seconds\nBuild sequence for target(s) `ltw.AppContainer\u0027 is [ltw.AppContainer]\nComplete build sequence is [ltw.AppContainer, ltw.Decp, ltw.Aspect2MainTest, compile:javac, ltw.AroundInlineMungerTest, ltw.AroundInlineMungerTest2, ltw.PerClauseTest, ltw, javac.ltw, ltw.DumpProxyTest, ltw.Decp2, ltwlog.LTWLog, ltw.oldAspectsDeclared, ltw.DumpTest, ltw.Unweavable, ]\n\nltw.AppContainer:\n    [mkdir] Created dir: C:\\temp\\ajcSandbox\\ajcTest6203.tmp\\META-INF\n    [mkdir] Created dir: C:\\temp\\ajcSandbox\\ajcTest6203.tmp\\app_1\n    [mkdir] Created dir: C:\\temp\\ajcSandbox\\ajcTest6203.tmp\\app_1\\META-INF\n     [copy] ataspectj\\hierarchy\\app\\SubApp$SubAspect.class added as ataspectj/hierarchy/app/SubApp$SubAspect.class doesn\u0027t exist.\n     [copy] ataspectj\\hierarchy\\app\\SubApp.class added as ataspectj/hierarchy/app/SubApp.class doesn\u0027t exist.\n     [copy] ataspectj\\hierarchy\\app\\SubApp.java added as ataspectj/hierarchy/app/SubApp.java doesn\u0027t exist.\n     [copy] Copying 3 files to C:\\temp\\ajcSandbox\\ajcTest6203.tmp\\app_1\n     [copy] Copying C:\\temp\\ajcSandbox\\ajcTest6203.tmp\\ataspectj\\hierarchy\\app\\SubApp.class to C:\\temp\\ajcSandbox\\ajcTest6203.tmp\\app_1\\ataspectj\\hierarchy\\app\\SubApp.class\n     [copy] Copying C:\\temp\\ajcSandbox\\ajcTest6203.tmp\\ataspectj\\hierarchy\\app\\SubApp.java to C:\\temp\\ajcSandbox\\ajcTest6203.tmp\\app_1\\ataspectj\\hierarchy\\app\\SubApp.java\n     [copy] Copying C:\\temp\\ajcSandbox\\ajcTest6203.tmp\\ataspectj\\hierarchy\\app\\SubApp$SubAspect.class to C:\\temp\\ajcSandbox\\ajcTest6203.tmp\\app_1\\ataspectj\\hierarchy\\app\\SubApp$SubAspect.class\n     [copy] ataspectj\\hierarchy\\app\\SubApp$SubAspect.class added as ataspectj/hierarchy/app/SubApp$SubAspect.class doesn\u0027t exist.\n     [copy] ataspectj\\hierarchy\\app\\SubApp.class added as ataspectj/hierarchy/app/SubApp.class doesn\u0027t exist.\n     [copy] ataspectj\\hierarchy\\app\\SubApp.java added as ataspectj/hierarchy/app/SubApp.java doesn\u0027t exist.\n     [copy] Copying 3 files to C:\\temp\\ajcSandbox\\ajcTest6203.tmp\\app_2\n     [copy] Copying C:\\temp\\ajcSandbox\\ajcTest6203.tmp\\ataspectj\\hierarchy\\app\\SubApp.class to C:\\temp\\ajcSandbox\\ajcTest6203.tmp\\app_2\\ataspectj\\hierarchy\\app\\SubApp.class\n     [copy] Copying C:\\temp\\ajcSandbox\\ajcTest6203.tmp\\ataspectj\\hierarchy\\app\\SubApp.java to C:\\temp\\ajcSandbox\\ajcTest6203.tmp\\app_2\\ataspectj\\hierarchy\\app\\SubApp.java\n     [copy] Copying C:\\temp\\ajcSandbox\\ajcTest6203.tmp\\ataspectj\\hierarchy\\app\\SubApp$SubAspect.class to C:\\temp\\ajcSandbox\\ajcTest6203.tmp\\app_2\\ataspectj\\hierarchy\\app\\SubApp$SubAspect.class\n   [delete] Deleting directory C:\\temp\\ajcSandbox\\ajcTest6203.tmp\\ataspectj\\hierarchy\\app\n   [delete] Deleting C:\\temp\\ajcSandbox\\ajcTest6203.tmp\\ataspectj\\hierarchy\\app\\SubApp$SubAspect.class\n   [delete] Deleting C:\\temp\\ajcSandbox\\ajcTest6203.tmp\\ataspectj\\hierarchy\\app\\SubApp.class\n   [delete] Deleting C:\\temp\\ajcSandbox\\ajcTest6203.tmp\\ataspectj\\hierarchy\\app\\SubApp.java\n   [delete] Deleting directory C:\\temp\\ajcSandbox\\ajcTest6203.tmp\\ataspectj\\hierarchy\\app\n     [copy] Copying 1 file to C:\\temp\\ajcSandbox\\ajcTest6203.tmp\\META-INF\n     [copy] Copying C:\\workspaces\\org.aspectj-Ron_LTW\\tests\\java5\\ataspectj\\ataspectj\\hierarchy\\aop-global.xml to C:\\temp\\ajcSandbox\\ajcTest6203.tmp\\META-INF\\aop.xml\n     [copy] Copying 1 file to C:\\temp\\ajcSandbox\\ajcTest6203.tmp\\app_1\\META-INF\n     [copy] Copying C:\\workspaces\\org.aspectj-Ron_LTW\\tests\\java5\\ataspectj\\ataspectj\\hierarchy\\aop-local.xml to C:\\temp\\ajcSandbox\\ajcTest6203.tmp\\app_1\\META-INF\\aop.xml\n     [java] Executing \u0027C:\\IBM1.5.0_01\\jre\\bin\\java.exe\u0027 with arguments:\n     [java] \u0027-javaagent:C:\\workspaces\\org.aspectj-Ron_LTW\\tests\\../lib/test/loadtime5.jar\u0027\n     [java] \u0027-Daj.weaving.verbose\u003dtrue\u0027\n     [java] \u0027-classpath\u0027\n     [java] \u0027C:\\temp\\ajcSandbox\\ajcTest6203.tmp;C:\\workspaces\\org.aspectj-Ron_LTW\\asm\\bin;C:\\workspaces\\org.aspectj-Ron_LTW\\bridge\\bin;C:\\workspaces\\org.aspectj-Ron_LTW\\loadtime\\bin;C:\\workspaces\\org.aspectj-Ron_LTW\\loadtime5\\bin;C:\\workspaces\\org.aspectj-Ron_LTW\\weaver\\bin;C:\\workspaces\\org.aspectj-Ron_LTW\\lib\\bcel\\bcel.jar;C:\\workspaces\\org.aspectj-Ron_LTW\\runtime\\bin;C:\\workspaces\\org.aspectj-Ron_LTW\\testing-client\\bin;C:\\workspaces\\org.aspectj-Ron_LTW\\util\\bin;C:\\workspaces\\org.aspectj-Ron_LTW\\aspectj5rt\\bin;C:\\workspaces\\org.aspectj-Ron_LTW\\lib\\junit\\junit.jar;C:\\workspaces\\org.aspectj-Ron_LTW\\weaver5\\bin;C:\\workspaces\\org.aspectj-Ron_LTW\\aj-build\\jars\\bridge.jar;C:\\workspaces\\org.aspectj-Ron_LTW\\aj-build\\jars\\util.jar;C:\\workspaces\\org.aspectj-Ron_LTW\\aj-build\\jars\\loadtime.jar;C:\\workspaces\\org.aspectj-Ron_LTW\\aj-build\\jars\\weaver.jar;C:\\workspaces\\org.aspectj-Ron_LTW\\aj-build\\jars\\weaver5.jar;C:\\workspaces\\org.aspectj-Ron_LTW\\aj-build\\jars\\asm.jar;C:\\workspaces\\org.aspectj-Ron_LTW\\lib\\test\\testing-client.jar;C:\\workspaces\\org.aspectj-Ron_LTW\\lib\\test\\aspectjrt.jar\u0027\n     [java] \u0027ataspectj.hierarchy.AppContainerTest\u0027\n     [java] \n     [java] The \u0027 characters around the executable and arguments are\n     [java] not part of the command.\n     [java] info AspectJ Weaver Version DEVELOPMENT built on \n     [java] info register classloader sun.misc.Launcher$AppClassLoader@1199589248\n     [java] info using /C:/temp/ajcSandbox/ajcTest6203.tmp/META-INF/aop.xml\n     [java] info AspectJ Weaver Version DEVELOPMENT built on \n     [java] info register classloader java.net.URLClassLoader@34341388\n     [java] info using /C:/temp/ajcSandbox/ajcTest6203.tmp/META-INF/aop.xml\n     [java] info using /C:/temp/ajcSandbox/ajcTest6203.tmp/app_1/META-INF/aop.xml\n     [java] info AspectJ Weaver Version DEVELOPMENT built on \n     [java] info register classloader java.net.URLClassLoader@585900780\n     [java] info using /C:/temp/ajcSandbox/ajcTest6203.tmp/META-INF/aop.xml\n     [java] info AspectJ Weaver Version DEVELOPMENT built on \n     [java] info register classloader java.net.URLClassLoader@1238911448\n     [java] info using /C:/temp/ajcSandbox/ajcTest6203.tmp/META-INF/aop.xml\n     [java] info using /C:/temp/ajcSandbox/ajcTest6203.tmp/app_1/META-INF/aop.xml\n     [java] info AspectJ Weaver Version DEVELOPMENT built on \n     [java] info register classloader java.net.URLClassLoader@1391088362\n     [java] info using /C:/temp/ajcSandbox/ajcTest6203.tmp/META-INF/aop.xml\n     [java] .F.\n     [java] Time: 0.44\n     [java] There was 1 failure:\n     [java] 1) testApp1LocalAspect(ataspectj.hierarchy.AppContainerTest)junit.framework.ComparisonFailure: expected:\u003cglobalAspect[loc...\u003e but was:\u003clocalAspect[glob...\u003e\n     [java] \tat ataspectj.hierarchy.AppContainerTest.testApp1LocalAspect(AppContainerTest.java:73)\n     [java] \tat sun.reflect.NativeMethodAccessorImpl.invoke0(Native Method)\n     [java] \tat sun.reflect.NativeMethodAccessorImpl.invoke(NativeMethodAccessorImpl.java:64)\n     [java] \tat sun.reflect.DelegatingMethodAccessorImpl.invoke(DelegatingMethodAccessorImpl.java:43)\n     [java] \tat ataspectj.TestHelper.runAndThrowOnFailure(TestHelper.java:37)\n     [java] \tat ataspectj.hierarchy.AppContainerTest.main(AppContainerTest.java:93)\n\n     [java] FAILURES!!!\n     [java] Tests run: 2,  Failures: 1,  Errors: 0\n\n     [java] Exception in thread \"main\" java.lang.RuntimeException: \n     [java] JUnit Failure: junit.framework.ComparisonFailure: expected:\u003cglobalAspect[loc...\u003e but was:\u003clocalAspect[glob...\u003e\n\n     [java] \tat ataspectj.TestHelper.runAndThrowOnFailure(TestHelper.java:54)\n     [java] \tat ataspectj.hierarchy.AppContainerTest.main(AppContainerTest.java:93)\nDONE",
    "fixed - ordering issue (testcase assumed something).  also fixed decp problem."
  ],
  "commentCreationDates": [
    "2006-06-05T14:20:42+02:00",
    "2006-06-19T17:32:28+02:00"
  ],
  "traces": [
    {
      "exceptionType": "junit.framework.AssertionFailedError",
      "message": "test \"AppContainer\" failed: failure in \u0027ltw.AppContainer\u0027 C:\\workspaces\\org.aspectj-Ron_LTW\\tests\\java5\\ataspectj\\ajc-ant.xml:217: Java returned: 1",
      "elements": [
        {
          "method": "junit.framework.Assert.fail",
          "source": "Assert.java:47"
        },
        {
          "method": "org.aspectj.testing.AntSpec$1.buildFinished",
          "source": "AntSpec.java:101"
        },
        {
          "method": "org.apache.tools.ant.Project.fireBuildFinished",
          "source": "Project.java:1848"
        },
        {
          "method": "org.aspectj.testing.AntSpec.execute",
          "source": "AntSpec.java:133"
        },
        {
          "method": "org.aspectj.testing.AjcTest.runTest",
          "source": "AjcTest.java:68"
        },
        {
          "method": "org.aspectj.testing.XMLBasedAjcTestCase.runTest",
          "source": "XMLBasedAjcTestCase.java:111"
        },
        {
          "method": "org.aspectj.systemtest.ajc150.ataspectj.AtAjLTWTests.testAppContainer",
          "source": "AtAjLTWTests.java:205"
        },
        {
          "method": "sun.reflect.NativeMethodAccessorImpl.invoke0",
          "source": "Native Method"
        },
        {
          "method": "sun.reflect.NativeMethodAccessorImpl.invoke",
          "source": "NativeMethodAccessorImpl.java:64"
        },
        {
          "method": "sun.reflect.DelegatingMethodAccessorImpl.invoke",
          "source": "DelegatingMethodAccessorImpl.java:43"
        },
        {
          "method": "java.lang.reflect.Method.invoke",
          "source": "Method.java:615"
        },
        {
          "method": "junit.framework.TestCase.runTest",
          "source": "TestCase.java:154"
        },
        {
          "method": "junit.framework.TestCase.runBare",
          "source": "TestCase.java:127"
        },
        {
          "method": "junit.framework.TestResult$1.protect",
          "source": "TestResult.java:106"
        },
        {
          "method": "junit.framework.TestResult.runProtected",
          "source": "TestResult.java:124"
        },
        {
          "method": "junit.framework.TestResult.run",
          "source": "TestResult.java:109"
        },
        {
          "method": "junit.framework.TestCase.run",
          "source": "TestCase.java:118"
        },
        {
          "method": "junit.framework.TestSuite.runTest",
          "source": "TestSuite.java:208"
        },
        {
          "method": "junit.framework.TestSuite.run",
          "source": "TestSuite.java:203"
        },
        {
          "method": "junit.framework.TestSuite.runTest",
          "source": "TestSuite.java:208"
        },
        {
          "method": "junit.framework.TestSuite.run",
          "source": "TestSuite.java:203"
        },
        {
          "method": "junit.extensions.TestDecorator.basicRun",
          "source": "TestDecorator.java:22"
        },
        {
          "method": "junit.extensions.TestSetup$1.protect",
          "source": "TestSetup.java:19"
        },
        {
          "method": "junit.framework.TestResult.runProtected",
          "source": "TestResult.java:124"
        },
        {
          "method": "junit.extensions.TestSetup.run",
          "source": "TestSetup.java:23"
        },
        {
          "method": "junit.framework.TestSuite.runTest",
          "source": "TestSuite.java:208"
        },
        {
          "method": "junit.framework.TestSuite.run",
          "source": "TestSuite.java:203"
        },
        {
          "method": "junit.framework.TestSuite.runTest",
          "source": "TestSuite.java:208"
        },
        {
          "method": "junit.framework.TestSuite.run",
          "source": "TestSuite.java:203"
        },
        {
          "method": "junit.framework.TestSuite.runTest",
          "source": "TestSuite.java:208"
        },
        {
          "method": "junit.framework.TestSuite.run",
          "source": "TestSuite.java:203"
        },
        {
          "method": "junit.framework.TestSuite.runTest",
          "source": "TestSuite.java:208"
        },
        {
          "method": "junit.framework.TestSuite.run",
          "source": "TestSuite.java:203"
        },
        {
          "method": "org.eclipse.jdt.internal.junit.runner.junit3.JUnit3TestReference.run",
          "source": "JUnit3TestReference.java:128"
        },
        {
          "method": "org.eclipse.jdt.internal.junit.runner.TestExecution.run",
          "source": "TestExecution.java:38"
        },
        {
          "method": "org.eclipse.jdt.internal.junit.runner.RemoteTestRunner.runTests",
          "source": "RemoteTestRunner.java:460"
        },
        {
          "method": "org.eclipse.jdt.internal.junit.runner.RemoteTestRunner.runTests",
          "source": "RemoteTestRunner.java:673"
        },
        {
          "method": "org.eclipse.jdt.internal.junit.runner.RemoteTestRunner.run",
          "source": "RemoteTestRunner.java:386"
        },
        {
          "method": "org.eclipse.jdt.internal.junit.runner.RemoteTestRunner.main",
          "source": "RemoteTestRunner.java:196"
        }
      ],
      "number": 0,
      "commentIndex": 0,
      "bugId": "145323",
      "date": "2006-06-05T14:20:42+02:00",
      "product": "AspectJ",
      "component": "LTWeaving",
      "severity": "normal"
    },
    {
      "exceptionType": "junit.framework.AssertionFailedError",
      "message": "test \"AppContainer\" failed: failure in \u0027ltw.AppContainer\u0027 C:\\workspaces\\org.aspectj-Ron_LTW\\tests\\java5\\ataspectj\\ajc-ant.xml:217: Java returned: 1",
      "elements": [
        {
          "method": "org.apache.tools.ant.Project.executeSortedTargets",
          "source": "Project.java:1225"
        },
        {
          "method": "org.apache.tools.ant.Project.executeTarget",
          "source": "Project.java:1185"
        },
        {
          "method": "org.aspectj.testing.AntSpec.execute",
          "source": "AntSpec.java:130"
        },
        {
          "method": "org.aspectj.testing.AjcTest.runTest",
          "source": "AjcTest.java:68"
        },
        {
          "method": "org.aspectj.testing.XMLBasedAjcTestCase.runTest",
          "source": "XMLBasedAjcTestCase.java:111"
        },
        {
          "method": "org.aspectj.systemtest.ajc150.ataspectj.AtAjLTWTests.testAppContainer",
          "source": "AtAjLTWTests.java:205"
        },
        {
          "method": "sun.reflect.NativeMethodAccessorImpl.invoke0",
          "source": "Native Method"
        },
        {
          "method": "sun.reflect.NativeMethodAccessorImpl.invoke",
          "source": "NativeMethodAccessorImpl.java:64"
        },
        {
          "method": "sun.reflect.DelegatingMethodAccessorImpl.invoke",
          "source": "DelegatingMethodAccessorImpl.java:43"
        },
        {
          "method": "java.lang.reflect.Method.invoke",
          "source": "Method.java:615"
        },
        {
          "method": "junit.framework.TestCase.runTest",
          "source": "TestCase.java:154"
        },
        {
          "method": "junit.framework.TestCase.runBare",
          "source": "TestCase.java:127"
        },
        {
          "method": "junit.framework.TestResult$1.protect",
          "source": "TestResult.java:106"
        },
        {
          "method": "junit.framework.TestResult.runProtected",
          "source": "TestResult.java:124"
        },
        {
          "method": "junit.framework.TestResult.run",
          "source": "TestResult.java:109"
        },
        {
          "method": "junit.framework.TestCase.run",
          "source": "TestCase.java:118"
        },
        {
          "method": "junit.framework.TestSuite.runTest",
          "source": "TestSuite.java:208"
        },
        {
          "method": "junit.framework.TestSuite.run",
          "source": "TestSuite.java:203"
        },
        {
          "method": "junit.framework.TestSuite.runTest",
          "source": "TestSuite.java:208"
        },
        {
          "method": "junit.framework.TestSuite.run",
          "source": "TestSuite.java:203"
        },
        {
          "method": "junit.extensions.TestDecorator.basicRun",
          "source": "TestDecorator.java:22"
        },
        {
          "method": "junit.extensions.TestSetup$1.protect",
          "source": "TestSetup.java:19"
        },
        {
          "method": "junit.framework.TestResult.runProtected",
          "source": "TestResult.java:124"
        },
        {
          "method": "junit.extensions.TestSetup.run",
          "source": "TestSetup.java:23"
        },
        {
          "method": "org.eclipse.jdt.internal.junit.runner.junit3.JUnit3TestReference.run",
          "source": "JUnit3TestReference.java:128"
        },
        {
          "method": "org.eclipse.jdt.internal.junit.runner.TestExecution.run",
          "source": "TestExecution.java:38"
        },
        {
          "method": "org.eclipse.jdt.internal.junit.runner.RemoteTestRunner.runTests",
          "source": "RemoteTestRunner.java:460"
        },
        {
          "method": "org.eclipse.jdt.internal.junit.runner.RemoteTestRunner.runTests",
          "source": "RemoteTestRunner.java:673"
        },
        {
          "method": "org.eclipse.jdt.internal.junit.runner.RemoteTestRunner.run",
          "source": "RemoteTestRunner.java:386"
        },
        {
          "method": "org.eclipse.jdt.internal.junit.runner.RemoteTestRunner.main",
          "source": "RemoteTestRunner.java:196"
        }
      ],
      "causedBy": {
        "exceptionType": "junit.framework.AssertionFailedError",
        "message": "test \"AppContainer\" failed: failure in \u0027ltw.AppContainer\u0027 C:\\workspaces\\org.aspectj-Ron_LTW\\tests\\java5\\ataspectj\\ajc-ant.xml:217: Java returned: 1",
        "elements": [
          {
            "method": "junit.framework.Assert.fail",
            "source": "Assert.java:47"
          },
          {
            "method": "org.aspectj.testing.AntSpec$1.targetFinished",
            "source": "AntSpec.java:107"
          },
          {
            "method": "org.apache.tools.ant.Project.fireTargetFinished",
            "source": "Project.java:1922"
          },
          {
            "method": "org.apache.tools.ant.Target.performTasks",
            "source": "Target.java:376"
          },
          {
            "method": "org.apache.tools.ant.Project.executeSortedTargets",
            "source": "Project.java:1216"
          }
        ],
        "number": 0,
        "commentIndex": 0
      },
      "number": 1,
      "commentIndex": 0,
      "bugId": "145323",
      "date": "2006-06-05T14:20:42+02:00",
      "product": "AspectJ",
      "component": "LTWeaving",
      "severity": "normal"
    },
    {
      "exceptionType": "junit.framework.AssertionFailedError",
      "message": "test \"AppContainer\" failed: failure in \u0027ltw.AppContainer\u0027 C:\\workspaces\\org.aspectj-Ron_LTW\\tests\\java5\\ataspectj\\ajc-ant.xml:217: Java returned: 1",
      "elements": [
        {
          "method": "junit.framework.Assert.fail",
          "source": "Assert.java:47"
        },
        {
          "method": "org.aspectj.testing.AntSpec$1.targetFinished",
          "source": "AntSpec.java:107"
        },
        {
          "method": "org.apache.tools.ant.Project.fireTargetFinished",
          "source": "Project.java:1922"
        },
        {
          "method": "org.apache.tools.ant.Target.performTasks",
          "source": "Target.java:376"
        },
        {
          "method": "org.apache.tools.ant.Project.executeSortedTargets",
          "source": "Project.java:1216"
        },
        {
          "method": "org.apache.tools.ant.Project.executeTarget",
          "source": "Project.java:1185"
        },
        {
          "method": "org.aspectj.testing.AntSpec.execute",
          "source": "AntSpec.java:130"
        },
        {
          "method": "org.aspectj.testing.AjcTest.runTest",
          "source": "AjcTest.java:68"
        },
        {
          "method": "org.aspectj.testing.XMLBasedAjcTestCase.runTest",
          "source": "XMLBasedAjcTestCase.java:111"
        },
        {
          "method": "org.aspectj.systemtest.ajc150.ataspectj.AtAjLTWTests.testAppContainer",
          "source": "AtAjLTWTests.java:205"
        },
        {
          "method": "sun.reflect.NativeMethodAccessorImpl.invoke0",
          "source": "Native Method"
        },
        {
          "method": "sun.reflect.NativeMethodAccessorImpl.invoke",
          "source": "NativeMethodAccessorImpl.java:64"
        },
        {
          "method": "sun.reflect.DelegatingMethodAccessorImpl.invoke",
          "source": "DelegatingMethodAccessorImpl.java:43"
        },
        {
          "method": "java.lang.reflect.Method.invoke",
          "source": "Method.java:615"
        },
        {
          "method": "junit.framework.TestCase.runTest",
          "source": "TestCase.java:154"
        },
        {
          "method": "junit.framework.TestCase.runBare",
          "source": "TestCase.java:127"
        },
        {
          "method": "junit.framework.TestResult$1.protect",
          "source": "TestResult.java:106"
        },
        {
          "method": "junit.framework.TestResult.runProtected",
          "source": "TestResult.java:124"
        },
        {
          "method": "junit.framework.TestResult.run",
          "source": "TestResult.java:109"
        },
        {
          "method": "junit.framework.TestCase.run",
          "source": "TestCase.java:118"
        },
        {
          "method": "junit.framework.TestSuite.runTest",
          "source": "TestSuite.java:208"
        },
        {
          "method": "junit.framework.TestSuite.run",
          "source": "TestSuite.java:203"
        },
        {
          "method": "junit.framework.TestSuite.runTest",
          "source": "TestSuite.java:208"
        },
        {
          "method": "junit.framework.TestSuite.run",
          "source": "TestSuite.java:203"
        },
        {
          "method": "junit.extensions.TestDecorator.basicRun",
          "source": "TestDecorator.java:22"
        },
        {
          "method": "junit.extensions.TestSetup$1.protect",
          "source": "TestSetup.java:19"
        },
        {
          "method": "junit.framework.TestResult.runProtected",
          "source": "TestResult.java:124"
        },
        {
          "method": "junit.extensions.TestSetup.run",
          "source": "TestSetup.java:23"
        },
        {
          "method": "org.eclipse.jdt.internal.junit.runner.junit3.JUnit3TestReference.run",
          "source": "JUnit3TestReference.java:128"
        },
        {
          "method": "org.eclipse.jdt.internal.junit.runner.TestExecution.run",
          "source": "TestExecution.java:38"
        },
        {
          "method": "org.eclipse.jdt.internal.junit.runner.RemoteTestRunner.runTests",
          "source": "RemoteTestRunner.java:460"
        },
        {
          "method": "org.eclipse.jdt.internal.junit.runner.RemoteTestRunner.runTests",
          "source": "RemoteTestRunner.java:673"
        },
        {
          "method": "org.eclipse.jdt.internal.junit.runner.RemoteTestRunner.run",
          "source": "RemoteTestRunner.java:386"
        },
        {
          "method": "org.eclipse.jdt.internal.junit.runner.RemoteTestRunner.main",
          "source": "RemoteTestRunner.java:196"
        }
      ],
      "number": 2,
      "commentIndex": 0,
      "bugId": "145323",
      "date": "2006-06-05T14:20:42+02:00",
      "product": "AspectJ",
      "component": "LTWeaving",
      "severity": "normal"
    },
    {
      "exceptionType": "java.lang.RuntimeException",
      "message": "[java] JUnit Failure: junit.framework.ComparisonFailure: expected:\u003cglobalAspect[loc...\u003e but was:\u003clocalAspect[glob...\u003e       [java]",
      "elements": [
        {
          "method": "ataspectj.TestHelper.runAndThrowOnFailure",
          "source": "TestHelper.java:54"
        }
      ],
      "number": 3,
      "commentIndex": 0,
      "bugId": "145323",
      "date": "2006-06-05T14:20:42+02:00",
      "product": "AspectJ",
      "component": "LTWeaving",
      "severity": "normal"
    }
  ],
  "groupId": "145323",
  "bugId": "145323",
  "date": "2006-06-05T14:20:42+02:00",
  "product": "AspectJ",
  "component": "LTWeaving",
  "severity": "normal"
}