{
  "comments": [
    "I am getting the following error when running a JUnit test suite in Eclipse 3.2:\n\njava.lang.Exception: Unexpected TestElement type for testId \u002766\u0027: null\n\tat org.eclipse.jdt.internal.junit.model.TestRunSession$TestSessionNotifier.logUnexpectedTest(TestRunSession.java:493)\n\tat org.eclipse.jdt.internal.junit.model.TestRunSession$TestSessionNotifier.testEnded(TestRunSession.java:397)\n\tat org.eclipse.jdt.internal.junit.model.RemoteTestRunnerClient$4.run(RemoteTestRunnerClient.java:484)\n\tat org.eclipse.core.runtime.SafeRunner.run(SafeRunner.java:37)\n\tat org.eclipse.jdt.internal.junit.model.RemoteTestRunnerClient.notifyTestEnded(RemoteTestRunnerClient.java:481)\n\tat org.eclipse.jdt.internal.junit.model.RemoteTestRunnerClient.access$7(RemoteTestRunnerClient.java:476)\n\tat org.eclipse.jdt.internal.junit.model.RemoteTestRunnerClient$DefaultProcessingState.readMessage(RemoteTestRunnerClient.java:90)\n\tat org.eclipse.jdt.internal.junit.model.RemoteTestRunnerClient.receiveMessage(RemoteTestRunnerClient.java:342)\n\tat org.eclipse.jdt.internal.junit.model.RemoteTestRunnerClient.access$26(RemoteTestRunnerClient.java:341)\n\tat org.eclipse.jdt.internal.junit.model.RemoteTestRunnerClient$ServerConnection.run\n(RemoteTestRunnerClient.java:267)\n\nI am using the latest version of eclipse and junit 3.8.1\n\nI noticed that a bug has already been loogged for this issue (https://bugs.eclipse.org/bugs/show_bug.cgi?id\u003d129725), but I am getting this error with the latest version of elipse. \n\nAny suggestions?",
    "I looked at the code again, and I really don\u0027t see how this could happen in 3.2.\n\nCould you please verify that you\u0027re really running on build M20060629-1905?\nCan you reproduce when you run the suite again?\nCould you attach the test suite or strip it down to a sufficient example to reproduce?\nOr could it be that you have an old version of org.eclipse.jdt.junit.runtime in your workspace?",
    "Created an attachment (id\u003d47904)\nSample test suite\n\n",
    "I am using the latest eclipse build:\neclipse.buildId\u003dM20060629-1905\njava.version\u003d1.5.0_07\njava.vendor\u003dSun Microsystems Inc.\nBootLoader constants: OS\u003dwin32, ARCH\u003dx86, WS\u003dwin32, NL\u003den_US\nCommand-line arguments:  -os win32 -ws win32 -arch x86\n\n!ENTRY org.eclipse.jdt.junit 4 4 2006-08-14 16:36:48.441\n!MESSAGE Error\n!STACK 0\njava.lang.Exception: Unexpected TestElement type for testId \u002777073\u0027: null\n\tat org.eclipse.jdt.internal.junit.model.TestRunSession$TestSessionNotifier.logUnexpectedTest(TestRunSession.java:493)\n\n\nI do not see any org.eclipse.jdt.junit.runtime in my workspace. I have org.eclipse.jdt.junit only in the .metadata folder. \n\nI attached the sample test suite. \n\nIn the classpath for my project, I am using junit 3.8.1, and this test suite was working fine on eclipse 3.1. The problem is only happening since I upgraded to eclipse 3.2 ",
    "Created an attachment (id\u003d48264)\nSelf-contained example\n\nThe problem is the unusual way of collecting tests. The example does not create the usual tree of TestSuites and TestCases, but creates a suite in the run(TestResult) method. This makes it impossible for the Eclipse JUnit implementation to find the test tree.\n\nNeed to see what we can do to support this case (e.g. just list all \"unknown\" failed test elements under the root node), or whether this setup has to be declared unsupported. Note that the example as given violates at least the contract of TestCase#countTestCases(). In 3.1, only the failures tab worked - the model tab stayed empty.",
    "Created an attachment (id\u003d50380)\nPatch\n\nI\u0027ve released the attached workaround for the upcoming 3.3 M2.",
    "Problem has been fixed for 3.3.\nKeeping this bug open to add a regression test in 3.4"
  ],
  "commentCreationDates": [
    "2006-08-14T20:39:46+02:00",
    "2006-08-15T13:08:53+02:00",
    "2006-08-15T14:59:20+02:00",
    "2006-08-15T15:04:28+02:00",
    "2006-08-21T11:08:46+02:00",
    "2006-09-18T16:35:13+02:00",
    "2007-05-12T01:02:15+02:00"
  ],
  "traces": [
    {
      "exceptionType": "java.lang.Exception",
      "message": "Unexpected TestElement type for testId \u002766\u0027: null",
      "elements": [
        {
          "method": "org.eclipse.jdt.internal.junit.model.TestRunSession$TestSessionNotifier.logUnexpectedTest",
          "source": "TestRunSession.java:493"
        },
        {
          "method": "org.eclipse.jdt.internal.junit.model.TestRunSession$TestSessionNotifier.testEnded",
          "source": "TestRunSession.java:397"
        },
        {
          "method": "org.eclipse.jdt.internal.junit.model.RemoteTestRunnerClient$4.run",
          "source": "RemoteTestRunnerClient.java:484"
        },
        {
          "method": "org.eclipse.core.runtime.SafeRunner.run",
          "source": "SafeRunner.java:37"
        },
        {
          "method": "org.eclipse.jdt.internal.junit.model.RemoteTestRunnerClient.notifyTestEnded",
          "source": "RemoteTestRunnerClient.java:481"
        },
        {
          "method": "org.eclipse.jdt.internal.junit.model.RemoteTestRunnerClient.access$7",
          "source": "RemoteTestRunnerClient.java:476"
        },
        {
          "method": "org.eclipse.jdt.internal.junit.model.RemoteTestRunnerClient$DefaultProcessingState.readMessage",
          "source": "RemoteTestRunnerClient.java:90"
        },
        {
          "method": "org.eclipse.jdt.internal.junit.model.RemoteTestRunnerClient.receiveMessage",
          "source": "RemoteTestRunnerClient.java:342"
        },
        {
          "method": "org.eclipse.jdt.internal.junit.model.RemoteTestRunnerClient.access$26",
          "source": "RemoteTestRunnerClient.java:341"
        },
        {
          "method": "org.eclipse.jdt.internal.junit.model.RemoteTestRunnerClient$ServerConnection.run",
          "source": "RemoteTestRunnerClient.java:267"
        }
      ],
      "number": 0,
      "commentIndex": 0,
      "bugId": "153807",
      "date": "2006-08-14T20:39:46+02:00",
      "product": "JDT",
      "component": "UI",
      "severity": "normal"
    },
    {
      "exceptionType": "java.lang.Exception",
      "message": "Unexpected TestElement type for testId \u002777073\u0027: null",
      "elements": [
        {
          "method": "org.eclipse.jdt.internal.junit.model.TestRunSession$TestSessionNotifier.logUnexpectedTest",
          "source": "TestRunSession.java:493"
        }
      ],
      "number": 1,
      "commentIndex": 3,
      "bugId": "153807",
      "date": "2006-08-15T15:04:28+02:00",
      "product": "JDT",
      "component": "UI",
      "severity": "normal"
    }
  ],
  "groupId": "153807",
  "bugId": "153807",
  "date": "2006-08-14T20:39:46+02:00",
  "product": "JDT",
  "component": "UI",
  "severity": "normal"
}