{
  "comments": [
    "I have differing results when I run the validation tests plugin with the IBM SDK 5.0 vs. the Sun JDK 1.5.0_11.  In either case, I get 1 error, but I get a handful of failures that differ depending on which JDK/JRE is used.  With the IBM SDK 5.0, I get 1 error and 3 failures.  With the Sun JDK, I get 1 error and 8 failures, and the 8 failures are different than those from the IBM SDK.",
    "I tried Sun JDK 1.5.0_11 on my laptop machine running the validation tests and got the same 1 error and 8 failures.  And with the IBM JRE 5.0, I get the 1 error and 3 failures.  What other possible differences between my machine and Ali\u0027s could explain this?",
    "Here is the full failure list I\u0027m seeing with the Sun JDK:\n\nTESTROOT\nTestMainValidator\ntestDerefMultiple(org.eclipse.cosmos.rm.validation.internal.core.TestMainValidator)\njunit.framework.AssertionFailedError: The actual file has more content than expected\n\tat junit.framework.Assert.fail(Assert.java:47)\n\tat junit.framework.Assert.assertTrue(Assert.java:20)\n\tat junit.framework.Assert.assertNull(Assert.java:233)\n\tat org.eclipse.cosmos.rm.validation.internal.common.UtilityTester.compareFiles(UtilityTester.java:179)\n\tat org.eclipse.cosmos.rm.validation.internal.core.TestMainValidator.startValidation(TestMainValidator.java:120)\n\tat org.eclipse.cosmos.rm.validation.internal.core.TestMainValidator.startValidation(TestMainValidator.java:106)\n\tat org.eclipse.cosmos.rm.validation.internal.core.TestMainValidator.testDerefMultiple(TestMainValidator.java:254)\n\tat sun.reflect.NativeMethodAccessorImpl.invoke0(Native Method)\n\tat sun.reflect.NativeMethodAccessorImpl.invoke(NativeMethodAccessorImpl.java:39)\n\tat sun.reflect.DelegatingMethodAccessorImpl.invoke(DelegatingMethodAccessorImpl.java:25)\n\tat java.lang.reflect.Method.invoke(Method.java:585)\n\tat junit.framework.TestCase.runTest(TestCase.java:154)\n\tat junit.framework.TestCase.runBare(TestCase.java:127)\n\tat junit.framework.TestResult$1.protect(TestResult.java:106)\n\tat junit.framework.TestResult.runProtected(TestResult.java:124)\n\tat junit.framework.TestResult.run(TestResult.java:109)\n\tat junit.framework.TestCase.run(TestCase.java:118)\n\tat org.eclipse.hyades.test.common.junit.HyadesTestCase.run(HyadesTestCase.java:173)\n\tat junit.framework.TestSuite.runTest(TestSuite.java:208)\n\tat org.eclipse.hyades.test.common.junit.HyadesTestSuite.runTest(HyadesTestSuite.java:431)\n\tat junit.framework.TestSuite.run(TestSuite.java:203)\n\tat org.eclipse.hyades.test.common.junit.HyadesTestSuite.doRun(HyadesTestSuite.java:399)\n\tat org.eclipse.hyades.test.common.junit.HyadesTestSuite.run(HyadesTestSuite.java:312)\n\tat org.eclipse.jdt.internal.junit.runner.junit3.JUnit3TestReference.run(JUnit3TestReference.java:128)\n\tat org.eclipse.jdt.internal.junit.runner.TestExecution.run(TestExecution.java:38)\n\tat org.eclipse.jdt.internal.junit.runner.RemoteTestRunner.runTests(RemoteTestRunner.java:460)\n\tat org.eclipse.jdt.internal.junit.runner.RemoteTestRunner.runTests(RemoteTestRunner.java:673)\n\tat org.eclipse.jdt.internal.junit.runner.RemoteTestRunner.run(RemoteTestRunner.java:386)\n\tat org.eclipse.jdt.internal.junit.runner.RemoteTestRunner.main(RemoteTestRunner.java:196)\n\ntestIncompleteInValid(org.eclipse.cosmos.rm.validation.internal.core.TestMainValidator)\njunit.framework.ComparisonFailure: The content of the generated file is different than the expected file expected:\u003c...Documents and Settings/Administrator/workspaces/sml...\u003e but was:\u003c...work/eclipse/workspaceCosmos...\u003e\n\tat junit.framework.Assert.assertEquals(Assert.java:81)\n\tat org.eclipse.cosmos.rm.validation.internal.common.UtilityTester.compareFiles(UtilityTester.java:176)\n\tat org.eclipse.cosmos.rm.validation.internal.core.TestMainValidator.startValidation(TestMainValidator.java:120)\n\tat org.eclipse.cosmos.rm.validation.internal.core.TestMainValidator.startValidation(TestMainValidator.java:106)\n\tat org.eclipse.cosmos.rm.validation.internal.core.TestMainValidator.testIncompleteInValid(TestMainValidator.java:502)\n\tat sun.reflect.NativeMethodAccessorImpl.invoke0(Native Method)\n\tat sun.reflect.NativeMethodAccessorImpl.invoke(NativeMethodAccessorImpl.java:39)\n\tat sun.reflect.DelegatingMethodAccessorImpl.invoke(DelegatingMethodAccessorImpl.java:25)\n\tat java.lang.reflect.Method.invoke(Method.java:585)\n\tat junit.framework.TestCase.runTest(TestCase.java:154)\n\tat junit.framework.TestCase.runBare(TestCase.java:127)\n\tat junit.framework.TestResult$1.protect(TestResult.java:106)\n\tat junit.framework.TestResult.runProtected(TestResult.java:124)\n\tat junit.framework.TestResult.run(TestResult.java:109)\n\tat junit.framework.TestCase.run(TestCase.java:118)\n\tat org.eclipse.hyades.test.common.junit.HyadesTestCase.run(HyadesTestCase.java:173)\n\tat junit.framework.TestSuite.runTest(TestSuite.java:208)\n\tat org.eclipse.hyades.test.common.junit.HyadesTestSuite.runTest(HyadesTestSuite.java:431)\n\tat junit.framework.TestSuite.run(TestSuite.java:203)\n\tat org.eclipse.hyades.test.common.junit.HyadesTestSuite.doRun(HyadesTestSuite.java:399)\n\tat org.eclipse.hyades.test.common.junit.HyadesTestSuite.run(HyadesTestSuite.java:312)\n\tat org.eclipse.jdt.internal.junit.runner.junit3.JUnit3TestReference.run(JUnit3TestReference.java:128)\n\tat org.eclipse.jdt.internal.junit.runner.TestExecution.run(TestExecution.java:38)\n\tat org.eclipse.jdt.internal.junit.runner.RemoteTestRunner.runTests(RemoteTestRunner.java:460)\n\tat org.eclipse.jdt.internal.junit.runner.RemoteTestRunner.runTests(RemoteTestRunner.java:673)\n\tat org.eclipse.jdt.internal.junit.runner.RemoteTestRunner.run(RemoteTestRunner.java:386)\n\tat org.eclipse.jdt.internal.junit.runner.RemoteTestRunner.main(RemoteTestRunner.java:196)\n\ntestRuleValid(org.eclipse.cosmos.rm.validation.internal.core.TestMainValidator)\njunit.framework.AssertionFailedError: The actual file has more content than expected\n\tat junit.framework.Assert.fail(Assert.java:47)\n\tat junit.framework.Assert.assertTrue(Assert.java:20)\n\tat junit.framework.Assert.assertNull(Assert.java:233)\n\tat org.eclipse.cosmos.rm.validation.internal.common.UtilityTester.compareFiles(UtilityTester.java:179)\n\tat org.eclipse.cosmos.rm.validation.internal.core.TestMainValidator.startValidation(TestMainValidator.java:120)\n\tat org.eclipse.cosmos.rm.validation.internal.core.TestMainValidator.startValidation(TestMainValidator.java:106)\n\tat org.eclipse.cosmos.rm.validation.internal.core.TestMainValidator.testRuleValid(TestMainValidator.java:469)\n\tat sun.reflect.NativeMethodAccessorImpl.invoke0(Native Method)\n\tat sun.reflect.NativeMethodAccessorImpl.invoke(NativeMethodAccessorImpl.java:39)\n\tat sun.reflect.DelegatingMethodAccessorImpl.invoke(DelegatingMethodAccessorImpl.java:25)\n\tat java.lang.reflect.Method.invoke(Method.java:585)\n\tat junit.framework.TestCase.runTest(TestCase.java:154)\n\tat junit.framework.TestCase.runBare(TestCase.java:127)\n\tat junit.framework.TestResult$1.protect(TestResult.java:106)\n\tat junit.framework.TestResult.runProtected(TestResult.java:124)\n\tat junit.framework.TestResult.run(TestResult.java:109)\n\tat junit.framework.TestCase.run(TestCase.java:118)\n\tat org.eclipse.hyades.test.common.junit.HyadesTestCase.run(HyadesTestCase.java:173)\n\tat junit.framework.TestSuite.runTest(TestSuite.java:208)\n\tat org.eclipse.hyades.test.common.junit.HyadesTestSuite.runTest(HyadesTestSuite.java:431)\n\tat junit.framework.TestSuite.run(TestSuite.java:203)\n\tat org.eclipse.hyades.test.common.junit.HyadesTestSuite.doRun(HyadesTestSuite.java:399)\n\tat org.eclipse.hyades.test.common.junit.HyadesTestSuite.run(HyadesTestSuite.java:312)\n\tat org.eclipse.jdt.internal.junit.runner.junit3.JUnit3TestReference.run(JUnit3TestReference.java:128)\n\tat org.eclipse.jdt.internal.junit.runner.TestExecution.run(TestExecution.java:38)\n\tat org.eclipse.jdt.internal.junit.runner.RemoteTestRunner.runTests(RemoteTestRunner.java:460)\n\tat org.eclipse.jdt.internal.junit.runner.RemoteTestRunner.runTests(RemoteTestRunner.java:673)\n\tat org.eclipse.jdt.internal.junit.runner.RemoteTestRunner.run(RemoteTestRunner.java:386)\n\tat org.eclipse.jdt.internal.junit.runner.RemoteTestRunner.main(RemoteTestRunner.java:196)\n\ntestRuleInValid(org.eclipse.cosmos.rm.validation.internal.core.TestMainValidator)\njunit.framework.ComparisonFailure: The content of the generated file is different than the expected file expected:\u003c...The specified ID 1101 does not begin with 99\u003e but was:\u003c...java.lang.RuntimeException: Namespace for prefix \u0027u\u0027 has not been declared.\u003e\n\tat junit.framework.Assert.assertEquals(Assert.java:81)\n\tat org.eclipse.cosmos.rm.validation.internal.common.UtilityTester.compareFiles(UtilityTester.java:176)\n\tat org.eclipse.cosmos.rm.validation.internal.core.TestMainValidator.startValidation(TestMainValidator.java:120)\n\tat org.eclipse.cosmos.rm.validation.internal.core.TestMainValidator.startValidation(TestMainValidator.java:106)\n\tat org.eclipse.cosmos.rm.validation.internal.core.TestMainValidator.testRuleInValid(TestMainValidator.java:477)\n\tat sun.reflect.NativeMethodAccessorImpl.invoke0(Native Method)\n\tat sun.reflect.NativeMethodAccessorImpl.invoke(NativeMethodAccessorImpl.java:39)\n\tat sun.reflect.DelegatingMethodAccessorImpl.invoke(DelegatingMethodAccessorImpl.java:25)\n\tat java.lang.reflect.Method.invoke(Method.java:585)\n\tat junit.framework.TestCase.runTest(TestCase.java:154)\n\tat junit.framework.TestCase.runBare(TestCase.java:127)\n\tat junit.framework.TestResult$1.protect(TestResult.java:106)\n\tat junit.framework.TestResult.runProtected(TestResult.java:124)\n\tat junit.framework.TestResult.run(TestResult.java:109)\n\tat junit.framework.TestCase.run(TestCase.java:118)\n\tat org.eclipse.hyades.test.common.junit.HyadesTestCase.run(HyadesTestCase.java:173)\n\tat junit.framework.TestSuite.runTest(TestSuite.java:208)\n\tat org.eclipse.hyades.test.common.junit.HyadesTestSuite.runTest(HyadesTestSuite.java:431)\n\tat junit.framework.TestSuite.run(TestSuite.java:203)\n\tat org.eclipse.hyades.test.common.junit.HyadesTestSuite.doRun(HyadesTestSuite.java:399)\n\tat org.eclipse.hyades.test.common.junit.HyadesTestSuite.run(HyadesTestSuite.java:312)\n\tat org.eclipse.jdt.internal.junit.runner.junit3.JUnit3TestReference.run(JUnit3TestReference.java:128)\n\tat org.eclipse.jdt.internal.junit.runner.TestExecution.run(TestExecution.java:38)\n\tat org.eclipse.jdt.internal.junit.runner.RemoteTestRunner.runTests(RemoteTestRunner.java:460)\n\tat org.eclipse.jdt.internal.junit.runner.RemoteTestRunner.runTests(RemoteTestRunner.java:673)\n\tat org.eclipse.jdt.internal.junit.runner.RemoteTestRunner.run(RemoteTestRunner.java:386)\n\tat org.eclipse.jdt.internal.junit.runner.RemoteTestRunner.main(RemoteTestRunner.java:196)\n\ntestRuleValidRuleBinding(org.eclipse.cosmos.rm.validation.internal.core.TestMainValidator)\njunit.framework.AssertionFailedError: The actual file has more content than expected\n\tat junit.framework.Assert.fail(Assert.java:47)\n\tat junit.framework.Assert.assertTrue(Assert.java:20)\n\tat junit.framework.Assert.assertNull(Assert.java:233)\n\tat org.eclipse.cosmos.rm.validation.internal.common.UtilityTester.compareFiles(UtilityTester.java:179)\n\tat org.eclipse.cosmos.rm.validation.internal.core.TestMainValidator.startValidation(TestMainValidator.java:120)\n\tat org.eclipse.cosmos.rm.validation.internal.core.TestMainValidator.startValidation(TestMainValidator.java:106)\n\tat org.eclipse.cosmos.rm.validation.internal.core.TestMainValidator.testRuleValidRuleBinding(TestMainValidator.java:485)\n\tat sun.reflect.NativeMethodAccessorImpl.invoke0(Native Method)\n\tat sun.reflect.NativeMethodAccessorImpl.invoke(NativeMethodAccessorImpl.java:39)\n\tat sun.reflect.DelegatingMethodAccessorImpl.invoke(DelegatingMethodAccessorImpl.java:25)\n\tat java.lang.reflect.Method.invoke(Method.java:585)\n\tat junit.framework.TestCase.runTest(TestCase.java:154)\n\tat junit.framework.TestCase.runBare(TestCase.java:127)\n\tat junit.framework.TestResult$1.protect(TestResult.java:106)\n\tat junit.framework.TestResult.runProtected(TestResult.java:124)\n\tat junit.framework.TestResult.run(TestResult.java:109)\n\tat junit.framework.TestCase.run(TestCase.java:118)\n\tat org.eclipse.hyades.test.common.junit.HyadesTestCase.run(HyadesTestCase.java:173)\n\tat junit.framework.TestSuite.runTest(TestSuite.java:208)\n\tat org.eclipse.hyades.test.common.junit.HyadesTestSuite.runTest(HyadesTestSuite.java:431)\n\tat junit.framework.TestSuite.run(TestSuite.java:203)\n\tat org.eclipse.hyades.test.common.junit.HyadesTestSuite.doRun(HyadesTestSuite.java:399)\n\tat org.eclipse.hyades.test.common.junit.HyadesTestSuite.run(HyadesTestSuite.java:312)\n\tat org.eclipse.jdt.internal.junit.runner.junit3.JUnit3TestReference.run(JUnit3TestReference.java:128)\n\tat org.eclipse.jdt.internal.junit.runner.TestExecution.run(TestExecution.java:38)\n\tat org.eclipse.jdt.internal.junit.runner.RemoteTestRunner.runTests(RemoteTestRunner.java:460)\n\tat org.eclipse.jdt.internal.junit.runner.RemoteTestRunner.runTests(RemoteTestRunner.java:673)\n\tat org.eclipse.jdt.internal.junit.runner.RemoteTestRunner.run(RemoteTestRunner.java:386)\n\tat org.eclipse.jdt.internal.junit.runner.RemoteTestRunner.main(RemoteTestRunner.java:196)\n\ntestRuleInValidRuleBinding(org.eclipse.cosmos.rm.validation.internal.core.TestMainValidator)\njunit.framework.ComparisonFailure: The content of the generated file is different than the expected file expected:\u003c...The specified ID 1102 does not begin with 99\u003e but was:\u003c...java.lang.RuntimeException: Namespace for prefix \u0027u\u0027 has not been declared.\u003e\n\tat junit.framework.Assert.assertEquals(Assert.java:81)\n\tat org.eclipse.cosmos.rm.validation.internal.common.UtilityTester.compareFiles(UtilityTester.java:176)\n\tat org.eclipse.cosmos.rm.validation.internal.core.TestMainValidator.startValidation(TestMainValidator.java:120)\n\tat org.eclipse.cosmos.rm.validation.internal.core.TestMainValidator.startValidation(TestMainValidator.java:106)\n\tat org.eclipse.cosmos.rm.validation.internal.core.TestMainValidator.testRuleInValidRuleBinding(TestMainValidator.java:493)\n\tat sun.reflect.NativeMethodAccessorImpl.invoke0(Native Method)\n\tat sun.reflect.NativeMethodAccessorImpl.invoke(NativeMethodAccessorImpl.java:39)\n\tat sun.reflect.DelegatingMethodAccessorImpl.invoke(DelegatingMethodAccessorImpl.java:25)\n\tat java.lang.reflect.Method.invoke(Method.java:585)\n\tat junit.framework.TestCase.runTest(TestCase.java:154)\n\tat junit.framework.TestCase.runBare(TestCase.java:127)\n\tat junit.framework.TestResult$1.protect(TestResult.java:106)\n\tat junit.framework.TestResult.runProtected(TestResult.java:124)\n\tat junit.framework.TestResult.run(TestResult.java:109)\n\tat junit.framework.TestCase.run(TestCase.java:118)\n\tat org.eclipse.hyades.test.common.junit.HyadesTestCase.run(HyadesTestCase.java:173)\n\tat junit.framework.TestSuite.runTest(TestSuite.java:208)\n\tat org.eclipse.hyades.test.common.junit.HyadesTestSuite.runTest(HyadesTestSuite.java:431)\n\tat junit.framework.TestSuite.run(TestSuite.java:203)\n\tat org.eclipse.hyades.test.common.junit.HyadesTestSuite.doRun(HyadesTestSuite.java:399)\n\tat org.eclipse.hyades.test.common.junit.HyadesTestSuite.run(HyadesTestSuite.java:312)\n\tat org.eclipse.jdt.internal.junit.runner.junit3.JUnit3TestReference.run(JUnit3TestReference.java:128)\n\tat org.eclipse.jdt.internal.junit.runner.TestExecution.run(TestExecution.java:38)\n\tat org.eclipse.jdt.internal.junit.runner.RemoteTestRunner.runTests(RemoteTestRunner.java:460)\n\tat org.eclipse.jdt.internal.junit.runner.RemoteTestRunner.runTests(RemoteTestRunner.java:673)\n\tat org.eclipse.jdt.internal.junit.runner.RemoteTestRunner.run(RemoteTestRunner.java:386)\n\tat org.eclipse.jdt.internal.junit.runner.RemoteTestRunner.main(RemoteTestRunner.java:196)\n\ntestDerefMultipleNonRoot(org.eclipse.cosmos.rm.validation.internal.core.TestMainValidator)\njunit.framework.AssertionFailedError: The actual file has more content than expected\n\tat junit.framework.Assert.fail(Assert.java:47)\n\tat junit.framework.Assert.assertTrue(Assert.java:20)\n\tat junit.framework.Assert.assertNull(Assert.java:233)\n\tat org.eclipse.cosmos.rm.validation.internal.common.UtilityTester.compareFiles(UtilityTester.java:179)\n\tat org.eclipse.cosmos.rm.validation.internal.core.TestMainValidator.startValidation(TestMainValidator.java:120)\n\tat org.eclipse.cosmos.rm.validation.internal.core.TestMainValidator.startValidation(TestMainValidator.java:106)\n\tat org.eclipse.cosmos.rm.validation.internal.core.TestMainValidator.testDerefMultipleNonRoot(TestMainValidator.java:263)\n\tat sun.reflect.NativeMethodAccessorImpl.invoke0(Native Method)\n\tat sun.reflect.NativeMethodAccessorImpl.invoke(NativeMethodAccessorImpl.java:39)\n\tat sun.reflect.DelegatingMethodAccessorImpl.invoke(DelegatingMethodAccessorImpl.java:25)\n\tat java.lang.reflect.Method.invoke(Method.java:585)\n\tat junit.framework.TestCase.runTest(TestCase.java:154)\n\tat junit.framework.TestCase.runBare(TestCase.java:127)\n\tat junit.framework.TestResult$1.protect(TestResult.java:106)\n\tat junit.framework.TestResult.runProtected(TestResult.java:124)\n\tat junit.framework.TestResult.run(TestResult.java:109)\n\tat junit.framework.TestCase.run(TestCase.java:118)\n\tat org.eclipse.hyades.test.common.junit.HyadesTestCase.run(HyadesTestCase.java:173)\n\tat junit.framework.TestSuite.runTest(TestSuite.java:208)\n\tat org.eclipse.hyades.test.common.junit.HyadesTestSuite.runTest(HyadesTestSuite.java:431)\n\tat junit.framework.TestSuite.run(TestSuite.java:203)\n\tat org.eclipse.hyades.test.common.junit.HyadesTestSuite.doRun(HyadesTestSuite.java:399)\n\tat org.eclipse.hyades.test.common.junit.HyadesTestSuite.run(HyadesTestSuite.java:312)\n\tat org.eclipse.jdt.internal.junit.runner.junit3.JUnit3TestReference.run(JUnit3TestReference.java:128)\n\tat org.eclipse.jdt.internal.junit.runner.TestExecution.run(TestExecution.java:38)\n\tat org.eclipse.jdt.internal.junit.runner.RemoteTestRunner.runTests(RemoteTestRunner.java:460)\n\tat org.eclipse.jdt.internal.junit.runner.RemoteTestRunner.runTests(RemoteTestRunner.java:673)\n\tat org.eclipse.jdt.internal.junit.runner.RemoteTestRunner.run(RemoteTestRunner.java:386)\n\tat org.eclipse.jdt.internal.junit.runner.RemoteTestRunner.main(RemoteTestRunner.java:196)\n\ntestDerefSingle(org.eclipse.cosmos.rm.validation.internal.core.TestMainValidator)\njunit.framework.AssertionFailedError: The actual file has more content than expected\n\tat junit.framework.Assert.fail(Assert.java:47)\n\tat junit.framework.Assert.assertTrue(Assert.java:20)\n\tat junit.framework.Assert.assertNull(Assert.java:233)\n\tat org.eclipse.cosmos.rm.validation.internal.common.UtilityTester.compareFiles(UtilityTester.java:179)\n\tat org.eclipse.cosmos.rm.validation.internal.core.TestMainValidator.startValidation(TestMainValidator.java:120)\n\tat org.eclipse.cosmos.rm.validation.internal.core.TestMainValidator.startValidation(TestMainValidator.java:106)\n\tat org.eclipse.cosmos.rm.validation.internal.core.TestMainValidator.testDerefSingle(TestMainValidator.java:272)\n\tat sun.reflect.NativeMethodAccessorImpl.invoke0(Native Method)\n\tat sun.reflect.NativeMethodAccessorImpl.invoke(NativeMethodAccessorImpl.java:39)\n\tat sun.reflect.DelegatingMethodAccessorImpl.invoke(DelegatingMethodAccessorImpl.java:25)\n\tat java.lang.reflect.Method.invoke(Method.java:585)\n\tat junit.framework.TestCase.runTest(TestCase.java:154)\n\tat junit.framework.TestCase.runBare(TestCase.java:127)\n\tat junit.framework.TestResult$1.protect(TestResult.java:106)\n\tat junit.framework.TestResult.runProtected(TestResult.java:124)\n\tat junit.framework.TestResult.run(TestResult.java:109)\n\tat junit.framework.TestCase.run(TestCase.java:118)\n\tat org.eclipse.hyades.test.common.junit.HyadesTestCase.run(HyadesTestCase.java:173)\n\tat junit.framework.TestSuite.runTest(TestSuite.java:208)\n\tat org.eclipse.hyades.test.common.junit.HyadesTestSuite.runTest(HyadesTestSuite.java:431)\n\tat junit.framework.TestSuite.run(TestSuite.java:203)\n\tat org.eclipse.hyades.test.common.junit.HyadesTestSuite.doRun(HyadesTestSuite.java:399)\n\tat org.eclipse.hyades.test.common.junit.HyadesTestSuite.run(HyadesTestSuite.java:312)\n\tat org.eclipse.jdt.internal.junit.runner.junit3.JUnit3TestReference.run(JUnit3TestReference.java:128)\n\tat org.eclipse.jdt.internal.junit.runner.TestExecution.run(TestExecution.java:38)\n\tat org.eclipse.jdt.internal.junit.runner.RemoteTestRunner.runTests(RemoteTestRunner.java:460)\n\tat org.eclipse.jdt.internal.junit.runner.RemoteTestRunner.runTests(RemoteTestRunner.java:673)\n\tat org.eclipse.jdt.internal.junit.runner.RemoteTestRunner.run(RemoteTestRunner.java:386)\n\tat org.eclipse.jdt.internal.junit.runner.RemoteTestRunner.main(RemoteTestRunner.java:196)",
    "I think we should close this as invalid since the plugin execution envionment has been moved to 1.4\n\nAnyway, I\u0027ll move the defect to i4 for investigation since it cannot be contained in i3 ",
    "I don\u0027t understand your reason for wanting to mark this as invalid.  David is experiencing flaky results in our JUnit plug-in tests which needs to be investigated.\n\nEven though the plug-in environment requires 1.4 as a minimum JDK, we\u0027re still expected to run fine with 1.5.",
    "Here are two failures that occur with the IBM SDK 5.0 that do not occur with the Sun JRE (1.4.x or 1.5.x):\n\nTESTROOT\nAllTests\nTestElementTypeMapDataBuilder\ntestElementTypeMapGen(org.eclipse.cosmos.rm.validation.internal.databuilders.TestElementTypeMapDataBuilder)\njunit.framework.ComparisonFailure: The type of the element: OptionalPreRequisite is not what was expected expected:\u003cOptionalCourseRefType\u003e but was:\u003cnull\u003e\n\tat junit.framework.Assert.assertEquals(Assert.java:81)\n\tat org.eclipse.cosmos.rm.validation.internal.databuilders.TestElementTypeMapDataBuilder.testElementTypeMapGen(TestElementTypeMapDataBuilder.java:79)\n\tat sun.reflect.NativeMethodAccessorImpl.invoke0(Native Method)\n\tat sun.reflect.NativeMethodAccessorImpl.invoke(NativeMethodAccessorImpl.java:64)\n\tat sun.reflect.DelegatingMethodAccessorImpl.invoke(DelegatingMethodAccessorImpl.java:43)\n\tat java.lang.reflect.Method.invoke(Method.java:615)\n\tat junit.framework.TestCase.runTest(TestCase.java:154)\n\tat junit.framework.TestCase.runBare(TestCase.java:127)\n\tat junit.framework.TestResult$1.protect(TestResult.java:106)\n\tat junit.framework.TestResult.runProtected(TestResult.java:124)\n\tat junit.framework.TestResult.run(TestResult.java:109)\n\tat junit.framework.TestCase.run(TestCase.java:118)\n\tat org.eclipse.hyades.test.common.junit.HyadesTestCase.run(HyadesTestCase.java:173)\n\tat junit.framework.TestSuite.runTest(TestSuite.java:208)\n\tat org.eclipse.hyades.test.common.junit.HyadesTestSuite.runTest(HyadesTestSuite.java:431)\n\tat junit.framework.TestSuite.run(TestSuite.java:203)\n\tat org.eclipse.hyades.test.common.junit.HyadesTestSuite.doRun(HyadesTestSuite.java:399)\n\tat org.eclipse.hyades.test.common.junit.HyadesTestSuite.run(HyadesTestSuite.java:312)\n\tat junit.framework.TestSuite.runTest(TestSuite.java:208)\n\tat org.eclipse.hyades.test.common.junit.HyadesTestSuite.runTest(HyadesTestSuite.java:431)\n\tat junit.framework.TestSuite.run(TestSuite.java:203)\n\tat org.eclipse.hyades.test.common.junit.HyadesTestSuite.doRun(HyadesTestSuite.java:399)\n\tat org.eclipse.hyades.test.common.junit.HyadesTestSuite.run(HyadesTestSuite.java:312)\n\tat org.eclipse.jdt.internal.junit.runner.junit3.JUnit3TestReference.run(JUnit3TestReference.java:128)\n\tat org.eclipse.jdt.internal.junit.runner.TestExecution.run(TestExecution.java:38)\n\tat org.eclipse.jdt.internal.junit.runner.RemoteTestRunner.runTests(RemoteTestRunner.java:460)\n\tat org.eclipse.jdt.internal.junit.runner.RemoteTestRunner.runTests(RemoteTestRunner.java:673)\n\tat org.eclipse.jdt.internal.junit.runner.RemoteTestRunner.run(RemoteTestRunner.java:386)\n\tat org.eclipse.jdt.internal.junit.runner.RemoteTestRunner.main(RemoteTestRunner.java:196)\n\nTestTypeInheritanceDataBuilderImpl\ntestBadDerivation(org.eclipse.cosmos.rm.validation.internal.databuilders.TestTypeInheritanceDataBuilderImpl)\njunit.framework.AssertionFailedError: The map was expected to be invalid\n\tat junit.framework.Assert.fail(Assert.java:47)\n\tat junit.framework.Assert.assertTrue(Assert.java:20)\n\tat junit.framework.Assert.assertFalse(Assert.java:34)\n\tat org.eclipse.cosmos.rm.validation.internal.databuilders.TestTypeInheritanceDataBuilderImpl.testBadDerivation(TestTypeInheritanceDataBuilderImpl.java:94)\n\tat sun.reflect.NativeMethodAccessorImpl.invoke0(Native Method)\n\tat sun.reflect.NativeMethodAccessorImpl.invoke(NativeMethodAccessorImpl.java:64)\n\tat sun.reflect.DelegatingMethodAccessorImpl.invoke(DelegatingMethodAccessorImpl.java:43)\n\tat java.lang.reflect.Method.invoke(Method.java:615)\n\tat junit.framework.TestCase.runTest(TestCase.java:154)\n\tat junit.framework.TestCase.runBare(TestCase.java:127)\n\tat junit.framework.TestResult$1.protect(TestResult.java:106)\n\tat junit.framework.TestResult.runProtected(TestResult.java:124)\n\tat junit.framework.TestResult.run(TestResult.java:109)\n\tat junit.framework.TestCase.run(TestCase.java:118)\n\tat org.eclipse.hyades.test.common.junit.HyadesTestCase.run(HyadesTestCase.java:173)\n\tat junit.framework.TestSuite.runTest(TestSuite.java:208)\n\tat org.eclipse.hyades.test.common.junit.HyadesTestSuite.runTest(HyadesTestSuite.java:431)\n\tat junit.framework.TestSuite.run(TestSuite.java:203)\n\tat org.eclipse.hyades.test.common.junit.HyadesTestSuite.doRun(HyadesTestSuite.java:399)\n\tat org.eclipse.hyades.test.common.junit.HyadesTestSuite.run(HyadesTestSuite.java:312)\n\tat junit.framework.TestSuite.runTest(TestSuite.java:208)\n\tat org.eclipse.hyades.test.common.junit.HyadesTestSuite.runTest(HyadesTestSuite.java:431)\n\tat junit.framework.TestSuite.run(TestSuite.java:203)\n\tat org.eclipse.hyades.test.common.junit.HyadesTestSuite.doRun(HyadesTestSuite.java:399)\n\tat org.eclipse.hyades.test.common.junit.HyadesTestSuite.run(HyadesTestSuite.java:312)\n\tat org.eclipse.jdt.internal.junit.runner.junit3.JUnit3TestReference.run(JUnit3TestReference.java:128)\n\tat org.eclipse.jdt.internal.junit.runner.TestExecution.run(TestExecution.java:38)\n\tat org.eclipse.jdt.internal.junit.runner.RemoteTestRunner.runTests(RemoteTestRunner.java:460)\n\tat org.eclipse.jdt.internal.junit.runner.RemoteTestRunner.runTests(RemoteTestRunner.java:673)\n\tat org.eclipse.jdt.internal.junit.runner.RemoteTestRunner.run(RemoteTestRunner.java:386)\n\tat org.eclipse.jdt.internal.junit.runner.RemoteTestRunner.main(RemoteTestRunner.java:196)\n\t\nI would be interested to know if anyone else sees these two same failures with the IBM SDK.\n",
    "moving target to i8"
  ],
  "commentCreationDates": [
    "2007-02-23T21:49:13+01:00",
    "2007-02-26T20:28:24+01:00",
    "2007-02-27T15:44:48+01:00",
    "2007-04-26T20:16:48+02:00",
    "2007-04-26T22:27:36+02:00",
    "2007-05-01T17:04:46+02:00",
    "2007-11-29T18:52:12+01:00"
  ],
  "traces": [
    {
      "exceptionType": "junit.framework.AssertionFailedError",
      "message": "The actual file has more content than expected",
      "elements": [
        {
          "method": "junit.framework.Assert.fail",
          "source": "Assert.java:47"
        },
        {
          "method": "junit.framework.Assert.assertTrue",
          "source": "Assert.java:20"
        },
        {
          "method": "junit.framework.Assert.assertNull",
          "source": "Assert.java:233"
        },
        {
          "method": "org.eclipse.cosmos.rm.validation.internal.common.UtilityTester.compareFiles",
          "source": "UtilityTester.java:179"
        },
        {
          "method": "org.eclipse.cosmos.rm.validation.internal.core.TestMainValidator.startValidation",
          "source": "TestMainValidator.java:120"
        },
        {
          "method": "org.eclipse.cosmos.rm.validation.internal.core.TestMainValidator.startValidation",
          "source": "TestMainValidator.java:106"
        },
        {
          "method": "org.eclipse.cosmos.rm.validation.internal.core.TestMainValidator.testDerefMultiple",
          "source": "TestMainValidator.java:254"
        },
        {
          "method": "sun.reflect.NativeMethodAccessorImpl.invoke0",
          "source": "Native Method"
        },
        {
          "method": "sun.reflect.NativeMethodAccessorImpl.invoke",
          "source": "NativeMethodAccessorImpl.java:39"
        },
        {
          "method": "sun.reflect.DelegatingMethodAccessorImpl.invoke",
          "source": "DelegatingMethodAccessorImpl.java:25"
        },
        {
          "method": "java.lang.reflect.Method.invoke",
          "source": "Method.java:585"
        },
        {
          "method": "junit.framework.TestCase.runTest",
          "source": "TestCase.java:154"
        },
        {
          "method": "junit.framework.TestCase.runBare",
          "source": "TestCase.java:127"
        },
        {
          "method": "junit.framework.TestResult$1.protect",
          "source": "TestResult.java:106"
        },
        {
          "method": "junit.framework.TestResult.runProtected",
          "source": "TestResult.java:124"
        },
        {
          "method": "junit.framework.TestResult.run",
          "source": "TestResult.java:109"
        },
        {
          "method": "junit.framework.TestCase.run",
          "source": "TestCase.java:118"
        },
        {
          "method": "org.eclipse.hyades.test.common.junit.HyadesTestCase.run",
          "source": "HyadesTestCase.java:173"
        },
        {
          "method": "junit.framework.TestSuite.runTest",
          "source": "TestSuite.java:208"
        },
        {
          "method": "org.eclipse.hyades.test.common.junit.HyadesTestSuite.runTest",
          "source": "HyadesTestSuite.java:431"
        },
        {
          "method": "junit.framework.TestSuite.run",
          "source": "TestSuite.java:203"
        },
        {
          "method": "org.eclipse.hyades.test.common.junit.HyadesTestSuite.doRun",
          "source": "HyadesTestSuite.java:399"
        },
        {
          "method": "org.eclipse.hyades.test.common.junit.HyadesTestSuite.run",
          "source": "HyadesTestSuite.java:312"
        },
        {
          "method": "org.eclipse.jdt.internal.junit.runner.junit3.JUnit3TestReference.run",
          "source": "JUnit3TestReference.java:128"
        },
        {
          "method": "org.eclipse.jdt.internal.junit.runner.TestExecution.run",
          "source": "TestExecution.java:38"
        },
        {
          "method": "org.eclipse.jdt.internal.junit.runner.RemoteTestRunner.runTests",
          "source": "RemoteTestRunner.java:460"
        },
        {
          "method": "org.eclipse.jdt.internal.junit.runner.RemoteTestRunner.runTests",
          "source": "RemoteTestRunner.java:673"
        },
        {
          "method": "org.eclipse.jdt.internal.junit.runner.RemoteTestRunner.run",
          "source": "RemoteTestRunner.java:386"
        },
        {
          "method": "org.eclipse.jdt.internal.junit.runner.RemoteTestRunner.main",
          "source": "RemoteTestRunner.java:196"
        }
      ],
      "number": 0,
      "commentIndex": 2,
      "bugId": "175380",
      "date": "2007-02-27T15:44:48+01:00",
      "product": "Cosmos",
      "component": "ResourceModeling",
      "severity": "normal"
    },
    {
      "exceptionType": "junit.framework.AssertionFailedError",
      "message": "The actual file has more content than expected",
      "elements": [
        {
          "method": "junit.framework.Assert.fail",
          "source": "Assert.java:47"
        },
        {
          "method": "junit.framework.Assert.assertTrue",
          "source": "Assert.java:20"
        },
        {
          "method": "junit.framework.Assert.assertNull",
          "source": "Assert.java:233"
        },
        {
          "method": "org.eclipse.cosmos.rm.validation.internal.common.UtilityTester.compareFiles",
          "source": "UtilityTester.java:179"
        },
        {
          "method": "org.eclipse.cosmos.rm.validation.internal.core.TestMainValidator.startValidation",
          "source": "TestMainValidator.java:120"
        },
        {
          "method": "org.eclipse.cosmos.rm.validation.internal.core.TestMainValidator.startValidation",
          "source": "TestMainValidator.java:106"
        },
        {
          "method": "org.eclipse.cosmos.rm.validation.internal.core.TestMainValidator.testRuleValid",
          "source": "TestMainValidator.java:469"
        },
        {
          "method": "sun.reflect.NativeMethodAccessorImpl.invoke0",
          "source": "Native Method"
        },
        {
          "method": "sun.reflect.NativeMethodAccessorImpl.invoke",
          "source": "NativeMethodAccessorImpl.java:39"
        },
        {
          "method": "sun.reflect.DelegatingMethodAccessorImpl.invoke",
          "source": "DelegatingMethodAccessorImpl.java:25"
        },
        {
          "method": "java.lang.reflect.Method.invoke",
          "source": "Method.java:585"
        },
        {
          "method": "junit.framework.TestCase.runTest",
          "source": "TestCase.java:154"
        },
        {
          "method": "junit.framework.TestCase.runBare",
          "source": "TestCase.java:127"
        },
        {
          "method": "junit.framework.TestResult$1.protect",
          "source": "TestResult.java:106"
        },
        {
          "method": "junit.framework.TestResult.runProtected",
          "source": "TestResult.java:124"
        },
        {
          "method": "junit.framework.TestResult.run",
          "source": "TestResult.java:109"
        },
        {
          "method": "junit.framework.TestCase.run",
          "source": "TestCase.java:118"
        },
        {
          "method": "org.eclipse.hyades.test.common.junit.HyadesTestCase.run",
          "source": "HyadesTestCase.java:173"
        },
        {
          "method": "junit.framework.TestSuite.runTest",
          "source": "TestSuite.java:208"
        },
        {
          "method": "org.eclipse.hyades.test.common.junit.HyadesTestSuite.runTest",
          "source": "HyadesTestSuite.java:431"
        },
        {
          "method": "junit.framework.TestSuite.run",
          "source": "TestSuite.java:203"
        },
        {
          "method": "org.eclipse.hyades.test.common.junit.HyadesTestSuite.doRun",
          "source": "HyadesTestSuite.java:399"
        },
        {
          "method": "org.eclipse.hyades.test.common.junit.HyadesTestSuite.run",
          "source": "HyadesTestSuite.java:312"
        },
        {
          "method": "org.eclipse.jdt.internal.junit.runner.junit3.JUnit3TestReference.run",
          "source": "JUnit3TestReference.java:128"
        },
        {
          "method": "org.eclipse.jdt.internal.junit.runner.TestExecution.run",
          "source": "TestExecution.java:38"
        },
        {
          "method": "org.eclipse.jdt.internal.junit.runner.RemoteTestRunner.runTests",
          "source": "RemoteTestRunner.java:460"
        },
        {
          "method": "org.eclipse.jdt.internal.junit.runner.RemoteTestRunner.runTests",
          "source": "RemoteTestRunner.java:673"
        },
        {
          "method": "org.eclipse.jdt.internal.junit.runner.RemoteTestRunner.run",
          "source": "RemoteTestRunner.java:386"
        },
        {
          "method": "org.eclipse.jdt.internal.junit.runner.RemoteTestRunner.main",
          "source": "RemoteTestRunner.java:196"
        }
      ],
      "number": 1,
      "commentIndex": 2,
      "bugId": "175380",
      "date": "2007-02-27T15:44:48+01:00",
      "product": "Cosmos",
      "component": "ResourceModeling",
      "severity": "normal"
    },
    {
      "exceptionType": "java.lang.RuntimeException",
      "message": "Namespace for prefix \u0027u\u0027 has not been declared.\u003e",
      "elements": [
        {
          "method": "junit.framework.Assert.assertEquals",
          "source": "Assert.java:81"
        },
        {
          "method": "org.eclipse.cosmos.rm.validation.internal.common.UtilityTester.compareFiles",
          "source": "UtilityTester.java:176"
        },
        {
          "method": "org.eclipse.cosmos.rm.validation.internal.core.TestMainValidator.startValidation",
          "source": "TestMainValidator.java:120"
        },
        {
          "method": "org.eclipse.cosmos.rm.validation.internal.core.TestMainValidator.startValidation",
          "source": "TestMainValidator.java:106"
        },
        {
          "method": "org.eclipse.cosmos.rm.validation.internal.core.TestMainValidator.testRuleInValid",
          "source": "TestMainValidator.java:477"
        },
        {
          "method": "sun.reflect.NativeMethodAccessorImpl.invoke0",
          "source": "Native Method"
        },
        {
          "method": "sun.reflect.NativeMethodAccessorImpl.invoke",
          "source": "NativeMethodAccessorImpl.java:39"
        },
        {
          "method": "sun.reflect.DelegatingMethodAccessorImpl.invoke",
          "source": "DelegatingMethodAccessorImpl.java:25"
        },
        {
          "method": "java.lang.reflect.Method.invoke",
          "source": "Method.java:585"
        },
        {
          "method": "junit.framework.TestCase.runTest",
          "source": "TestCase.java:154"
        },
        {
          "method": "junit.framework.TestCase.runBare",
          "source": "TestCase.java:127"
        },
        {
          "method": "junit.framework.TestResult$1.protect",
          "source": "TestResult.java:106"
        },
        {
          "method": "junit.framework.TestResult.runProtected",
          "source": "TestResult.java:124"
        },
        {
          "method": "junit.framework.TestResult.run",
          "source": "TestResult.java:109"
        },
        {
          "method": "junit.framework.TestCase.run",
          "source": "TestCase.java:118"
        },
        {
          "method": "org.eclipse.hyades.test.common.junit.HyadesTestCase.run",
          "source": "HyadesTestCase.java:173"
        },
        {
          "method": "junit.framework.TestSuite.runTest",
          "source": "TestSuite.java:208"
        },
        {
          "method": "org.eclipse.hyades.test.common.junit.HyadesTestSuite.runTest",
          "source": "HyadesTestSuite.java:431"
        },
        {
          "method": "junit.framework.TestSuite.run",
          "source": "TestSuite.java:203"
        },
        {
          "method": "org.eclipse.hyades.test.common.junit.HyadesTestSuite.doRun",
          "source": "HyadesTestSuite.java:399"
        },
        {
          "method": "org.eclipse.hyades.test.common.junit.HyadesTestSuite.run",
          "source": "HyadesTestSuite.java:312"
        },
        {
          "method": "org.eclipse.jdt.internal.junit.runner.junit3.JUnit3TestReference.run",
          "source": "JUnit3TestReference.java:128"
        },
        {
          "method": "org.eclipse.jdt.internal.junit.runner.TestExecution.run",
          "source": "TestExecution.java:38"
        },
        {
          "method": "org.eclipse.jdt.internal.junit.runner.RemoteTestRunner.runTests",
          "source": "RemoteTestRunner.java:460"
        },
        {
          "method": "org.eclipse.jdt.internal.junit.runner.RemoteTestRunner.runTests",
          "source": "RemoteTestRunner.java:673"
        },
        {
          "method": "org.eclipse.jdt.internal.junit.runner.RemoteTestRunner.run",
          "source": "RemoteTestRunner.java:386"
        },
        {
          "method": "org.eclipse.jdt.internal.junit.runner.RemoteTestRunner.main",
          "source": "RemoteTestRunner.java:196"
        }
      ],
      "number": 2,
      "commentIndex": 2,
      "bugId": "175380",
      "date": "2007-02-27T15:44:48+01:00",
      "product": "Cosmos",
      "component": "ResourceModeling",
      "severity": "normal"
    },
    {
      "exceptionType": "junit.framework.AssertionFailedError",
      "message": "The actual file has more content than expected",
      "elements": [
        {
          "method": "junit.framework.Assert.fail",
          "source": "Assert.java:47"
        },
        {
          "method": "junit.framework.Assert.assertTrue",
          "source": "Assert.java:20"
        },
        {
          "method": "junit.framework.Assert.assertNull",
          "source": "Assert.java:233"
        },
        {
          "method": "org.eclipse.cosmos.rm.validation.internal.common.UtilityTester.compareFiles",
          "source": "UtilityTester.java:179"
        },
        {
          "method": "org.eclipse.cosmos.rm.validation.internal.core.TestMainValidator.startValidation",
          "source": "TestMainValidator.java:120"
        },
        {
          "method": "org.eclipse.cosmos.rm.validation.internal.core.TestMainValidator.startValidation",
          "source": "TestMainValidator.java:106"
        },
        {
          "method": "org.eclipse.cosmos.rm.validation.internal.core.TestMainValidator.testRuleValidRuleBinding",
          "source": "TestMainValidator.java:485"
        },
        {
          "method": "sun.reflect.NativeMethodAccessorImpl.invoke0",
          "source": "Native Method"
        },
        {
          "method": "sun.reflect.NativeMethodAccessorImpl.invoke",
          "source": "NativeMethodAccessorImpl.java:39"
        },
        {
          "method": "sun.reflect.DelegatingMethodAccessorImpl.invoke",
          "source": "DelegatingMethodAccessorImpl.java:25"
        },
        {
          "method": "java.lang.reflect.Method.invoke",
          "source": "Method.java:585"
        },
        {
          "method": "junit.framework.TestCase.runTest",
          "source": "TestCase.java:154"
        },
        {
          "method": "junit.framework.TestCase.runBare",
          "source": "TestCase.java:127"
        },
        {
          "method": "junit.framework.TestResult$1.protect",
          "source": "TestResult.java:106"
        },
        {
          "method": "junit.framework.TestResult.runProtected",
          "source": "TestResult.java:124"
        },
        {
          "method": "junit.framework.TestResult.run",
          "source": "TestResult.java:109"
        },
        {
          "method": "junit.framework.TestCase.run",
          "source": "TestCase.java:118"
        },
        {
          "method": "org.eclipse.hyades.test.common.junit.HyadesTestCase.run",
          "source": "HyadesTestCase.java:173"
        },
        {
          "method": "junit.framework.TestSuite.runTest",
          "source": "TestSuite.java:208"
        },
        {
          "method": "org.eclipse.hyades.test.common.junit.HyadesTestSuite.runTest",
          "source": "HyadesTestSuite.java:431"
        },
        {
          "method": "junit.framework.TestSuite.run",
          "source": "TestSuite.java:203"
        },
        {
          "method": "org.eclipse.hyades.test.common.junit.HyadesTestSuite.doRun",
          "source": "HyadesTestSuite.java:399"
        },
        {
          "method": "org.eclipse.hyades.test.common.junit.HyadesTestSuite.run",
          "source": "HyadesTestSuite.java:312"
        },
        {
          "method": "org.eclipse.jdt.internal.junit.runner.junit3.JUnit3TestReference.run",
          "source": "JUnit3TestReference.java:128"
        },
        {
          "method": "org.eclipse.jdt.internal.junit.runner.TestExecution.run",
          "source": "TestExecution.java:38"
        },
        {
          "method": "org.eclipse.jdt.internal.junit.runner.RemoteTestRunner.runTests",
          "source": "RemoteTestRunner.java:460"
        },
        {
          "method": "org.eclipse.jdt.internal.junit.runner.RemoteTestRunner.runTests",
          "source": "RemoteTestRunner.java:673"
        },
        {
          "method": "org.eclipse.jdt.internal.junit.runner.RemoteTestRunner.run",
          "source": "RemoteTestRunner.java:386"
        },
        {
          "method": "org.eclipse.jdt.internal.junit.runner.RemoteTestRunner.main",
          "source": "RemoteTestRunner.java:196"
        }
      ],
      "number": 3,
      "commentIndex": 2,
      "bugId": "175380",
      "date": "2007-02-27T15:44:48+01:00",
      "product": "Cosmos",
      "component": "ResourceModeling",
      "severity": "normal"
    },
    {
      "exceptionType": "java.lang.RuntimeException",
      "message": "Namespace for prefix \u0027u\u0027 has not been declared.\u003e",
      "elements": [
        {
          "method": "junit.framework.Assert.assertEquals",
          "source": "Assert.java:81"
        },
        {
          "method": "org.eclipse.cosmos.rm.validation.internal.common.UtilityTester.compareFiles",
          "source": "UtilityTester.java:176"
        },
        {
          "method": "org.eclipse.cosmos.rm.validation.internal.core.TestMainValidator.startValidation",
          "source": "TestMainValidator.java:120"
        },
        {
          "method": "org.eclipse.cosmos.rm.validation.internal.core.TestMainValidator.startValidation",
          "source": "TestMainValidator.java:106"
        },
        {
          "method": "org.eclipse.cosmos.rm.validation.internal.core.TestMainValidator.testRuleInValidRuleBinding",
          "source": "TestMainValidator.java:493"
        },
        {
          "method": "sun.reflect.NativeMethodAccessorImpl.invoke0",
          "source": "Native Method"
        },
        {
          "method": "sun.reflect.NativeMethodAccessorImpl.invoke",
          "source": "NativeMethodAccessorImpl.java:39"
        },
        {
          "method": "sun.reflect.DelegatingMethodAccessorImpl.invoke",
          "source": "DelegatingMethodAccessorImpl.java:25"
        },
        {
          "method": "java.lang.reflect.Method.invoke",
          "source": "Method.java:585"
        },
        {
          "method": "junit.framework.TestCase.runTest",
          "source": "TestCase.java:154"
        },
        {
          "method": "junit.framework.TestCase.runBare",
          "source": "TestCase.java:127"
        },
        {
          "method": "junit.framework.TestResult$1.protect",
          "source": "TestResult.java:106"
        },
        {
          "method": "junit.framework.TestResult.runProtected",
          "source": "TestResult.java:124"
        },
        {
          "method": "junit.framework.TestResult.run",
          "source": "TestResult.java:109"
        },
        {
          "method": "junit.framework.TestCase.run",
          "source": "TestCase.java:118"
        },
        {
          "method": "org.eclipse.hyades.test.common.junit.HyadesTestCase.run",
          "source": "HyadesTestCase.java:173"
        },
        {
          "method": "junit.framework.TestSuite.runTest",
          "source": "TestSuite.java:208"
        },
        {
          "method": "org.eclipse.hyades.test.common.junit.HyadesTestSuite.runTest",
          "source": "HyadesTestSuite.java:431"
        },
        {
          "method": "junit.framework.TestSuite.run",
          "source": "TestSuite.java:203"
        },
        {
          "method": "org.eclipse.hyades.test.common.junit.HyadesTestSuite.doRun",
          "source": "HyadesTestSuite.java:399"
        },
        {
          "method": "org.eclipse.hyades.test.common.junit.HyadesTestSuite.run",
          "source": "HyadesTestSuite.java:312"
        },
        {
          "method": "org.eclipse.jdt.internal.junit.runner.junit3.JUnit3TestReference.run",
          "source": "JUnit3TestReference.java:128"
        },
        {
          "method": "org.eclipse.jdt.internal.junit.runner.TestExecution.run",
          "source": "TestExecution.java:38"
        },
        {
          "method": "org.eclipse.jdt.internal.junit.runner.RemoteTestRunner.runTests",
          "source": "RemoteTestRunner.java:460"
        },
        {
          "method": "org.eclipse.jdt.internal.junit.runner.RemoteTestRunner.runTests",
          "source": "RemoteTestRunner.java:673"
        },
        {
          "method": "org.eclipse.jdt.internal.junit.runner.RemoteTestRunner.run",
          "source": "RemoteTestRunner.java:386"
        },
        {
          "method": "org.eclipse.jdt.internal.junit.runner.RemoteTestRunner.main",
          "source": "RemoteTestRunner.java:196"
        }
      ],
      "number": 4,
      "commentIndex": 2,
      "bugId": "175380",
      "date": "2007-02-27T15:44:48+01:00",
      "product": "Cosmos",
      "component": "ResourceModeling",
      "severity": "normal"
    },
    {
      "exceptionType": "junit.framework.AssertionFailedError",
      "message": "The actual file has more content than expected",
      "elements": [
        {
          "method": "junit.framework.Assert.fail",
          "source": "Assert.java:47"
        },
        {
          "method": "junit.framework.Assert.assertTrue",
          "source": "Assert.java:20"
        },
        {
          "method": "junit.framework.Assert.assertNull",
          "source": "Assert.java:233"
        },
        {
          "method": "org.eclipse.cosmos.rm.validation.internal.common.UtilityTester.compareFiles",
          "source": "UtilityTester.java:179"
        },
        {
          "method": "org.eclipse.cosmos.rm.validation.internal.core.TestMainValidator.startValidation",
          "source": "TestMainValidator.java:120"
        },
        {
          "method": "org.eclipse.cosmos.rm.validation.internal.core.TestMainValidator.startValidation",
          "source": "TestMainValidator.java:106"
        },
        {
          "method": "org.eclipse.cosmos.rm.validation.internal.core.TestMainValidator.testDerefMultipleNonRoot",
          "source": "TestMainValidator.java:263"
        },
        {
          "method": "sun.reflect.NativeMethodAccessorImpl.invoke0",
          "source": "Native Method"
        },
        {
          "method": "sun.reflect.NativeMethodAccessorImpl.invoke",
          "source": "NativeMethodAccessorImpl.java:39"
        },
        {
          "method": "sun.reflect.DelegatingMethodAccessorImpl.invoke",
          "source": "DelegatingMethodAccessorImpl.java:25"
        },
        {
          "method": "java.lang.reflect.Method.invoke",
          "source": "Method.java:585"
        },
        {
          "method": "junit.framework.TestCase.runTest",
          "source": "TestCase.java:154"
        },
        {
          "method": "junit.framework.TestCase.runBare",
          "source": "TestCase.java:127"
        },
        {
          "method": "junit.framework.TestResult$1.protect",
          "source": "TestResult.java:106"
        },
        {
          "method": "junit.framework.TestResult.runProtected",
          "source": "TestResult.java:124"
        },
        {
          "method": "junit.framework.TestResult.run",
          "source": "TestResult.java:109"
        },
        {
          "method": "junit.framework.TestCase.run",
          "source": "TestCase.java:118"
        },
        {
          "method": "org.eclipse.hyades.test.common.junit.HyadesTestCase.run",
          "source": "HyadesTestCase.java:173"
        },
        {
          "method": "junit.framework.TestSuite.runTest",
          "source": "TestSuite.java:208"
        },
        {
          "method": "org.eclipse.hyades.test.common.junit.HyadesTestSuite.runTest",
          "source": "HyadesTestSuite.java:431"
        },
        {
          "method": "junit.framework.TestSuite.run",
          "source": "TestSuite.java:203"
        },
        {
          "method": "org.eclipse.hyades.test.common.junit.HyadesTestSuite.doRun",
          "source": "HyadesTestSuite.java:399"
        },
        {
          "method": "org.eclipse.hyades.test.common.junit.HyadesTestSuite.run",
          "source": "HyadesTestSuite.java:312"
        },
        {
          "method": "org.eclipse.jdt.internal.junit.runner.junit3.JUnit3TestReference.run",
          "source": "JUnit3TestReference.java:128"
        },
        {
          "method": "org.eclipse.jdt.internal.junit.runner.TestExecution.run",
          "source": "TestExecution.java:38"
        },
        {
          "method": "org.eclipse.jdt.internal.junit.runner.RemoteTestRunner.runTests",
          "source": "RemoteTestRunner.java:460"
        },
        {
          "method": "org.eclipse.jdt.internal.junit.runner.RemoteTestRunner.runTests",
          "source": "RemoteTestRunner.java:673"
        },
        {
          "method": "org.eclipse.jdt.internal.junit.runner.RemoteTestRunner.run",
          "source": "RemoteTestRunner.java:386"
        },
        {
          "method": "org.eclipse.jdt.internal.junit.runner.RemoteTestRunner.main",
          "source": "RemoteTestRunner.java:196"
        }
      ],
      "number": 5,
      "commentIndex": 2,
      "bugId": "175380",
      "date": "2007-02-27T15:44:48+01:00",
      "product": "Cosmos",
      "component": "ResourceModeling",
      "severity": "normal"
    },
    {
      "exceptionType": "junit.framework.AssertionFailedError",
      "message": "The actual file has more content than expected",
      "elements": [
        {
          "method": "junit.framework.Assert.fail",
          "source": "Assert.java:47"
        },
        {
          "method": "junit.framework.Assert.assertTrue",
          "source": "Assert.java:20"
        },
        {
          "method": "junit.framework.Assert.assertNull",
          "source": "Assert.java:233"
        },
        {
          "method": "org.eclipse.cosmos.rm.validation.internal.common.UtilityTester.compareFiles",
          "source": "UtilityTester.java:179"
        },
        {
          "method": "org.eclipse.cosmos.rm.validation.internal.core.TestMainValidator.startValidation",
          "source": "TestMainValidator.java:120"
        },
        {
          "method": "org.eclipse.cosmos.rm.validation.internal.core.TestMainValidator.startValidation",
          "source": "TestMainValidator.java:106"
        },
        {
          "method": "org.eclipse.cosmos.rm.validation.internal.core.TestMainValidator.testDerefSingle",
          "source": "TestMainValidator.java:272"
        },
        {
          "method": "sun.reflect.NativeMethodAccessorImpl.invoke0",
          "source": "Native Method"
        },
        {
          "method": "sun.reflect.NativeMethodAccessorImpl.invoke",
          "source": "NativeMethodAccessorImpl.java:39"
        },
        {
          "method": "sun.reflect.DelegatingMethodAccessorImpl.invoke",
          "source": "DelegatingMethodAccessorImpl.java:25"
        },
        {
          "method": "java.lang.reflect.Method.invoke",
          "source": "Method.java:585"
        },
        {
          "method": "junit.framework.TestCase.runTest",
          "source": "TestCase.java:154"
        },
        {
          "method": "junit.framework.TestCase.runBare",
          "source": "TestCase.java:127"
        },
        {
          "method": "junit.framework.TestResult$1.protect",
          "source": "TestResult.java:106"
        },
        {
          "method": "junit.framework.TestResult.runProtected",
          "source": "TestResult.java:124"
        },
        {
          "method": "junit.framework.TestResult.run",
          "source": "TestResult.java:109"
        },
        {
          "method": "junit.framework.TestCase.run",
          "source": "TestCase.java:118"
        },
        {
          "method": "org.eclipse.hyades.test.common.junit.HyadesTestCase.run",
          "source": "HyadesTestCase.java:173"
        },
        {
          "method": "junit.framework.TestSuite.runTest",
          "source": "TestSuite.java:208"
        },
        {
          "method": "org.eclipse.hyades.test.common.junit.HyadesTestSuite.runTest",
          "source": "HyadesTestSuite.java:431"
        },
        {
          "method": "junit.framework.TestSuite.run",
          "source": "TestSuite.java:203"
        },
        {
          "method": "org.eclipse.hyades.test.common.junit.HyadesTestSuite.doRun",
          "source": "HyadesTestSuite.java:399"
        },
        {
          "method": "org.eclipse.hyades.test.common.junit.HyadesTestSuite.run",
          "source": "HyadesTestSuite.java:312"
        },
        {
          "method": "org.eclipse.jdt.internal.junit.runner.junit3.JUnit3TestReference.run",
          "source": "JUnit3TestReference.java:128"
        },
        {
          "method": "org.eclipse.jdt.internal.junit.runner.TestExecution.run",
          "source": "TestExecution.java:38"
        },
        {
          "method": "org.eclipse.jdt.internal.junit.runner.RemoteTestRunner.runTests",
          "source": "RemoteTestRunner.java:460"
        },
        {
          "method": "org.eclipse.jdt.internal.junit.runner.RemoteTestRunner.runTests",
          "source": "RemoteTestRunner.java:673"
        },
        {
          "method": "org.eclipse.jdt.internal.junit.runner.RemoteTestRunner.run",
          "source": "RemoteTestRunner.java:386"
        },
        {
          "method": "org.eclipse.jdt.internal.junit.runner.RemoteTestRunner.main",
          "source": "RemoteTestRunner.java:196"
        }
      ],
      "number": 6,
      "commentIndex": 2,
      "bugId": "175380",
      "date": "2007-02-27T15:44:48+01:00",
      "product": "Cosmos",
      "component": "ResourceModeling",
      "severity": "normal"
    },
    {
      "exceptionType": "junit.framework.AssertionFailedError",
      "message": "The map was expected to be invalid",
      "elements": [
        {
          "method": "junit.framework.Assert.fail",
          "source": "Assert.java:47"
        },
        {
          "method": "junit.framework.Assert.assertTrue",
          "source": "Assert.java:20"
        },
        {
          "method": "junit.framework.Assert.assertFalse",
          "source": "Assert.java:34"
        },
        {
          "method": "org.eclipse.cosmos.rm.validation.internal.databuilders.TestTypeInheritanceDataBuilderImpl.testBadDerivation",
          "source": "TestTypeInheritanceDataBuilderImpl.java:94"
        },
        {
          "method": "sun.reflect.NativeMethodAccessorImpl.invoke0",
          "source": "Native Method"
        },
        {
          "method": "sun.reflect.NativeMethodAccessorImpl.invoke",
          "source": "NativeMethodAccessorImpl.java:64"
        },
        {
          "method": "sun.reflect.DelegatingMethodAccessorImpl.invoke",
          "source": "DelegatingMethodAccessorImpl.java:43"
        },
        {
          "method": "java.lang.reflect.Method.invoke",
          "source": "Method.java:615"
        },
        {
          "method": "junit.framework.TestCase.runTest",
          "source": "TestCase.java:154"
        },
        {
          "method": "junit.framework.TestCase.runBare",
          "source": "TestCase.java:127"
        },
        {
          "method": "junit.framework.TestResult$1.protect",
          "source": "TestResult.java:106"
        },
        {
          "method": "junit.framework.TestResult.runProtected",
          "source": "TestResult.java:124"
        },
        {
          "method": "junit.framework.TestResult.run",
          "source": "TestResult.java:109"
        },
        {
          "method": "junit.framework.TestCase.run",
          "source": "TestCase.java:118"
        },
        {
          "method": "org.eclipse.hyades.test.common.junit.HyadesTestCase.run",
          "source": "HyadesTestCase.java:173"
        },
        {
          "method": "junit.framework.TestSuite.runTest",
          "source": "TestSuite.java:208"
        },
        {
          "method": "org.eclipse.hyades.test.common.junit.HyadesTestSuite.runTest",
          "source": "HyadesTestSuite.java:431"
        },
        {
          "method": "junit.framework.TestSuite.run",
          "source": "TestSuite.java:203"
        },
        {
          "method": "org.eclipse.hyades.test.common.junit.HyadesTestSuite.doRun",
          "source": "HyadesTestSuite.java:399"
        },
        {
          "method": "org.eclipse.hyades.test.common.junit.HyadesTestSuite.run",
          "source": "HyadesTestSuite.java:312"
        },
        {
          "method": "junit.framework.TestSuite.runTest",
          "source": "TestSuite.java:208"
        },
        {
          "method": "org.eclipse.hyades.test.common.junit.HyadesTestSuite.runTest",
          "source": "HyadesTestSuite.java:431"
        },
        {
          "method": "junit.framework.TestSuite.run",
          "source": "TestSuite.java:203"
        },
        {
          "method": "org.eclipse.hyades.test.common.junit.HyadesTestSuite.doRun",
          "source": "HyadesTestSuite.java:399"
        },
        {
          "method": "org.eclipse.hyades.test.common.junit.HyadesTestSuite.run",
          "source": "HyadesTestSuite.java:312"
        },
        {
          "method": "org.eclipse.jdt.internal.junit.runner.junit3.JUnit3TestReference.run",
          "source": "JUnit3TestReference.java:128"
        },
        {
          "method": "org.eclipse.jdt.internal.junit.runner.TestExecution.run",
          "source": "TestExecution.java:38"
        },
        {
          "method": "org.eclipse.jdt.internal.junit.runner.RemoteTestRunner.runTests",
          "source": "RemoteTestRunner.java:460"
        },
        {
          "method": "org.eclipse.jdt.internal.junit.runner.RemoteTestRunner.runTests",
          "source": "RemoteTestRunner.java:673"
        },
        {
          "method": "org.eclipse.jdt.internal.junit.runner.RemoteTestRunner.run",
          "source": "RemoteTestRunner.java:386"
        },
        {
          "method": "org.eclipse.jdt.internal.junit.runner.RemoteTestRunner.main",
          "source": "RemoteTestRunner.java:196"
        }
      ],
      "number": 7,
      "commentIndex": 5,
      "bugId": "175380",
      "date": "2007-05-01T17:04:46+02:00",
      "product": "Cosmos",
      "component": "ResourceModeling",
      "severity": "normal"
    }
  ],
  "groupId": "175380",
  "bugId": "175380",
  "date": "2007-02-23T21:49:13+01:00",
  "product": "Cosmos",
  "component": "ResourceModeling",
  "severity": "normal"
}