{
  "comments": [
    "Build ID: 3.3M7\n\nSteps To Reproduce:\n1. Run automation\n\n\nMore information:\n\n\nHOST: Intel(R) Pentium(R) 4 CPU 3.00GHz (2 VCPU)\nOS:Red Hat Enterprise Linux AS release 3 (Taroon Update 8)\nTPTP: TPTP-4.4.0-200705100100\neclipse: eclipse-SDK-3.3M7-linux-gtk\nac:linux_ia32-TPTP-4.4.0-200705100100\n\nJVM: jdk1.5.0_11\nfailed tests:\n*************************************************************\norg.eclipse.tptp.scenario.thread.PowerWorkload_10\nstandalone_agg_full\n-------------------------------------------------------------\nValidating trace file: /export/aan/sandbox_200705090100/ws/org.eclipse.tptp.ac.testautomation/results_20070511_162834_pbtanalexee/org.eclipse.tptp.scenario.thread.PowerWorkload_10/standalone_agg_full/trace.trcxml\nFile size: 1410565 B (1 MB)\n\nWARNING:\nat 757: \u003cmethodDef name\u003d\"-init-\" signature\u003d\"([C)V\" startLineNumber\u003d\"172\" endLineNumber\u003d\"179\" methodId\u003d\"65538\" classIdRef\u003d\"2\"/\u003e\nThe same methodDef was traced for: classID\u003d2, methodID\u003d65538, java.lang.String.-init-([C)V\n\nVERIFICATION ERROR:\norg.eclipse.tptp.ac.verification.TraceVerificationException: \nat 899: \u003cmethodDef name\u003d\"\" signature\u003d\"\" methodId\u003d\"69689\" classIdRef\u003d\"0\"/\u003e\nRULE_C02: Class must be defined before being referenced. MethodDef: classID\u003d0, methodID\u003d69689, name\u003d, sig\u003d\n\nTestcase: @agg_threadPowerWorkload_10\tresult is: FAILED(105)\n\nFAILURES!!!\nTests run: 1,  Failures: 1,  Errors: 0\n*************************************************************\n\n\nJVM: jrockit-R27.2.0-jre1.6.0\nfailed tests:\n*************************************************************\nNONE\n*************************************************************\n\n\nJVM: jrockit-R27.2.0-jre1.5.0_10\nfailed tests:\n*************************************************************\norg.eclipse.tptp.scenario.thread.PowerWorkload_10\nstandalone_thread_full\n-------------------------------------------------------------\nProcess interrupted\n\n\nERROR:\norg.eclipse.tptp.ac.testautomation.junits.TimeoutException: Process forcibly destoyed due to timeout (60000 ms).\n\tat org.eclipse.tptp.ac.testautomation.junits.LocalProcessLauncher.launch(TIProfilingBase.java:1050)\n\tat org.eclipse.tptp.ac.testautomation.junits.TIProfilingBase.executeLocalProcess(TIProfilingBase.java:562)\n\tat org.eclipse.tptp.ac.testautomation.junits.TIProfilingBase.launchTest(TIProfilingBase.java:452)\n\tat org.eclipse.tptp.ac.testautomation.junits.TIProfilingBase.launchTest(TIProfilingBase.java:298)\n\tat org.eclipse.tptp.ac.testautomation.junits.ThreadStandaloneProfiling.launchTest(ThreadStandaloneProfiling.java:72)\n\tat org.eclipse.tptp.ac.testautomation.junits.ThreadStandaloneProfiling.tp_threadPowerWorkload_10(ThreadStandaloneProfiling.java:102)\n\tat sun.reflect.NativeMethodAccessorImpl.invoke0(Native Method)\n\tat sun.reflect.NativeMethodAccessorImpl.invoke(NativeMethodAccessorImpl.java:39)\n\tat sun.reflect.DelegatingMethodAccessorImpl.invoke(DelegatingMethodAccessorImpl.java:25)\n\tat java.lang.reflect.Method.invoke(Method.java:585)\n\tat junit.framework.TestCase.runTest(TestCase.java:164)\n\tat junit.framework.TestCase.runBare(TestCase.java:130)\n\tat junit.framework.TestResult$1.protect(TestResult.java:106)\n\tat junit.framework.TestResult.runProtected(TestResult.java:124)\n\tat junit.framework.TestResult.run(TestResult.java:109)\n\tat junit.framework.TestCase.run(TestCase.java:120)\n\tat junit.framework.TestSuite.runTest(TestSuite.java:230)\n\tat junit.framework.TestSuite.run(TestSuite.java:225)\n\tat junit.framework.TestSuite.runTest(TestSuite.java:230)\n\tat junit.framework.TestSuite.run(TestSuite.java:225)\n\tat org.eclipse.jdt.internal.junit.runner.junit3.JUnit3TestReference.run(JUnit3TestReference.java:130)\n\tat org.eclipse.jdt.internal.junit.runner.TestExecution.run(TestExecution.java:38)\n\tat org.eclipse.jdt.internal.junit.runner.RemoteTestRunner.runTests(RemoteTestRunner.java:460)\n\tat org.eclipse.jdt.internal.junit.runner.RemoteTestRunner.runTests(RemoteTestRunner.java:673)\n\tat org.eclipse.jdt.internal.junit.runner.RemoteTestRunner.run(RemoteTestRunner.java:386)\n\tat org.eclipse.jdt.internal.junit.runner.RemoteTestRunner.main(RemoteTestRunner.java:196)\n\nTestcase: @tp_threadPowerWorkload_10\tresult is: FAILED(105)\n\nFAILURES!!!\nTests run: 1,  Failures: 1,  Errors: 0\n*************************************************************\n\nHOST:Intel(R) Pentium(R) 4 CPU 3.40GHz (1 VCPU)\nOS:SUSE LINUX Enterprise Server 9 (i586)\nTPTP: TPTP-4.4.0-200705100100\neclipse: eclipse-SDK-3.3M7-linux-gtk\nac:linux_ia32-TPTP-4.4.0-200705100100\n\n\nJVM: jdk1.5.0_11\nfailed tests:\n*************************************************************\norg.eclipse.tptp.scenario.thread.MathWorkload_100\nstandalone_thread_full\n-------------------------------------------------------------\nValidating trace file: /export/aan/sandbox_20071105/ws/org.eclipse.tptp.ac.testautomation/results_20070511_185326_pbtvvlevche/org.eclipse.tptp.scenario.thread.MathWorkload_100/standalone_thread_full/trace.trcxml\nFile size: 59675 B (59 KB)\n\n\nVERIFICATION ERROR:\norg.eclipse.tptp.ac.verification.TraceVerificationException: \nat 576: \u003cthreadStart threadId\u003d\"25\" time\u003d\"1178895735.339774000\" objIdRef\u003d\"50\" threadName\u003d\"workload_020\" groupName\u003d\"\" parentName\u003d\"\"/\u003e\nRULE_T01: Thread id must be unique for each thread start event. Existing thread: workload_020,group\u003d,parent\u003d,id\u003d25,time\u003d1.178895732787703E9/\u003d-1.178895732787703E9\n\nTestcase: @tp_threadMathWorkload_100\tresult is: FAILED(105)\n\nFAILURES!!!\nTests run: 1,  Failures: 1,  Errors: 0\n\n*************************************************************\n\n\nJVM: jrockit-R27.2.0-jre1.5.0_10\nfailed tests:\n*************************************************************\nNONE\n*************************************************************",
    "This bug is fixed on the latest build TPTP-4.4.0-200705310943.\n",
    "updated target to i4"
  ],
  "commentCreationDates": [
    "2007-05-16T14:27:57+02:00",
    "2007-06-06T13:19:00+02:00",
    "2007-06-06T16:08:26+02:00"
  ],
  "traces": [
    {
      "exceptionType": "org.eclipse.tptp.ac.testautomation.junits.TimeoutException",
      "message": "Process forcibly destoyed due to timeout (60000 ms).",
      "elements": [
        {
          "method": "org.eclipse.tptp.ac.testautomation.junits.LocalProcessLauncher.launch",
          "source": "TIProfilingBase.java:1050"
        },
        {
          "method": "org.eclipse.tptp.ac.testautomation.junits.TIProfilingBase.executeLocalProcess",
          "source": "TIProfilingBase.java:562"
        },
        {
          "method": "org.eclipse.tptp.ac.testautomation.junits.TIProfilingBase.launchTest",
          "source": "TIProfilingBase.java:452"
        },
        {
          "method": "org.eclipse.tptp.ac.testautomation.junits.TIProfilingBase.launchTest",
          "source": "TIProfilingBase.java:298"
        },
        {
          "method": "org.eclipse.tptp.ac.testautomation.junits.ThreadStandaloneProfiling.launchTest",
          "source": "ThreadStandaloneProfiling.java:72"
        },
        {
          "method": "org.eclipse.tptp.ac.testautomation.junits.ThreadStandaloneProfiling.tp_threadPowerWorkload_10",
          "source": "ThreadStandaloneProfiling.java:102"
        },
        {
          "method": "sun.reflect.NativeMethodAccessorImpl.invoke0",
          "source": "Native Method"
        },
        {
          "method": "sun.reflect.NativeMethodAccessorImpl.invoke",
          "source": "NativeMethodAccessorImpl.java:39"
        },
        {
          "method": "sun.reflect.DelegatingMethodAccessorImpl.invoke",
          "source": "DelegatingMethodAccessorImpl.java:25"
        },
        {
          "method": "java.lang.reflect.Method.invoke",
          "source": "Method.java:585"
        },
        {
          "method": "junit.framework.TestCase.runTest",
          "source": "TestCase.java:164"
        },
        {
          "method": "junit.framework.TestCase.runBare",
          "source": "TestCase.java:130"
        },
        {
          "method": "junit.framework.TestResult$1.protect",
          "source": "TestResult.java:106"
        },
        {
          "method": "junit.framework.TestResult.runProtected",
          "source": "TestResult.java:124"
        },
        {
          "method": "junit.framework.TestResult.run",
          "source": "TestResult.java:109"
        },
        {
          "method": "junit.framework.TestCase.run",
          "source": "TestCase.java:120"
        },
        {
          "method": "junit.framework.TestSuite.runTest",
          "source": "TestSuite.java:230"
        },
        {
          "method": "junit.framework.TestSuite.run",
          "source": "TestSuite.java:225"
        },
        {
          "method": "junit.framework.TestSuite.runTest",
          "source": "TestSuite.java:230"
        },
        {
          "method": "junit.framework.TestSuite.run",
          "source": "TestSuite.java:225"
        },
        {
          "method": "org.eclipse.jdt.internal.junit.runner.junit3.JUnit3TestReference.run",
          "source": "JUnit3TestReference.java:130"
        },
        {
          "method": "org.eclipse.jdt.internal.junit.runner.TestExecution.run",
          "source": "TestExecution.java:38"
        },
        {
          "method": "org.eclipse.jdt.internal.junit.runner.RemoteTestRunner.runTests",
          "source": "RemoteTestRunner.java:460"
        },
        {
          "method": "org.eclipse.jdt.internal.junit.runner.RemoteTestRunner.runTests",
          "source": "RemoteTestRunner.java:673"
        },
        {
          "method": "org.eclipse.jdt.internal.junit.runner.RemoteTestRunner.run",
          "source": "RemoteTestRunner.java:386"
        },
        {
          "method": "org.eclipse.jdt.internal.junit.runner.RemoteTestRunner.main",
          "source": "RemoteTestRunner.java:196"
        }
      ],
      "number": 0,
      "commentIndex": 0,
      "bugId": "187240",
      "date": "2007-05-16T14:27:57+02:00",
      "product": "TPTP Profiling",
      "component": "Platform.Agents.JVMTI",
      "severity": "normal"
    }
  ],
  "groupId": "187240",
  "bugId": "187240",
  "date": "2007-05-16T14:27:57+02:00",
  "product": "TPTP Profiling",
  "component": "Platform.Agents.JVMTI",
  "severity": "normal"
}