{
  "comments": [
    "Build ID: 3.3RC3\n\ntptp build: 4.4.0-200706070100\n\nExecutions:\n1. ia32 - (RHEL3 U8)Linux 2.4.21-47.ELsmp SMP (2 VCPU) i686\n1.1 SUN jdk1.5.0_11                      FAILED (0/188)\n1.2 SUN jdk1.6.0_01                      FAILED (1/188)\n1.3 BEA jrockit-R27.2.0-jre1.5.0_10      FAILED (1/188)\n1.4 BEA jrockit-R27.2.0-jre1.6.0         FAILED (2/188)\n\n2. em64t - (RHEL3 U8)Linux 2.4.21-47.EL SMP (16 VCPU) x86_64\n1.1 SUN jre1.5.0_10                      FAILED (82/188)\n1.2 SUN jdk1.6.0_01                      FAILED (82/188)\n1.3 BEA jrockit-R27.2.0-jre1.6.0         FAILED (82/188)\n\n3. ia32 - (SLES9) 2.6.5-7.97-smp SMP (4VCPU) i386\n3.1 SUN jdk1.5.0_11                      FAILED (0/188)\n3.2 SUN jdk1.6.0_01                      FAILED (0/188)\n3.3 BEA jrockit-R27.2.0-jre1.5.0_10      FAILED (0/188)\n3.4 BEA jrockit-R27.2.0-jre1.6.0         FAILED (3/188)\n\n3. ia32 - (SLES9 pl3) 2.6.5-7.244-default (1VCPU) i386\n4.1 SUN jdk1.5.0_11                      FAILED (0/188)\n4.2 SUN jdk1.6.0_01                      FAILED (0/188)\n4.3 BEA jrockit-R27.2.0-jre1.5.0_10      FAILED (0/188)\n4.4 BEA jrockit-R27.2.0-jre1.6.0         FAILED (0/188)\n\n++++++++++++++++++++++++\nRUN: 1.2  (FAILED 1/188)\n**************************FAILED*****************************\nPlainWorkload_10\nstandalone_thread_full\n*************************************************************\nVERIFICATION ERROR:\norg.eclipse.tptp.ac.verification.TraceVerificationException: \nat 127: \u003cthreadStart threadId\u003d\"15\" time\u003d\"1181233620.020765000\" objIdRef\u003d\"22\" threadName\u003d\"workload_003\" groupName\u003d\"\" parentName\u003d\"\"/\u003e\nRULE_T01: Thread id must be unique for each thread start event. Existing thread: workload_003,group\u003d,parent\u003d,id\u003d15,time\u003d1.181233620019943E9/\u003d-1.181233620019943E9\n\n*************************************************************\n\n++++++++++++++++++++++++\nRUN: 1.3  (FAILED 1/188)\n**************************FAILED*****************************\nPowerWorkload_100\nstandalone_thread_full\n*************************************************************\nERROR:\norg.eclipse.tptp.ac.testautomation.junits.TimeoutException: Process forcibly destoyed due to timeout (60000 ms).\n\tat org.eclipse.tptp.ac.testautomation.junits.LocalProcessLauncher.launch(TIProfilingBase.java:1050)\n\tat org.eclipse.tptp.ac.testautomation.junits.TIProfilingBase.executeLocalProcess(TIProfilingBase.java:562)\n\tat org.eclipse.tptp.ac.testautomation.junits.TIProfilingBase.launchTest(TIProfilingBase.java:452)\n\tat org.eclipse.tptp.ac.testautomation.junits.TIProfilingBase.launchTest(TIProfilingBase.java:298)\n\tat org.eclipse.tptp.ac.testautomation.junits.ThreadStandaloneProfiling.launchTest(ThreadStandaloneProfiling.java:72)\n\tat org.eclipse.tptp.ac.testautomation.junits.ThreadStandaloneProfiling.tp_threadPowerWorkload_100(ThreadStandaloneProfiling.java:114)\n\tat sun.reflect.NativeMethodAccessorImpl.invoke0(Native Method)\n\tat sun.reflect.NativeMethodAccessorImpl.invoke(NativeMethodAccessorImpl.java:39)\n\tat sun.reflect.DelegatingMethodAccessorImpl.invoke(DelegatingMethodAccessorImpl.java:25)\n\tat java.lang.reflect.Method.invoke(Method.java:585)\n\tat junit.framework.TestCase.runTest(TestCase.java:154)\n\tat junit.framework.TestCase.runBare(TestCase.java:127)\n\tat junit.framework.TestResult$1.protect(TestResult.java:106)\n\tat junit.framework.TestResult.runProtected(TestResult.java:124)\n\tat junit.framework.TestResult.run(TestResult.java:109)\n\tat junit.framework.TestCase.run(TestCase.java:118)\n\tat junit.framework.TestSuite.runTest(TestSuite.java:208)\n\tat junit.framework.TestSuite.run(TestSuite.java:203)\n\tat junit.framework.TestSuite.runTest(TestSuite.java:208)\n\tat junit.framework.TestSuite.run(TestSuite.java:203)\n\tat junit.textui.TestRunner.doRun(TestRunner.java:116)\n\tat junit.textui.TestRunner.doRun(TestRunner.java:109)\n\tat junit.textui.TestRunner.run(TestRunner.java:72)\n\tat org.eclipse.tptp.ac.testautomation.junits.AllStandaloneProfiling.main(AllStandaloneProfiling.java:29)\n*************************************************************\n\n++++++++++++++++++++++++\nRUN: 1.4  (FAILED 2/188)\n**************************FAILED*****************************\nPowerWorkload_10\nstandalone_thread_full\n*************************************************************\nERROR:\norg.eclipse.tptp.ac.testautomation.junits.TimeoutException: Process forcibly destoyed due to timeout (60000 ms).\n\tat org.eclipse.tptp.ac.testautomation.junits.LocalProcessLauncher.launch(TIProfilingBase.java:1050)\n\tat org.eclipse.tptp.ac.testautomation.junits.TIProfilingBase.executeLocalProcess(TIProfilingBase.java:562)\n\tat org.eclipse.tptp.ac.testautomation.junits.TIProfilingBase.launchTest(TIProfilingBase.java:452)\n\tat org.eclipse.tptp.ac.testautomation.junits.TIProfilingBase.launchTest(TIProfilingBase.java:298)\n\tat org.eclipse.tptp.ac.testautomation.junits.ThreadStandaloneProfiling.launchTest(ThreadStandaloneProfiling.java:72)\n\tat org.eclipse.tptp.ac.testautomation.junits.ThreadStandaloneProfiling.tp_threadPowerWorkload_10(ThreadStandaloneProfiling.java:102)\n\tat sun.reflect.NativeMethodAccessorImpl.invoke0(Native Method)\n\tat sun.reflect.NativeMethodAccessorImpl.invoke(NativeMethodAccessorImpl.java:39)\n\tat sun.reflect.DelegatingMethodAccessorImpl.invoke(DelegatingMethodAccessorImpl.java:25)\n\tat java.lang.reflect.Method.invoke(Method.java:597)\n\tat junit.framework.TestCase.runTest(TestCase.java:154)\n\tat junit.framework.TestCase.runBare(TestCase.java:127)\n\tat junit.framework.TestResult$1.protect(TestResult.java:106)\n\tat junit.framework.TestResult.runProtected(TestResult.java:124)\n\tat junit.framework.TestResult.run(TestResult.java:109)\n\tat junit.framework.TestCase.run(TestCase.java:118)\n\tat junit.framework.TestSuite.runTest(TestSuite.java:208)\n\tat junit.framework.TestSuite.run(TestSuite.java:203)\n\tat junit.framework.TestSuite.runTest(TestSuite.java:208)\n\tat junit.framework.TestSuite.run(TestSuite.java:203)\n\tat junit.textui.TestRunner.doRun(TestRunner.java:116)\n\tat junit.textui.TestRunner.doRun(TestRunner.java:109)\n\tat junit.textui.TestRunner.run(TestRunner.java:72)\n\tat org.eclipse.tptp.ac.testautomation.junits.AllStandaloneProfiling.main(AllStandaloneProfiling.java:29)\n**************************FAILED*****************************\nPowerWorkload_100\nstandalone_thread_full\n*************************************************************\nERROR:\norg.eclipse.tptp.ac.testautomation.junits.TimeoutException: Process forcibly destoyed due to timeout (60000 ms).\n\tat org.eclipse.tptp.ac.testautomation.junits.LocalProcessLauncher.launch(TIProfilingBase.java:1050)\n\tat org.eclipse.tptp.ac.testautomation.junits.TIProfilingBase.executeLocalProcess(TIProfilingBase.java:562)\n\tat org.eclipse.tptp.ac.testautomation.junits.TIProfilingBase.launchTest(TIProfilingBase.java:452)\n\tat org.eclipse.tptp.ac.testautomation.junits.TIProfilingBase.launchTest(TIProfilingBase.java:298)\n\tat org.eclipse.tptp.ac.testautomation.junits.ThreadStandaloneProfiling.launchTest(ThreadStandaloneProfiling.java:72)\n\tat org.eclipse.tptp.ac.testautomation.junits.ThreadStandaloneProfiling.tp_threadPowerWorkload_100(ThreadStandaloneProfiling.java:114)\n\tat sun.reflect.NativeMethodAccessorImpl.invoke0(Native Method)\n\tat sun.reflect.NativeMethodAccessorImpl.invoke(NativeMethodAccessorImpl.java:39)\n\tat sun.reflect.DelegatingMethodAccessorImpl.invoke(DelegatingMethodAccessorImpl.java:25)\n\tat java.lang.reflect.Method.invoke(Method.java:597)\n\tat junit.framework.TestCase.runTest(TestCase.java:154)\n\tat junit.framework.TestCase.runBare(TestCase.java:127)\n\tat junit.framework.TestResult$1.protect(TestResult.java:106)\n\tat junit.framework.TestResult.runProtected(TestResult.java:124)\n\tat junit.framework.TestResult.run(TestResult.java:109)\n\tat junit.framework.TestCase.run(TestCase.java:118)\n\tat junit.framework.TestSuite.runTest(TestSuite.java:208)\n\tat junit.framework.TestSuite.run(TestSuite.java:203)\n\tat junit.framework.TestSuite.runTest(TestSuite.java:208)\n\tat junit.framework.TestSuite.run(TestSuite.java:203)\n\tat junit.textui.TestRunner.doRun(TestRunner.java:116)\n\tat junit.textui.TestRunner.doRun(TestRunner.java:109)\n\tat junit.textui.TestRunner.run(TestRunner.java:72)\n\tat org.eclipse.tptp.ac.testautomation.junits.AllStandaloneProfiling.main(AllStandaloneProfiling.java:29)\n*************************************************************\n\n++++++++++++++++++++++++\nRUN: 2.*  (FAILED 82/188)\n**************************FAILED*****************************\nall failures the same (see BUG: 167440)\n*************************************************************\nVERIFICATION ERROR:\norg.eclipse.tptp.ac.verification.TraceVerificationException: \nat 53: \u003cagMethodEntry threadIdRef\u003d\"1\" methodIdRef\u003d\"70459\" baseTime\u003d\"0.010000000\" minTime\u003d\"0.000000000\" maxTime\u003d\"0.010000000\" count\u003d\"100\"/\u003e\nRULE_A07: baseTime, minTime, maxTime must be greater then 0 One of the attrebutes equals to 0: baseTime, minTime, maxTime\n*************************************************************\n\n++++++++++++++++++++++++\nRUN: 3.4  (FAILED 3/188)\n**************************FAILED*****************************\nMathWorkload_100\nstandalone_thread_full\n*************************************************************\nERROR:\norg.eclipse.tptp.ac.testautomation.junits.TimeoutException: Process forcibly destoyed due to timeout (60000 ms).\n\tat org.eclipse.tptp.ac.testautomation.junits.LocalProcessLauncher.launch(TIProfilingBase.java:1050)\n\tat org.eclipse.tptp.ac.testautomation.junits.TIProfilingBase.executeLocalProcess(TIProfilingBase.java:562)\n\tat org.eclipse.tptp.ac.testautomation.junits.TIProfilingBase.launchTest(TIProfilingBase.java:452)\n\tat org.eclipse.tptp.ac.testautomation.junits.TIProfilingBase.launchTest(TIProfilingBase.java:298)\n\tat org.eclipse.tptp.ac.testautomation.junits.ThreadStandaloneProfiling.launchTest(ThreadStandaloneProfiling.java:72)\n\tat org.eclipse.tptp.ac.testautomation.junits.ThreadStandaloneProfiling.tp_threadMathWorkload_100(ThreadStandaloneProfiling.java:162)\n\tat sun.reflect.NativeMethodAccessorImpl.invoke0(Native Method)\n\tat sun.reflect.NativeMethodAccessorImpl.invoke(NativeMethodAccessorImpl.java:39)\n\tat sun.reflect.DelegatingMethodAccessorImpl.invoke(DelegatingMethodAccessorImpl.java:25)\n\tat java.lang.reflect.Method.invoke(Method.java:597)\n\tat junit.framework.TestCase.runTest(TestCase.java:154)\n\tat junit.framework.TestCase.runBare(TestCase.java:127)\n\tat junit.framework.TestResult$1.protect(TestResult.java:106)\n\tat junit.framework.TestResult.runProtected(TestResult.java:124)\n\tat junit.framework.TestResult.run(TestResult.java:109)\n\tat junit.framework.TestCase.run(TestCase.java:118)\n\tat junit.framework.TestSuite.runTest(TestSuite.java:208)\n\tat junit.framework.TestSuite.run(TestSuite.java:203)\n\tat junit.framework.TestSuite.runTest(TestSuite.java:208)\n\tat junit.framework.TestSuite.run(TestSuite.java:203)\n\tat junit.textui.TestRunner.doRun(TestRunner.java:116)\n\tat junit.textui.TestRunner.doRun(TestRunner.java:109)\n\tat junit.textui.TestRunner.run(TestRunner.java:72)\n\tat org.eclipse.tptp.ac.testautomation.junits.AllStandaloneProfiling.main(AllStandaloneProfiling.java:29)\n**************************FAILED*****************************\nSequentWorkload_5\nstandalone_thread_full\n*************************************************************\nSTDERR start\n\u003d\u003d\u003d\u003d\u003d\u003d\u003d\u003d\u003d\u003d\u003d\u003d\u003d\u003d\u003d\u003d\u003d\u003d\u003d\u003d\u003d\u003d\u003d\u003d\u003d\u003d\u003d\u003d\u003d\u003d\u003d\u003d\u003d\u003d\u003d\u003d\u003d\u003d\u003d\u003d\u003d\u003d\u003d\u003d\u003d\n\u003d\u003d\u003d\u003d\u003d BEGIN DUMP \u003d\u003d\u003d\u003d\u003d\u003d\u003d\u003d\u003d\u003d\u003d\u003d\u003d\u003d\u003d\u003d\u003d\u003d\u003d\u003d\u003d\u003d\u003d\u003d\u003d\u003d\u003d\u003d\u003d\u003d\u003d\u003d\u003d\u003d\u003d\u003d\u003d\u003d\u003d\u003d\u003d\u003d\u003d\u003d\u003d\u003d\u003d\u003d\u003d\u003d\u003d\u003d\u003d\u003d\u003d\u003d\u003d\u003d\u003d\u003d\u003d\nJRockit dump produced after 0 days, 00:00:01 on Thu Jun  7 21:13:11 2007\n\nAdditional information is available in:\n  /nfs/site/proj/iret/users/aan/testautomation/ws/org.eclipse.tptp.ac.testautomation/results_20070607_205606_pbtmrte006/org.eclipse.tptp.scenario.thread.SequentWorkload_5/standalone_thread_full/jrockit.9068.dump\nNo snapshot file (core dump) will be created because core dumps have been\ndisabled. To enable core dumping, try \"ulimit -c unlimited\"\nbefore starting JRockit again.\nIf you see this dump, please open a support case with BEA and\nsupply as much information as you can on your system setup and\nthe program you were running. You can also search for solutions\nto your problem at http://forums.bea.com in\nthe forum jrockit.developer.interest.general.\n\nError Message: Illegal memory access. [54]\nSignal info  : si_signo\u003d11, si_code\u003d2 si_addr\u003d0x5f494e4a\nVersion      : BEA JRockit(R) R27.2.0-131-78843-1.6.0-20070320-1511-linux-ia32\nGC Mode      : Garbage collection optimized for throughput\nGC Strategy  : Generational Parallel Mark \u0026 Sweep\n             : Current OC phase is: not running. YC is not running.\n             : mmHeap-\u003edata \u003d 0x40700000, mmHeap-\u003etop \u003d 0x44700000\n             : The nurserylist starts at 0x40700000 and ends at 0x42700000\n             : References are 32-bit.\nCPU          : Intel Pentium 4 (HT) SSE SSE2 NetBurst\nNumber CPUs  : 4\nTot Phys Mem : 2125373440 (2026 MB)\nOS version   : SUSE LINUX Enterprise Server 9 (i586)\nVERSION \u003d 9\nLinux version 2.6.5-7.97-smp (geeko@buildhost) (gcc version 3.3.3 (SuSE Linux)) #1 SMP Fri Jul 2 14:21:59 UTC 2004 (i686)\nThread System: NPTL\nState        : JVM is running\nCommand Line : -agentlib:JPIBootLoader\u003dJPIAgent:server\u003dstandalone,file\u003dtrace.trcxml;ThreadProf -Dsun.java.launcher\u003dSUN_STANDARD org.eclipse.tptp.scenario.thread.SequentWorkload 5\njava.home    : /nfs/site/proj/iret/java/linux/ia32/bea/jrockit-R27.2.0-jre1.6.0\nj.class.path : /nfs/pb/home/analexee/iret/users/aan/testautomation/ws/org.eclipse.tptp.ac.testautomation/bin\nj.lib.path   : /nfs/site/proj/iret/java/linux/ia32/bea/jrockit-R27.2.0-jre1.6.0/lib/i386/jrockit:/nfs/site/proj/iret/java/linux/ia32/bea/jrockit-R27.2.0-jre1.6.0/lib/i386:/nfs/site/proj/iret/java/linux/ia32/bea/jrockit-R27.2.0-jre1.6.0/../lib/i386:/nfs/pb/home/analexee/iret/users/aan/testautomation/ac/tptp/tptpdc/linux_ia32/plugins/org.eclipse.tptp.javaprofiler:/nfs/pb/home/analexee/iret/users/aan/testautomation/ws/org.eclipse.tptp.ac.testautomation/lib/linux_ia32:/nfs/site/proj/iret/java/linux/ia32/bea/jrockit-R27.2.0-jre1.6.0/lib/i386/jrockit:/nfs/site/proj/iret/java/linux/ia32/bea/jrockit-R27.2.0-jre1.6.0/lib/i386:/nfs/site/proj/iret/java/linux/ia32/bea/jrockit-R27.2.0-jre1.6.0/../lib/i386:::/nfs/pb/home/analexee/iret/users/aan/testautomation/ac/tptp/tptpdc/linux_ia32/bin:/nfs/pb/home/analexee/iret/users/aan/testautomation/ws/org.eclipse.tptp.ac.testautomation/lib/linux_em64t\nJAVA_HOME    : \u003cnot set\u003e\n_JAVA_OPTIONS: \u003cnot set\u003e\nLD_LIBRARY_PATH: /nfs/site/proj/iret/java/linux/ia32/bea/jrockit-R27.2.0-jre1.6.0/lib/i386/jrockit:/nfs/site/proj/iret/java/linux/ia32/bea/jrockit-R27.2.0-jre1.6.0/lib/i386:/nfs/site/proj/iret/java/linux/ia32/bea/jrockit-R27.2.0-jre1.6.0/../lib/i386:/nfs/pb/home/analexee/iret/users/aan/testautomation/ac/tptp/tptpdc/linux_ia32/plugins/org.eclipse.tptp.javaprofiler:/nfs/pb/home/analexee/iret/users/aan/testautomation/ws/org.eclipse.tptp.ac.testautomation/lib/linux_ia32:/nfs/site/proj/iret/java/linux/ia32/bea/jrockit-R27.2.0-jre1.6.0/lib/i386/jrockit:/nfs/site/proj/iret/java/linux/ia32/bea/jrockit-R27.2.0-jre1.6.0/lib/i386:/nfs/site/proj/iret/java/linux/ia32/bea/jrockit-R27.2.0-jre1.6.0/../lib/i386:::/nfs/pb/home/analexee/iret/users/aan/testautomation/ac/tptp/tptpdc/linux_ia32/bin:/nfs/pb/home/analexee/iret/users/aan/testautomation/ws/org.eclipse.tptp.ac.testautomation/lib/linux_em64t\nLD_ASSUME_KERNEL: \u003cnot set\u003e\nC Heap       : Good; no memory allocations have failed\nStackOverFlow: 0 StackOverFlowErrors have occured\nOutOfMemory  : 0 OutOfMemoryErrors have occured\n\nRegisters (from ThreadContext: 0x819f2654 / OS context: 0x819f2750):\n   eax \u003d 00000000    ecx \u003d ffffffff    edx \u003d 5f494e4a    ebx \u003d 819f2a80 \n   esp \u003d 819f2a40    ebp \u003d 819f2a58    esi \u003d 5f494e4a    edi \u003d 5f494e4a \n    es \u003d 0000007b     cs \u003d 00000073     ss \u003d 0000007b     ds \u003d 0000007b \n    fs \u003d 00000000     gs \u003d 00000033 \n   eip \u003d 814bfcf4 eflags \u003d 00000246 \n\nStack:\n(* marks the word pointed to by the stack pointer)\n819f2a40: 00000400* 807b3e9b  00000000  819f2a80  814cca92  814d2a64  \n819f2a58: 819f2aa8  814c0774  814d2a64  5f494e4a  00000008  00000008  \n819f2a70: 819f2a78  40039eb0  819f2b48  00000000  81a15ca8  00000009  \n819f2a88: 00000400  00000000  819f2b48  00000000  819f2ac8  81a15498  \n\nCode:\n(* marks the word pointed to by the instruction pointer)\n814bfcc4: 458b0006  f0558b10  458b1089  f4658df0  5d5f5e5b  00768dc3  \n814bfcdc: 57e58955  ec835356  0c758b0c  c031f289  ffffb9fc  d789ffff  \n814bfcf4: d1f7aef2* fe0e7c80  8005753b  30755b3e  d789f289  b9c031fc  \n814bfd0c: ffffffff  ec83aef2  51d1f70c  c0d1c3e8  084589be  830c7589  \n\nLoaded modules:\n(* denotes the module causing the exception)\n08048000-08058253  /nfs/site/proj/iret/java/linux/ia32/bea/jrockit-R27.2.0-jre1.6.0/bin/java\nffffe000-ffffe5fb  /nfs/site/proj/iret/java/linux/ia32/bea/jrockit-R27.2.0-jre1.6.0/bin/java\n40033000-4003f883  /lib/tls/libpthread.so.0\n40043000-4006382a  /lib/tls/libm.so.6\n40065000-40066ec0  /lib/libdl.so.2\n40069000-40171fef  /lib/tls/libc.so.6\n40000000-40015803  /lib/ld-linux.so.2\n4017d000-4041c207  /nfs/site/proj/iret/java/linux/ia32/bea/jrockit-R27.2.0-jre1.6.0/lib/i386/jrockit/libjvm.so\n406b3000-406b92db  /lib/tls/librt.so.1\n80772000-80778ae1  /nfs/pb/home/analexee/iret/users/aan/testautomation/ac/tptp/tptpdc/linux_ia32/plugins/org.eclipse.tptp.javaprofiler/libJPIBootLoader.so\n8077b000-80783a57  /nfs/pb/home/analexee/iret/users/aan/testautomation/ac/tptp/tptpdc/linux_ia32/plugins/org.eclipse.tptp.javaprofiler/libMartiniOSA.so\n80786000-807b87d5  /nfs/pb/home/analexee/iret/users/aan/testautomation/ac/tptp/tptpdc/linux_ia32/plugins/org.eclipse.tptp.javaprofiler/libJPI.so\n814b5000-814cd157 */nfs/pb/home/analexee/iret/users/aan/testautomation/ac/tptp/tptpdc/linux_ia32/plugins/org.eclipse.tptp.javaprofiler/libJPIAgent.so\n814ee000-814efd1b  /lib/libuuid.so.1\n814f1000-81509275  /nfs/pb/home/analexee/iret/users/aan/testautomation/ac/tptp/tptpdc/linux_ia32/plugins/org.eclipse.tptp.javaprofiler/libThreadProf.so\n8150f000-8151995b  /nfs/site/proj/iret/java/linux/ia32/bea/jrockit-R27.2.0-jre1.6.0/lib/i386/libverify.so\n8151b000-8153dd77  /nfs/site/proj/iret/java/linux/ia32/bea/jrockit-R27.2.0-jre1.6.0/lib/i386/libjava.so\n8155b000-8156c281  /lib/libnsl.so.1\n815b0000-815b5ef0  /nfs/site/proj/iret/java/linux/ia32/bea/jrockit-R27.2.0-jre1.6.0/lib/i386/native_threads/libhpi.so\n818cc000-818da344  /nfs/site/proj/iret/java/linux/ia32/bea/jrockit-R27.2.0-jre1.6.0/lib/i386/libzip.so\n\n\n\"level_5_002\" id\u003d11 idx\u003d0x3c tid\u003d9103 lastJavaFrame\u003d0x819f2d9c\n\nStack 0: start\u003d0x819d1000, end\u003d0x819f5000, guards\u003d0x819d6000 (ok), forbidden\u003d0x819d4000\nThread Stack Trace:\n    at ConvertClassName__Q37Martini8JPIAgent9CPrintXMLPCc+24(atexit.c)@0x814bfcf4\n    at printNewClassElement__Q37Martini8JPIAgent9CPrintXMLUxPQ37Martini3MPI10SClassInfo+64(atexit.c)@0x814c0774\n    at PrintClassDefElement__FPQ37Martini8JPIAgent6EC_EnvUxPQ37Martini3MPI10SClassInfo+27(atexit.c)@0x814bbed7\n    at CheckClassId__Q37Martini8BaseProf8CProfEnvUx+186(atexit.c)@0x814f80ba\n    at CheckObjectId__Q37Martini8BaseProf8CProfEnvUxUx+230(atexit.c)@0x814f81ba\n    at HandleEvent__Q37Martini10ThreadProf27CContendedMonitorEnterEventRQ37Martini3MPI31SContendedMonitorEnterEventData+78(atexit.c)@0x814fd4de\n    at Notify__Q37Martini3JPI37CContendedMonitorEnterEventDispatcherPQ37Martini3JPI7SEmDataPQ37Martini3MPI14IEventObserverUi+133(atexit.c)@0x8079a2c9\n    at NotifyObservers__Q37Martini3JPI16CEventDispatcherPQ37Martini3JPI7SEmData+81(atexit.c)@0x80799c01\n    at NotifyMpiEvent__Q37Martini3JPI13CEventManagerUiPQ37Martini3JPI7SEmData+46(atexit.c)@0x8079e6f2\n    at MonitorContendedEnterHandler+114(atexit.c)@0x807a719a\n    at jvmtiMonitorEnterEvent+249()@0x4029b939\n    -- Java stack --\n    at jrockit/vm/Locks.profMonitorContendedEnter(Ljava/lang/Object;)V(Native Method)\n    at jrockit/vm/Locks.monitorEnterSecondStage(Ljava/lang/Object;I)Ljava/lang/Object;(Unknown Source)\n    at jrockit/vm/Locks.monitorEnter(Ljava/lang/Object;)Ljava/lang/Object;(Unknown Source)\n    at java/lang/Thread.nextThreadID(Thread.java:192)\n    at java/lang/Thread.init(Thread.java:364)\n    at java/lang/Thread.\u003cinit\u003e(Thread.java:445)\n    at org/eclipse/tptp/scenario/thread/WorkloadLauncher.launch(WorkloadLauncher.java:27)\n    at org/eclipse/tptp/scenario/thread/SequentWorkload.run(SequentWorkload.java:54)\n    at java/lang/Thread.run(Thread.java:619)\n    at jrockit/vm/RNI.c2java(IIII)V(Native Method)\n    -- end of trace\n\nAdditional information is available in:\n  /nfs/site/proj/iret/users/aan/testautomation/ws/org.eclipse.tptp.ac.testautomation/results_20070607_205606_pbtmrte006/org.eclipse.tptp.scenario.thread.SequentWorkload_5/standalone_thread_full/jrockit.9068.dump\nNo snapshot file (core dump) will be created because core dumps have been\ndisabled. To enable core dumping, try \"ulimit -c unlimited\"\nbefore starting JRockit again.\nIf you see this dump, please open a support case with BEA and\nsupply as much information as you can on your system setup and\nthe program you were running. You can also search for solutions\nto your problem at http://forums.bea.com in\nthe forum jrockit.developer.interest.general.\nExtended, platform specific info:\nlibc release: 2.3.3-stable\nElf headers:\nlibc       ehdrs: EI: 7f454c46010101000000000000000000 ET: 3 EM: 3 V: 1 ENTRY: 00015340 PHOFF: 00000034 SHOFF: 00119834 EF: 0x0 HS: 52 PS: 32 PHN; 10 SS: 40 SHN: 65 STIDX: 62\nlibpthread ehdrs: EI: 7f454c46010101000000000000000000 ET: 3 EM: 3 V: 1 ENTRY: 000049f0 PHOFF: 00000034 SHOFF: 0000f1cc EF: 0x0 HS: 52 PS: 32 PHN; 9 SS: 40 SHN: 34 STIDX: 31\nlibjvm     ehdrs: EI: 7f454c46010101000000000000000000 ET: 3 EM: 3 V: 1 ENTRY: 00057470 PHOFF: 00000034 SHOFF: 002dfe00 EF: 0x0 HS: 52 PS: 32 PHN; 4 SS: 40 SHN: 19 STIDX: 16\n\u003d\u003d\u003d\u003d\u003d END DUMP \u003d\u003d\u003d\u003d\u003d\u003d\u003d\u003d\u003d\u003d\u003d\u003d\u003d\u003d\u003d\u003d\u003d\u003d\u003d\u003d\u003d\u003d\u003d\u003d\u003d\u003d\u003d\u003d\u003d\u003d\u003d\u003d\u003d\u003d\u003d\u003d\u003d\u003d\u003d\u003d\u003d\u003d\u003d\u003d\u003d\u003d\u003d\u003d\u003d\u003d\u003d\u003d\u003d\u003d\u003d\u003d\u003d\u003d\u003d\u003d\u003d\u003d\u003d\n\n\n\n\u003d\u003d\u003d\u003d\u003d\u003d\u003d\u003d\u003d\u003d\u003d\u003d\u003d\u003d\u003d\u003d\u003d\u003d\u003d\u003d\u003d\u003d\u003d\u003d\u003d\u003d\u003d\u003d\u003d\u003d\u003d\u003d\u003d\u003d\u003d\u003d\u003d\u003d\u003d\u003d\u003d\u003d\u003d\u003d\u003d\nSTDERR finish\n\n\nERROR:\njava.io.IOException: Process terminated abnormally (exit code \u003d 134).\n\tat org.eclipse.tptp.ac.testautomation.junits.LocalProcessLauncher.launch(TIProfilingBase.java:1062)\n\tat org.eclipse.tptp.ac.testautomation.junits.TIProfilingBase.executeLocalProcess(TIProfilingBase.java:562)\n\tat org.eclipse.tptp.ac.testautomation.junits.TIProfilingBase.launchTest(TIProfilingBase.java:452)\n\tat org.eclipse.tptp.ac.testautomation.junits.TIProfilingBase.launchTest(TIProfilingBase.java:298)\n\tat org.eclipse.tptp.ac.testautomation.junits.ThreadStandaloneProfiling.launchTest(ThreadStandaloneProfiling.java:72)\n\tat org.eclipse.tptp.ac.testautomation.junits.ThreadStandaloneProfiling.tp_threadSequentWorkload_5(ThreadStandaloneProfiling.java:174)\n\tat sun.reflect.NativeMethodAccessorImpl.invoke0(Native Method)\n\tat sun.reflect.NativeMethodAccessorImpl.invoke(NativeMethodAccessorImpl.java:39)\n\tat sun.reflect.DelegatingMethodAccessorImpl.invoke(DelegatingMethodAccessorImpl.java:25)\n\tat java.lang.reflect.Method.invoke(Method.java:597)\n\tat junit.framework.TestCase.runTest(TestCase.java:154)\n\tat junit.framework.TestCase.runBare(TestCase.java:127)\n\tat junit.framework.TestResult$1.protect(TestResult.java:106)\n\tat junit.framework.TestResult.runProtected(TestResult.java:124)\n\tat junit.framework.TestResult.run(TestResult.java:109)\n\tat junit.framework.TestCase.run(TestCase.java:118)\n\tat junit.framework.TestSuite.runTest(TestSuite.java:208)\n\tat junit.framework.TestSuite.run(TestSuite.java:203)\n\tat junit.framework.TestSuite.runTest(TestSuite.java:208)\n\tat junit.framework.TestSuite.run(TestSuite.java:203)\n\tat junit.textui.TestRunner.doRun(TestRunner.java:116)\n\tat junit.textui.TestRunner.doRun(TestRunner.java:109)\n\tat junit.textui.TestRunner.run(TestRunner.java:72)\n\tat org.eclipse.tptp.ac.testautomation.junits.AllStandaloneProfiling.main(AllStandaloneProfiling.java:29)\n**************************FAILED*****************************\nSequentWorkload_5\nstandalone_thread_filter\n*************************************************************\nSTDERR start\n\u003d\u003d\u003d\u003d\u003d\u003d\u003d\u003d\u003d\u003d\u003d\u003d\u003d\u003d\u003d\u003d\u003d\u003d\u003d\u003d\u003d\u003d\u003d\u003d\u003d\u003d\u003d\u003d\u003d\u003d\u003d\u003d\u003d\u003d\u003d\u003d\u003d\u003d\u003d\u003d\u003d\u003d\u003d\u003d\u003d\n\u003d\u003d\u003d\u003d\u003d BEGIN DUMP \u003d\u003d\u003d\u003d\u003d\u003d\u003d\u003d\u003d\u003d\u003d\u003d\u003d\u003d\u003d\u003d\u003d\u003d\u003d\u003d\u003d\u003d\u003d\u003d\u003d\u003d\u003d\u003d\u003d\u003d\u003d\u003d\u003d\u003d\u003d\u003d\u003d\u003d\u003d\u003d\u003d\u003d\u003d\u003d\u003d\u003d\u003d\u003d\u003d\u003d\u003d\u003d\u003d\u003d\u003d\u003d\u003d\u003d\u003d\u003d\u003d\nJRockit dump produced after 0 days, 00:00:01 on Thu Jun  7 21:13:12 2007\n\nAdditional information is available in:\n  /nfs/site/proj/iret/users/aan/testautomation/ws/org.eclipse.tptp.ac.testautomation/results_20070607_205606_pbtmrte006/org.eclipse.tptp.scenario.thread.SequentWorkload_5/standalone_thread_filter/jrockit.9115.dump\nNo snapshot file (core dump) will be created because core dumps have been\ndisabled. To enable core dumping, try \"ulimit -c unlimited\"\nbefore starting JRockit again.\nIf you see this dump, please open a support case with BEA and\nsupply as much information as you can on your system setup and\nthe program you were running. You can also search for solutions\nto your problem at http://forums.bea.com in\nthe forum jrockit.developer.interest.general.\n\nError Message: Illegal memory access. [54]\nSignal info  : si_signo\u003d11, si_code\u003d2 si_addr\u003d(nil)\nVersion      : BEA JRockit(R) R27.2.0-131-78843-1.6.0-20070320-1511-linux-ia32\nGC Mode      : Garbage collection optimized for throughput\nGC Strategy  : Generational Parallel Mark \u0026 Sweep\n             : Current OC phase is: not running. YC is not running.\n             : mmHeap-\u003edata \u003d 0x40700000, mmHeap-\u003etop \u003d 0x44700000\n             : The nurserylist starts at 0x40700000 and ends at 0x42700000\n             : References are 32-bit.\nCPU          : Intel Pentium 4 (HT) SSE SSE2 NetBurst\nNumber CPUs  : 4\nTot Phys Mem : 2125373440 (2026 MB)\nOS version   : SUSE LINUX Enterprise Server 9 (i586)\nVERSION \u003d 9\nLinux version 2.6.5-7.97-smp (geeko@buildhost) (gcc version 3.3.3 (SuSE Linux)) #1 SMP Fri Jul 2 14:21:59 UTC 2004 (i686)\nThread System: NPTL\nState        : JVM is running\nCommand Line : -agentlib:JPIBootLoader\u003dJPIAgent:server\u003dstandalone,file\u003dtrace.trcxml,filters\u003dfilters.txt;ThreadProf -Dsun.java.launcher\u003dSUN_STANDARD org.eclipse.tptp.scenario.thread.SequentWorkload 5\njava.home    : /nfs/site/proj/iret/java/linux/ia32/bea/jrockit-R27.2.0-jre1.6.0\nj.class.path : /nfs/pb/home/analexee/iret/users/aan/testautomation/ws/org.eclipse.tptp.ac.testautomation/bin\nj.lib.path   : /nfs/site/proj/iret/java/linux/ia32/bea/jrockit-R27.2.0-jre1.6.0/lib/i386/jrockit:/nfs/site/proj/iret/java/linux/ia32/bea/jrockit-R27.2.0-jre1.6.0/lib/i386:/nfs/site/proj/iret/java/linux/ia32/bea/jrockit-R27.2.0-jre1.6.0/../lib/i386:/nfs/pb/home/analexee/iret/users/aan/testautomation/ac/tptp/tptpdc/linux_ia32/plugins/org.eclipse.tptp.javaprofiler:/nfs/pb/home/analexee/iret/users/aan/testautomation/ws/org.eclipse.tptp.ac.testautomation/lib/linux_ia32:/nfs/site/proj/iret/java/linux/ia32/bea/jrockit-R27.2.0-jre1.6.0/lib/i386/jrockit:/nfs/site/proj/iret/java/linux/ia32/bea/jrockit-R27.2.0-jre1.6.0/lib/i386:/nfs/site/proj/iret/java/linux/ia32/bea/jrockit-R27.2.0-jre1.6.0/../lib/i386:::/nfs/pb/home/analexee/iret/users/aan/testautomation/ac/tptp/tptpdc/linux_ia32/bin:/nfs/pb/home/analexee/iret/users/aan/testautomation/ws/org.eclipse.tptp.ac.testautomation/lib/linux_em64t\nJAVA_HOME    : \u003cnot set\u003e\n_JAVA_OPTIONS: \u003cnot set\u003e\nLD_LIBRARY_PATH: /nfs/site/proj/iret/java/linux/ia32/bea/jrockit-R27.2.0-jre1.6.0/lib/i386/jrockit:/nfs/site/proj/iret/java/linux/ia32/bea/jrockit-R27.2.0-jre1.6.0/lib/i386:/nfs/site/proj/iret/java/linux/ia32/bea/jrockit-R27.2.0-jre1.6.0/../lib/i386:/nfs/pb/home/analexee/iret/users/aan/testautomation/ac/tptp/tptpdc/linux_ia32/plugins/org.eclipse.tptp.javaprofiler:/nfs/pb/home/analexee/iret/users/aan/testautomation/ws/org.eclipse.tptp.ac.testautomation/lib/linux_ia32:/nfs/site/proj/iret/java/linux/ia32/bea/jrockit-R27.2.0-jre1.6.0/lib/i386/jrockit:/nfs/site/proj/iret/java/linux/ia32/bea/jrockit-R27.2.0-jre1.6.0/lib/i386:/nfs/site/proj/iret/java/linux/ia32/bea/jrockit-R27.2.0-jre1.6.0/../lib/i386:::/nfs/pb/home/analexee/iret/users/aan/testautomation/ac/tptp/tptpdc/linux_ia32/bin:/nfs/pb/home/analexee/iret/users/aan/testautomation/ws/org.eclipse.tptp.ac.testautomation/lib/linux_em64t\nLD_ASSUME_KERNEL: \u003cnot set\u003e\nC Heap       : Good; no memory allocations have failed\nStackOverFlow: 0 StackOverFlowErrors have occured\nOutOfMemory  : 0 OutOfMemoryErrors have occured\n\nRegisters (from ThreadContext: 0x81b45654 / OS context: 0x81b45750):\n   eax \u003d 00000000    ecx \u003d ffffffff    edx \u003d 00000000    ebx \u003d 81b45a80 \n   esp \u003d 81b45a40    ebp \u003d 81b45a58    esi \u003d 00000000    edi \u003d 00000000 \n    es \u003d 0000007b     cs \u003d 00000073     ss \u003d 0000007b     ds \u003d 0000007b \n    fs \u003d 00000000     gs \u003d 00000033 \n   eip \u003d 814bfcf4 eflags \u003d 00000246 \n\nStack:\n(* marks the word pointed to by the stack pointer)\n81b45a40: 00000400* 807b3e9b  00000000  81b45a80  814cca92  814d2a64  \n81b45a58: 81b45aa8  814c0774  814d2a64  00000000  00000008  00000008  \n81b45a70: 81b45a78  40039eb0  81b45b48  00000000  81c01928  00000009  \n81b45a88: 00000400  00000000  81b45b48  00000000  81b45ac8  81c01910  \n\nCode:\n(* marks the word pointed to by the instruction pointer)\n814bfcc4: 458b0006  f0558b10  458b1089  f4658df0  5d5f5e5b  00768dc3  \n814bfcdc: 57e58955  ec835356  0c758b0c  c031f289  ffffb9fc  d789ffff  \n814bfcf4: d1f7aef2* fe0e7c80  8005753b  30755b3e  d789f289  b9c031fc  \n814bfd0c: ffffffff  ec83aef2  51d1f70c  c0d1c3e8  084589be  830c7589  \n\nLoaded modules:\n(* denotes the module causing the exception)\n08048000-08058253  /nfs/site/proj/iret/java/linux/ia32/bea/jrockit-R27.2.0-jre1.6.0/bin/java\nffffe000-ffffe5fb  /nfs/site/proj/iret/java/linux/ia32/bea/jrockit-R27.2.0-jre1.6.0/bin/java\n40033000-4003f883  /lib/tls/libpthread.so.0\n40043000-4006382a  /lib/tls/libm.so.6\n40065000-40066ec0  /lib/libdl.so.2\n40069000-40171fef  /lib/tls/libc.so.6\n40000000-40015803  /lib/ld-linux.so.2\n4017d000-4041c207  /nfs/site/proj/iret/java/linux/ia32/bea/jrockit-R27.2.0-jre1.6.0/lib/i386/jrockit/libjvm.so\n406b3000-406b92db  /lib/tls/librt.so.1\n80772000-80778ae1  /nfs/pb/home/analexee/iret/users/aan/testautomation/ac/tptp/tptpdc/linux_ia32/plugins/org.eclipse.tptp.javaprofiler/libJPIBootLoader.so\n8077b000-80783a57  /nfs/pb/home/analexee/iret/users/aan/testautomation/ac/tptp/tptpdc/linux_ia32/plugins/org.eclipse.tptp.javaprofiler/libMartiniOSA.so\n80786000-807b87d5  /nfs/pb/home/analexee/iret/users/aan/testautomation/ac/tptp/tptpdc/linux_ia32/plugins/org.eclipse.tptp.javaprofiler/libJPI.so\n814b5000-814cd157 */nfs/pb/home/analexee/iret/users/aan/testautomation/ac/tptp/tptpdc/linux_ia32/plugins/org.eclipse.tptp.javaprofiler/libJPIAgent.so\n814ee000-814efd1b  /lib/libuuid.so.1\n814f1000-81509275  /nfs/pb/home/analexee/iret/users/aan/testautomation/ac/tptp/tptpdc/linux_ia32/plugins/org.eclipse.tptp.javaprofiler/libThreadProf.so\n8150f000-8151995b  /nfs/site/proj/iret/java/linux/ia32/bea/jrockit-R27.2.0-jre1.6.0/lib/i386/libverify.so\n8151b000-8153dd77  /nfs/site/proj/iret/java/linux/ia32/bea/jrockit-R27.2.0-jre1.6.0/lib/i386/libjava.so\n8155b000-8156c281  /lib/libnsl.so.1\n815b0000-815b5ef0  /nfs/site/proj/iret/java/linux/ia32/bea/jrockit-R27.2.0-jre1.6.0/lib/i386/native_threads/libhpi.so\n818fc000-8190a344  /nfs/site/proj/iret/java/linux/ia32/bea/jrockit-R27.2.0-jre1.6.0/lib/i386/libzip.so\n\n\n\"level_5_002\" id\u003d11 idx\u003d0x3c tid\u003d9150 lastJavaFrame\u003d0x81b45d9c\n\nStack 0: start\u003d0x81b24000, end\u003d0x81b48000, guards\u003d0x81b29000 (ok), forbidden\u003d0x81b27000\nThread Stack Trace:\n    at ConvertClassName__Q37Martini8JPIAgent9CPrintXMLPCc+24(atexit.c)@0x814bfcf4\n    at printNewClassElement__Q37Martini8JPIAgent9CPrintXMLUxPQ37Martini3MPI10SClassInfo+64(atexit.c)@0x814c0774\n    at PrintClassDefElement__FPQ37Martini8JPIAgent6EC_EnvUxPQ37Martini3MPI10SClassInfo+27(atexit.c)@0x814bbed7\n    at CheckClassId__Q37Martini8BaseProf8CProfEnvUx+186(atexit.c)@0x814f80ba\n    at CheckObjectId__Q37Martini8BaseProf8CProfEnvUxUx+230(atexit.c)@0x814f81ba\n    at HandleEvent__Q37Martini10ThreadProf27CContendedMonitorEnterEventRQ37Martini3MPI31SContendedMonitorEnterEventData+78(atexit.c)@0x814fd4de\n    at Notify__Q37Martini3JPI37CContendedMonitorEnterEventDispatcherPQ37Martini3JPI7SEmDataPQ37Martini3MPI14IEventObserverUi+133(atexit.c)@0x8079a2c9\n    at NotifyObservers__Q37Martini3JPI16CEventDispatcherPQ37Martini3JPI7SEmData+81(atexit.c)@0x80799c01\n    at NotifyMpiEvent__Q37Martini3JPI13CEventManagerUiPQ37Martini3JPI7SEmData+46(atexit.c)@0x8079e6f2\n    at MonitorContendedEnterHandler+114(atexit.c)@0x807a719a\n    at jvmtiMonitorEnterEvent+249()@0x4029b939\n    -- Java stack --\n    at jrockit/vm/Locks.profMonitorContendedEnter(Ljava/lang/Object;)V(Native Method)\n    at jrockit/vm/Locks.monitorEnterSecondStage(Ljava/lang/Object;I)Ljava/lang/Object;(Unknown Source)\n    at jrockit/vm/Locks.monitorEnter(Ljava/lang/Object;)Ljava/lang/Object;(Unknown Source)\n    at java/lang/Thread.nextThreadID(Thread.java:192)\n    at java/lang/Thread.init(Thread.java:364)\n    at java/lang/Thread.\u003cinit\u003e(Thread.java:445)\n    at org/eclipse/tptp/scenario/thread/WorkloadLauncher.launch(WorkloadLauncher.java:27)\n    at org/eclipse/tptp/scenario/thread/SequentWorkload.run(SequentWorkload.java:54)\n    at java/lang/Thread.run(Thread.java:619)\n    at jrockit/vm/RNI.c2java(IIII)V(Native Method)\n    -- end of trace\n\nAdditional information is available in:\n  /nfs/site/proj/iret/users/aan/testautomation/ws/org.eclipse.tptp.ac.testautomation/results_20070607_205606_pbtmrte006/org.eclipse.tptp.scenario.thread.SequentWorkload_5/standalone_thread_filter/jrockit.9115.dump\nNo snapshot file (core dump) will be created because core dumps have been\ndisabled. To enable core dumping, try \"ulimit -c unlimited\"\nbefore starting JRockit again.\nIf you see this dump, please open a support case with BEA and\nsupply as much information as you can on your system setup and\nthe program you were running. You can also search for solutions\nto your problem at http://forums.bea.com in\nthe forum jrockit.developer.interest.general.\nExtended, platform specific info:\nlibc release: 2.3.3-stable\nElf headers:\nlibc       ehdrs: EI: 7f454c46010101000000000000000000 ET: 3 EM: 3 V: 1 ENTRY: 00015340 PHOFF: 00000034 SHOFF: 00119834 EF: 0x0 HS: 52 PS: 32 PHN; 10 SS: 40 SHN: 65 STIDX: 62\nlibpthread ehdrs: EI: 7f454c46010101000000000000000000 ET: 3 EM: 3 V: 1 ENTRY: 000049f0 PHOFF: 00000034 SHOFF: 0000f1cc EF: 0x0 HS: 52 PS: 32 PHN; 9 SS: 40 SHN: 34 STIDX: 31\nlibjvm     ehdrs: EI: 7f454c46010101000000000000000000 ET: 3 EM: 3 V: 1 ENTRY: 00057470 PHOFF: 00000034 SHOFF: 002dfe00 EF: 0x0 HS: 52 PS: 32 PHN; 4 SS: 40 SHN: 19 STIDX: 16\n\u003d\u003d\u003d\u003d\u003d END DUMP \u003d\u003d\u003d\u003d\u003d\u003d\u003d\u003d\u003d\u003d\u003d\u003d\u003d\u003d\u003d\u003d\u003d\u003d\u003d\u003d\u003d\u003d\u003d\u003d\u003d\u003d\u003d\u003d\u003d\u003d\u003d\u003d\u003d\u003d\u003d\u003d\u003d\u003d\u003d\u003d\u003d\u003d\u003d\u003d\u003d\u003d\u003d\u003d\u003d\u003d\u003d\u003d\u003d\u003d\u003d\u003d\u003d\u003d\u003d\u003d\u003d\u003d\u003d\n\n\n\n\u003d\u003d\u003d\u003d\u003d\u003d\u003d\u003d\u003d\u003d\u003d\u003d\u003d\u003d\u003d\u003d\u003d\u003d\u003d\u003d\u003d\u003d\u003d\u003d\u003d\u003d\u003d\u003d\u003d\u003d\u003d\u003d\u003d\u003d\u003d\u003d\u003d\u003d\u003d\u003d\u003d\u003d\u003d\u003d\u003d\nSTDERR finish\n\n\nERROR:\njava.io.IOException: Process terminated abnormally (exit code \u003d 134).\n\tat org.eclipse.tptp.ac.testautomation.junits.LocalProcessLauncher.launch(TIProfilingBase.java:1062)\n\tat org.eclipse.tptp.ac.testautomation.junits.TIProfilingBase.executeLocalProcess(TIProfilingBase.java:562)\n\tat org.eclipse.tptp.ac.testautomation.junits.TIProfilingBase.launchTest(TIProfilingBase.java:452)\n\tat org.eclipse.tptp.ac.testautomation.junits.TIProfilingBase.launchTest(TIProfilingBase.java:298)\n\tat org.eclipse.tptp.ac.testautomation.junits.ThreadStandaloneProfiling.launchTest(ThreadStandaloneProfiling.java:72)\n\tat org.eclipse.tptp.ac.testautomation.junits.ThreadStandaloneProfiling.tp_threadSequentWorkload_5_F(ThreadStandaloneProfiling.java:180)\n\tat sun.reflect.NativeMethodAccessorImpl.invoke0(Native Method)\n\tat sun.reflect.NativeMethodAccessorImpl.invoke(NativeMethodAccessorImpl.java:39)\n\tat sun.reflect.DelegatingMethodAccessorImpl.invoke(DelegatingMethodAccessorImpl.java:25)\n\tat java.lang.reflect.Method.invoke(Method.java:597)\n\tat junit.framework.TestCase.runTest(TestCase.java:154)\n\tat junit.framework.TestCase.runBare(TestCase.java:127)\n\tat junit.framework.TestResult$1.protect(TestResult.java:106)\n\tat junit.framework.TestResult.runProtected(TestResult.java:124)\n\tat junit.framework.TestResult.run(TestResult.java:109)\n\tat junit.framework.TestCase.run(TestCase.java:118)\n\tat junit.framework.TestSuite.runTest(TestSuite.java:208)\n\tat junit.framework.TestSuite.run(TestSuite.java:203)\n\tat junit.framework.TestSuite.runTest(TestSuite.java:208)\n\tat junit.framework.TestSuite.run(TestSuite.java:203)\n\tat junit.textui.TestRunner.doRun(TestRunner.java:116)\n\tat junit.textui.TestRunner.doRun(TestRunner.java:109)\n\tat junit.textui.TestRunner.run(TestRunner.java:72)\n\tat org.eclipse.tptp.ac.testautomation.junits.AllStandaloneProfiling.main(AllStandaloneProfiling.java:29)\n*************************************************************",
    "The crash in function ConvertClassName may happen if Martini does not populate field szJavaClassName in SClassInfo structure while GetClassInfo function is invoked.",
    "All described failures are addressed in other bug reports: 167440, 192843, 192847, 192862.\nThis bug report should be closed.\n\n*** This bug has been marked as a duplicate of bug 192843 ***"
  ],
  "commentCreationDates": [
    "2007-06-08T10:13:12+02:00",
    "2007-06-14T15:19:35+02:00",
    "2007-06-15T15:14:30+02:00"
  ],
  "traces": [
    {
      "exceptionType": "org.eclipse.tptp.ac.testautomation.junits.TimeoutException",
      "message": "Process forcibly destoyed due to timeout (60000 ms).",
      "elements": [
        {
          "method": "org.eclipse.tptp.ac.testautomation.junits.LocalProcessLauncher.launch",
          "source": "TIProfilingBase.java:1050"
        },
        {
          "method": "org.eclipse.tptp.ac.testautomation.junits.TIProfilingBase.executeLocalProcess",
          "source": "TIProfilingBase.java:562"
        },
        {
          "method": "org.eclipse.tptp.ac.testautomation.junits.TIProfilingBase.launchTest",
          "source": "TIProfilingBase.java:452"
        },
        {
          "method": "org.eclipse.tptp.ac.testautomation.junits.TIProfilingBase.launchTest",
          "source": "TIProfilingBase.java:298"
        },
        {
          "method": "org.eclipse.tptp.ac.testautomation.junits.ThreadStandaloneProfiling.launchTest",
          "source": "ThreadStandaloneProfiling.java:72"
        },
        {
          "method": "org.eclipse.tptp.ac.testautomation.junits.ThreadStandaloneProfiling.tp_threadPowerWorkload_100",
          "source": "ThreadStandaloneProfiling.java:114"
        },
        {
          "method": "sun.reflect.NativeMethodAccessorImpl.invoke0",
          "source": "Native Method"
        },
        {
          "method": "sun.reflect.NativeMethodAccessorImpl.invoke",
          "source": "NativeMethodAccessorImpl.java:39"
        },
        {
          "method": "sun.reflect.DelegatingMethodAccessorImpl.invoke",
          "source": "DelegatingMethodAccessorImpl.java:25"
        },
        {
          "method": "java.lang.reflect.Method.invoke",
          "source": "Method.java:585"
        },
        {
          "method": "junit.framework.TestCase.runTest",
          "source": "TestCase.java:154"
        },
        {
          "method": "junit.framework.TestCase.runBare",
          "source": "TestCase.java:127"
        },
        {
          "method": "junit.framework.TestResult$1.protect",
          "source": "TestResult.java:106"
        },
        {
          "method": "junit.framework.TestResult.runProtected",
          "source": "TestResult.java:124"
        },
        {
          "method": "junit.framework.TestResult.run",
          "source": "TestResult.java:109"
        },
        {
          "method": "junit.framework.TestCase.run",
          "source": "TestCase.java:118"
        },
        {
          "method": "junit.framework.TestSuite.runTest",
          "source": "TestSuite.java:208"
        },
        {
          "method": "junit.framework.TestSuite.run",
          "source": "TestSuite.java:203"
        },
        {
          "method": "junit.framework.TestSuite.runTest",
          "source": "TestSuite.java:208"
        },
        {
          "method": "junit.framework.TestSuite.run",
          "source": "TestSuite.java:203"
        },
        {
          "method": "junit.textui.TestRunner.doRun",
          "source": "TestRunner.java:116"
        },
        {
          "method": "junit.textui.TestRunner.doRun",
          "source": "TestRunner.java:109"
        },
        {
          "method": "junit.textui.TestRunner.run",
          "source": "TestRunner.java:72"
        },
        {
          "method": "org.eclipse.tptp.ac.testautomation.junits.AllStandaloneProfiling.main",
          "source": "AllStandaloneProfiling.java:29"
        }
      ],
      "number": 0,
      "commentIndex": 0,
      "bugId": "191648",
      "duplicateId": "192843",
      "date": "2007-06-08T10:13:12+02:00",
      "product": "TPTP Profiling",
      "component": "Platform.Agents.JVMTI",
      "severity": "normal"
    },
    {
      "exceptionType": "org.eclipse.tptp.ac.testautomation.junits.TimeoutException",
      "message": "Process forcibly destoyed due to timeout (60000 ms).",
      "elements": [
        {
          "method": "org.eclipse.tptp.ac.testautomation.junits.LocalProcessLauncher.launch",
          "source": "TIProfilingBase.java:1050"
        },
        {
          "method": "org.eclipse.tptp.ac.testautomation.junits.TIProfilingBase.executeLocalProcess",
          "source": "TIProfilingBase.java:562"
        },
        {
          "method": "org.eclipse.tptp.ac.testautomation.junits.TIProfilingBase.launchTest",
          "source": "TIProfilingBase.java:452"
        },
        {
          "method": "org.eclipse.tptp.ac.testautomation.junits.TIProfilingBase.launchTest",
          "source": "TIProfilingBase.java:298"
        },
        {
          "method": "org.eclipse.tptp.ac.testautomation.junits.ThreadStandaloneProfiling.launchTest",
          "source": "ThreadStandaloneProfiling.java:72"
        },
        {
          "method": "org.eclipse.tptp.ac.testautomation.junits.ThreadStandaloneProfiling.tp_threadPowerWorkload_10",
          "source": "ThreadStandaloneProfiling.java:102"
        },
        {
          "method": "sun.reflect.NativeMethodAccessorImpl.invoke0",
          "source": "Native Method"
        },
        {
          "method": "sun.reflect.NativeMethodAccessorImpl.invoke",
          "source": "NativeMethodAccessorImpl.java:39"
        },
        {
          "method": "sun.reflect.DelegatingMethodAccessorImpl.invoke",
          "source": "DelegatingMethodAccessorImpl.java:25"
        },
        {
          "method": "java.lang.reflect.Method.invoke",
          "source": "Method.java:597"
        },
        {
          "method": "junit.framework.TestCase.runTest",
          "source": "TestCase.java:154"
        },
        {
          "method": "junit.framework.TestCase.runBare",
          "source": "TestCase.java:127"
        },
        {
          "method": "junit.framework.TestResult$1.protect",
          "source": "TestResult.java:106"
        },
        {
          "method": "junit.framework.TestResult.runProtected",
          "source": "TestResult.java:124"
        },
        {
          "method": "junit.framework.TestResult.run",
          "source": "TestResult.java:109"
        },
        {
          "method": "junit.framework.TestCase.run",
          "source": "TestCase.java:118"
        },
        {
          "method": "junit.framework.TestSuite.runTest",
          "source": "TestSuite.java:208"
        },
        {
          "method": "junit.framework.TestSuite.run",
          "source": "TestSuite.java:203"
        },
        {
          "method": "junit.framework.TestSuite.runTest",
          "source": "TestSuite.java:208"
        },
        {
          "method": "junit.framework.TestSuite.run",
          "source": "TestSuite.java:203"
        },
        {
          "method": "junit.textui.TestRunner.doRun",
          "source": "TestRunner.java:116"
        },
        {
          "method": "junit.textui.TestRunner.doRun",
          "source": "TestRunner.java:109"
        },
        {
          "method": "junit.textui.TestRunner.run",
          "source": "TestRunner.java:72"
        },
        {
          "method": "org.eclipse.tptp.ac.testautomation.junits.AllStandaloneProfiling.main",
          "source": "AllStandaloneProfiling.java:29"
        }
      ],
      "number": 1,
      "commentIndex": 0,
      "bugId": "191648",
      "duplicateId": "192843",
      "date": "2007-06-08T10:13:12+02:00",
      "product": "TPTP Profiling",
      "component": "Platform.Agents.JVMTI",
      "severity": "normal"
    },
    {
      "exceptionType": "org.eclipse.tptp.ac.testautomation.junits.TimeoutException",
      "message": "Process forcibly destoyed due to timeout (60000 ms).",
      "elements": [
        {
          "method": "org.eclipse.tptp.ac.testautomation.junits.LocalProcessLauncher.launch",
          "source": "TIProfilingBase.java:1050"
        },
        {
          "method": "org.eclipse.tptp.ac.testautomation.junits.TIProfilingBase.executeLocalProcess",
          "source": "TIProfilingBase.java:562"
        },
        {
          "method": "org.eclipse.tptp.ac.testautomation.junits.TIProfilingBase.launchTest",
          "source": "TIProfilingBase.java:452"
        },
        {
          "method": "org.eclipse.tptp.ac.testautomation.junits.TIProfilingBase.launchTest",
          "source": "TIProfilingBase.java:298"
        },
        {
          "method": "org.eclipse.tptp.ac.testautomation.junits.ThreadStandaloneProfiling.launchTest",
          "source": "ThreadStandaloneProfiling.java:72"
        },
        {
          "method": "org.eclipse.tptp.ac.testautomation.junits.ThreadStandaloneProfiling.tp_threadPowerWorkload_100",
          "source": "ThreadStandaloneProfiling.java:114"
        },
        {
          "method": "sun.reflect.NativeMethodAccessorImpl.invoke0",
          "source": "Native Method"
        },
        {
          "method": "sun.reflect.NativeMethodAccessorImpl.invoke",
          "source": "NativeMethodAccessorImpl.java:39"
        },
        {
          "method": "sun.reflect.DelegatingMethodAccessorImpl.invoke",
          "source": "DelegatingMethodAccessorImpl.java:25"
        },
        {
          "method": "java.lang.reflect.Method.invoke",
          "source": "Method.java:597"
        },
        {
          "method": "junit.framework.TestCase.runTest",
          "source": "TestCase.java:154"
        },
        {
          "method": "junit.framework.TestCase.runBare",
          "source": "TestCase.java:127"
        },
        {
          "method": "junit.framework.TestResult$1.protect",
          "source": "TestResult.java:106"
        },
        {
          "method": "junit.framework.TestResult.runProtected",
          "source": "TestResult.java:124"
        },
        {
          "method": "junit.framework.TestResult.run",
          "source": "TestResult.java:109"
        },
        {
          "method": "junit.framework.TestCase.run",
          "source": "TestCase.java:118"
        },
        {
          "method": "junit.framework.TestSuite.runTest",
          "source": "TestSuite.java:208"
        },
        {
          "method": "junit.framework.TestSuite.run",
          "source": "TestSuite.java:203"
        },
        {
          "method": "junit.framework.TestSuite.runTest",
          "source": "TestSuite.java:208"
        },
        {
          "method": "junit.framework.TestSuite.run",
          "source": "TestSuite.java:203"
        },
        {
          "method": "junit.textui.TestRunner.doRun",
          "source": "TestRunner.java:116"
        },
        {
          "method": "junit.textui.TestRunner.doRun",
          "source": "TestRunner.java:109"
        },
        {
          "method": "junit.textui.TestRunner.run",
          "source": "TestRunner.java:72"
        },
        {
          "method": "org.eclipse.tptp.ac.testautomation.junits.AllStandaloneProfiling.main",
          "source": "AllStandaloneProfiling.java:29"
        }
      ],
      "number": 2,
      "commentIndex": 0,
      "bugId": "191648",
      "duplicateId": "192843",
      "date": "2007-06-08T10:13:12+02:00",
      "product": "TPTP Profiling",
      "component": "Platform.Agents.JVMTI",
      "severity": "normal"
    },
    {
      "exceptionType": "org.eclipse.tptp.ac.testautomation.junits.TimeoutException",
      "message": "Process forcibly destoyed due to timeout (60000 ms).",
      "elements": [
        {
          "method": "org.eclipse.tptp.ac.testautomation.junits.LocalProcessLauncher.launch",
          "source": "TIProfilingBase.java:1050"
        },
        {
          "method": "org.eclipse.tptp.ac.testautomation.junits.TIProfilingBase.executeLocalProcess",
          "source": "TIProfilingBase.java:562"
        },
        {
          "method": "org.eclipse.tptp.ac.testautomation.junits.TIProfilingBase.launchTest",
          "source": "TIProfilingBase.java:452"
        },
        {
          "method": "org.eclipse.tptp.ac.testautomation.junits.TIProfilingBase.launchTest",
          "source": "TIProfilingBase.java:298"
        },
        {
          "method": "org.eclipse.tptp.ac.testautomation.junits.ThreadStandaloneProfiling.launchTest",
          "source": "ThreadStandaloneProfiling.java:72"
        },
        {
          "method": "org.eclipse.tptp.ac.testautomation.junits.ThreadStandaloneProfiling.tp_threadMathWorkload_100",
          "source": "ThreadStandaloneProfiling.java:162"
        },
        {
          "method": "sun.reflect.NativeMethodAccessorImpl.invoke0",
          "source": "Native Method"
        },
        {
          "method": "sun.reflect.NativeMethodAccessorImpl.invoke",
          "source": "NativeMethodAccessorImpl.java:39"
        },
        {
          "method": "sun.reflect.DelegatingMethodAccessorImpl.invoke",
          "source": "DelegatingMethodAccessorImpl.java:25"
        },
        {
          "method": "java.lang.reflect.Method.invoke",
          "source": "Method.java:597"
        },
        {
          "method": "junit.framework.TestCase.runTest",
          "source": "TestCase.java:154"
        },
        {
          "method": "junit.framework.TestCase.runBare",
          "source": "TestCase.java:127"
        },
        {
          "method": "junit.framework.TestResult$1.protect",
          "source": "TestResult.java:106"
        },
        {
          "method": "junit.framework.TestResult.runProtected",
          "source": "TestResult.java:124"
        },
        {
          "method": "junit.framework.TestResult.run",
          "source": "TestResult.java:109"
        },
        {
          "method": "junit.framework.TestCase.run",
          "source": "TestCase.java:118"
        },
        {
          "method": "junit.framework.TestSuite.runTest",
          "source": "TestSuite.java:208"
        },
        {
          "method": "junit.framework.TestSuite.run",
          "source": "TestSuite.java:203"
        },
        {
          "method": "junit.framework.TestSuite.runTest",
          "source": "TestSuite.java:208"
        },
        {
          "method": "junit.framework.TestSuite.run",
          "source": "TestSuite.java:203"
        },
        {
          "method": "junit.textui.TestRunner.doRun",
          "source": "TestRunner.java:116"
        },
        {
          "method": "junit.textui.TestRunner.doRun",
          "source": "TestRunner.java:109"
        },
        {
          "method": "junit.textui.TestRunner.run",
          "source": "TestRunner.java:72"
        },
        {
          "method": "org.eclipse.tptp.ac.testautomation.junits.AllStandaloneProfiling.main",
          "source": "AllStandaloneProfiling.java:29"
        }
      ],
      "number": 3,
      "commentIndex": 0,
      "bugId": "191648",
      "duplicateId": "192843",
      "date": "2007-06-08T10:13:12+02:00",
      "product": "TPTP Profiling",
      "component": "Platform.Agents.JVMTI",
      "severity": "normal"
    },
    {
      "exceptionType": "java.io.IOException",
      "message": "Process terminated abnormally (exit code \u003d 134).",
      "elements": [
        {
          "method": "org.eclipse.tptp.ac.testautomation.junits.LocalProcessLauncher.launch",
          "source": "TIProfilingBase.java:1062"
        },
        {
          "method": "org.eclipse.tptp.ac.testautomation.junits.TIProfilingBase.executeLocalProcess",
          "source": "TIProfilingBase.java:562"
        },
        {
          "method": "org.eclipse.tptp.ac.testautomation.junits.TIProfilingBase.launchTest",
          "source": "TIProfilingBase.java:452"
        },
        {
          "method": "org.eclipse.tptp.ac.testautomation.junits.TIProfilingBase.launchTest",
          "source": "TIProfilingBase.java:298"
        },
        {
          "method": "org.eclipse.tptp.ac.testautomation.junits.ThreadStandaloneProfiling.launchTest",
          "source": "ThreadStandaloneProfiling.java:72"
        },
        {
          "method": "org.eclipse.tptp.ac.testautomation.junits.ThreadStandaloneProfiling.tp_threadSequentWorkload_5",
          "source": "ThreadStandaloneProfiling.java:174"
        },
        {
          "method": "sun.reflect.NativeMethodAccessorImpl.invoke0",
          "source": "Native Method"
        },
        {
          "method": "sun.reflect.NativeMethodAccessorImpl.invoke",
          "source": "NativeMethodAccessorImpl.java:39"
        },
        {
          "method": "sun.reflect.DelegatingMethodAccessorImpl.invoke",
          "source": "DelegatingMethodAccessorImpl.java:25"
        },
        {
          "method": "java.lang.reflect.Method.invoke",
          "source": "Method.java:597"
        },
        {
          "method": "junit.framework.TestCase.runTest",
          "source": "TestCase.java:154"
        },
        {
          "method": "junit.framework.TestCase.runBare",
          "source": "TestCase.java:127"
        },
        {
          "method": "junit.framework.TestResult$1.protect",
          "source": "TestResult.java:106"
        },
        {
          "method": "junit.framework.TestResult.runProtected",
          "source": "TestResult.java:124"
        },
        {
          "method": "junit.framework.TestResult.run",
          "source": "TestResult.java:109"
        },
        {
          "method": "junit.framework.TestCase.run",
          "source": "TestCase.java:118"
        },
        {
          "method": "junit.framework.TestSuite.runTest",
          "source": "TestSuite.java:208"
        },
        {
          "method": "junit.framework.TestSuite.run",
          "source": "TestSuite.java:203"
        },
        {
          "method": "junit.framework.TestSuite.runTest",
          "source": "TestSuite.java:208"
        },
        {
          "method": "junit.framework.TestSuite.run",
          "source": "TestSuite.java:203"
        },
        {
          "method": "junit.textui.TestRunner.doRun",
          "source": "TestRunner.java:116"
        },
        {
          "method": "junit.textui.TestRunner.doRun",
          "source": "TestRunner.java:109"
        },
        {
          "method": "junit.textui.TestRunner.run",
          "source": "TestRunner.java:72"
        },
        {
          "method": "org.eclipse.tptp.ac.testautomation.junits.AllStandaloneProfiling.main",
          "source": "AllStandaloneProfiling.java:29"
        }
      ],
      "number": 4,
      "commentIndex": 0,
      "bugId": "191648",
      "duplicateId": "192843",
      "date": "2007-06-08T10:13:12+02:00",
      "product": "TPTP Profiling",
      "component": "Platform.Agents.JVMTI",
      "severity": "normal"
    },
    {
      "exceptionType": "java.io.IOException",
      "message": "Process terminated abnormally (exit code \u003d 134).",
      "elements": [
        {
          "method": "org.eclipse.tptp.ac.testautomation.junits.LocalProcessLauncher.launch",
          "source": "TIProfilingBase.java:1062"
        },
        {
          "method": "org.eclipse.tptp.ac.testautomation.junits.TIProfilingBase.executeLocalProcess",
          "source": "TIProfilingBase.java:562"
        },
        {
          "method": "org.eclipse.tptp.ac.testautomation.junits.TIProfilingBase.launchTest",
          "source": "TIProfilingBase.java:452"
        },
        {
          "method": "org.eclipse.tptp.ac.testautomation.junits.TIProfilingBase.launchTest",
          "source": "TIProfilingBase.java:298"
        },
        {
          "method": "org.eclipse.tptp.ac.testautomation.junits.ThreadStandaloneProfiling.launchTest",
          "source": "ThreadStandaloneProfiling.java:72"
        },
        {
          "method": "org.eclipse.tptp.ac.testautomation.junits.ThreadStandaloneProfiling.tp_threadSequentWorkload_5_F",
          "source": "ThreadStandaloneProfiling.java:180"
        },
        {
          "method": "sun.reflect.NativeMethodAccessorImpl.invoke0",
          "source": "Native Method"
        },
        {
          "method": "sun.reflect.NativeMethodAccessorImpl.invoke",
          "source": "NativeMethodAccessorImpl.java:39"
        },
        {
          "method": "sun.reflect.DelegatingMethodAccessorImpl.invoke",
          "source": "DelegatingMethodAccessorImpl.java:25"
        },
        {
          "method": "java.lang.reflect.Method.invoke",
          "source": "Method.java:597"
        },
        {
          "method": "junit.framework.TestCase.runTest",
          "source": "TestCase.java:154"
        },
        {
          "method": "junit.framework.TestCase.runBare",
          "source": "TestCase.java:127"
        },
        {
          "method": "junit.framework.TestResult$1.protect",
          "source": "TestResult.java:106"
        },
        {
          "method": "junit.framework.TestResult.runProtected",
          "source": "TestResult.java:124"
        },
        {
          "method": "junit.framework.TestResult.run",
          "source": "TestResult.java:109"
        },
        {
          "method": "junit.framework.TestCase.run",
          "source": "TestCase.java:118"
        },
        {
          "method": "junit.framework.TestSuite.runTest",
          "source": "TestSuite.java:208"
        },
        {
          "method": "junit.framework.TestSuite.run",
          "source": "TestSuite.java:203"
        },
        {
          "method": "junit.framework.TestSuite.runTest",
          "source": "TestSuite.java:208"
        },
        {
          "method": "junit.framework.TestSuite.run",
          "source": "TestSuite.java:203"
        },
        {
          "method": "junit.textui.TestRunner.doRun",
          "source": "TestRunner.java:116"
        },
        {
          "method": "junit.textui.TestRunner.doRun",
          "source": "TestRunner.java:109"
        },
        {
          "method": "junit.textui.TestRunner.run",
          "source": "TestRunner.java:72"
        },
        {
          "method": "org.eclipse.tptp.ac.testautomation.junits.AllStandaloneProfiling.main",
          "source": "AllStandaloneProfiling.java:29"
        }
      ],
      "number": 5,
      "commentIndex": 0,
      "bugId": "191648",
      "duplicateId": "192843",
      "date": "2007-06-08T10:13:12+02:00",
      "product": "TPTP Profiling",
      "component": "Platform.Agents.JVMTI",
      "severity": "normal"
    }
  ],
  "groupId": "192843",
  "bugId": "191648",
  "duplicateId": "192843",
  "date": "2007-06-08T10:13:12+02:00",
  "product": "TPTP Profiling",
  "component": "Platform.Agents.JVMTI",
  "severity": "normal"
}