{
  "comments": [
    "a new StochasticSEIRDiseaseModelTest functionality",
    "Created an attachment (id\u003d74278)\nStochasticSEIRDiseaseModelTest functionality\n\n",
    "The patch causes the test cases to fail so I didn\u0027t commit it.  \n\nWas that expected?",
    "Expected to pass. Was there and exception? Can you send logs/outputs?",
    "The failure was in StochasticSEIRDiseaseModelTest.testModelSpecificAdjustments.  \n\njava.lang.AssertionError\n\tat org.eclipse.ohf.stem.diseasemodels.standard.impl.DiseaseModelLabelValueImpl.sane(DiseaseModelLabelValueImpl.java:336)\n\tat org.eclipse.ohf.stem.diseasemodels.standard.impl.StandardDiseaseModelLabelValueImpl.sane(StandardDiseaseModelLabelValueImpl.java:221)\n\tat org.eclipse.ohf.stem.diseasemodels.standard.impl.SILabelValueImpl.sane(SILabelValueImpl.java:408)\n\tat org.eclipse.ohf.stem.diseasemodels.standard.impl.SIRLabelValueImpl.sane(SIRLabelValueImpl.java:227)\n\tat org.eclipse.ohf.stem.diseasemodels.standard.impl.SEIRLabelValueImpl.sane(SEIRLabelValueImpl.java:217)\n\tat org.eclipse.ohf.stem.diseasemodels.standard.tests.StochasticSEIRDiseaseModelTest.testModelSpecificAdjustments(StochasticSEIRDiseaseModelTest.java:163)\n\tat sun.reflect.NativeMethodAccessorImpl.invoke0(Native Method)\n\tat sun.reflect.NativeMethodAccessorImpl.invoke(NativeMethodAccessorImpl.java:64)\n\tat sun.reflect.DelegatingMethodAccessorImpl.invoke(DelegatingMethodAccessorImpl.java:43)\n\tat java.lang.reflect.Method.invoke(Method.java:615)\n\tat junit.framework.TestCase.runTest(TestCase.java:164)\n\tat junit.framework.TestCase.runBare(TestCase.java:130)\n\tat junit.framework.TestResult$1.protect(TestResult.java:106)\n\tat junit.framework.TestResult.runProtected(TestResult.java:124)\n\tat junit.framework.TestResult.run(TestResult.java:109)\n\tat junit.framework.TestCase.run(TestCase.java:120)\n\tat junit.framework.TestSuite.runTest(TestSuite.java:230)\n\tat junit.framework.TestSuite.run(TestSuite.java:225)\n\tat org.eclipse.jdt.internal.junit.runner.junit3.JUnit3TestReference.run(JUnit3TestReference.java:130)\n\tat org.eclipse.jdt.internal.junit.runner.TestExecution.run(TestExecution.java:38)\n\tat org.eclipse.jdt.internal.junit.runner.RemoteTestRunner.runTests(RemoteTestRunner.java:460)\n\tat org.eclipse.jdt.internal.junit.runner.RemoteTestRunner.runTests(RemoteTestRunner.java:673)\n\tat org.eclipse.jdt.internal.junit.runner.RemoteTestRunner.run(RemoteTestRunner.java:386)\n\tat org.eclipse.jdt.internal.junit.runner.RemoteTestRunner.main(RemoteTestRunner.java:196)\n\n",
    "Created an attachment (id\u003d74600)\nnew patch\n\nUpdates:\nIt mimics the algorithm of the real code and checks for equality between returned values and the valued calculated by the test class.\nThe test case feeds the tested class with its own Random seed and Gain so it will be able to know the \"random\" values the tested class use.\nIf the system variable \"comperhensive.test\" does not exist or is not equal to \"yes\" or \"true\" (case ignored), the test tests only one of every 500 permutations (takes few seconds).\nIn this mode the test is running on only 288 permutations.\n\nThe tests pass on my machine.",
    "Added a new patch.\nUpdates:\nIt mimics the algorithm of the real code and checks for equality between returned values and the valued calculated by the test class.\nThe test case feeds the tested class with its own Random seed and Gain so it will be able to know the \"random\" values the tested class use.\nIf the system variable \"comperhensive.test\" does not exist or is not equal to \"yes\" or \"true\" (case ignored), the test tests only one of every 500 permutations (takes few seconds).\nIn this mode the test is running on only 288 permutations.\n\nThe tests pass on my machine.",
    "When I run the tests after applying the patch, I get the following test failure.  Code not committed.\n\n\njorg.eclipse.ohf.stem.tests.diseasemodels\norg.eclipse.ohf.stem.diseasemodels.standard.tests.StochasticSEIRDiseaseModelTest\ntestModelSpecificAdjustments(org.eclipse.ohf.stem.diseasemodels.standard.tests.StochasticSEIRDiseaseModelTest)\njava.lang.IllegalStateException: newSeirDeaths is insane, state is: \npresent state is: \nCurrentSEIR[s:0.00, e:0.00, iR:0.00, iF:0.00, r:0.00, B:0.00, D:0.00, DD:0.00]\n SeirAdditions[s:0.00, e:0.00, iR:0.00, iF:0.00, r:0.00, B:0.00, D:0.00, DD:0.00]\n SeirDeaths[s:0.00, e:1,000,000,000,000.00, iR:0.00, iF:0.00, r:0.00, B:1.00, D:1,000,000,000,000.00, DD:1,000,000,000,000.00]\n NewSeirAdditions[s:0.00, e:0.00, iR:0.00, iF:0.00, r:0.00, B:0.00, D:0.00, DD:0.00]\n NewSeirDeaths[s:0.00, e:0.00, iR:0.00, iF:0.00, r:0.00, B:1.00, D:0.00, DD:1,000,000,000,000.00]\n CalculatedSeirAdditions[s:0.00, e:0.00, iR:0.00, iF:0.00, r:0.00, B:0.00, D:0.00, DD:0.00]\n CalculatedSeirDeaths[s:0.00, e:0.00, iR:0.00, iF:0.00, r:0.00, B:1.00, D:0.00, DD:1,000,000,000,000.00]\n\tat org.eclipse.ohf.stem.diseasemodels.standard.tests.StochasticSEIRDiseaseModelTest.validateModelSpecificAdjustments(StochasticSEIRDiseaseModelTest.java:281)\n\tat org.eclipse.ohf.stem.diseasemodels.standard.tests.StochasticSEIRDiseaseModelTest.testModelSpecificAdjustments(StochasticSEIRDiseaseModelTest.java:178)\n\tat sun.reflect.NativeMethodAccessorImpl.invoke0(Native Method)\n\tat sun.reflect.NativeMethodAccessorImpl.invoke(NativeMethodAccessorImpl.java:64)\n\tat sun.reflect.DelegatingMethodAccessorImpl.invoke(DelegatingMethodAccessorImpl.java:43)\n\tat java.lang.reflect.Method.invoke(Method.java:615)\n\tat junit.framework.TestCase.runTest(TestCase.java:164)\n\tat junit.framework.TestCase.runBare(TestCase.java:130)\n\tat junit.framework.TestResult$1.protect(TestResult.java:106)\n\tat junit.framework.TestResult.runProtected(TestResult.java:124)\n\tat junit.framework.TestResult.run(TestResult.java:109)\n\tat junit.framework.TestCase.run(TestCase.java:120)\n\tat junit.framework.TestSuite.runTest(TestSuite.java:230)\n\tat junit.framework.TestSuite.run(TestSuite.java:225)\n\tat org.eclipse.jdt.internal.junit.runner.junit3.JUnit3TestReference.run(JUnit3TestReference.java:130)\n\tat org.eclipse.jdt.internal.junit.runner.TestExecution.run(TestExecution.java:38)\n\tat org.eclipse.jdt.internal.junit.runner.RemoteTestRunner.runTests(RemoteTestRunner.java:460)\n\tat org.eclipse.jdt.internal.junit.runner.RemoteTestRunner.runTests(RemoteTestRunner.java:673)\n\tat org.eclipse.jdt.internal.junit.runner.RemoteTestRunner.run(RemoteTestRunner.java:386)\n\tat org.eclipse.jdt.internal.junit.runner.RemoteTestRunner.main(RemoteTestRunner.java:196)\n\norg.eclipse.ohf.stem.diseasemodels.standard.tests.SEIRLabelValueTestUtil\nwarning(junit.framework.TestSuite$1)\njunit.framework.AssertionFailedError: No tests found in org.eclipse.ohf.stem.diseasemodels.standard.tests.SEIRLabelValueTestUtil\n\tat junit.framework.Assert.fail(Assert.java:47)\n\tat junit.framework.TestSuite$1.runTest(TestSuite.java:90)\n\tat junit.framework.TestCase.runBare(TestCase.java:130)\n\tat junit.framework.TestResult$1.protect(TestResult.java:106)\n\tat junit.framework.TestResult.runProtected(TestResult.java:124)\n\tat junit.framework.TestResult.run(TestResult.java:109)\n\tat junit.framework.TestCase.run(TestCase.java:120)\n\tat junit.framework.TestSuite.runTest(TestSuite.java:230)\n\tat junit.framework.TestSuite.run(TestSuite.java:225)\n\tat org.eclipse.jdt.internal.junit.runner.junit3.JUnit3TestReference.run(JUnit3TestReference.java:130)\n\tat org.eclipse.jdt.internal.junit.runner.TestExecution.run(TestExecution.java:38)\n\tat org.eclipse.jdt.internal.junit.runner.RemoteTestRunner.runTests(RemoteTestRunner.java:460)\n\tat org.eclipse.jdt.internal.junit.runner.RemoteTestRunner.runTests(RemoteTestRunner.java:673)\n\tat org.eclipse.jdt.internal.junit.runner.RemoteTestRunner.run(RemoteTestRunner.java:386)\n\tat org.eclipse.jdt.internal.junit.runner.RemoteTestRunner.main(RemoteTestRunner.java:196)\n\nstandard Tests\norg.eclipse.ohf.stem.diseasemodels.standard.tests.StochasticSEIRDiseaseModelTest\ntestModelSpecificAdjustments(org.eclipse.ohf.stem.diseasemodels.standard.tests.StochasticSEIRDiseaseModelTest)\njava.lang.IllegalStateException: newSeirDeaths is insane, state is: \npresent state is: \nCurrentSEIR[s:0.00, e:0.00, iR:0.00, iF:0.00, r:0.00, B:0.00, D:0.00, DD:0.00]\n SeirAdditions[s:0.00, e:0.00, iR:0.00, iF:0.00, r:0.00, B:0.00, D:0.00, DD:0.00]\n SeirDeaths[s:0.00, e:1,000,000,000,000.00, iR:0.00, iF:0.00, r:0.00, B:1.00, D:1,000,000,000,000.00, DD:1,000,000,000,000.00]\n NewSeirAdditions[s:0.00, e:0.00, iR:0.00, iF:0.00, r:0.00, B:0.00, D:0.00, DD:0.00]\n NewSeirDeaths[s:0.00, e:0.00, iR:0.00, iF:0.00, r:0.00, B:1.00, D:0.00, DD:1,000,000,000,000.00]\n CalculatedSeirAdditions[s:0.00, e:0.00, iR:0.00, iF:0.00, r:0.00, B:0.00, D:0.00, DD:0.00]\n CalculatedSeirDeaths[s:0.00, e:0.00, iR:0.00, iF:0.00, r:0.00, B:1.00, D:0.00, DD:1,000,000,000,000.00]\n\tat org.eclipse.ohf.stem.diseasemodels.standard.tests.StochasticSEIRDiseaseModelTest.validateModelSpecificAdjustments(StochasticSEIRDiseaseModelTest.java:281)\n\tat org.eclipse.ohf.stem.diseasemodels.standard.tests.StochasticSEIRDiseaseModelTest.testModelSpecificAdjustments(StochasticSEIRDiseaseModelTest.java:178)\n\tat sun.reflect.NativeMethodAccessorImpl.invoke0(Native Method)\n\tat sun.reflect.NativeMethodAccessorImpl.invoke(NativeMethodAccessorImpl.java:64)\n\tat sun.reflect.DelegatingMethodAccessorImpl.invoke(DelegatingMethodAccessorImpl.java:43)\n\tat java.lang.reflect.Method.invoke(Method.java:615)\n\tat junit.framework.TestCase.runTest(TestCase.java:164)\n\tat junit.framework.TestCase.runBare(TestCase.java:130)\n\tat junit.framework.TestResult$1.protect(TestResult.java:106)\n\tat junit.framework.TestResult.runProtected(TestResult.java:124)\n\tat junit.framework.TestResult.run(TestResult.java:109)\n\tat junit.framework.TestCase.run(TestCase.java:120)\n\tat junit.framework.TestSuite.runTest(TestSuite.java:230)\n\tat junit.framework.TestSuite.run(TestSuite.java:225)\n\tat junit.framework.TestSuite.runTest(TestSuite.java:230)\n\tat junit.framework.TestSuite.run(TestSuite.java:225)\n\tat org.eclipse.jdt.internal.junit.runner.junit3.JUnit3TestReference.run(JUnit3TestReference.java:130)\n\tat org.eclipse.jdt.internal.junit.runner.TestExecution.run(TestExecution.java:38)\n\tat org.eclipse.jdt.internal.junit.runner.RemoteTestRunner.runTests(RemoteTestRunner.java:460)\n\tat org.eclipse.jdt.internal.junit.runner.RemoteTestRunner.runTests(RemoteTestRunner.java:673)\n\tat org.eclipse.jdt.internal.junit.runner.RemoteTestRunner.run(RemoteTestRunner.java:386)\n\tat org.eclipse.jdt.internal.junit.runner.RemoteTestRunner.main(RemoteTestRunner.java:196)\n\nDiseasemodels Tests\nstandard Tests\norg.eclipse.ohf.stem.diseasemodels.standard.tests.StochasticSEIRDiseaseModelTest\ntestModelSpecificAdjustments(org.eclipse.ohf.stem.diseasemodels.standard.tests.StochasticSEIRDiseaseModelTest)\njava.lang.IllegalStateException: newSeirDeaths is insane, state is: \npresent state is: \nCurrentSEIR[s:0.00, e:0.00, iR:0.00, iF:0.00, r:0.00, B:0.00, D:0.00, DD:0.00]\n SeirAdditions[s:0.00, e:0.00, iR:0.00, iF:0.00, r:0.00, B:0.00, D:0.00, DD:0.00]\n SeirDeaths[s:0.00, e:1,000,000,000,000.00, iR:0.00, iF:0.00, r:0.00, B:1.00, D:1,000,000,000,000.00, DD:1,000,000,000,000.00]\n NewSeirAdditions[s:0.00, e:0.00, iR:0.00, iF:0.00, r:0.00, B:0.00, D:0.00, DD:0.00]\n NewSeirDeaths[s:0.00, e:0.00, iR:0.00, iF:0.00, r:0.00, B:1.00, D:0.00, DD:1,000,000,000,000.00]\n CalculatedSeirAdditions[s:0.00, e:0.00, iR:0.00, iF:0.00, r:0.00, B:0.00, D:0.00, DD:0.00]\n CalculatedSeirDeaths[s:0.00, e:0.00, iR:0.00, iF:0.00, r:0.00, B:1.00, D:0.00, DD:1,000,000,000,000.00]\n\tat org.eclipse.ohf.stem.diseasemodels.standard.tests.StochasticSEIRDiseaseModelTest.validateModelSpecificAdjustments(StochasticSEIRDiseaseModelTest.java:281)\n\tat org.eclipse.ohf.stem.diseasemodels.standard.tests.StochasticSEIRDiseaseModelTest.testModelSpecificAdjustments(StochasticSEIRDiseaseModelTest.java:178)\n\tat sun.reflect.NativeMethodAccessorImpl.invoke0(Native Method)\n\tat sun.reflect.NativeMethodAccessorImpl.invoke(NativeMethodAccessorImpl.java:64)\n\tat sun.reflect.DelegatingMethodAccessorImpl.invoke(DelegatingMethodAccessorImpl.java:43)\n\tat java.lang.reflect.Method.invoke(Method.java:615)\n\tat junit.framework.TestCase.runTest(TestCase.java:164)\n\tat junit.framework.TestCase.runBare(TestCase.java:130)\n\tat junit.framework.TestResult$1.protect(TestResult.java:106)\n\tat junit.framework.TestResult.runProtected(TestResult.java:124)\n\tat junit.framework.TestResult.run(TestResult.java:109)\n\tat junit.framework.TestCase.run(TestCase.java:120)\n\tat junit.framework.TestSuite.runTest(TestSuite.java:230)\n\tat junit.framework.TestSuite.run(TestSuite.java:225)\n\tat junit.framework.TestSuite.runTest(TestSuite.java:230)\n\tat junit.framework.TestSuite.run(TestSuite.java:225)\n\tat junit.framework.TestSuite.runTest(TestSuite.java:230)\n\tat junit.framework.TestSuite.run(TestSuite.java:225)\n\tat org.eclipse.jdt.internal.junit.runner.junit3.JUnit3TestReference.run(JUnit3TestReference.java:130)\n\tat org.eclipse.jdt.internal.junit.runner.TestExecution.run(TestExecution.java:38)\n\tat org.eclipse.jdt.internal.junit.runner.RemoteTestRunner.runTests(RemoteTestRunner.java:460)\n\tat org.eclipse.jdt.internal.junit.runner.RemoteTestRunner.runTests(RemoteTestRunner.java:673)\n\tat org.eclipse.jdt.internal.junit.runner.RemoteTestRunner.run(RemoteTestRunner.java:386)\n\tat org.eclipse.jdt.internal.junit.runner.RemoteTestRunner.main(RemoteTestRunner.java:196)\n\n",
    "I didn\u0027t get this exception, don\u0027t know why. I do have the most up to date code from the CVS.\nThe exception was created because these values failed to pass the \"sane\" method. Do you know why?\nNewSeirDeaths[s:0.00, e:0.00, iR:0.00, iF:0.00, r:0.00, B:1.00, D:0.00,\nDD:1,000,000,000,000.00]\n\nI did a bad thing masking the original assert exception. The new patch has an update.",
    "Created an attachment (id\u003d74619)\nupdate to the patch\n\n",
    "Created an attachment (id\u003d74812)\nupdate to the patch\n\nstopped working with multiple permutations.",
    "patch 7/27/2007 passed JUnit tests.\n\nCode committed.",
    "Changing OS from Mac OS to Mac OS X as per bug 185991",
    "I think this can be closed..?",
    "fixed",
    "closed"
  ],
  "commentCreationDates": [
    "2007-07-21T00:18:05+02:00",
    "2007-07-21T00:18:46+02:00",
    "2007-07-21T17:14:55+02:00",
    "2007-07-23T01:17:41+02:00",
    "2007-07-23T16:07:03+02:00",
    "2007-07-25T19:41:44+02:00",
    "2007-07-25T19:42:39+02:00",
    "2007-07-25T21:56:59+02:00",
    "2007-07-25T22:20:03+02:00",
    "2007-07-25T22:21:11+02:00",
    "2007-07-27T19:08:02+02:00",
    "2007-07-27T21:42:31+02:00",
    "2007-07-29T15:23:27+02:00",
    "2007-08-06T16:25:02+02:00",
    "2007-08-06T16:39:24+02:00",
    "2007-08-06T16:41:53+02:00"
  ],
  "traces": [
    {
      "exceptionType": "java.lang.AssertionError",
      "elements": [
        {
          "method": "org.eclipse.ohf.stem.diseasemodels.standard.impl.DiseaseModelLabelValueImpl.sane",
          "source": "DiseaseModelLabelValueImpl.java:336"
        },
        {
          "method": "org.eclipse.ohf.stem.diseasemodels.standard.impl.StandardDiseaseModelLabelValueImpl.sane",
          "source": "StandardDiseaseModelLabelValueImpl.java:221"
        },
        {
          "method": "org.eclipse.ohf.stem.diseasemodels.standard.impl.SILabelValueImpl.sane",
          "source": "SILabelValueImpl.java:408"
        },
        {
          "method": "org.eclipse.ohf.stem.diseasemodels.standard.impl.SIRLabelValueImpl.sane",
          "source": "SIRLabelValueImpl.java:227"
        },
        {
          "method": "org.eclipse.ohf.stem.diseasemodels.standard.impl.SEIRLabelValueImpl.sane",
          "source": "SEIRLabelValueImpl.java:217"
        },
        {
          "method": "org.eclipse.ohf.stem.diseasemodels.standard.tests.StochasticSEIRDiseaseModelTest.testModelSpecificAdjustments",
          "source": "StochasticSEIRDiseaseModelTest.java:163"
        },
        {
          "method": "sun.reflect.NativeMethodAccessorImpl.invoke0",
          "source": "Native Method"
        },
        {
          "method": "sun.reflect.NativeMethodAccessorImpl.invoke",
          "source": "NativeMethodAccessorImpl.java:64"
        },
        {
          "method": "sun.reflect.DelegatingMethodAccessorImpl.invoke",
          "source": "DelegatingMethodAccessorImpl.java:43"
        },
        {
          "method": "java.lang.reflect.Method.invoke",
          "source": "Method.java:615"
        },
        {
          "method": "junit.framework.TestCase.runTest",
          "source": "TestCase.java:164"
        },
        {
          "method": "junit.framework.TestCase.runBare",
          "source": "TestCase.java:130"
        },
        {
          "method": "junit.framework.TestResult$1.protect",
          "source": "TestResult.java:106"
        },
        {
          "method": "junit.framework.TestResult.runProtected",
          "source": "TestResult.java:124"
        },
        {
          "method": "junit.framework.TestResult.run",
          "source": "TestResult.java:109"
        },
        {
          "method": "junit.framework.TestCase.run",
          "source": "TestCase.java:120"
        },
        {
          "method": "junit.framework.TestSuite.runTest",
          "source": "TestSuite.java:230"
        },
        {
          "method": "junit.framework.TestSuite.run",
          "source": "TestSuite.java:225"
        },
        {
          "method": "org.eclipse.jdt.internal.junit.runner.junit3.JUnit3TestReference.run",
          "source": "JUnit3TestReference.java:130"
        },
        {
          "method": "org.eclipse.jdt.internal.junit.runner.TestExecution.run",
          "source": "TestExecution.java:38"
        },
        {
          "method": "org.eclipse.jdt.internal.junit.runner.RemoteTestRunner.runTests",
          "source": "RemoteTestRunner.java:460"
        },
        {
          "method": "org.eclipse.jdt.internal.junit.runner.RemoteTestRunner.runTests",
          "source": "RemoteTestRunner.java:673"
        },
        {
          "method": "org.eclipse.jdt.internal.junit.runner.RemoteTestRunner.run",
          "source": "RemoteTestRunner.java:386"
        },
        {
          "method": "org.eclipse.jdt.internal.junit.runner.RemoteTestRunner.main",
          "source": "RemoteTestRunner.java:196"
        }
      ],
      "number": 0,
      "commentIndex": 4,
      "bugId": "197351",
      "date": "2007-07-23T16:07:03+02:00",
      "product": "OHF",
      "component": "STEM",
      "severity": "normal"
    },
    {
      "exceptionType": "java.lang.IllegalStateException",
      "message": "newSeirDeaths is insane, state is:  present state is:  CurrentSEIR[s:0.00, e:0.00, iR:0.00, iF:0.00, r:0.00, B:0.00, D:0.00, DD:0.00]  SeirAdditions[s:0.00, e:0.00, iR:0.00, iF:0.00, r:0.00, B:0.00, D:0.00, DD:0.00]  SeirDeaths[s:0.00, e:1,000,000,000,000.00, iR:0.00, iF:0.00, r:0.00, B:1.00, D:1,000,000,000,000.00, DD:1,000,000,000,000.00]  NewSeirAdditions[s:0.00, e:0.00, iR:0.00, iF:0.00, r:0.00, B:0.00, D:0.00, DD:0.00]  NewSeirDeaths[s:0.00, e:0.00, iR:0.00, iF:0.00, r:0.00, B:1.00, D:0.00, DD:1,000,000,000,000.00]  CalculatedSeirAdditions[s:0.00, e:0.00, iR:0.00, iF:0.00, r:0.00, B:0.00, D:0.00, DD:0.00]  CalculatedSeirDeaths[s:0.00, e:0.00, iR:0.00, iF:0.00, r:0.00, B:1.00, D:0.00, DD:1,000,000,000,000.00]",
      "elements": [
        {
          "method": "org.eclipse.ohf.stem.diseasemodels.standard.tests.StochasticSEIRDiseaseModelTest.validateModelSpecificAdjustments",
          "source": "StochasticSEIRDiseaseModelTest.java:281"
        },
        {
          "method": "org.eclipse.ohf.stem.diseasemodels.standard.tests.StochasticSEIRDiseaseModelTest.testModelSpecificAdjustments",
          "source": "StochasticSEIRDiseaseModelTest.java:178"
        },
        {
          "method": "sun.reflect.NativeMethodAccessorImpl.invoke0",
          "source": "Native Method"
        },
        {
          "method": "sun.reflect.NativeMethodAccessorImpl.invoke",
          "source": "NativeMethodAccessorImpl.java:64"
        },
        {
          "method": "sun.reflect.DelegatingMethodAccessorImpl.invoke",
          "source": "DelegatingMethodAccessorImpl.java:43"
        },
        {
          "method": "java.lang.reflect.Method.invoke",
          "source": "Method.java:615"
        },
        {
          "method": "junit.framework.TestCase.runTest",
          "source": "TestCase.java:164"
        },
        {
          "method": "junit.framework.TestCase.runBare",
          "source": "TestCase.java:130"
        },
        {
          "method": "junit.framework.TestResult$1.protect",
          "source": "TestResult.java:106"
        },
        {
          "method": "junit.framework.TestResult.runProtected",
          "source": "TestResult.java:124"
        },
        {
          "method": "junit.framework.TestResult.run",
          "source": "TestResult.java:109"
        },
        {
          "method": "junit.framework.TestCase.run",
          "source": "TestCase.java:120"
        },
        {
          "method": "junit.framework.TestSuite.runTest",
          "source": "TestSuite.java:230"
        },
        {
          "method": "junit.framework.TestSuite.run",
          "source": "TestSuite.java:225"
        },
        {
          "method": "org.eclipse.jdt.internal.junit.runner.junit3.JUnit3TestReference.run",
          "source": "JUnit3TestReference.java:130"
        },
        {
          "method": "org.eclipse.jdt.internal.junit.runner.TestExecution.run",
          "source": "TestExecution.java:38"
        },
        {
          "method": "org.eclipse.jdt.internal.junit.runner.RemoteTestRunner.runTests",
          "source": "RemoteTestRunner.java:460"
        },
        {
          "method": "org.eclipse.jdt.internal.junit.runner.RemoteTestRunner.runTests",
          "source": "RemoteTestRunner.java:673"
        },
        {
          "method": "org.eclipse.jdt.internal.junit.runner.RemoteTestRunner.run",
          "source": "RemoteTestRunner.java:386"
        },
        {
          "method": "org.eclipse.jdt.internal.junit.runner.RemoteTestRunner.main",
          "source": "RemoteTestRunner.java:196"
        }
      ],
      "number": 1,
      "commentIndex": 7,
      "bugId": "197351",
      "date": "2007-07-25T21:56:59+02:00",
      "product": "OHF",
      "component": "STEM",
      "severity": "normal"
    },
    {
      "exceptionType": "junit.framework.AssertionFailedError",
      "message": "No tests found in org.eclipse.ohf.stem.diseasemodels.standard.tests.SEIRLabelValueTestUtil",
      "elements": [
        {
          "method": "junit.framework.Assert.fail",
          "source": "Assert.java:47"
        },
        {
          "method": "junit.framework.TestSuite$1.runTest",
          "source": "TestSuite.java:90"
        },
        {
          "method": "junit.framework.TestCase.runBare",
          "source": "TestCase.java:130"
        },
        {
          "method": "junit.framework.TestResult$1.protect",
          "source": "TestResult.java:106"
        },
        {
          "method": "junit.framework.TestResult.runProtected",
          "source": "TestResult.java:124"
        },
        {
          "method": "junit.framework.TestResult.run",
          "source": "TestResult.java:109"
        },
        {
          "method": "junit.framework.TestCase.run",
          "source": "TestCase.java:120"
        },
        {
          "method": "junit.framework.TestSuite.runTest",
          "source": "TestSuite.java:230"
        },
        {
          "method": "junit.framework.TestSuite.run",
          "source": "TestSuite.java:225"
        },
        {
          "method": "org.eclipse.jdt.internal.junit.runner.junit3.JUnit3TestReference.run",
          "source": "JUnit3TestReference.java:130"
        },
        {
          "method": "org.eclipse.jdt.internal.junit.runner.TestExecution.run",
          "source": "TestExecution.java:38"
        },
        {
          "method": "org.eclipse.jdt.internal.junit.runner.RemoteTestRunner.runTests",
          "source": "RemoteTestRunner.java:460"
        },
        {
          "method": "org.eclipse.jdt.internal.junit.runner.RemoteTestRunner.runTests",
          "source": "RemoteTestRunner.java:673"
        },
        {
          "method": "org.eclipse.jdt.internal.junit.runner.RemoteTestRunner.run",
          "source": "RemoteTestRunner.java:386"
        },
        {
          "method": "org.eclipse.jdt.internal.junit.runner.RemoteTestRunner.main",
          "source": "RemoteTestRunner.java:196"
        }
      ],
      "number": 2,
      "commentIndex": 7,
      "bugId": "197351",
      "date": "2007-07-25T21:56:59+02:00",
      "product": "OHF",
      "component": "STEM",
      "severity": "normal"
    },
    {
      "exceptionType": "java.lang.IllegalStateException",
      "message": "newSeirDeaths is insane, state is:  present state is:  CurrentSEIR[s:0.00, e:0.00, iR:0.00, iF:0.00, r:0.00, B:0.00, D:0.00, DD:0.00]  SeirAdditions[s:0.00, e:0.00, iR:0.00, iF:0.00, r:0.00, B:0.00, D:0.00, DD:0.00]  SeirDeaths[s:0.00, e:1,000,000,000,000.00, iR:0.00, iF:0.00, r:0.00, B:1.00, D:1,000,000,000,000.00, DD:1,000,000,000,000.00]  NewSeirAdditions[s:0.00, e:0.00, iR:0.00, iF:0.00, r:0.00, B:0.00, D:0.00, DD:0.00]  NewSeirDeaths[s:0.00, e:0.00, iR:0.00, iF:0.00, r:0.00, B:1.00, D:0.00, DD:1,000,000,000,000.00]  CalculatedSeirAdditions[s:0.00, e:0.00, iR:0.00, iF:0.00, r:0.00, B:0.00, D:0.00, DD:0.00]  CalculatedSeirDeaths[s:0.00, e:0.00, iR:0.00, iF:0.00, r:0.00, B:1.00, D:0.00, DD:1,000,000,000,000.00]",
      "elements": [
        {
          "method": "org.eclipse.ohf.stem.diseasemodels.standard.tests.StochasticSEIRDiseaseModelTest.validateModelSpecificAdjustments",
          "source": "StochasticSEIRDiseaseModelTest.java:281"
        },
        {
          "method": "org.eclipse.ohf.stem.diseasemodels.standard.tests.StochasticSEIRDiseaseModelTest.testModelSpecificAdjustments",
          "source": "StochasticSEIRDiseaseModelTest.java:178"
        },
        {
          "method": "sun.reflect.NativeMethodAccessorImpl.invoke0",
          "source": "Native Method"
        },
        {
          "method": "sun.reflect.NativeMethodAccessorImpl.invoke",
          "source": "NativeMethodAccessorImpl.java:64"
        },
        {
          "method": "sun.reflect.DelegatingMethodAccessorImpl.invoke",
          "source": "DelegatingMethodAccessorImpl.java:43"
        },
        {
          "method": "java.lang.reflect.Method.invoke",
          "source": "Method.java:615"
        },
        {
          "method": "junit.framework.TestCase.runTest",
          "source": "TestCase.java:164"
        },
        {
          "method": "junit.framework.TestCase.runBare",
          "source": "TestCase.java:130"
        },
        {
          "method": "junit.framework.TestResult$1.protect",
          "source": "TestResult.java:106"
        },
        {
          "method": "junit.framework.TestResult.runProtected",
          "source": "TestResult.java:124"
        },
        {
          "method": "junit.framework.TestResult.run",
          "source": "TestResult.java:109"
        },
        {
          "method": "junit.framework.TestCase.run",
          "source": "TestCase.java:120"
        },
        {
          "method": "junit.framework.TestSuite.runTest",
          "source": "TestSuite.java:230"
        },
        {
          "method": "junit.framework.TestSuite.run",
          "source": "TestSuite.java:225"
        },
        {
          "method": "junit.framework.TestSuite.runTest",
          "source": "TestSuite.java:230"
        },
        {
          "method": "junit.framework.TestSuite.run",
          "source": "TestSuite.java:225"
        },
        {
          "method": "org.eclipse.jdt.internal.junit.runner.junit3.JUnit3TestReference.run",
          "source": "JUnit3TestReference.java:130"
        },
        {
          "method": "org.eclipse.jdt.internal.junit.runner.TestExecution.run",
          "source": "TestExecution.java:38"
        },
        {
          "method": "org.eclipse.jdt.internal.junit.runner.RemoteTestRunner.runTests",
          "source": "RemoteTestRunner.java:460"
        },
        {
          "method": "org.eclipse.jdt.internal.junit.runner.RemoteTestRunner.runTests",
          "source": "RemoteTestRunner.java:673"
        },
        {
          "method": "org.eclipse.jdt.internal.junit.runner.RemoteTestRunner.run",
          "source": "RemoteTestRunner.java:386"
        },
        {
          "method": "org.eclipse.jdt.internal.junit.runner.RemoteTestRunner.main",
          "source": "RemoteTestRunner.java:196"
        }
      ],
      "number": 3,
      "commentIndex": 7,
      "bugId": "197351",
      "date": "2007-07-25T21:56:59+02:00",
      "product": "OHF",
      "component": "STEM",
      "severity": "normal"
    },
    {
      "exceptionType": "java.lang.IllegalStateException",
      "message": "newSeirDeaths is insane, state is:  present state is:  CurrentSEIR[s:0.00, e:0.00, iR:0.00, iF:0.00, r:0.00, B:0.00, D:0.00, DD:0.00]  SeirAdditions[s:0.00, e:0.00, iR:0.00, iF:0.00, r:0.00, B:0.00, D:0.00, DD:0.00]  SeirDeaths[s:0.00, e:1,000,000,000,000.00, iR:0.00, iF:0.00, r:0.00, B:1.00, D:1,000,000,000,000.00, DD:1,000,000,000,000.00]  NewSeirAdditions[s:0.00, e:0.00, iR:0.00, iF:0.00, r:0.00, B:0.00, D:0.00, DD:0.00]  NewSeirDeaths[s:0.00, e:0.00, iR:0.00, iF:0.00, r:0.00, B:1.00, D:0.00, DD:1,000,000,000,000.00]  CalculatedSeirAdditions[s:0.00, e:0.00, iR:0.00, iF:0.00, r:0.00, B:0.00, D:0.00, DD:0.00]  CalculatedSeirDeaths[s:0.00, e:0.00, iR:0.00, iF:0.00, r:0.00, B:1.00, D:0.00, DD:1,000,000,000,000.00]",
      "elements": [
        {
          "method": "org.eclipse.ohf.stem.diseasemodels.standard.tests.StochasticSEIRDiseaseModelTest.validateModelSpecificAdjustments",
          "source": "StochasticSEIRDiseaseModelTest.java:281"
        },
        {
          "method": "org.eclipse.ohf.stem.diseasemodels.standard.tests.StochasticSEIRDiseaseModelTest.testModelSpecificAdjustments",
          "source": "StochasticSEIRDiseaseModelTest.java:178"
        },
        {
          "method": "sun.reflect.NativeMethodAccessorImpl.invoke0",
          "source": "Native Method"
        },
        {
          "method": "sun.reflect.NativeMethodAccessorImpl.invoke",
          "source": "NativeMethodAccessorImpl.java:64"
        },
        {
          "method": "sun.reflect.DelegatingMethodAccessorImpl.invoke",
          "source": "DelegatingMethodAccessorImpl.java:43"
        },
        {
          "method": "java.lang.reflect.Method.invoke",
          "source": "Method.java:615"
        },
        {
          "method": "junit.framework.TestCase.runTest",
          "source": "TestCase.java:164"
        },
        {
          "method": "junit.framework.TestCase.runBare",
          "source": "TestCase.java:130"
        },
        {
          "method": "junit.framework.TestResult$1.protect",
          "source": "TestResult.java:106"
        },
        {
          "method": "junit.framework.TestResult.runProtected",
          "source": "TestResult.java:124"
        },
        {
          "method": "junit.framework.TestResult.run",
          "source": "TestResult.java:109"
        },
        {
          "method": "junit.framework.TestCase.run",
          "source": "TestCase.java:120"
        },
        {
          "method": "junit.framework.TestSuite.runTest",
          "source": "TestSuite.java:230"
        },
        {
          "method": "junit.framework.TestSuite.run",
          "source": "TestSuite.java:225"
        },
        {
          "method": "junit.framework.TestSuite.runTest",
          "source": "TestSuite.java:230"
        },
        {
          "method": "junit.framework.TestSuite.run",
          "source": "TestSuite.java:225"
        },
        {
          "method": "junit.framework.TestSuite.runTest",
          "source": "TestSuite.java:230"
        },
        {
          "method": "junit.framework.TestSuite.run",
          "source": "TestSuite.java:225"
        },
        {
          "method": "org.eclipse.jdt.internal.junit.runner.junit3.JUnit3TestReference.run",
          "source": "JUnit3TestReference.java:130"
        },
        {
          "method": "org.eclipse.jdt.internal.junit.runner.TestExecution.run",
          "source": "TestExecution.java:38"
        },
        {
          "method": "org.eclipse.jdt.internal.junit.runner.RemoteTestRunner.runTests",
          "source": "RemoteTestRunner.java:460"
        },
        {
          "method": "org.eclipse.jdt.internal.junit.runner.RemoteTestRunner.runTests",
          "source": "RemoteTestRunner.java:673"
        },
        {
          "method": "org.eclipse.jdt.internal.junit.runner.RemoteTestRunner.run",
          "source": "RemoteTestRunner.java:386"
        },
        {
          "method": "org.eclipse.jdt.internal.junit.runner.RemoteTestRunner.main",
          "source": "RemoteTestRunner.java:196"
        }
      ],
      "number": 4,
      "commentIndex": 7,
      "bugId": "197351",
      "date": "2007-07-25T21:56:59+02:00",
      "product": "OHF",
      "component": "STEM",
      "severity": "normal"
    }
  ],
  "groupId": "197351",
  "bugId": "197351",
  "date": "2007-07-21T00:18:05+02:00",
  "product": "OHF",
  "component": "STEM",
  "severity": "normal"
}