{
  "comments": [
    "InactiveProcessException when launching a manual test.\n\nUsing the http://www.eclipse.org/tptp/home/downloads/?buildId\u003dTPTP-4.5.0-200712101040 build, launching a manual test case (IAC or Agent Controller) the following error:\n\n!SESSION 2007-12-11 08:26:06.812 -----------------------------------------------\neclipse.buildId\u003dN20071204-0010\njava.fullversion\u003dJ2RE 1.5.0 IBM J9 2.3 Windows XP x86-32 j9vmwi3223ifx-20070323 (JIT enabled)\nJ9VM - 20070322_12058_lHdSMR\nJIT  - 20070109_1805ifx3_r8\nGC   - WASIFIX_2007\nBootLoader constants: OS\u003dwin32, ARCH\u003dx86, WS\u003dwin32, NL\u003den_US\nCommand-line arguments:  -os win32 -ws win32 -arch x86 -clean -data D:\\AC_Hyades_WSAD_Drivers\\TPTP-4.5-I4-A\\eclipse\\workspace\n\n!ENTRY org.eclipse.hyades.test.core 1 0 2007-12-11 08:27:37.828\n!MESSAGE org.eclipse.hyades.internal.execution.local.control.InactiveProcessException\n!STACK 0\norg.eclipse.hyades.internal.execution.local.control.InactiveProcessException\n\tat org.eclipse.hyades.execution.harness.TestExecutionHarnessExecutorStub.launch(TestExecutionHarnessExecutorStub.java:422)\n\tat org.eclipse.hyades.execution.harness.TestExecutionHarness.launchTestExecution(TestExecutionHarness.java:2098)\n\tat org.eclipse.hyades.execution.harness.TestExecutionHarness.access$2(TestExecutionHarness.java:1830)\n\tat org.eclipse.hyades.execution.harness.TestExecutionHarness$2.run(TestExecutionHarness.java:750)\n\tat org.eclipse.core.internal.jobs.Worker.run(Worker.java:55)\n\n!ENTRY org.eclipse.hyades.test.core 1 0 2007-12-11 08:27:37.843\n!MESSAGE java.lang.RuntimeException: org.eclipse.hyades.internal.execution.local.control.InactiveProcessException\n!STACK 0\njava.lang.RuntimeException: org.eclipse.hyades.internal.execution.local.control.InactiveProcessException\n\tat org.eclipse.hyades.execution.harness.TestExecutionHarnessExecutorStub.handleException(TestExecutionHarnessExecutorStub.java:347)\n\tat org.eclipse.hyades.execution.harness.TestExecutionHarnessExecutorStub.launch(TestExecutionHarnessExecutorStub.java:434)\n\tat org.eclipse.hyades.execution.harness.TestExecutionHarness.launchTestExecution(TestExecutionHarness.java:2098)\n\tat org.eclipse.hyades.execution.harness.TestExecutionHarness.access$2(TestExecutionHarness.java:1830)\n\tat org.eclipse.hyades.execution.harness.TestExecutionHarness$2.run(TestExecutionHarness.java:750)\n\tat org.eclipse.core.internal.jobs.Worker.run(Worker.java:55)\nCaused by: org.eclipse.hyades.internal.execution.local.control.InactiveProcessException\n\tat org.eclipse.hyades.execution.harness.TestExecutionHarnessExecutorStub.launch(TestExecutionHarnessExecutorStub.java:422)\n\t... 4 more\n\n!ENTRY org.eclipse.hyades.test.core 4 0 2007-12-11 08:27:38.000\n!MESSAGE IWAT4039E The Test Execution Harness reported the following problems:org.eclipse.hyades.internal.execution.local.control.InactiveProcessException",
    "The following files checked in to CVS (HEAD):\n\norg.eclipse.tptp.test.tools.manual.internal.harness.ManualExecutableObjectAdapter.java\norg.eclipse.tptp.test.tools.manual.util.ManualConstants.java\norg.eclipse.tptp.test.tools.manual.SetConfig.java\n\nAlso, fixed the JUnit Plug-in test type:\n\norg.eclipse.tptp.test.tools.junit.plugin.SetConfig.java\n"
  ],
  "commentCreationDates": [
    "2007-12-11T12:31:58+01:00",
    "2007-12-11T13:31:20+01:00"
  ],
  "traces": [
    {
      "exceptionType": "org.eclipse.hyades.internal.execution.local.control.InactiveProcessException",
      "elements": [
        {
          "method": "org.eclipse.hyades.execution.harness.TestExecutionHarnessExecutorStub.launch",
          "source": "TestExecutionHarnessExecutorStub.java:422"
        },
        {
          "method": "org.eclipse.hyades.execution.harness.TestExecutionHarness.launchTestExecution",
          "source": "TestExecutionHarness.java:2098"
        },
        {
          "method": "org.eclipse.hyades.execution.harness.TestExecutionHarness.access$2",
          "source": "TestExecutionHarness.java:1830"
        },
        {
          "method": "org.eclipse.hyades.execution.harness.TestExecutionHarness$2.run",
          "source": "TestExecutionHarness.java:750"
        },
        {
          "method": "org.eclipse.core.internal.jobs.Worker.run",
          "source": "Worker.java:55"
        }
      ],
      "number": 0,
      "commentIndex": 0,
      "bugId": "212535",
      "date": "2007-12-11T12:31:58+01:00",
      "product": "TPTP Testing",
      "component": "Test.Execution.ManualRunner",
      "severity": "critical"
    },
    {
      "exceptionType": "org.eclipse.hyades.internal.execution.local.control.InactiveProcessException",
      "elements": [
        {
          "method": "org.eclipse.hyades.execution.harness.TestExecutionHarnessExecutorStub.handleException",
          "source": "TestExecutionHarnessExecutorStub.java:347"
        },
        {
          "method": "org.eclipse.hyades.execution.harness.TestExecutionHarnessExecutorStub.launch",
          "source": "TestExecutionHarnessExecutorStub.java:434"
        },
        {
          "method": "org.eclipse.hyades.execution.harness.TestExecutionHarness.launchTestExecution",
          "source": "TestExecutionHarness.java:2098"
        },
        {
          "method": "org.eclipse.hyades.execution.harness.TestExecutionHarness.access$2",
          "source": "TestExecutionHarness.java:1830"
        },
        {
          "method": "org.eclipse.hyades.execution.harness.TestExecutionHarness$2.run",
          "source": "TestExecutionHarness.java:750"
        },
        {
          "method": "org.eclipse.core.internal.jobs.Worker.run",
          "source": "Worker.java:55"
        }
      ],
      "causedBy": {
        "exceptionType": "org.eclipse.hyades.internal.execution.local.control.InactiveProcessException",
        "elements": [
          {
            "method": "org.eclipse.hyades.execution.harness.TestExecutionHarnessExecutorStub.launch",
            "source": "TestExecutionHarnessExecutorStub.java:422"
          }
        ],
        "number": 0,
        "commentIndex": 0
      },
      "number": 1,
      "commentIndex": 0,
      "bugId": "212535",
      "date": "2007-12-11T12:31:58+01:00",
      "product": "TPTP Testing",
      "component": "Test.Execution.ManualRunner",
      "severity": "critical"
    }
  ],
  "groupId": "212535",
  "bugId": "212535",
  "date": "2007-12-11T12:31:58+01:00",
  "product": "TPTP Testing",
  "component": "Test.Execution.ManualRunner",
  "severity": "critical"
}