{
  "comments": [
    "There are 11 failures in the non-LRG tests.  A couple are expected, but most seem to be issues with the migration that need to be fixed.\n\nWARNING, some JDBC drivers may fail if they are not thread safe.\nJDBC-ODBC will not be run for this test.\nOracle OCI may fail.\nDB2 IBM JDBC may fail.\nWARNING, some tests may take 3 minutes or moreWARNING, some tests may take 3 minutes or moreWARNING, some tests may take 3 minutes or more\nVERSION: Eclipse Persistence Services - SNAPSHOT (Build 20071211)\nTEST MODEL NAME: NonLRGTestModel\nMODEL DESCRIPTION: This model includes all of the tests not in the LRG.\n\n\tVERSION: Eclipse Persistence Services - SNAPSHOT (Build 20071211)\n\tTEST MODEL NAME: ClassPathTestModel\n\tMODEL DESCRIPTION: \n\n\t\tVERSION:   Eclipse Persistence Services - SNAPSHOT (Build 20071211)\n\t\tTEST NAME:   DeploymentXMLXDBEISDependencyTest\n\t\tTEST DESCRIPTION: Tests that deployment XML does not require EIS or XDB depend jars for loading basic projects.\n\t\t##FAILURE##\n\t\tTEST TIME:      0\n\t\tTOTAL TIME:      16\n\t\tRESULT:      Problem\n\t\tLocal Exception Stack: \n\t\tException [EclipseLink-0] (Eclipse Persistence Services - SNAPSHOT (Build 20071211)): org.eclipse.persistence.testing.framework.TestProblemException\n\t\tException Description: connector.jar must not be on the classpath for this test to run.\n\tat org.eclipse.persistence.testing.tests.classpath.DeploymentXMLXDBEISDependencyTest.setup(DeploymentXMLXDBEISDependencyTest.java:30)\n\tat org.eclipse.persistence.testing.framework.TestCase.setUp(TestCase.java:223)\n\tat org.eclipse.persistence.testing.framework.TestCase.execute(TestCase.java:135)\n\tat org.eclipse.persistence.testing.framework.TestExecutor.execute(TestExecutor.java:244)\n\tat org.eclipse.persistence.testing.framework.TestModel.execute(TestModel.java:205)\n\tat org.eclipse.persistence.testing.framework.TestExecutor.execute(TestExecutor.java:244)\n\tat org.eclipse.persistence.testing.framework.TestModel.execute(TestModel.java:205)\n\tat org.eclipse.persistence.testing.framework.TestExecutor.execute(TestExecutor.java:244)\n\tat org.eclipse.persistence.testing.framework.TestExecutor.runTest(TestExecutor.java:660)\n\tat org.eclipse.persistence.testing.framework.ui.SynchronizedTestExecutor.run(SynchronizedTestExecutor.java:58)\n\n\n\t\tVERSION:   Eclipse Persistence Services - SNAPSHOT (Build 20071211)\n\t\tTEST NAME:   DeploymentXMLJDBCDependencyTest\n\t\tTEST DESCRIPTION: Tests that deployment XML does not require jdbc jar for loading basic projects.\n\t\t##FAILURE##\n\t\tTEST TIME:      0\n\t\tTOTAL TIME:      0\n\t\tRESULT:      Problem\n\t\tLocal Exception Stack: \n\t\tException [EclipseLink-0] (Eclipse Persistence Services - SNAPSHOT (Build 20071211)): org.eclipse.persistence.testing.framework.TestProblemException\n\t\tException Description: jdbc jar must not be on the classpath for this test to run.\n\tat org.eclipse.persistence.testing.tests.classpath.DeploymentXMLJDBCDependencyTest.setup(DeploymentXMLJDBCDependencyTest.java:30)\n\tat org.eclipse.persistence.testing.framework.TestCase.setUp(TestCase.java:223)\n\tat org.eclipse.persistence.testing.framework.TestCase.execute(TestCase.java:135)\n\tat org.eclipse.persistence.testing.framework.TestExecutor.execute(TestExecutor.java:244)\n\tat org.eclipse.persistence.testing.framework.TestModel.execute(TestModel.java:205)\n\tat org.eclipse.persistence.testing.framework.TestExecutor.execute(TestExecutor.java:244)\n\tat org.eclipse.persistence.testing.framework.TestModel.execute(TestModel.java:205)\n\tat org.eclipse.persistence.testing.framework.TestExecutor.execute(TestExecutor.java:244)\n\tat org.eclipse.persistence.testing.framework.TestExecutor.runTest(TestExecutor.java:660)\n\tat org.eclipse.persistence.testing.framework.ui.SynchronizedTestExecutor.run(SynchronizedTestExecutor.java:58)\n\n\n\tRESULTS OF TEST MODEL: ClassPathTestModel\n\t###ERRORS###\n\tWarnings: 0\n\tProblems: 4\n\tErrors: 0\n\tFatal Errors: 0\n\tPassed: 1\n\tSetup Warnings: 0\n\tSetup Failures: 0\n\tTotal Time: 1287\n\tTotal Tests: 3\n\n\n\tVERSION: Eclipse Persistence Services - SNAPSHOT (Build 20071211)\n\tTEST MODEL NAME: DbChangeNotificationTestModel\n\tMODEL DESCRIPTION: \n\n\t\tVERSION: Eclipse Persistence Services - SNAPSHOT (Build 20071211)\n\t\tTEST MODEL NAME: DbChangeNotificationInternalTestModel broadcast\n\t\tMODEL DESCRIPTION: Test Database change notification using JMS on top of Oracle AQ.\n\n\t\t\tVERSION:   Eclipse Persistence Services - SNAPSHOT (Build 20071211)\n\t\t\tTEST NAME:   DbChangeNotificationTest listener broadcast\n\t\t\tTEST DESCRIPTION: \n\t\t\t##FAILURE##\n\t\t\tTEST TIME:      0\n\t\t\tTOTAL TIME:      10970\n\t\t\tRESULT:      Error\n\t\t\tLocal Exception Stack: \n\t\t\tException [EclipseLink-0] (Eclipse Persistence Services - SNAPSHOT (Build 20071211)): org.eclipse.persistence.testing.framework.TestErrorException\n\t\t\tException Description: session[1] has not invalidated LargeProject\n\tat org.eclipse.persistence.testing.tests.dbchangenotification.DbChangeNotificationTest.verifyInvalidated(DbChangeNotificationTest.java:241)\n\tat org.eclipse.persistence.testing.tests.dbchangenotification.DbChangeNotificationTest.verify(DbChangeNotificationTest.java:204)\n\tat org.eclipse.persistence.testing.framework.TestCase.execute(TestCase.java:153)\n\tat org.eclipse.persistence.testing.framework.TestExecutor.execute(TestExecutor.java:244)\n\tat org.eclipse.persistence.testing.framework.TestModel.execute(TestModel.java:205)\n\tat org.eclipse.persistence.testing.framework.TestExecutor.execute(TestExecutor.java:244)\n\tat org.eclipse.persistence.testing.framework.TestModel.execute(TestModel.java:205)\n\tat org.eclipse.persistence.testing.framework.TestExecutor.execute(TestExecutor.java:244)\n\tat org.eclipse.persistence.testing.framework.TestModel.execute(TestModel.java:205)\n\tat org.eclipse.persistence.testing.framework.TestExecutor.execute(TestExecutor.java:244)\n\tat org.eclipse.persistence.testing.framework.TestExecutor.runTest(TestExecutor.java:660)\n\tat org.eclipse.persistence.testing.framework.ui.SynchronizedTestExecutor.run(SynchronizedTestExecutor.java:58)\n\n\n\t\tRESULTS OF TEST MODEL: DbChangeNotificationInternalTestModel broadcast\n\t\t###ERRORS###\n\t\tWarnings: 0\n\t\tProblems: 0\n\t\tErrors: 1\n\t\tFatal Errors: 0\n\t\tPassed: 1\n\t\tSetup Warnings: 0\n\t\tSetup Failures: 0\n\t\tTotal Time: 21799\n\t\tTotal Tests: 2\n\n\n\tRESULTS OF TEST MODEL: DbChangeNotificationTestModel\n\t###ERRORS###\n\tWarnings: 0\n\tProblems: 0\n\tErrors: 1\n\tFatal Errors: 0\n\tPassed: 3\n\tSetup Warnings: 0\n\tSetup Failures: 0\n\tTotal Time: 35015\n\tTotal Tests: 4\n\n\n\tVERSION: Eclipse Persistence Services - SNAPSHOT (Build 20071211)\n\tTEST MODEL NAME: EISTestModel\n\tMODEL DESCRIPTION: This model tests EIS\n\n\n\t\tVERSION: Eclipse Persistence Services - SNAPSHOT (Build 20071211)\n\t\tTEST SUITE NAME: EIS tests\n\t\tSUITE DESCRIPTION: \n\n\t\t\tVERSION: Eclipse Persistence Services - SNAPSHOT (Build 20071211)\n\t\t\tTEST MODEL NAME: AQTestModel\n\t\t\tMODEL DESCRIPTION: Test TopLink EIS with the Oracle AQ drivers.\n\n\t\t\tRESULTS OF TEST MODEL: AQTestModel\n\t\t\t\n## SETUP FAILURE: \nException [EclipseLink-43] (Eclipse Persistence Services - SNAPSHOT (Build 20071211)): org.eclipse.persistence.exceptions.DescriptorException\nException Description: Missing class for indicator field value [eclipselink:xml-interaction] of type [class java.lang.String].\nDescriptor: XMLDescriptor(org.eclipse.persistence.queries.Call --\u003e [DatabaseTable(call)])\nLocal Exception Stack: \nException [EclipseLink-43] (Eclipse Persistence Services - SNAPSHOT (Build 20071211)): org.eclipse.persistence.exceptions.DescriptorException\nException Description: Missing class for indicator field value [eclipselink:xml-interaction] of type [class java.lang.String].\nDescriptor: XMLDescriptor(org.eclipse.persistence.queries.Call --\u003e [DatabaseTable(call)])\n\tat org.eclipse.persistence.exceptions.DescriptorException.missingClassForIndicatorFieldValue(DescriptorException.java:903)\n\tat org.eclipse.persistence.internal.oxm.QNameInheritancePolicy.classFromRow(QNameInheritancePolicy.java:141)\n\tat org.eclipse.persistence.oxm.mappings.XMLCompositeObjectMapping.valueFromRow(XMLCompositeObjectMapping.java:324)\n\tat org.eclipse.persistence.oxm.mappings.XMLCompositeObjectMapping.readFromRowIntoObject(XMLCompositeObjectMapping.java:313)\n\tat org.eclipse.persistence.internal.descriptors.ObjectBuilder.buildAttributesIntoObject(ObjectBuilder.java:285)\n\tat org.eclipse.persistence.internal.oxm.XMLObjectBuilder.buildObject(XMLObjectBuilder.java:263)\n\tat org.eclipse.persistence.oxm.mappings.XMLCompositeObjectMapping.buildCompositeObject(XMLCompositeObjectMapping.java:285)\n\tat org.eclipse.persistence.oxm.mappings.XMLCompositeObjectMapping.valueFromRow(XMLCompositeObjectMapping.java:349)\n\tat org.eclipse.persistence.oxm.mappings.XMLCompositeObjectMapping.readFromRowIntoObject(XMLCompositeObjectMapping.java:313)\n\tat org.eclipse.persistence.internal.descriptors.ObjectBuilder.buildAttributesIntoObject(ObjectBuilder.java:285)\n\tat org.eclipse.persistence.internal.oxm.XMLObjectBuilder.buildObject(XMLObjectBuilder.java:263)\n\tat org.eclipse.persistence.oxm.mappings.XMLCompositeObjectMapping.buildCompositeObject(XMLCompositeObjectMapping.java:285)\n\tat org.eclipse.persistence.oxm.mappings.XMLCompositeObjectMapping.valueFromRow(XMLCompositeObjectMapping.java:349)\n\tat org.eclipse.persistence.oxm.mappings.XMLCompositeObjectMapping.readFromRowIntoObject(XMLCompositeObjectMapping.java:313)\n\tat org.eclipse.persistence.internal.descriptors.ObjectBuilder.buildAttributesIntoObject(ObjectBuilder.java:285)\n\tat org.eclipse.persistence.internal.oxm.XMLObjectBuilder.buildObject(XMLObjectBuilder.java:263)\n\tat org.eclipse.persistence.oxm.mappings.XMLCompositeCollectionMapping.buildCompositeObject(XMLCompositeCollectionMapping.java:205)\n\tat org.eclipse.persistence.oxm.mappings.XMLCompositeCollectionMapping.valueFromRow(XMLCompositeCollectionMapping.java:306)\n\tat org.eclipse.persistence.mappings.DatabaseMapping.readFromRowIntoObject(DatabaseMapping.java:1125)\n\tat org.eclipse.persistence.internal.descriptors.ObjectBuilder.buildAttributesIntoObject(ObjectBuilder.java:285)\n\tat org.eclipse.persistence.internal.oxm.XMLObjectBuilder.buildObject(XMLObjectBuilder.java:263)\n\tat org.eclipse.persistence.internal.oxm.record.DOMUnmarshaller.xmlToObject(DOMUnmarshaller.java:368)\n\tat org.eclipse.persistence.internal.oxm.record.DOMUnmarshaller.xmlToObject(DOMUnmarshaller.java:294)\n\tat org.eclipse.persistence.internal.oxm.record.DOMUnmarshaller.unmarshal(DOMUnmarshaller.java:178)\n\tat org.eclipse.persistence.oxm.XMLUnmarshaller.unmarshal(XMLUnmarshaller.java:407)\n\tat org.eclipse.persistence.sessions.factories.XMLProjectReader.readObjectPersistenceRuntimeFormat(XMLProjectReader.java:266)\n\tat org.eclipse.persistence.sessions.factories.XMLProjectReader.read(XMLProjectReader.java:156)\n\tat org.eclipse.persistence.sessions.factories.XMLProjectReader.read(XMLProjectReader.java:215)\n\tat org.eclipse.persistence.testing.tests.eis.aq.AQTestModel.setup(AQTestModel.java:136)\n\tat org.eclipse.persistence.testing.framework.TestModel.setupEntity(TestModel.java:407)\n\tat org.eclipse.persistence.testing.framework.TestModel.execute(TestModel.java:197)\n\tat org.eclipse.persistence.testing.framework.TestExecutor.execute(TestExecutor.java:244)\n\tat org.eclipse.persistence.testing.framework.TestSuite.execute(TestSuite.java:72)\n\tat org.eclipse.persistence.testing.framework.TestExecutor.execute(TestExecutor.java:244)\n\tat org.eclipse.persistence.testing.framework.TestModel.execute(TestModel.java:205)\n\tat org.eclipse.persistence.testing.framework.TestExecutor.execute(TestExecutor.java:244)\n\tat org.eclipse.persistence.testing.framework.TestModel.execute(TestModel.java:205)\n\tat org.eclipse.persistence.testing.framework.TestExecutor.execute(TestExecutor.java:244)\n\tat org.eclipse.persistence.testing.framework.TestExecutor.runTest(TestExecutor.java:660)\n\tat org.eclipse.persistence.testing.framework.ui.SynchronizedTestExecutor.run(SynchronizedTestExecutor.java:58)\n\n\t\t\tVERSION: Eclipse Persistence Services - SNAPSHOT (Build 20071211)\n\t\t\tTEST MODEL NAME: XMLFileTestModel\n\t\t\tMODEL DESCRIPTION: Test TopLink EIS with an emulated xml file adapter.\n\n\t\t\tRESULTS OF TEST MODEL: XMLFileTestModel\n\t\t\t\n## SETUP FAILURE: \nException [EclipseLink-3007] (Eclipse Persistence Services - SNAPSHOT (Build 20071211)): org.eclipse.persistence.exceptions.ConversionException\nException Description: The object [org.eclipse.persistence.eis.adapters.attunity.AttunityPlatform], of class [class java.lang.String], could not be converted to [class java.lang.Class].  Please ensure that the class [org.eclipse.persistence.eis.adapters.attunity.AttunityPlatform] is on the CLASSPATH.  You may need to use alternate API passing in the appropriate class loader as required, or setting it on the default ConversionManager\nInternal Exception: java.lang.ClassNotFoundException: org.eclipse.persistence.eis.adapters.attunity.AttunityPlatform\nLocal Exception Stack: \nException [EclipseLink-3007] (Eclipse Persistence Services - SNAPSHOT (Build 20071211)): org.eclipse.persistence.exceptions.ConversionException\nException Description: The object [org.eclipse.persistence.eis.adapters.attunity.AttunityPlatform], of class [class java.lang.String], could not be converted to [class java.lang.Class].  Please ensure that the class [org.eclipse.persistence.eis.adapters.attunity.AttunityPlatform] is on the CLASSPATH.  You may need to use alternate API passing in the appropriate class loader as required, or setting it on the default ConversionManager\nInternal Exception: java.lang.ClassNotFoundException: org.eclipse.persistence.eis.adapters.attunity.AttunityPlatform\n\tat org.eclipse.persistence.exceptions.ConversionException.couldNotBeConvertedToClass(ConversionException.java:84)\n\tat org.eclipse.persistence.internal.helper.ConversionManager.convertObjectToClass(ConversionManager.java:428)\n\tat org.eclipse.persistence.internal.helper.ConversionManager.convertObject(ConversionManager.java:144)\n\tat org.eclipse.persistence.internal.oxm.XMLConversionManager.convertObject(XMLConversionManager.java:182)\n\tat org.eclipse.persistence.internal.databaseaccess.DatasourcePlatform.convertObject(DatasourcePlatform.java:150)\n\tat org.eclipse.persistence.sessions.factories.EclipseLinkObjectPersistenceRuntimeXMLProject$4.convertDataValueToObjectValue(EclipseLinkObjectPersistenceRuntimeXMLProject.java:863)\n\tat org.eclipse.persistence.oxm.mappings.XMLDirectMapping.getAttributeValue(XMLDirectMapping.java:264)\n\tat org.eclipse.persistence.oxm.mappings.XMLDirectMapping.valueFromRow(XMLDirectMapping.java:334)\n\tat org.eclipse.persistence.mappings.DatabaseMapping.readFromRowIntoObject(DatabaseMapping.java:1125)\n\tat org.eclipse.persistence.internal.descriptors.ObjectBuilder.buildAttributesIntoObject(ObjectBuilder.java:285)\n\tat org.eclipse.persistence.internal.oxm.XMLObjectBuilder.buildObject(XMLObjectBuilder.java:263)\n\tat org.eclipse.persistence.oxm.mappings.XMLCompositeObjectMapping.buildCompositeObject(XMLCompositeObjectMapping.java:285)\n\tat org.eclipse.persistence.oxm.mappings.XMLCompositeObjectMapping.valueFromRow(XMLCompositeObjectMapping.java:349)\n\tat org.eclipse.persistence.oxm.mappings.XMLCompositeObjectMapping.readFromRowIntoObject(XMLCompositeObjectMapping.java:313)\n\tat org.eclipse.persistence.internal.descriptors.ObjectBuilder.buildAttributesIntoObject(ObjectBuilder.java:285)\n\tat org.eclipse.persistence.internal.oxm.XMLObjectBuilder.buildObject(XMLObjectBuilder.java:263)\n\tat org.eclipse.persistence.internal.oxm.record.DOMUnmarshaller.xmlToObject(DOMUnmarshaller.java:368)\n\tat org.eclipse.persistence.internal.oxm.record.DOMUnmarshaller.xmlToObject(DOMUnmarshaller.java:294)\n\tat org.eclipse.persistence.internal.oxm.record.DOMUnmarshaller.unmarshal(DOMUnmarshaller.java:178)\n\tat org.eclipse.persistence.oxm.XMLUnmarshaller.unmarshal(XMLUnmarshaller.java:407)\n\tat org.eclipse.persistence.sessions.factories.XMLProjectReader.readObjectPersistenceRuntimeFormat(XMLProjectReader.java:266)\n\tat org.eclipse.persistence.sessions.factories.XMLProjectReader.read(XMLProjectReader.java:156)\n\tat org.eclipse.persistence.sessions.factories.XMLProjectReader.read(XMLProjectReader.java:215)\n\tat org.eclipse.persistence.testing.tests.eis.xmlfile.XMLFileTestModel.setup(XMLFileTestModel.java:49)\n\tat org.eclipse.persistence.testing.framework.TestModel.setupEntity(TestModel.java:407)\n\tat org.eclipse.persistence.testing.framework.TestModel.execute(TestModel.java:197)\n\tat org.eclipse.persistence.testing.framework.TestExecutor.execute(TestExecutor.java:244)\n\tat org.eclipse.persistence.testing.framework.TestSuite.execute(TestSuite.java:72)\n\tat org.eclipse.persistence.testing.framework.TestExecutor.execute(TestExecutor.java:244)\n\tat org.eclipse.persistence.testing.framework.TestModel.execute(TestModel.java:205)\n\tat org.eclipse.persistence.testing.framework.TestExecutor.execute(TestExecutor.java:244)\n\tat org.eclipse.persistence.testing.framework.TestModel.execute(TestModel.java:205)\n\tat org.eclipse.persistence.testing.framework.TestExecutor.execute(TestExecutor.java:244)\n\tat org.eclipse.persistence.testing.framework.TestExecutor.runTest(TestExecutor.java:660)\n\tat org.eclipse.persistence.testing.framework.ui.SynchronizedTestExecutor.run(SynchronizedTestExecutor.java:58)\nCaused by: java.lang.ClassNotFoundException: org.eclipse.persistence.eis.adapters.attunity.AttunityPlatform\n\tat java.net.URLClassLoader$1.run(URLClassLoader.java:200)\n\tat java.security.AccessController.doPrivileged(Native Method)\n\tat java.net.URLClassLoader.findClass(URLClassLoader.java:188)\n\tat java.lang.ClassLoader.loadClass(ClassLoader.java:306)\n\tat sun.misc.Launcher$AppClassLoader.loadClass(Launcher.java:268)\n\tat java.lang.ClassLoader.loadClass(ClassLoader.java:251)\n\tat java.lang.ClassLoader.loadClassInternal(ClassLoader.java:319)\n\tat java.lang.Class.forName0(Native Method)\n\tat java.lang.Class.forName(Class.java:242)\n\tat org.eclipse.persistence.internal.helper.ConversionManager.convertObjectToClass(ConversionManager.java:425)\n\t... 33 more\n\n\t\tRESULTS OF TEST SUITE: EIS tests\n\t\tWarnings: 0\n\t\tProblems: 0\n\t\tErrors: 0\n\t\tFatal Errors: 0\n\t\tPassed: 9\n\t\tSetup Warnings: 0\n\t\tSetup Failures: 2\n\t\tTotal Time: 4822\n\t\tTotal Tests: 9\n\n\n\tRESULTS OF TEST MODEL: EISTestModel\n\tWarnings: 0\n\tProblems: 0\n\tErrors: 0\n\tFatal Errors: 0\n\tPassed: 9\n\tSetup Warnings: 0\n\tSetup Failures: 2\n\tTotal Time: 5149\n\tTotal Tests: 9\n\n\n\tVERSION: Eclipse Persistence Services - SNAPSHOT (Build 20071211)\n\tTEST MODEL NAME: EmployeeWeavingTestModel\n\tMODEL DESCRIPTION: This model tests reading/writing using weaved performance employee model.\n\n\tRESULTS OF TEST MODEL: EmployeeWeavingTestModel\n\t\n## SETUP FAILURE: \nException [EclipseLink-7099] (Eclipse Persistence Services - SNAPSHOT (Build 20071211)): org.eclipse.persistence.exceptions.ValidationException\nException Description: The deployment project xml resource [org/eclipse/persistence/testing/models/performance/employee.xml] was not found on the resource path.  Check that the resource name/path and classloader passed to the XMLProjectReader are correct.  The project  xml should be included in the root of the applications deployed jar, if the project xml is deployed in a sub-directory in the applications jar ensure that the correct resource path using \"/\" not \"\\\" is used.\nLocal Exception Stack: \nException [EclipseLink-7099] (Eclipse Persistence Services - SNAPSHOT (Build 20071211)): org.eclipse.persistence.exceptions.ValidationException\nException Description: The deployment project xml resource [org/eclipse/persistence/testing/models/performance/employee.xml] was not found on the resource path.  Check that the resource name/path and classloader passed to the XMLProjectReader are correct.  The project  xml should be included in the root of the applications deployed jar, if the project xml is deployed in a sub-directory in the applications jar ensure that the correct resource path using \"/\" not \"\\\" is used.\n\tat org.eclipse.persistence.exceptions.ValidationException.projectXMLNotFound(ValidationException.java:1445)\n\tat org.eclipse.persistence.sessions.factories.XMLProjectReader.read(XMLProjectReader.java:197)\n\tat org.eclipse.persistence.testing.models.performance.EmployeeSystem.\u003cinit\u003e(EmployeeSystem.java:32)\n\tat org.eclipse.persistence.testing.tests.weaving.EmployeeWeavingTestModel.addRequiredSystems(EmployeeWeavingTestModel.java:39)\n\tat org.eclipse.persistence.testing.framework.TestModel.buildRequiredSystems(TestModel.java:158)\n\tat org.eclipse.persistence.testing.framework.TestModel.configure(TestModel.java:168)\n\tat org.eclipse.persistence.testing.framework.TestModel.setupEntity(TestModel.java:406)\n\tat org.eclipse.persistence.testing.framework.TestModel.execute(TestModel.java:197)\n\tat org.eclipse.persistence.testing.framework.TestExecutor.execute(TestExecutor.java:244)\n\tat org.eclipse.persistence.testing.framework.TestModel.execute(TestModel.java:205)\n\tat org.eclipse.persistence.testing.framework.TestExecutor.execute(TestExecutor.java:244)\n\tat org.eclipse.persistence.testing.framework.TestExecutor.runTest(TestExecutor.java:660)\n\tat org.eclipse.persistence.testing.framework.ui.SynchronizedTestExecutor.run(SynchronizedTestExecutor.java:58)\n\n\tVERSION: Eclipse Persistence Services - SNAPSHOT (Build 20071211)\n\tTEST MODEL NAME: FlashbackTestModel\n\tMODEL DESCRIPTION: Tests the new flashback query tests.  Includes running the expression test suite as of a past time.\n\n\n\t\tVERSION: Eclipse Persistence Services - SNAPSHOT (Build 20071211)\n\t\tTEST SUITE NAME: ExpressionTestSuite\n\t\tSUITE DESCRIPTION: This suite tests expressions.\n\n\t\t\tVERSION:   Eclipse Persistence Services - SNAPSHOT (Build 20071211)\n\t\t\tTEST NAME:   AdvancedSybaseExpressionFunctionTest\n\t\t\tTEST DESCRIPTION: advanced sybase expression function test\n\t\t\tTEST TIME:      0\n\t\t\tTOTAL TIME:      0\n\t\t\tRESULT:      Warning\n\t\t\tException [EclipseLink-0] (Eclipse Persistence Services - SNAPSHOT (Build 20071211)): org.eclipse.persistence.testing.framework.TestWarningException\n\t\t\tException Description: This expression is not supported on this platform.\n\n\t\tRESULTS OF TEST SUITE: ExpressionTestSuite\n\t\tWarnings: 1\n\t\tProblems: 0\n\t\tErrors: 0\n\t\tFatal Errors: 0\n\t\tPassed: 62\n\t\tSetup Warnings: 0\n\t\tSetup Failures: 0\n\t\tTotal Time: 989\n\t\tTotal Tests: 63\n\n\n\tRESULTS OF TEST MODEL: FlashbackTestModel\n\tWarnings: 1\n\tProblems: 0\n\tErrors: 0\n\tFatal Errors: 0\n\tPassed: 138\n\tSetup Warnings: 0\n\tSetup Failures: 0\n\tTotal Time: 373442\n\tTotal Tests: 139\n\n\n\tVERSION: Eclipse Persistence Services - SNAPSHOT (Build 20071211)\n\tTEST MODEL NAME: NLSMappingWorkbenchIntegrationTestModel\n\tMODEL DESCRIPTION: [NLS_Japanese] This model tests mapping workbench integration with the foundation library by writing and reading projects and then running some operations on them.\n\n\tRESULTS OF TEST MODEL: NLSMappingWorkbenchIntegrationTestModel\n\t\n## SETUP FAILURE: \nException [EclipseLink-25008] (Eclipse Persistence Services - SNAPSHOT (Build 20071211)): org.eclipse.persistence.exceptions.XMLMarshalException\nException Description: A descriptor with default root element project was not found in the project\nLocal Exception Stack: \nException [EclipseLink-25008] (Eclipse Persistence Services - SNAPSHOT (Build 20071211)): org.eclipse.persistence.exceptions.XMLMarshalException\nException Description: A descriptor with default root element project was not found in the project\n\tat org.eclipse.persistence.exceptions.XMLMarshalException.noDescriptorWithMatchingRootElement(XMLMarshalException.java:124)\n\tat org.eclipse.persistence.internal.oxm.record.DOMUnmarshaller.getDescriptor(DOMUnmarshaller.java:275)\n\tat org.eclipse.persistence.internal.oxm.record.DOMUnmarshaller.xmlToObject(DOMUnmarshaller.java:293)\n\tat org.eclipse.persistence.internal.oxm.record.DOMUnmarshaller.unmarshal(DOMUnmarshaller.java:178)\n\tat org.eclipse.persistence.oxm.XMLUnmarshaller.unmarshal(XMLUnmarshaller.java:407)\n\tat org.eclipse.persistence.sessions.factories.XMLProjectReader.readObjectPersistenceRuntimeFormat(XMLProjectReader.java:266)\n\tat org.eclipse.persistence.sessions.factories.XMLProjectReader.read(XMLProjectReader.java:156)\n\tat org.eclipse.persistence.sessions.factories.XMLProjectReader.read(XMLProjectReader.java:215)\n\tat org.eclipse.persistence.sessions.factories.XMLProjectReader.read(XMLProjectReader.java:76)\n\tat org.eclipse.persistence.testing.tests.nls.japanese.NLSEmployeeWorkbenchIntegrationSystem.\u003cinit\u003e(NLSEmployeeWorkbenchIntegrationSystem.java:40)\n\tat org.eclipse.persistence.testing.tests.nls.japanese.NLSEmployeeWorkbenchIntegrationSystem.\u003cinit\u003e(NLSEmployeeWorkbenchIntegrationSystem.java:32)\n\tat org.eclipse.persistence.testing.tests.nls.japanese.NLSMappingWorkbenchIntegrationTestModel.addRequiredSystems(NLSMappingWorkbenchIntegrationTestModel.java:28)\n\tat org.eclipse.persistence.testing.framework.TestModel.buildRequiredSystems(TestModel.java:158)\n\tat org.eclipse.persistence.testing.framework.TestModel.configure(TestModel.java:168)\n\tat org.eclipse.persistence.testing.framework.TestModel.setupEntity(TestModel.java:406)\n\tat org.eclipse.persistence.testing.framework.TestModel.execute(TestModel.java:197)\n\tat org.eclipse.persistence.testing.framework.TestExecutor.execute(TestExecutor.java:244)\n\tat org.eclipse.persistence.testing.framework.TestModel.execute(TestModel.java:205)\n\tat org.eclipse.persistence.testing.framework.TestExecutor.execute(TestExecutor.java:244)\n\tat org.eclipse.persistence.testing.framework.TestExecutor.runTest(TestExecutor.java:660)\n\tat org.eclipse.persistence.testing.framework.ui.SynchronizedTestExecutor.run(SynchronizedTestExecutor.java:58)\n\n\tVERSION: Eclipse Persistence Services - SNAPSHOT (Build 20071211)\n\tTEST MODEL NAME: NativeModeCreatorTestModel\n\tMODEL DESCRIPTION: \n\n\n\t\tVERSION: Eclipse Persistence Services - SNAPSHOT (Build 20071211)\n\t\tTEST SUITE NAME: EmployeeReadObjectTestSuite\n\t\tSUITE DESCRIPTION: This suite test the reading of each object in the employee demo.\n\n\t\t\tVERSION:   Eclipse Persistence Services - SNAPSHOT (Build 20071211)\n\t\t\tTEST NAME:   ReadObjectCallTest(class org.eclipse.persistence.testing.models.employee.domain.Employee)\n\t\t\tTEST DESCRIPTION: The test reads the intended object through the call, \u0027class org.eclipse.persistence.testing.models.employee.domain.Employee\u0027, from the database and checks if it was read properly\n\t\t\tTEST TIME:      0\n\t\t\tTOTAL TIME:      0\n\t\t\tRESULT:      Warning\n\t\t\tException [EclipseLink-0] (Eclipse Persistence Services - SNAPSHOT (Build 20071211)): org.eclipse.persistence.testing.framework.TestWarningException\n\t\t\tException Description: this test can\u0027t work with table qualifier set\n\n\t\t\tVERSION:   Eclipse Persistence Services - SNAPSHOT (Build 20071211)\n\t\t\tTEST NAME:   ReadObjectCallTest(class org.eclipse.persistence.testing.models.employee.domain.Employee)\n\t\t\tTEST DESCRIPTION: The test reads the intended object through the call, \u0027class org.eclipse.persistence.testing.models.employee.domain.Employee\u0027, from the database and checks if it was read properly\n\t\t\tTEST TIME:      0\n\t\t\tTOTAL TIME:      0\n\t\t\tRESULT:      Warning\n\t\t\tException [EclipseLink-0] (Eclipse Persistence Services - SNAPSHOT (Build 20071211)): org.eclipse.persistence.testing.framework.TestWarningException\n\t\t\tException Description: this test can\u0027t work with table qualifier set\n\n\t\t\tVERSION:   Eclipse Persistence Services - SNAPSHOT (Build 20071211)\n\t\t\tTEST NAME:   ReadObjectCallTest(class org.eclipse.persistence.testing.models.employee.domain.Employee)\n\t\t\tTEST DESCRIPTION: The test reads the intended object through the call, \u0027class org.eclipse.persistence.testing.models.employee.domain.Employee\u0027, from the database and checks if it was read properly\n\t\t\tTEST TIME:      0\n\t\t\tTOTAL TIME:      0\n\t\t\tRESULT:      Warning\n\t\t\tException [EclipseLink-0] (Eclipse Persistence Services - SNAPSHOT (Build 20071211)): org.eclipse.persistence.testing.framework.TestWarningException\n\t\t\tException Description: this test can\u0027t work with table qualifier set\n\n\t\tRESULTS OF TEST SUITE: EmployeeReadObjectTestSuite\n\t\tWarnings: 3\n\t\tProblems: 0\n\t\tErrors: 0\n\t\tFatal Errors: 0\n\t\tPassed: 12\n\t\tSetup Warnings: 0\n\t\tSetup Failures: 0\n\t\tTotal Time: 314\n\t\tTotal Tests: 15\n\n\n\n\t\tVERSION: Eclipse Persistence Services - SNAPSHOT (Build 20071211)\n\t\tTEST SUITE NAME: EmployeeReadAllTestSuite\n\t\tSUITE DESCRIPTION: This suite tests the reading of all the objects of each class in the employee demo.\n\n\t\t\tVERSION:   Eclipse Persistence Services - SNAPSHOT (Build 20071211)\n\t\t\tTEST NAME:   ReadAllCallTest(org.eclipse.persistence.testing.models.employee.domain.Employee)\n\t\t\tTEST DESCRIPTION: The test reads the intended objects from the database through the call, and checks if it was read properly.\n\t\t\tTEST TIME:      0\n\t\t\tTOTAL TIME:      0\n\t\t\tRESULT:      Warning\n\t\t\tException [EclipseLink-0] (Eclipse Persistence Services - SNAPSHOT (Build 20071211)): org.eclipse.persistence.testing.framework.TestWarningException\n\t\t\tException Description: this test can\u0027t work with table qualifier set\n\n\t\t\tVERSION:   Eclipse Persistence Services - SNAPSHOT (Build 20071211)\n\t\t\tTEST NAME:   ReadAllCallWithOrderingTest(org.eclipse.persistence.testing.models.employee.domain.Employee)\n\t\t\tTEST DESCRIPTION: The test reads the intended objects from the database through the call, and checks if it was read properly.\n\t\t\tTEST TIME:      0\n\t\t\tTOTAL TIME:      0\n\t\t\tRESULT:      Warning\n\t\t\tException [EclipseLink-0] (Eclipse Persistence Services - SNAPSHOT (Build 20071211)): org.eclipse.persistence.testing.framework.TestWarningException\n\t\t\tException Description: this test can\u0027t work with table qualifier set\n\n\t\tRESULTS OF TEST SUITE: EmployeeReadAllTestSuite\n\t\tWarnings: 2\n\t\tProblems: 0\n\t\tErrors: 0\n\t\tFatal Errors: 0\n\t\tPassed: 4\n\t\tSetup Warnings: 0\n\t\tSetup Failures: 0\n\t\tTotal Time: 47\n\t\tTotal Tests: 6\n\n\n\n\t\tVERSION: Eclipse Persistence Services - SNAPSHOT (Build 20071211)\n\t\tTEST SUITE NAME: ExpressionTestSuite\n\t\tSUITE DESCRIPTION: This suite tests expressions.\n\n\t\t\tVERSION:   Eclipse Persistence Services - SNAPSHOT (Build 20071211)\n\t\t\tTEST NAME:   AdvancedSybaseExpressionFunctionTest\n\t\t\tTEST DESCRIPTION: advanced sybase expression function test\n\t\t\tTEST TIME:      0\n\t\t\tTOTAL TIME:      0\n\t\t\tRESULT:      Warning\n\t\t\tException [EclipseLink-0] (Eclipse Persistence Services - SNAPSHOT (Build 20071211)): org.eclipse.persistence.testing.framework.TestWarningException\n\t\t\tException Description: This expression is not supported on this platform.\n\n\t\tRESULTS OF TEST SUITE: ExpressionTestSuite\n\t\tWarnings: 1\n\t\tProblems: 0\n\t\tErrors: 0\n\t\tFatal Errors: 0\n\t\tPassed: 112\n\t\tSetup Warnings: 0\n\t\tSetup Failures: 0\n\t\tTotal Time: 2919\n\t\tTotal Tests: 113\n\n\n\tRESULTS OF TEST MODEL: NativeModeCreatorTestModel\n\tWarnings: 6\n\tProblems: 0\n\tErrors: 0\n\tFatal Errors: 0\n\tPassed: 185\n\tSetup Warnings: 0\n\tSetup Failures: 0\n\tTotal Time: 50645\n\tTotal Tests: 191\n\n\n\tVERSION: Eclipse Persistence Services - SNAPSHOT (Build 20071211)\n\tTEST MODEL NAME: RMIIIOPRemoteModel\n\tMODEL DESCRIPTION: It tests TopLink three tier model.\n\n\tRESULTS OF TEST MODEL: RMIIIOPRemoteModel\n\t\n## SETUP FAILURE: \nException [EclipseLink-0] (Eclipse Persistence Services - SNAPSHOT (Build 20071211)): org.eclipse.persistence.testing.framework.TestProblemException\nException Description: Corba not configured correctly, see system.out\nInternal Exception: javax.naming.NoInitialContextException: Need to specify class name in environment or system property, or as an applet parameter, or in an application resource file:  java.naming.factory.initial\nLocal Exception Stack: \nException [EclipseLink-0] (Eclipse Persistence Services - SNAPSHOT (Build 20071211)): org.eclipse.persistence.testing.framework.TestProblemException\nException Description: Corba not configured correctly, see system.out\nInternal Exception: javax.naming.NoInitialContextException: Need to specify class name in environment or system property, or as an applet parameter, or in an application resource file:  java.naming.factory.initial\n\tat org.eclipse.persistence.testing.tests.remote.rmi.IIOP.RMIServerManagerController.start(RMIServerManagerController.java:119)\n\tat org.eclipse.persistence.testing.tests.remote.rmi.IIOP.RMIServerManagerController.start(RMIServerManagerController.java:72)\n\tat org.eclipse.persistence.testing.tests.remote.rmi.IIOP.RMIServerManagerController.start(RMIServerManagerController.java:68)\n\tat org.eclipse.persistence.testing.tests.remote.rmi.IIOP.RMIIIOPRemoteModel.setup(RMIIIOPRemoteModel.java:63)\n\tat org.eclipse.persistence.testing.framework.TestModel.setupEntity(TestModel.java:407)\n\tat org.eclipse.persistence.testing.framework.TestModel.execute(TestModel.java:197)\n\tat org.eclipse.persistence.testing.framework.TestExecutor.execute(TestExecutor.java:244)\n\tat org.eclipse.persistence.testing.framework.TestModel.execute(TestModel.java:205)\n\tat org.eclipse.persistence.testing.framework.TestExecutor.execute(TestExecutor.java:244)\n\tat org.eclipse.persistence.testing.framework.TestExecutor.runTest(TestExecutor.java:660)\n\tat org.eclipse.persistence.testing.framework.ui.SynchronizedTestExecutor.run(SynchronizedTestExecutor.java:58)\nCaused by: javax.naming.NoInitialContextException: Need to specify class name in environment or system property, or as an applet parameter, or in an application resource file:  java.naming.factory.initial\n\tat javax.naming.spi.NamingManager.getInitialContext(NamingManager.java:645)\n\tat javax.naming.InitialContext.getDefaultInitCtx(InitialContext.java:247)\n\tat javax.naming.InitialContext.getURLOrDefaultInitCtx(InitialContext.java:284)\n\tat javax.naming.InitialContext.rebind(InitialContext.java:367)\n\tat org.eclipse.persistence.testing.tests.remote.rmi.IIOP.RMIServerManagerController.start(RMIServerManagerController.java:117)\n\t... 10 more\n\n\tVERSION: Eclipse Persistence Services - SNAPSHOT (Build 20071211)\n\tTEST MODEL NAME: RMIRemoteModel\n\tMODEL DESCRIPTION: It tests TopLink three tier model.\n\n\n\t\tVERSION: Eclipse Persistence Services - SNAPSHOT (Build 20071211)\n\t\tTEST SUITE NAME: BasicReadTestSuite\n\t\tSUITE DESCRIPTION: This suite tests the reading of objects remotely.\n\n\n\t\t\tVERSION: Eclipse Persistence Services - SNAPSHOT (Build 20071211)\n\t\t\tTEST SUITE NAME: EmployeeReadObjectTestSuite\n\t\t\tSUITE DESCRIPTION: This suite test the reading of each object in the employee demo.\n\n\t\t\t\tVERSION:   Eclipse Persistence Services - SNAPSHOT (Build 20071211)\n\t\t\t\tTEST NAME:   ReadObjectCallTest(class org.eclipse.persistence.testing.models.employee.domain.Employee)\n\t\t\t\tTEST DESCRIPTION: The test reads the intended object through the call, \u0027class org.eclipse.persistence.testing.models.employee.domain.Employee\u0027, from the database and checks if it was read properly\n\t\t\t\tTEST TIME:      0\n\t\t\t\tTOTAL TIME:      0\n\t\t\t\tRESULT:      Warning\n\t\t\t\tException [EclipseLink-0] (Eclipse Persistence Services - SNAPSHOT (Build 20071211)): org.eclipse.persistence.testing.framework.TestWarningException\n\t\t\t\tException Description: this test can\u0027t work with table qualifier set\n\n\t\t\t\tVERSION:   Eclipse Persistence Services - SNAPSHOT (Build 20071211)\n\t\t\t\tTEST NAME:   ReadObjectCallTest(class org.eclipse.persistence.testing.models.employee.domain.Employee)\n\t\t\t\tTEST DESCRIPTION: The test reads the intended object through the call, \u0027class org.eclipse.persistence.testing.models.employee.domain.Employee\u0027, from the database and checks if it was read properly\n\t\t\t\tTEST TIME:      0\n\t\t\t\tTOTAL TIME:      0\n\t\t\t\tRESULT:      Warning\n\t\t\t\tException [EclipseLink-0] (Eclipse Persistence Services - SNAPSHOT (Build 20071211)): org.eclipse.persistence.testing.framework.TestWarningException\n\t\t\t\tException Description: this test can\u0027t work with table qualifier set\n\n\t\t\t\tVERSION:   Eclipse Persistence Services - SNAPSHOT (Build 20071211)\n\t\t\t\tTEST NAME:   ReadObjectCallTest(class org.eclipse.persistence.testing.models.employee.domain.Employee)\n\t\t\t\tTEST DESCRIPTION: The test reads the intended object through the call, \u0027class org.eclipse.persistence.testing.models.employee.domain.Employee\u0027, from the database and checks if it was read properly\n\t\t\t\tTEST TIME:      0\n\t\t\t\tTOTAL TIME:      0\n\t\t\t\tRESULT:      Warning\n\t\t\t\tException [EclipseLink-0] (Eclipse Persistence Services - SNAPSHOT (Build 20071211)): org.eclipse.persistence.testing.framework.TestWarningException\n\t\t\t\tException Description: this test can\u0027t work with table qualifier set\n\n\t\t\tRESULTS OF TEST SUITE: EmployeeReadObjectTestSuite\n\t\t\tWarnings: 3\n\t\t\tProblems: 0\n\t\t\tErrors: 0\n\t\t\tFatal Errors: 0\n\t\t\tPassed: 12\n\t\t\tSetup Warnings: 0\n\t\t\tSetup Failures: 0\n\t\t\tTotal Time: 703\n\t\t\tTotal Tests: 15\n\n\n\n\t\t\tVERSION: Eclipse Persistence Services - SNAPSHOT (Build 20071211)\n\t\t\tTEST SUITE NAME: EmployeeReadAllTestSuite\n\t\t\tSUITE DESCRIPTION: This suite tests the reading of all the objects of each class in the employee demo.\n\n\t\t\t\tVERSION:   Eclipse Persistence Services - SNAPSHOT (Build 20071211)\n\t\t\t\tTEST NAME:   ReadAllCallTest(org.eclipse.persistence.testing.models.employee.domain.Employee)\n\t\t\t\tTEST DESCRIPTION: The test reads the intended objects from the database through the call, and checks if it was read properly.\n\t\t\t\tTEST TIME:      0\n\t\t\t\tTOTAL TIME:      0\n\t\t\t\tRESULT:      Warning\n\t\t\t\tException [EclipseLink-0] (Eclipse Persistence Services - SNAPSHOT (Build 20071211)): org.eclipse.persistence.testing.framework.TestWarningException\n\t\t\t\tException Description: this test can\u0027t work with table qualifier set\n\n\t\t\t\tVERSION:   Eclipse Persistence Services - SNAPSHOT (Build 20071211)\n\t\t\t\tTEST NAME:   ReadAllCallWithOrderingTest(org.eclipse.persistence.testing.models.employee.domain.Employee)\n\t\t\t\tTEST DESCRIPTION: The test reads the intended objects from the database through the call, and checks if it was read properly.\n\t\t\t\tTEST TIME:      0\n\t\t\t\tTOTAL TIME:      0\n\t\t\t\tRESULT:      Warning\n\t\t\t\tException [EclipseLink-0] (Eclipse Persistence Services - SNAPSHOT (Build 20071211)): org.eclipse.persistence.testing.framework.TestWarningException\n\t\t\t\tException Description: this test can\u0027t work with table qualifier set\n\n\t\t\tRESULTS OF TEST SUITE: EmployeeReadAllTestSuite\n\t\t\tWarnings: 2\n\t\t\tProblems: 0\n\t\t\tErrors: 0\n\t\t\tFatal Errors: 0\n\t\t\tPassed: 4\n\t\t\tSetup Warnings: 0\n\t\t\tSetup Failures: 0\n\t\t\tTotal Time: 94\n\t\t\tTotal Tests: 6\n\n\n\t\tRESULTS OF TEST SUITE: BasicReadTestSuite\n\t\tWarnings: 5\n\t\tProblems: 0\n\t\tErrors: 0\n\t\tFatal Errors: 0\n\t\tPassed: 23\n\t\tSetup Warnings: 0\n\t\tSetup Failures: 0\n\t\tTotal Time: 1219\n\t\tTotal Tests: 28\n\n\n\n\t\tVERSION: Eclipse Persistence Services - SNAPSHOT (Build 20071211)\n\t\tTEST SUITE NAME: UnitOfWorkTestSuite\n\t\tSUITE DESCRIPTION: This suite tests updating objects with changed parts.\n\n\t\t\tVERSION:   Eclipse Persistence Services - SNAPSHOT (Build 20071211)\n\t\t\tTEST NAME:   MergeCloneWithReferencesWithNullTest\n\t\t\tTEST DESCRIPTION: This test verifies that mergeCloneWithReferences will not throw an exception when encountering a null within a collection.\n\t\t\tTEST TIME:      0\n\t\t\tTOTAL TIME:      0\n\t\t\tRESULT:      Warning\n\t\t\tException [EclipseLink-0] (Eclipse Persistence Services - SNAPSHOT (Build 20071211)): org.eclipse.persistence.testing.framework.TestWarningException\n\t\t\tException Description: This test cannot be run through the remote.\n\n\t\t\tVERSION:   Eclipse Persistence Services - SNAPSHOT (Build 20071211)\n\t\t\tTEST NAME:   MergeCloneWithReferencesTransparentIndirectionTest\n\t\t\tTEST DESCRIPTION: This verifies that mergeClone works with transparent indirection.\n\t\t\tTEST TIME:      0\n\t\t\tTOTAL TIME:      0\n\t\t\tRESULT:      Warning\n\t\t\tException [EclipseLink-0] (Eclipse Persistence Services - SNAPSHOT (Build 20071211)): org.eclipse.persistence.testing.framework.TestWarningException\n\t\t\tException Description: This test cannot be run through the remote.\n\n\t\t\tVERSION:   Eclipse Persistence Services - SNAPSHOT (Build 20071211)\n\t\t\tTEST NAME:   UnitOfWorkRevertAndResumeWithNewTest\n\t\t\tTEST DESCRIPTION: \n\t\t\tTEST TIME:      0\n\t\t\tTOTAL TIME:      16\n\t\t\tRESULT:      Warning\n\t\t\tException [EclipseLink-0] (Eclipse Persistence Services - SNAPSHOT (Build 20071211)): org.eclipse.persistence.testing.framework.TestWarningException\n\t\t\tException Description: Test unavailable on Remote UnitOfWork\n\n\t\t\tVERSION:   Eclipse Persistence Services - SNAPSHOT (Build 20071211)\n\t\t\tTEST NAME:   NoIMWithValueHolderTest\n\t\t\tTEST DESCRIPTION: This test case should NOT get into an infinite loop (if you\u0027re reading this, it passed).\n\t\t\tTEST TIME:      0\n\t\t\tTOTAL TIME:      0\n\t\t\tRESULT:      Warning\n\t\t\tException [EclipseLink-0] (Eclipse Persistence Services - SNAPSHOT (Build 20071211)): org.eclipse.persistence.testing.framework.TestWarningException\n\t\t\tException Description: This test cannot be run through the remote.\n\n\t\t\tVERSION:   Eclipse Persistence Services - SNAPSHOT (Build 20071211)\n\t\t\tTEST NAME:   DeepMergeCloneSerializedTest\n\t\t\tTEST DESCRIPTION: This test verifies that deepMergeClone works after a serialized transaction\n\t\t\tTEST TIME:      0\n\t\t\tTOTAL TIME:      0\n\t\t\tRESULT:      Warning\n\t\t\tException [EclipseLink-0] (Eclipse Persistence Services - SNAPSHOT (Build 20071211)): org.eclipse.persistence.testing.framework.TestWarningException\n\t\t\tException Description: This test cannot be run through the remote.\n\n\t\t\tVERSION:   Eclipse Persistence Services - SNAPSHOT (Build 20071211)\n\t\t\tTEST NAME:   DeepMergeCloneIndirectionTest\n\t\t\tTEST DESCRIPTION: This test verifies that deepMergeClone works after a serialized transaction.  When nested objects use indirection.\n\t\t\tTEST TIME:      0\n\t\t\tTOTAL TIME:      0\n\t\t\tRESULT:      Warning\n\t\t\tException [EclipseLink-0] (Eclipse Persistence Services - SNAPSHOT (Build 20071211)): org.eclipse.persistence.testing.framework.TestWarningException\n\t\t\tException Description: This test cannot be run through the remote.\n\n\t\t\tVERSION:   Eclipse Persistence Services - SNAPSHOT (Build 20071211)\n\t\t\tTEST NAME:   NoValidationWithInitIdentityMaps\n\t\t\tTEST DESCRIPTION: Test using no validation.\n\t\t\tTEST TIME:      0\n\t\t\tTOTAL TIME:      0\n\t\t\tRESULT:      Warning\n\t\t\tException [EclipseLink-0] (Eclipse Persistence Services - SNAPSHOT (Build 20071211)): org.eclipse.persistence.testing.framework.TestWarningException\n\t\t\tException Description: This test uses functionality that does not work over remote sessions.\n\n\t\t\tVERSION:   Eclipse Persistence Services - SNAPSHOT (Build 20071211)\n\t\t\tTEST NAME:   NoIdentityMergeCloneTest\n\t\t\tTEST DESCRIPTION: Test that the unit of work mergeClone still works when object identity is lost.\n\t\t\tTEST TIME:      0\n\t\t\tTOTAL TIME:      0\n\t\t\tRESULT:      Warning\n\t\t\tException [EclipseLink-0] (Eclipse Persistence Services - SNAPSHOT (Build 20071211)): org.eclipse.persistence.testing.framework.TestWarningException\n\t\t\tException Description: Not support in remote\n\n\t\t\tVERSION:   Eclipse Persistence Services - SNAPSHOT (Build 20071211)\n\t\t\tTEST NAME:   CommitAfterExecuteModifyQueryDuringTransTest\n\t\t\tTEST DESCRIPTION: Test for successful UOW commit with DataModifyQuery being executed from an event during the transaction\n\t\t\tTEST TIME:      0\n\t\t\tTOTAL TIME:      0\n\t\t\tRESULT:      Warning\n\t\t\tException [EclipseLink-0] (Eclipse Persistence Services - SNAPSHOT (Build 20071211)): org.eclipse.persistence.testing.framework.TestWarningException\n\t\t\tException Description: test will not run on RemoteSession - it uses events\n\n\t\t\tVERSION:   Eclipse Persistence Services - SNAPSHOT (Build 20071211)\n\t\t\tTEST NAME:   ErrorOnInsertTest\n\t\t\tTEST DESCRIPTION: \n\t\t\tTEST TIME:      0\n\t\t\tTOTAL TIME:      0\n\t\t\tRESULT:      Warning\n\t\t\tException [EclipseLink-0] (Eclipse Persistence Services - SNAPSHOT (Build 20071211)): org.eclipse.persistence.testing.framework.TestWarningException\n\t\t\tException Description: Unable to trigger error in ClientSession or Remote UnitOfWork\n\n\t\tRESULTS OF TEST SUITE: UnitOfWorkTestSuite\n\t\tWarnings: 10\n\t\tProblems: 0\n\t\tErrors: 0\n\t\tFatal Errors: 0\n\t\tPassed: 68\n\t\tSetup Warnings: 0\n\t\tSetup Failures: 0\n\t\tTotal Time: 5237\n\t\tTotal Tests: 78\n\n\n\n\t\tVERSION: Eclipse Persistence Services - SNAPSHOT (Build 20071211)\n\t\tTEST SUITE NAME: UnitOfWorkEventTestSuite\n\t\tSUITE DESCRIPTION: \n\n\t\t\tVERSION:   Eclipse Persistence Services - SNAPSHOT (Build 20071211)\n\t\t\tTEST NAME:   PrepareUnitOfWorkTest\n\t\t\tTEST DESCRIPTION: Test the prepareUnitOfWork Event\n\t\t\tTEST TIME:      0\n\t\t\tTOTAL TIME:      31\n\t\t\tRESULT:      Warning\n\t\t\tException [EclipseLink-0] (Eclipse Persistence Services - SNAPSHOT (Build 20071211)): org.eclipse.persistence.testing.framework.TestWarningException\n\t\t\tException Description: This feature is not supported at remoteSession\n\n\t\tRESULTS OF TEST SUITE: UnitOfWorkEventTestSuite\n\t\tWarnings: 1\n\t\tProblems: 0\n\t\tErrors: 0\n\t\tFatal Errors: 0\n\t\tPassed: 7\n\t\tSetup Warnings: 0\n\t\tSetup Failures: 0\n\t\tTotal Time: 234\n\t\tTotal Tests: 8\n\n\n\n\t\tVERSION: Eclipse Persistence Services - SNAPSHOT (Build 20071211)\n\t\tTEST SUITE NAME: QueryTestSuite\n\t\tSUITE DESCRIPTION: This suite tests features of queries (cascading, cache updating).\n\n\t\t\tVERSION:   Eclipse Persistence Services - SNAPSHOT (Build 20071211)\n\t\t\tTEST NAME:   CascadeWithoutIMOnRemote\n\t\t\tTEST DESCRIPTION: Tests if remote refresh cascades parts without maintain cache (on query) correctly.\n\t\t\tTEST TIME:      0\n\t\t\tTOTAL TIME:      47\n\t\t\tRESULT:      Warning\n\t\t\tException [EclipseLink-0] (Eclipse Persistence Services - SNAPSHOT (Build 20071211)): org.eclipse.persistence.testing.framework.TestWarningException\n\t\t\tException Description: Cascade part with no IM on remote with indirection fails on remote.\n\n\t\tRESULTS OF TEST SUITE: QueryTestSuite\n\t\tWarnings: 1\n\t\tProblems: 0\n\t\tErrors: 0\n\t\tFatal Errors: 0\n\t\tPassed: 15\n\t\tSetup Warnings: 0\n\t\tSetup Failures: 0\n\t\tTotal Time: 609\n\t\tTotal Tests: 16\n\n\n\n\t\tVERSION: Eclipse Persistence Services - SNAPSHOT (Build 20071211)\n\t\tTEST SUITE NAME: ReportQueryTestSuite\n\t\tSUITE DESCRIPTION: This suite tests all of the functionality of the query framework.\n\n\t\t\tVERSION:   Eclipse Persistence Services - SNAPSHOT (Build 20071211)\n\t\t\tTEST NAME:   ReportItemQueryKeyTest: Tests recursive behavior of this method, especially when custom query keys are used.\n\t\t\tTEST DESCRIPTION: Tests recursive behavior of this method, especially when custom query keys are used.\n\t\t\tTEST TIME:      0\n\t\t\tTOTAL TIME:      0\n\t\t\tRESULT:      Warning\n\t\t\tException [EclipseLink-0] (Eclipse Persistence Services - SNAPSHOT (Build 20071211)): org.eclipse.persistence.testing.framework.TestWarningException\n\t\t\tException Description: Test not supported in remote, it needs to modify the server-side session descriptor.\n\n\t\t\tVERSION:   Eclipse Persistence Services - SNAPSHOT (Build 20071211)\n\t\t\tTEST NAME:   ReportQueryAndExistsSubQuery: ReportQuery and exists subQuery\n\t\t\tTEST DESCRIPTION: ReportQuery and exists subQuery\n\t\t\tTEST TIME:      0\n\t\t\tTOTAL TIME:      0\n\t\t\tRESULT:      Warning\n\t\t\tException [EclipseLink-0] (Eclipse Persistence Services - SNAPSHOT (Build 20071211)): org.eclipse.persistence.testing.framework.TestWarningException\n\t\t\tException Description: Report queries with objects are not supported on remote session.\n\n\t\t\tVERSION:   Eclipse Persistence Services - SNAPSHOT (Build 20071211)\n\t\t\tTEST NAME:   ReportQueryAndExistsSubQueryWithWhereClause: ReportQuery and exists subQuery with selection criteria\n\t\t\tTEST DESCRIPTION: ReportQuery and exists subQuery with selection criteria\n\t\t\tTEST TIME:      0\n\t\t\tTOTAL TIME:      0\n\t\t\tRESULT:      Warning\n\t\t\tException [EclipseLink-0] (Eclipse Persistence Services - SNAPSHOT (Build 20071211)): org.eclipse.persistence.testing.framework.TestWarningException\n\t\t\tException Description: Report queries with objects are not supported on remote session.\n\n\t\tRESULTS OF TEST SUITE: ReportQueryTestSuite\n\t\tWarnings: 3\n\t\tProblems: 0\n\t\tErrors: 0\n\t\tFatal Errors: 0\n\t\tPassed: 56\n\t\tSetup Warnings: 0\n\t\tSetup Failures: 0\n\t\tTotal Time: 1892\n\t\tTotal Tests: 59\n\n\n\tRESULTS OF TEST MODEL: RMIRemoteModel\n\tWarnings: 20\n\tProblems: 0\n\tErrors: 0\n\tFatal Errors: 0\n\tPassed: 232\n\tSetup Warnings: 0\n\tSetup Failures: 0\n\tTotal Time: 58946\n\tTotal Tests: 252\n\n\n\tVERSION: Eclipse Persistence Services - SNAPSHOT (Build 20071211)\n\tTEST MODEL NAME: RMISessionBrokerRemoteModel\n\tMODEL DESCRIPTION: It tests TopLink three tier model.\n\n\n\t\tVERSION: Eclipse Persistence Services - SNAPSHOT (Build 20071211)\n\t\tTEST SUITE NAME: BasicReadTestSuite\n\t\tSUITE DESCRIPTION: This suite tests the reading of objects remotely.\n\n\n\t\t\tVERSION: Eclipse Persistence Services - SNAPSHOT (Build 20071211)\n\t\t\tTEST SUITE NAME: EmployeeReadObjectTestSuite\n\t\t\tSUITE DESCRIPTION: This suite test the reading of each object in the employee demo.\n\n\t\t\t\tVERSION:   Eclipse Persistence Services - SNAPSHOT (Build 20071211)\n\t\t\t\tTEST NAME:   ReadObjectCallTest(class org.eclipse.persistence.testing.models.employee.domain.Employee)\n\t\t\t\tTEST DESCRIPTION: The test reads the intended object through the call, \u0027class org.eclipse.persistence.testing.models.employee.domain.Employee\u0027, from the database and checks if it was read properly\n\t\t\t\tTEST TIME:      0\n\t\t\t\tTOTAL TIME:      0\n\t\t\t\tRESULT:      Warning\n\t\t\t\tException [EclipseLink-0] (Eclipse Persistence Services - SNAPSHOT (Build 20071211)): org.eclipse.persistence.testing.framework.TestWarningException\n\t\t\t\tException Description: this test can\u0027t work with table qualifier set\n\n\t\t\t\tVERSION:   Eclipse Persistence Services - SNAPSHOT (Build 20071211)\n\t\t\t\tTEST NAME:   ReadObjectCallTest(class org.eclipse.persistence.testing.models.employee.domain.Employee)\n\t\t\t\tTEST DESCRIPTION: The test reads the intended object through the call, \u0027class org.eclipse.persistence.testing.models.employee.domain.Employee\u0027, from the database and checks if it was read properly\n\t\t\t\tTEST TIME:      0\n\t\t\t\tTOTAL TIME:      0\n\t\t\t\tRESULT:      Warning\n\t\t\t\tException [EclipseLink-0] (Eclipse Persistence Services - SNAPSHOT (Build 20071211)): org.eclipse.persistence.testing.framework.TestWarningException\n\t\t\t\tException Description: this test can\u0027t work with table qualifier set\n\n\t\t\t\tVERSION:   Eclipse Persistence Services - SNAPSHOT (Build 20071211)\n\t\t\t\tTEST NAME:   ReadObjectCallTest(class org.eclipse.persistence.testing.models.employee.domain.Employee)\n\t\t\t\tTEST DESCRIPTION: The test reads the intended object through the call, \u0027class org.eclipse.persistence.testing.models.employee.domain.Employee\u0027, from the database and checks if it was read properly\n\t\t\t\tTEST TIME:      0\n\t\t\t\tTOTAL TIME:      0\n\t\t\t\tRESULT:      Warning\n\t\t\t\tException [EclipseLink-0] (Eclipse Persistence Services - SNAPSHOT (Build 20071211)): org.eclipse.persistence.testing.framework.TestWarningException\n\t\t\t\tException Description: this test can\u0027t work with table qualifier set\n\n\t\t\tRESULTS OF TEST SUITE: EmployeeReadObjectTestSuite\n\t\t\tWarnings: 3\n\t\t\tProblems: 0\n\t\t\tErrors: 0\n\t\t\tFatal Errors: 0\n\t\t\tPassed: 12\n\t\t\tSetup Warnings: 0\n\t\t\tSetup Failures: 0\n\t\t\tTotal Time: 359\n\t\t\tTotal Tests: 15\n\n\n\n\t\t\tVERSION: Eclipse Persistence Services - SNAPSHOT (Build 20071211)\n\t\t\tTEST SUITE NAME: EmployeeReadAllTestSuite\n\t\t\tSUITE DESCRIPTION: This suite tests the reading of all the objects of each class in the employee demo.\n\n\t\t\t\tVERSION:   Eclipse Persistence Services - SNAPSHOT (Build 20071211)\n\t\t\t\tTEST NAME:   ReadAllCallTest(org.eclipse.persistence.testing.models.employee.domain.Employee)\n\t\t\t\tTEST DESCRIPTION: The test reads the intended objects from the database through the call, and checks if it was read properly.\n\t\t\t\tTEST TIME:      0\n\t\t\t\tTOTAL TIME:      0\n\t\t\t\tRESULT:      Warning\n\t\t\t\tException [EclipseLink-0] (Eclipse Persistence Services - SNAPSHOT (Build 20071211)): org.eclipse.persistence.testing.framework.TestWarningException\n\t\t\t\tException Description: this test can\u0027t work with table qualifier set\n\n\t\t\t\tVERSION:   Eclipse Persistence Services - SNAPSHOT (Build 20071211)\n\t\t\t\tTEST NAME:   ReadAllCallWithOrderingTest(org.eclipse.persistence.testing.models.employee.domain.Employee)\n\t\t\t\tTEST DESCRIPTION: The test reads the intended objects from the database through the call, and checks if it was read properly.\n\t\t\t\tTEST TIME:      0\n\t\t\t\tTOTAL TIME:      0\n\t\t\t\tRESULT:      Warning\n\t\t\t\tException [EclipseLink-0] (Eclipse Persistence Services - SNAPSHOT (Build 20071211)): org.eclipse.persistence.testing.framework.TestWarningException\n\t\t\t\tException Description: this test can\u0027t work with table qualifier set\n\n\t\t\tRESULTS OF TEST SUITE: EmployeeReadAllTestSuite\n\t\t\tWarnings: 2\n\t\t\tProblems: 0\n\t\t\tErrors: 0\n\t\t\tFatal Errors: 0\n\t\t\tPassed: 4\n\t\t\tSetup Warnings: 0\n\t\t\tSetup Failures: 0\n\t\t\tTotal Time: 94\n\t\t\tTotal Tests: 6\n\n\n\t\tRESULTS OF TEST SUITE: BasicReadTestSuite\n\t\tWarnings: 5\n\t\tProblems: 0\n\t\tErrors: 0\n\t\tFatal Errors: 0\n\t\tPassed: 16\n\t\tSetup Warnings: 0\n\t\tSetup Failures: 0\n\t\tTotal Time: 453\n\t\tTotal Tests: 21\n\n\n\tRESULTS OF TEST MODEL: RMISessionBrokerRemoteModel\n\tWarnings: 5\n\tProblems: 0\n\tErrors: 0\n\tFatal Errors: 0\n\tPassed: 20\n\tSetup Warnings: 0\n\tSetup Failures: 0\n\tTotal Time: 6987\n\tTotal Tests: 25\n\n\n\tVERSION: Eclipse Persistence Services - SNAPSHOT (Build 20071211)\n\tTEST MODEL NAME: ReturningPolicyTestModel\n\tMODEL DESCRIPTION: ReturningPolicy Test Model.\n\n\n\t\tVERSION: Eclipse Persistence Services - SNAPSHOT (Build 20071211)\n\t\tTEST SUITE NAME: DescriptorExceptionTestSuite\n\t\tSUITE DESCRIPTION: This suite tests DescriptorExceptions thrown during ReturningPolicy.initialize\n\n\t\t\tVERSION:   Eclipse Persistence Services - SNAPSHOT (Build 20071211)\n\t\t\tTEST NAME:   DescriptorExceptionTest errorCode\u003d193\n\t\t\tTEST DESCRIPTION: \n\t\t\tTEST TIME:      0\n\t\t\tTOTAL TIME:      0\n\t\t\tRESULT:      Warning\n\t\t\tException [EclipseLink-0] (Eclipse Persistence Services - SNAPSHOT (Build 20071211)): org.eclipse.persistence.testing.framework.TestWarningException\n\t\t\tException Description: Test for NO_CUSTOM_QUERY_FOR_RETURNING_POLICY doesn\u0027t work on Oracle\n\n\t\tRESULTS OF TEST SUITE: DescriptorExceptionTestSuite\n\t\tWarnings: 1\n\t\tProblems: 0\n\t\tErrors: 0\n\t\tFatal Errors: 0\n\t\tPassed: 10\n\t\tSetup Warnings: 0\n\t\tSetup Failures: 0\n\t\tTotal Time: 673\n\t\tTotal Tests: 11\n\n\n\tRESULTS OF TEST MODEL: ReturningPolicyTestModel\n\tWarnings: 1\n\tProblems: 0\n\tErrors: 0\n\tFatal Errors: 0\n\tPassed: 405\n\tSetup Warnings: 0\n\tSetup Failures: 0\n\tTotal Time: 126569\n\tTotal Tests: 406\n\n\n\tVERSION: Eclipse Persistence Services - SNAPSHOT (Build 20071211)\n\tTEST MODEL NAME: SunCORBARemoteModel\n\tMODEL DESCRIPTION: It tests TopLink three tier model.\n\n\tRESULTS OF TEST MODEL: SunCORBARemoteModel\n\t\n## SETUP FAILURE: \nException [EclipseLink-0] (Eclipse Persistence Services - SNAPSHOT (Build 20071211)): org.eclipse.persistence.testing.framework.TestErrorException\nException Description: Corba not configured correctly, see system.out.\nInternal Exception: org.omg.CORBA.COMM_FAILURE:   vmcid: SUN  minor code: 201  completed: No\nLocal Exception Stack: \nException [EclipseLink-0] (Eclipse Persistence Services - SNAPSHOT (Build 20071211)): org.eclipse.persistence.testing.framework.TestErrorException\nException Description: Corba not configured correctly, see system.out.\nInternal Exception: org.omg.CORBA.COMM_FAILURE:   vmcid: SUN  minor code: 201  completed: No\n\tat org.eclipse.persistence.testing.tests.remote.suncorba.SunCORBARemoteModel.createConnection(SunCORBARemoteModel.java:44)\n\tat org.eclipse.persistence.testing.tests.remote.suncorba.SunCORBARemoteModel.setup(SunCORBARemoteModel.java:59)\n\tat org.eclipse.persistence.testing.framework.TestModel.setupEntity(TestModel.java:407)\n\tat org.eclipse.persistence.testing.framework.TestModel.execute(TestModel.java:197)\n\tat org.eclipse.persistence.testing.framework.TestExecutor.execute(TestExecutor.java:244)\n\tat org.eclipse.persistence.testing.framework.TestModel.execute(TestModel.java:205)\n\tat org.eclipse.persistence.testing.framework.TestExecutor.execute(TestExecutor.java:244)\n\tat org.eclipse.persistence.testing.framework.TestExecutor.runTest(TestExecutor.java:660)\n\tat org.eclipse.persistence.testing.framework.ui.SynchronizedTestExecutor.run(SynchronizedTestExecutor.java:58)\nCaused by: org.omg.CORBA.COMM_FAILURE:   vmcid: SUN  minor code: 201  completed: No\n\tat com.sun.corba.se.impl.logging.ORBUtilSystemException.connectFailure(ORBUtilSystemException.java:2172)\n\tat com.sun.corba.se.impl.logging.ORBUtilSystemException.connectFailure(ORBUtilSystemException.java:2193)\n\tat com.sun.corba.se.impl.transport.SocketOrChannelConnectionImpl.\u003cinit\u003e(SocketOrChannelConnectionImpl.java:205)\n\tat com.sun.corba.se.impl.transport.SocketOrChannelConnectionImpl.\u003cinit\u003e(SocketOrChannelConnectionImpl.java:218)\n\tat com.sun.corba.se.impl.transport.SocketOrChannelContactInfoImpl.createConnection(SocketOrChannelContactInfoImpl.java:101)\n\tat com.sun.corba.se.impl.protocol.CorbaClientRequestDispatcherImpl.beginRequest(CorbaClientRequestDispatcherImpl.java:152)\n\tat com.sun.corba.se.impl.protocol.CorbaClientDelegateImpl.request(CorbaClientDelegateImpl.java:118)\n\tat com.sun.corba.se.impl.resolver.BootstrapResolverImpl.invoke(BootstrapResolverImpl.java:74)\n\tat com.sun.corba.se.impl.resolver.BootstrapResolverImpl.resolve(BootstrapResolverImpl.java:107)\n\tat com.sun.corba.se.impl.resolver.CompositeResolverImpl.resolve(CompositeResolverImpl.java:22)\n\tat com.sun.corba.se.impl.resolver.CompositeResolverImpl.resolve(CompositeResolverImpl.java:22)\n\tat com.sun.corba.se.impl.resolver.CompositeResolverImpl.resolve(CompositeResolverImpl.java:22)\n\tat com.sun.corba.se.impl.orb.ORBImpl.resolve_initial_references(ORBImpl.java:1157)\n\tat org.eclipse.persistence.testing.tests.remote.suncorba.SunCORBARemoteModel.createConnection(SunCORBARemoteModel.java:38)\n\t... 8 more\nCaused by: java.net.ConnectException: Connection refused: connect\n\tat sun.nio.ch.Net.connect(Native Method)\n\tat sun.nio.ch.SocketChannelImpl.connect(SocketChannelImpl.java:464)\n\tat java.nio.channels.SocketChannel.open(SocketChannel.java:146)\n\tat com.sun.corba.se.impl.transport.DefaultSocketFactoryImpl.createSocket(DefaultSocketFactoryImpl.java:60)\n\tat com.sun.corba.se.impl.transport.SocketOrChannelConnectionImpl.\u003cinit\u003e(SocketOrChannelConnectionImpl.java:188)\n\t... 19 more\n\n\tVERSION: Eclipse Persistence Services - SNAPSHOT (Build 20071211)\n\tTEST MODEL NAME: XDBTestModel\n\tMODEL DESCRIPTION: Tests Oracle XDB Specific features\n\n\tRESULTS OF TEST MODEL: XDBTestModel\n\t\n## SETUP FAILURE: \nException [EclipseLink-0] (Eclipse Persistence Services - SNAPSHOT (Build 20071211)): org.eclipse.persistence.testing.framework.TestProblemException\nException Description: This model is intended for Oracle databases through OCI\nLocal Exception Stack: \nException [EclipseLink-0] (Eclipse Persistence Services - SNAPSHOT (Build 20071211)): org.eclipse.persistence.testing.framework.TestProblemException\nException Description: This model is intended for Oracle databases through OCI\n\tat org.eclipse.persistence.testing.tests.xdb.XDBTestModel.addForcedRequiredSystems(XDBTestModel.java:52)\n\tat org.eclipse.persistence.testing.framework.TestModel.buildForcedRequiredSystems(TestModel.java:147)\n\tat org.eclipse.persistence.testing.framework.TestModel.configure(TestModel.java:181)\n\tat org.eclipse.persistence.testing.framework.TestModel.setupEntity(TestModel.java:406)\n\tat org.eclipse.persistence.testing.framework.TestModel.execute(TestModel.java:197)\n\tat org.eclipse.persistence.testing.framework.TestExecutor.execute(TestExecutor.java:244)\n\tat org.eclipse.persistence.testing.framework.TestModel.execute(TestModel.java:205)\n\tat org.eclipse.persistence.testing.framework.TestExecutor.execute(TestExecutor.java:244)\n\tat org.eclipse.persistence.testing.framework.TestExecutor.runTest(TestExecutor.java:660)\n\tat org.eclipse.persistence.testing.framework.ui.SynchronizedTestExecutor.run(SynchronizedTestExecutor.java:58)\n\n\tVERSION: Eclipse Persistence Services - SNAPSHOT (Build 20071211)\n\tTEST MODEL NAME: XDBTestModelMWIntegration\n\tMODEL DESCRIPTION: Tests Oracle XDB Specific features\n\n\tRESULTS OF TEST MODEL: XDBTestModelMWIntegration\n\t\n## SETUP FAILURE: \nException [EclipseLink-0] (Eclipse Persistence Services - SNAPSHOT (Build 20071211)): org.eclipse.persistence.testing.framework.TestProblemException\nException Description: This model is intended for Oracle databases through OCI\nLocal Exception Stack: \nException [EclipseLink-0] (Eclipse Persistence Services - SNAPSHOT (Build 20071211)): org.eclipse.persistence.testing.framework.TestProblemException\nException Description: This model is intended for Oracle databases through OCI\n\tat org.eclipse.persistence.testing.tests.xdb.XDBTestModelMWIntegration.addForcedRequiredSystems(XDBTestModelMWIntegration.java:51)\n\tat org.eclipse.persistence.testing.framework.TestModel.buildForcedRequiredSystems(TestModel.java:147)\n\tat org.eclipse.persistence.testing.framework.TestModel.configure(TestModel.java:181)\n\tat org.eclipse.persistence.testing.framework.TestModel.setupEntity(TestModel.java:406)\n\tat org.eclipse.persistence.testing.framework.TestModel.execute(TestModel.java:197)\n\tat org.eclipse.persistence.testing.framework.TestExecutor.execute(TestExecutor.java:244)\n\tat org.eclipse.persistence.testing.framework.TestModel.execute(TestModel.java:205)\n\tat org.eclipse.persistence.testing.framework.TestExecutor.execute(TestExecutor.java:244)\n\tat org.eclipse.persistence.testing.framework.TestExecutor.runTest(TestExecutor.java:660)\n\tat org.eclipse.persistence.testing.framework.ui.SynchronizedTestExecutor.run(SynchronizedTestExecutor.java:58)\n\nRESULTS OF TEST MODEL: NonLRGTestModel\n###ERRORS###\nWarnings: 33\nProblems: 2\nErrors: 1\nFatal Errors: 0\nPassed: 1167\nSetup Warnings: 0\nSetup Failures: 8\nTotal Time: 1572254\nTotal Tests: 1203",
    "Created an attachment (id\u003d85288)\neclipselink XSD version NLSJapaneseMWIntegrationTestEmployeeProject.xml\n\nAttached NLSJapaneseMWIntegrationTestEmployeeProject.xml(hasn\u0027t been tested yet) is eclipselink XSD version already, it should be used for NLSMappingWorkbenchIntegrationTestModel."
  ],
  "commentCreationDates": [
    "2007-12-12T18:59:28+01:00",
    "2007-12-14T15:59:17+01:00"
  ],
  "traces": [
    {
      "exceptionType": "java.lang.ClassNotFoundException",
      "message": "org.eclipse.persistence.eis.adapters.attunity.AttunityPlatform",
      "elements": [
        {
          "method": "org.eclipse.persistence.exceptions.ConversionException.couldNotBeConvertedToClass",
          "source": "ConversionException.java:84"
        },
        {
          "method": "org.eclipse.persistence.internal.helper.ConversionManager.convertObjectToClass",
          "source": "ConversionManager.java:428"
        },
        {
          "method": "org.eclipse.persistence.internal.helper.ConversionManager.convertObject",
          "source": "ConversionManager.java:144"
        },
        {
          "method": "org.eclipse.persistence.internal.oxm.XMLConversionManager.convertObject",
          "source": "XMLConversionManager.java:182"
        },
        {
          "method": "org.eclipse.persistence.internal.databaseaccess.DatasourcePlatform.convertObject",
          "source": "DatasourcePlatform.java:150"
        },
        {
          "method": "org.eclipse.persistence.sessions.factories.EclipseLinkObjectPersistenceRuntimeXMLProject$4.convertDataValueToObjectValue",
          "source": "EclipseLinkObjectPersistenceRuntimeXMLProject.java:863"
        },
        {
          "method": "org.eclipse.persistence.oxm.mappings.XMLDirectMapping.getAttributeValue",
          "source": "XMLDirectMapping.java:264"
        },
        {
          "method": "org.eclipse.persistence.oxm.mappings.XMLDirectMapping.valueFromRow",
          "source": "XMLDirectMapping.java:334"
        },
        {
          "method": "org.eclipse.persistence.mappings.DatabaseMapping.readFromRowIntoObject",
          "source": "DatabaseMapping.java:1125"
        },
        {
          "method": "org.eclipse.persistence.internal.descriptors.ObjectBuilder.buildAttributesIntoObject",
          "source": "ObjectBuilder.java:285"
        },
        {
          "method": "org.eclipse.persistence.internal.oxm.XMLObjectBuilder.buildObject",
          "source": "XMLObjectBuilder.java:263"
        },
        {
          "method": "org.eclipse.persistence.oxm.mappings.XMLCompositeObjectMapping.buildCompositeObject",
          "source": "XMLCompositeObjectMapping.java:285"
        },
        {
          "method": "org.eclipse.persistence.oxm.mappings.XMLCompositeObjectMapping.valueFromRow",
          "source": "XMLCompositeObjectMapping.java:349"
        },
        {
          "method": "org.eclipse.persistence.oxm.mappings.XMLCompositeObjectMapping.readFromRowIntoObject",
          "source": "XMLCompositeObjectMapping.java:313"
        },
        {
          "method": "org.eclipse.persistence.internal.descriptors.ObjectBuilder.buildAttributesIntoObject",
          "source": "ObjectBuilder.java:285"
        },
        {
          "method": "org.eclipse.persistence.internal.oxm.XMLObjectBuilder.buildObject",
          "source": "XMLObjectBuilder.java:263"
        },
        {
          "method": "org.eclipse.persistence.internal.oxm.record.DOMUnmarshaller.xmlToObject",
          "source": "DOMUnmarshaller.java:368"
        },
        {
          "method": "org.eclipse.persistence.internal.oxm.record.DOMUnmarshaller.xmlToObject",
          "source": "DOMUnmarshaller.java:294"
        },
        {
          "method": "org.eclipse.persistence.internal.oxm.record.DOMUnmarshaller.unmarshal",
          "source": "DOMUnmarshaller.java:178"
        },
        {
          "method": "org.eclipse.persistence.oxm.XMLUnmarshaller.unmarshal",
          "source": "XMLUnmarshaller.java:407"
        },
        {
          "method": "org.eclipse.persistence.sessions.factories.XMLProjectReader.readObjectPersistenceRuntimeFormat",
          "source": "XMLProjectReader.java:266"
        },
        {
          "method": "org.eclipse.persistence.sessions.factories.XMLProjectReader.read",
          "source": "XMLProjectReader.java:156"
        },
        {
          "method": "org.eclipse.persistence.sessions.factories.XMLProjectReader.read",
          "source": "XMLProjectReader.java:215"
        },
        {
          "method": "org.eclipse.persistence.testing.tests.eis.xmlfile.XMLFileTestModel.setup",
          "source": "XMLFileTestModel.java:49"
        },
        {
          "method": "org.eclipse.persistence.testing.framework.TestModel.setupEntity",
          "source": "TestModel.java:407"
        },
        {
          "method": "org.eclipse.persistence.testing.framework.TestModel.execute",
          "source": "TestModel.java:197"
        },
        {
          "method": "org.eclipse.persistence.testing.framework.TestExecutor.execute",
          "source": "TestExecutor.java:244"
        },
        {
          "method": "org.eclipse.persistence.testing.framework.TestSuite.execute",
          "source": "TestSuite.java:72"
        },
        {
          "method": "org.eclipse.persistence.testing.framework.TestExecutor.execute",
          "source": "TestExecutor.java:244"
        },
        {
          "method": "org.eclipse.persistence.testing.framework.TestModel.execute",
          "source": "TestModel.java:205"
        },
        {
          "method": "org.eclipse.persistence.testing.framework.TestExecutor.execute",
          "source": "TestExecutor.java:244"
        },
        {
          "method": "org.eclipse.persistence.testing.framework.TestModel.execute",
          "source": "TestModel.java:205"
        },
        {
          "method": "org.eclipse.persistence.testing.framework.TestExecutor.execute",
          "source": "TestExecutor.java:244"
        },
        {
          "method": "org.eclipse.persistence.testing.framework.TestExecutor.runTest",
          "source": "TestExecutor.java:660"
        },
        {
          "method": "org.eclipse.persistence.testing.framework.ui.SynchronizedTestExecutor.run",
          "source": "SynchronizedTestExecutor.java:58"
        }
      ],
      "causedBy": {
        "exceptionType": "java.lang.ClassNotFoundException",
        "message": "org.eclipse.persistence.eis.adapters.attunity.AttunityPlatform",
        "elements": [
          {
            "method": "java.net.URLClassLoader$1.run",
            "source": "URLClassLoader.java:200"
          },
          {
            "method": "java.security.AccessController.doPrivileged",
            "source": "Native Method"
          },
          {
            "method": "java.net.URLClassLoader.findClass",
            "source": "URLClassLoader.java:188"
          },
          {
            "method": "java.lang.ClassLoader.loadClass",
            "source": "ClassLoader.java:306"
          },
          {
            "method": "sun.misc.Launcher$AppClassLoader.loadClass",
            "source": "Launcher.java:268"
          },
          {
            "method": "java.lang.ClassLoader.loadClass",
            "source": "ClassLoader.java:251"
          },
          {
            "method": "java.lang.ClassLoader.loadClassInternal",
            "source": "ClassLoader.java:319"
          },
          {
            "method": "java.lang.Class.forName0",
            "source": "Native Method"
          },
          {
            "method": "java.lang.Class.forName",
            "source": "Class.java:242"
          },
          {
            "method": "org.eclipse.persistence.internal.helper.ConversionManager.convertObjectToClass",
            "source": "ConversionManager.java:425"
          }
        ],
        "number": 0,
        "commentIndex": 0
      },
      "number": 0,
      "commentIndex": 0,
      "bugId": "212797",
      "date": "2007-12-12T18:59:28+01:00",
      "product": "EPS(EclipseLink)",
      "component": "Foundation",
      "severity": "normal"
    },
    {
      "exceptionType": "javax.naming.NoInitialContextException",
      "message": "Need to specify class name in environment or system property, or as an applet parameter, or in an application resource file:  java.naming.factory.initial",
      "elements": [
        {
          "method": "org.eclipse.persistence.testing.tests.remote.rmi.IIOP.RMIServerManagerController.start",
          "source": "RMIServerManagerController.java:119"
        },
        {
          "method": "org.eclipse.persistence.testing.tests.remote.rmi.IIOP.RMIServerManagerController.start",
          "source": "RMIServerManagerController.java:72"
        },
        {
          "method": "org.eclipse.persistence.testing.tests.remote.rmi.IIOP.RMIServerManagerController.start",
          "source": "RMIServerManagerController.java:68"
        },
        {
          "method": "org.eclipse.persistence.testing.tests.remote.rmi.IIOP.RMIIIOPRemoteModel.setup",
          "source": "RMIIIOPRemoteModel.java:63"
        },
        {
          "method": "org.eclipse.persistence.testing.framework.TestModel.setupEntity",
          "source": "TestModel.java:407"
        },
        {
          "method": "org.eclipse.persistence.testing.framework.TestModel.execute",
          "source": "TestModel.java:197"
        },
        {
          "method": "org.eclipse.persistence.testing.framework.TestExecutor.execute",
          "source": "TestExecutor.java:244"
        },
        {
          "method": "org.eclipse.persistence.testing.framework.TestModel.execute",
          "source": "TestModel.java:205"
        },
        {
          "method": "org.eclipse.persistence.testing.framework.TestExecutor.execute",
          "source": "TestExecutor.java:244"
        },
        {
          "method": "org.eclipse.persistence.testing.framework.TestExecutor.runTest",
          "source": "TestExecutor.java:660"
        },
        {
          "method": "org.eclipse.persistence.testing.framework.ui.SynchronizedTestExecutor.run",
          "source": "SynchronizedTestExecutor.java:58"
        }
      ],
      "causedBy": {
        "exceptionType": "javax.naming.NoInitialContextException",
        "message": "Need to specify class name in environment or system property, or as an applet parameter, or in an application resource file:  java.naming.factory.initial",
        "elements": [
          {
            "method": "javax.naming.spi.NamingManager.getInitialContext",
            "source": "NamingManager.java:645"
          },
          {
            "method": "javax.naming.InitialContext.getDefaultInitCtx",
            "source": "InitialContext.java:247"
          },
          {
            "method": "javax.naming.InitialContext.getURLOrDefaultInitCtx",
            "source": "InitialContext.java:284"
          },
          {
            "method": "javax.naming.InitialContext.rebind",
            "source": "InitialContext.java:367"
          },
          {
            "method": "org.eclipse.persistence.testing.tests.remote.rmi.IIOP.RMIServerManagerController.start",
            "source": "RMIServerManagerController.java:117"
          }
        ],
        "number": 0,
        "commentIndex": 0
      },
      "number": 1,
      "commentIndex": 0,
      "bugId": "212797",
      "date": "2007-12-12T18:59:28+01:00",
      "product": "EPS(EclipseLink)",
      "component": "Foundation",
      "severity": "normal"
    },
    {
      "exceptionType": "java.net.ConnectException",
      "message": "Connection refused: connect",
      "elements": [
        {
          "method": "sun.nio.ch.Net.connect",
          "source": "Native Method"
        },
        {
          "method": "sun.nio.ch.SocketChannelImpl.connect",
          "source": "SocketChannelImpl.java:464"
        },
        {
          "method": "java.nio.channels.SocketChannel.open",
          "source": "SocketChannel.java:146"
        },
        {
          "method": "com.sun.corba.se.impl.transport.DefaultSocketFactoryImpl.createSocket",
          "source": "DefaultSocketFactoryImpl.java:60"
        },
        {
          "method": "com.sun.corba.se.impl.transport.SocketOrChannelConnectionImpl.\u003cinit\u003e",
          "source": "SocketOrChannelConnectionImpl.java:188"
        }
      ],
      "number": 2,
      "commentIndex": 0,
      "bugId": "212797",
      "date": "2007-12-12T18:59:28+01:00",
      "product": "EPS(EclipseLink)",
      "component": "Foundation",
      "severity": "normal"
    }
  ],
  "groupId": "212797",
  "bugId": "212797",
  "date": "2007-12-12T18:59:28+01:00",
  "product": "EPS(EclipseLink)",
  "component": "Foundation",
  "severity": "normal"
}