{
  "comments": [
    "In org.eclipse.jdt.ui.tests.browsing The following error was encountered \nrunning the Automated JUnit tests (Build I20021213 (Timestamp:  \n200212131416)). The errors occured on linux only. All tests have succeeded on \nsubsequent nightly builds. Any ideas on the cause would be appreciated\n\nstack trace:\n\ntestAddCUFromFragmentNotCompoundErrorFailed to execute runnable \n(org.eclipse.jface.util.Assert$AssertionFailedException: null argument;) \n\norg.eclipse.swt.SWTException: Failed to execute runnable \n(org.eclipse.jface.util.Assert$AssertionFailedException: null argument;)\nat org.eclipse.swt.SWT.error(SWT.java:2180)\nat org.eclipse.swt.widgets.Synchronizer.runAsyncMessages(Synchronizer.java\n(Compiled Code))\nat org.eclipse.swt.widgets.Display.readAndDispatch(Display.java(Compiled Code))\nat org.eclipse.swt.widgets.Display.readAndDispatch(Display.java(Compiled Code))\nat \norg.eclipse.jdt.ui.tests.browsing.PackagesViewDeltaTests.testAddCUFromFragmentN\notCompound(PackagesViewDeltaTests.java:325)\nat org.eclipse.test.EclipseTestRunner.run(EclipseTestRunner.java:307)\nat org.eclipse.test.EclipseTestRunner.main(EclipseTestRunner.java:186)\nat org.eclipse.test.UITestApplication.runTests(UITestApplication.java:41)\nat org.eclipse.test.UITestApplication.runEventLoop(UITestApplication.java:35)\nat org.eclipse.ui.internal.Workbench.run(Workbench.java:1386)\nat org.eclipse.core.internal.boot.InternalBootLoader.run\n(InternalBootLoader.java:845)\nat org.eclipse.core.boot.BootLoader.run(BootLoader.java:462)\nat org.eclipse.core.launcher.Main.basicRun(Main.java:247)\nat org.eclipse.core.launcher.Main.run(Main.java:703)\nat org.eclipse.core.launcher.Main.main(Main.java:539)",
    "Jennifer can you reproduce the problem on Linux? This doesn\u0027t have to be an SWT \nproblem. The stack trace only indicates that an assertion failure occurred \nduring executing an asyncExeced runnable. ",
    "The following two nightly builds run fine.",
    "The situation is as Erich says; the trace just shows that an assertion failed \nin a runnable.  If this problem persists then you\u0027ll need to log a more \nspecific report, so closing this one.\n"
  ],
  "commentCreationDates": [
    "2002-12-16T10:24:36+01:00",
    "2002-12-16T10:54:08+01:00",
    "2002-12-16T11:09:25+01:00",
    "2002-12-18T14:59:28+01:00"
  ],
  "traces": [
    {
      "exceptionType": "org.eclipse.jface.util.Assert$AssertionFailedException",
      "message": "null argument;)",
      "elements": [
        {
          "method": "org.eclipse.swt.SWT.error",
          "source": "SWT.java:2180"
        },
        {
          "method": "org.eclipse.swt.widgets.Synchronizer.runAsyncMessages",
          "source": "Synchronizer.java (Compiled Code)"
        },
        {
          "method": "org.eclipse.swt.widgets.Display.readAndDispatch",
          "source": "Display.java(Compiled Code)"
        },
        {
          "method": "org.eclipse.swt.widgets.Display.readAndDispatch",
          "source": "Display.java(Compiled Code)"
        },
        {
          "method": "org.eclipse.jdt.ui.tests.browsing.PackagesViewDeltaTests.testAddCUFromFragmentNotCompound",
          "source": "PackagesViewDeltaTests.java:325"
        },
        {
          "method": "org.eclipse.test.EclipseTestRunner.run",
          "source": "EclipseTestRunner.java:307"
        },
        {
          "method": "org.eclipse.test.EclipseTestRunner.main",
          "source": "EclipseTestRunner.java:186"
        },
        {
          "method": "org.eclipse.test.UITestApplication.runTests",
          "source": "UITestApplication.java:41"
        },
        {
          "method": "org.eclipse.test.UITestApplication.runEventLoop",
          "source": "UITestApplication.java:35"
        },
        {
          "method": "org.eclipse.ui.internal.Workbench.run",
          "source": "Workbench.java:1386"
        },
        {
          "method": "org.eclipse.core.internal.boot.InternalBootLoader.run",
          "source": "InternalBootLoader.java:845"
        },
        {
          "method": "org.eclipse.core.boot.BootLoader.run",
          "source": "BootLoader.java:462"
        },
        {
          "method": "org.eclipse.core.launcher.Main.basicRun",
          "source": "Main.java:247"
        },
        {
          "method": "org.eclipse.core.launcher.Main.run",
          "source": "Main.java:703"
        },
        {
          "method": "org.eclipse.core.launcher.Main.main",
          "source": "Main.java:539"
        }
      ],
      "number": 0,
      "commentIndex": 0,
      "bugId": "28358",
      "date": "2002-12-16T10:24:36+01:00",
      "product": "Platform",
      "component": "SWT",
      "severity": "normal"
    }
  ],
  "groupId": "28358",
  "bugId": "28358",
  "date": "2002-12-16T10:24:36+01:00",
  "product": "Platform",
  "component": "SWT",
  "severity": "normal"
}