{
  "comments": [
    "build i0210-1200\n\nWe sometimes have failures on Linux-GTK with the following tests:\n\nDeadlockDetectionTest\n  testComplexRuleLockInteraction\n  testJobRuleCancellation\n  testLockMultipleAcquireThenSuspend\n  testRuleHierarchyLockInteraction\n\nI have disabled these for now.\n\nWill attach file with 4 failures listed.",
    "Created an attachment (id\u003d7756)\n4 test failures\n",
    "Also, doing a file search for \"void _t\" (looking for disabled tests) produces\nthe following results in the same area.\n\nJobTest.java\nDeadlockDetectionTest.java (4 matches)\nIJobManagerTest.java (2 matches)\nBeginEndRuleTest.java",
    "So I should change the convention of using _ at the beginning of disabled tests ;)\n\nBut seriously, the other disabled tests have an attached bugzilla number (these\ntests have never passed but are not serious - more due to an over-eager tester\nthan broken functionality. The IJobManagerTest cases were removed because the\nAPI they are testing was removed. I have deleted these tests.",
    "Failed in N20040515:\n\nIResourceTest.testDelete\n\ninvocation 97 failed with org.eclipse.core.runtime.OperationCanceledException\n\njunit.framework.AssertionFailedError: invocation 97 failed with\norg.eclipse.core.runtime.OperationCanceledException\nat\norg.eclipse.core.tests.resources.TestPerformer.performTestRecursiveLoop(TestPerformer.java:90)\nat\norg.eclipse.core.tests.resources.TestPerformer.performTestRecursiveLoop(TestPerformer.java:103)\nat\norg.eclipse.core.tests.resources.TestPerformer.performTestRecursiveLoop(TestPerformer.java:103)\nat org.eclipse.core.tests.resources.TestPerformer.performTest(TestPerformer.java:55)\nat org.eclipse.core.tests.resources.IResourceTest.testDelete(IResourceTest.java:850)\nat sun.reflect.NativeMethodAccessorImpl.invoke0(Native Method)\nat sun.reflect.NativeMethodAccessorImpl.invoke(NativeMethodAccessorImpl.java:39)\nat\nsun.reflect.DelegatingMethodAccessorImpl.invoke(DelegatingMethodAccessorImpl.java:25)\nat org.eclipse.test.EclipseTestRunner.run(EclipseTestRunner.java:322)\nat org.eclipse.test.EclipseTestRunner.run(EclipseTestRunner.java:198)\nat org.eclipse.test.CoreTestApplication.runTests(CoreTestApplication.java:35)\nat org.eclipse.test.CoreTestApplication.run(CoreTestApplication.java:31)\nat\norg.eclipse.core.internal.runtime.PlatformActivator$1.run(PlatformActivator.java:299)\nat org.eclipse.core.runtime.adaptor.EclipseStarter.run(EclipseStarter.java:256)\nat org.eclipse.core.runtime.adaptor.EclipseStarter.run(EclipseStarter.java:127)\nat sun.reflect.NativeMethodAccessorImpl.invoke0(Native Method)\nat sun.reflect.NativeMethodAccessorImpl.invoke(NativeMethodAccessorImpl.java:39)\nat\nsun.reflect.DelegatingMethodAccessorImpl.invoke(DelegatingMethodAccessorImpl.java:25)\nat org.eclipse.core.launcher.Main.basicRun(Main.java:184)\nat org.eclipse.core.launcher.Main.run(Main.java:637)\nat org.eclipse.core.launcher.Main.main(Main.java:621)",
    "Failed in N20040602:\n\njunit.framework.AssertionFailedError: 3.2\nat\norg.eclipse.core.tests.resources.regression.IProjectTest.testAutoBuild_1GC2FKV(IProjectTest.java:161)\nat sun.reflect.NativeMethodAccessorImpl.invoke0(Native Method)\nat sun.reflect.NativeMethodAccessorImpl.invoke(NativeMethodAccessorImpl.java:39)\nat\nsun.reflect.DelegatingMethodAccessorImpl.invoke(DelegatingMethodAccessorImpl.java:25)\nat org.eclipse.test.EclipseTestRunner.run(EclipseTestRunner.java:322)\nat org.eclipse.test.EclipseTestRunner.run(EclipseTestRunner.java:198)\nat org.eclipse.test.CoreTestApplication.runTests(CoreTestApplication.java:35)\nat org.eclipse.test.CoreTestApplication.run(CoreTestApplication.java:31)\nat\norg.eclipse.core.internal.runtime.PlatformActivator$1.run(PlatformActivator.java:334)\nat org.eclipse.core.runtime.adaptor.EclipseStarter.run(EclipseStarter.java:273)\nat org.eclipse.core.runtime.adaptor.EclipseStarter.run(EclipseStarter.java:128)\nat sun.reflect.NativeMethodAccessorImpl.invoke0(Native Method)\nat sun.reflect.NativeMethodAccessorImpl.invoke(NativeMethodAccessorImpl.java:39)\nat\nsun.reflect.DelegatingMethodAccessorImpl.invoke(DelegatingMethodAccessorImpl.java:25)\nat org.eclipse.core.launcher.Main.basicRun(Main.java:185)\nat org.eclipse.core.launcher.Main.run(Main.java:638)\nat org.eclipse.core.launcher.Main.main(Main.java:622)",
    "Continued investigation post-3.0.",
    "I have seen the following test consistently failing on my machine (XP), although\nI cannot reproduce the failure while running this test case only.\n\njunit.framework.AssertionFailedError: 3.1 expected:\u003c1\u003e but was:\u003c2\u003e\n\tat junit.framework.Assert.fail(Assert.java:47)\n\tat junit.framework.Assert.failNotEquals(Assert.java:282)\n\tat junit.framework.Assert.assertEquals(Assert.java:64)\n\tat junit.framework.Assert.assertEquals(Assert.java:201)\n\tat org.eclipse.core.tests.resources.regression.Bug_27271.testBug(Bug_27271.java:80)\n\tat sun.reflect.NativeMethodAccessorImpl.invoke0(Native Method)\n\tat sun.reflect.NativeMethodAccessorImpl.invoke(NativeMethodAccessorImpl.java:85)\n\tat sun.reflect.NativeMethodAccessorImpl.invoke(NativeMethodAccessorImpl.java:58)\n\tat\nsun.reflect.DelegatingMethodAccessorImpl.invoke(DelegatingMethodAccessorImpl.java:60)\n\tat java.lang.reflect.Method.invoke(Method.java:391)\n\tat junit.framework.TestCase.runTest(TestCase.java:154)\n\tat junit.framework.TestCase.runBare(TestCase.java:127)\n\tat junit.framework.TestResult$1.protect(TestResult.java:106)\n\tat junit.framework.TestResult.runProtected(TestResult.java:124)\n\tat junit.framework.TestResult.run(TestResult.java:109)\n\tat junit.framework.TestCase.run(TestCase.java:118)\n\tat junit.framework.TestSuite.runTest(TestSuite.java:208)\n\tat junit.framework.TestSuite.run(TestSuite.java:203)\n\tat junit.framework.TestSuite.runTest(TestSuite.java:208)\n\tat junit.framework.TestSuite.run(TestSuite.java:203)\n\tat junit.framework.TestSuite.runTest(TestSuite.java:208)\n\tat junit.framework.TestSuite.run(TestSuite.java:203)\n\tat\norg.eclipse.jdt.internal.junit.runner.RemoteTestRunner.runTests(RemoteTestRunner.java:421)\n\tat\norg.eclipse.jdt.internal.junit.runner.RemoteTestRunner.run(RemoteTestRunner.java:305)\n\tat\norg.eclipse.pde.internal.junit.runtime.RemotePluginTestRunner.main(RemotePluginTestRunner.java:30)\n\tat\norg.eclipse.pde.internal.junit.runtime.CoreTestApplication.run(CoreTestApplication.java:26)\n\tat\norg.eclipse.core.internal.runtime.PlatformActivator$1.run(PlatformActivator.java:220)\n\tat org.eclipse.core.runtime.adaptor.EclipseStarter.run(EclipseStarter.java:273)\n\tat org.eclipse.core.runtime.adaptor.EclipseStarter.run(EclipseStarter.java:129)\n\tat sun.reflect.NativeMethodAccessorImpl.invoke0(Native Method)\n\tat sun.reflect.NativeMethodAccessorImpl.invoke(NativeMethodAccessorImpl.java:85)\n\tat sun.reflect.NativeMethodAccessorImpl.invoke(NativeMethodAccessorImpl.java:58)\n\tat\nsun.reflect.DelegatingMethodAccessorImpl.invoke(DelegatingMethodAccessorImpl.java:60)\n\tat java.lang.reflect.Method.invoke(Method.java:391)\n\tat org.eclipse.core.launcher.Main.basicRun(Main.java:185)\n\tat org.eclipse.core.launcher.Main.run(Main.java:710)\n\tat org.eclipse.core.launcher.Main.main(Main.java:694)\n\n",
    "The test starts with:\n\n//this bug is only relevant on Windows\nif (Platform.getOS() !\u003d Platform.OS_WIN32)\n  return;\n\nUsing the identity operator instead of equals. Thus it won\u0027t get run except if\nrunning on Windows and -os is not passed in. This test should be failing on\nWindows since PathVariableManager was changed to use Path.toPortableString(),\nwhich causes a path intentionally invalid (\"c:\\\\a\\\\:\\\\b\") to become valid.\n\nThe fix is to change the test to use toPortableString when setting variables\ndirectly into the preferences (it was using toString() before). This way, the\nresult of calling Path.fromPortableString will still be an invalid path, what is\nthe intent.",
    "Failure in build I20041214-0010 (3.1 M4 test candidate):\n\ntest_1GEAB3CFailureVerifier has not yet been given a resource delta\n\njunit.framework.AssertionFailedError: Verifier has not yet been given a resource\ndelta\nat\norg.eclipse.core.tests.resources.ResourceDeltaVerifier.getMessage(ResourceDeltaVerifier.java:478)\nat\norg.eclipse.core.tests.resources.regression.PR_1GEAB3C_Test.assertDelta(PR_1GEAB3C_Test.java:34)\nat\norg.eclipse.core.tests.resources.regression.PR_1GEAB3C_Test.test_1GEAB3C(PR_1GEAB3C_Test.java:93)\nat sun.reflect.NativeMethodAccessorImpl.invoke0(Native Method)\nat sun.reflect.NativeMethodAccessorImpl.invoke(NativeMethodAccessorImpl.java:39)\nat\nsun.reflect.DelegatingMethodAccessorImpl.invoke(DelegatingMethodAccessorImpl.java:25)\nat org.eclipse.test.EclipseTestRunner.run(EclipseTestRunner.java:313)\nat org.eclipse.test.EclipseTestRunner.run(EclipseTestRunner.java:199)\nat org.eclipse.test.CoreTestApplication.runTests(CoreTestApplication.java:35)\nat org.eclipse.test.CoreTestApplication.run(CoreTestApplication.java:31)\nat\norg.eclipse.core.internal.runtime.PlatformActivator$1.run(PlatformActivator.java:220)\nat org.eclipse.core.runtime.adaptor.EclipseStarter.run(EclipseStarter.java:273)\nat org.eclipse.core.runtime.adaptor.EclipseStarter.run(EclipseStarter.java:129)\nat sun.reflect.NativeMethodAccessorImpl.invoke0(Native Method)\nat sun.reflect.NativeMethodAccessorImpl.invoke(NativeMethodAccessorImpl.java:39)\nat\nsun.reflect.DelegatingMethodAccessorImpl.invoke(DelegatingMethodAccessorImpl.java:25)\nat org.eclipse.core.launcher.Main.basicRun(Main.java:185)\nat org.eclipse.core.launcher.Main.run(Main.java:710)\nat org.eclipse.core.launcher.Main.main(Main.java:694)",
    "The test failure in I20041214-0010 is likely because some other workspace change\nwas still occurring at the time the test started (the previous test creates and\nopens a project, and performs several refreshes). The test is verifying the\ncontents of a resource delta, and is very sensitive to resource change events\noccurring during the test.  I have added \"waitForBuild\" and \"waitForRefresh\" to\nthe test\u0027s setup method to prevent this from happening.",
    "Build I20041216-1200\n\ntestBeginRuleNoEndFailuredone has not been called on ProgressMonitor\n\norg.eclipse.core.tests.harness.FussyProgressMonitor$FussyProgressAssertionFailed:\ndone has not been called on ProgressMonitor\nat\norg.eclipse.core.tests.harness.FussyProgressMonitor.assertTrue(FussyProgressMonitor.java:63)\nat\norg.eclipse.core.tests.harness.FussyProgressMonitor.sanityCheck(FussyProgressMonitor.java:140)\nat\norg.eclipse.core.tests.runtime.jobs.FussyProgressProvider.sanityCheck(FussyProgressProvider.java:33)\nat\norg.eclipse.core.tests.runtime.jobs.AbstractJobManagerTest.tearDown(AbstractJobManagerTest.java:90)\nat\norg.eclipse.core.tests.runtime.jobs.IJobManagerTest.tearDown(IJobManagerTest.java:144)\nat org.eclipse.test.EclipseTestRunner.run(EclipseTestRunner.java:313)\nat org.eclipse.test.EclipseTestRunner.run(EclipseTestRunner.java:199)\nat org.eclipse.test.CoreTestApplication.runTests(CoreTestApplication.java:35)\nat org.eclipse.test.CoreTestApplication.run(CoreTestApplication.java:31)\nat\norg.eclipse.core.internal.runtime.PlatformActivator$1.run(PlatformActivator.java:220)\nat org.eclipse.core.runtime.adaptor.EclipseStarter.run(EclipseStarter.java:273)\nat org.eclipse.core.runtime.adaptor.EclipseStarter.run(EclipseStarter.java:129)\nat sun.reflect.NativeMethodAccessorImpl.invoke0(Native Method)\nat sun.reflect.NativeMethodAccessorImpl.invoke(NativeMethodAccessorImpl.java:39)\nat\nsun.reflect.DelegatingMethodAccessorImpl.invoke(DelegatingMethodAccessorImpl.java:25)\nat org.eclipse.core.launcher.Main.basicRun(Main.java:185)\nat org.eclipse.core.launcher.Main.run(Main.java:710)\nat org.eclipse.core.launcher.Main.main(Main.java:694)",
    "For the failure in comment #11, I have added begin/end on the monitor in the\ntest job, with the end in a finally block.\n\nHowever, there is a general problem with our fussy progress monitor checking. \nIf a previous test schedules a job for some time in the future, it can start\nrunning during a later test.  Each test installs a new fussy progress provider,\nand ensures that all jobs started during that test have ended.  Even if a test\nis well-behaved, if a previous test was not well-behaved and left a pending job\nbehind, the failure will be blamed on the later test.  I have added an argument\nto FussyProgressMonitor so it knows what job it belongs to.  Then when it fails,\nit reports in the assertion failure message its owner job.  This will help us\ntrack down these failures to the correct place in the future.\n\nI will release the specific fix and the improvements to fussy progress provider\ntoday, but will not contribute them to 3.1 M4 rebuilds.",
    "Build N20050122-0010\n\njunit.framework.AssertionFailedError: 3.2\nat\norg.eclipse.core.tests.resources.regression.IProjectTest.testAutoBuild_1GC2FKV(IProjectTest.java:160)\nat sun.reflect.NativeMethodAccessorImpl.invoke0(Native Method)\nat sun.reflect.NativeMethodAccessorImpl.invoke(NativeMethodAccessorImpl.java:39)\nat\nsun.reflect.DelegatingMethodAccessorImpl.invoke(DelegatingMethodAccessorImpl.java:25)\nat org.eclipse.test.EclipseTestRunner.run(EclipseTestRunner.java:313)\nat org.eclipse.test.EclipseTestRunner.run(EclipseTestRunner.java:199)\nat org.eclipse.test.CoreTestApplication.runTests(CoreTestApplication.java:35)\nat org.eclipse.test.CoreTestApplication.run(CoreTestApplication.java:31)\nat\norg.eclipse.core.internal.runtime.PlatformActivator$1.run(PlatformActivator.java:225)\nat org.eclipse.core.runtime.adaptor.EclipseStarter.run(EclipseStarter.java:274)\nat org.eclipse.core.runtime.adaptor.EclipseStarter.run(EclipseStarter.java:129)\nat sun.reflect.NativeMethodAccessorImpl.invoke0(Native Method)\nat sun.reflect.NativeMethodAccessorImpl.invoke(NativeMethodAccessorImpl.java:39)\nat\nsun.reflect.DelegatingMethodAccessorImpl.invoke(DelegatingMethodAccessorImpl.java:25)\nat org.eclipse.core.launcher.Main.basicRun(Main.java:255)\nat org.eclipse.core.launcher.Main.run(Main.java:811)\nat org.eclipse.core.launcher.Main.main(Main.java:795)",
    "*** Bug 51536 has been marked as a duplicate of this bug. ***",
    "IProjectTest.testAutoBuild_1GC2FKV is likely failing because autobuild is\nrunning in the background, and there is a race between the builders running and\nthe builders being \"reset\" by the test.  If the builders are reset before they\nare run, the test will fail.  I have added the usual \"waitForBuild()\" calls to\nthe test after each workspace change to prevent this race from happening.",
    "N20050205-0010 Linux\n\ninvocation 53 should fail, but it doesn\u0027t\n[false,org.eclipse.core.tests.harness.CancelingProgressMonitor@18600d6,F/openProject/1/1/2/2]\n\njunit.framework.AssertionFailedError: invocation 53 should fail, but it doesn\u0027t\n[false,org.eclipse.core.tests.harness.CancelingProgressMonitor@18600d6,F/openProject/1/1/2/2]\nat\norg.eclipse.core.tests.resources.TestPerformer.performTestRecursiveLoop(TestPerformer.java:80)\nat\norg.eclipse.core.tests.resources.TestPerformer.performTestRecursiveLoop(TestPerformer.java:111)\nat\norg.eclipse.core.tests.resources.TestPerformer.performTestRecursiveLoop(TestPerformer.java:111)\nat org.eclipse.core.tests.resources.TestPerformer.performTest(TestPerformer.java:55)\nat org.eclipse.core.tests.resources.IResourceTest.testDelete(IResourceTest.java:982)\nat sun.reflect.NativeMethodAccessorImpl.invoke0(Native Method)\nat sun.reflect.NativeMethodAccessorImpl.invoke(NativeMethodAccessorImpl.java:39)\nat\nsun.reflect.DelegatingMethodAccessorImpl.invoke(DelegatingMethodAccessorImpl.java:25)\nat org.eclipse.test.EclipseTestRunner.run(EclipseTestRunner.java:313)\nat org.eclipse.test.EclipseTestRunner.run(EclipseTestRunner.java:199)\nat org.eclipse.test.CoreTestApplication.runTests(CoreTestApplication.java:35)\nat org.eclipse.test.CoreTestApplication.run(CoreTestApplication.java:31)\nat\norg.eclipse.core.internal.runtime.PlatformActivator$1.run(PlatformActivator.java:227)\nat org.eclipse.core.runtime.adaptor.EclipseStarter.run(EclipseStarter.java:281)\nat org.eclipse.core.runtime.adaptor.EclipseStarter.run(EclipseStarter.java:131)\nat sun.reflect.NativeMethodAccessorImpl.invoke0(Native Method)\nat sun.reflect.NativeMethodAccessorImpl.invoke(NativeMethodAccessorImpl.java:39)\nat\nsun.reflect.DelegatingMethodAccessorImpl.invoke(DelegatingMethodAccessorImpl.java:25)\nat org.eclipse.core.launcher.Main.basicRun(Main.java:261)\nat org.eclipse.core.launcher.Main.run(Main.java:817)\nat org.eclipse.core.launcher.Main.main(Main.java:801)",
    "Failed on Windows in N20050316:\n\ntestBeginRuleNoEnd\tFailure\tdone has not been called on ProgressMonitor in job:\nBuilding workspace\n\norg.eclipse.core.tests.harness.FussyProgressMonitor$FussyProgressAssertionFailed:\ndone has not been called on ProgressMonitor in job: Building workspace\nat\norg.eclipse.core.tests.harness.FussyProgressMonitor.assertTrue(FussyProgressMonitor.java:75)\nat\norg.eclipse.core.tests.harness.FussyProgressMonitor.sanityCheck(FussyProgressMonitor.java:152)\nat\norg.eclipse.core.tests.runtime.jobs.FussyProgressProvider.sanityCheck(FussyProgressProvider.java:34)\nat\norg.eclipse.core.tests.runtime.jobs.AbstractJobManagerTest.tearDown(AbstractJobManagerTest.java:91)\nat\norg.eclipse.core.tests.runtime.jobs.IJobManagerTest.tearDown(IJobManagerTest.java:145)\nat org.eclipse.test.EclipseTestRunner.run(EclipseTestRunner.java:313)\nat org.eclipse.test.EclipseTestRunner.run(EclipseTestRunner.java:199)\nat org.eclipse.test.CoreTestApplication.runTests(CoreTestApplication.java:35)\nat org.eclipse.test.CoreTestApplication.run(CoreTestApplication.java:31)\nat\norg.eclipse.core.internal.runtime.PlatformActivator$1.run(PlatformActivator.java:228)\nat org.eclipse.core.runtime.adaptor.EclipseStarter.run(EclipseStarter.java:338)\nat org.eclipse.core.runtime.adaptor.EclipseStarter.run(EclipseStarter.java:151)\nat sun.reflect.NativeMethodAccessorImpl.invoke0(Native Method)\nat sun.reflect.NativeMethodAccessorImpl.invoke(NativeMethodAccessorImpl.java:39)\nat\nsun.reflect.DelegatingMethodAccessorImpl.invoke(DelegatingMethodAccessorImpl.java:25)\nat org.eclipse.core.launcher.Main.invokeFramework(Main.java:268)\nat org.eclipse.core.launcher.Main.basicRun(Main.java:260)\nat org.eclipse.core.launcher.Main.run(Main.java:887)\nat org.eclipse.core.launcher.Main.main(Main.java:871)",
    "Failed on Windows, I20050324-0800:\n\ntestBeginRuleNoEnd\tFailure\tdone has not been called on ProgressMonitor in job:\nBuilding workspace\n\norg.eclipse.core.tests.harness.FussyProgressMonitor$FussyProgressAssertionFailed:\ndone has not been called on ProgressMonitor in job: Building workspace\nat\norg.eclipse.core.tests.harness.FussyProgressMonitor.assertTrue(FussyProgressMonitor.java:75)\nat\norg.eclipse.core.tests.harness.FussyProgressMonitor.sanityCheck(FussyProgressMonitor.java:152)\nat\norg.eclipse.core.tests.runtime.jobs.FussyProgressProvider.sanityCheck(FussyProgressProvider.java:34)\nat\norg.eclipse.core.tests.runtime.jobs.AbstractJobManagerTest.tearDown(AbstractJobManagerTest.java:91)\nat\norg.eclipse.core.tests.runtime.jobs.IJobManagerTest.tearDown(IJobManagerTest.java:145)\nat org.eclipse.test.EclipseTestRunner.run(EclipseTestRunner.java:313)\nat org.eclipse.test.EclipseTestRunner.run(EclipseTestRunner.java:199)\nat org.eclipse.test.CoreTestApplication.runTests(CoreTestApplication.java:35)\nat org.eclipse.test.CoreTestApplication.run(CoreTestApplication.java:31)\nat\norg.eclipse.core.internal.runtime.PlatformActivator$1.run(PlatformActivator.java:228)\nat org.eclipse.core.runtime.adaptor.EclipseStarter.run(EclipseStarter.java:338)\nat org.eclipse.core.runtime.adaptor.EclipseStarter.run(EclipseStarter.java:151)\nat sun.reflect.NativeMethodAccessorImpl.invoke0(Native Method)\nat sun.reflect.NativeMethodAccessorImpl.invoke(NativeMethodAccessorImpl.java:39)\nat\nsun.reflect.DelegatingMethodAccessorImpl.invoke(DelegatingMethodAccessorImpl.java:25)\nat org.eclipse.core.launcher.Main.invokeFramework(Main.java:268)\nat org.eclipse.core.launcher.Main.basicRun(Main.java:260)\nat org.eclipse.core.launcher.Main.run(Main.java:887)\nat org.eclipse.core.launcher.Main.main(Main.java:871)",
    "The failures in comment #17 and comment #18 indicate that a builder is still\nrunning during the runtime tests.  The teardown of ResourceTest deletes all\nresources in the workspace.  This will cause an autobuild, but it should run\nvery quickly.  I have added a waitForBuild() call at the end of\nResourceTest.tearDown to ensure that the autobuild completes before the resource\ntests end.  Unless builders are somehow being run by other runtime tests, this\nshould fix the intermittent failure.",
    "It turns out that the runtime charset tests cause builders to run.  Changing\ncharsets causes CharsetDeltaJob in resources to run.  This job does a\nbeginOperation/endOperation, which causes the autobuild job to run.  This\nexplanation makes much more sense, since the charset tests run immediately\nbefore the IJobManagerTest that failed in the builds.\n\nEssentially the IJobManager test tearDown asserts that all jobs started during\nthe test are finished when the test is finished - thus a build job that starts\nduring the test causes it to fail.  It performs this assertion by installing a\nFussyProgressMonitor on all jobs that start during the test, and then assertion\non the monitors in the test\u0027s tearDown().\n\nI have released a less elegant solution that looks at the package names of jobs\nbefore assing a FussyProgressMonitor to them.  If the job is not from a runtime\ntest package, I will give those jobs a NullProgressMonitor instead of a\nFussyProgressMonitor during the runtime tests.  This will prevent the\nIJobManager tests from failing if an autobuild job (or other job from outside\nruntime tests) happens to start during the job test.  \n\n",
    "N20050325 Linux:\n\ntestDelete\tFailure\tinvocation 64 should fail, but it doesn\u0027t\n[false,org.eclipse.core.tests.harness.CancelingProgressMonitor@1f42731,F/openProject/1/1]\n\njunit.framework.AssertionFailedError: invocation 64 should fail, but it doesn\u0027t\n[false,org.eclipse.core.tests.harness.CancelingProgressMonitor@1f42731,F/openProject/1/1]\nat\norg.eclipse.core.tests.resources.TestPerformer.performTestRecursiveLoop(TestPerformer.java:80)\nat\norg.eclipse.core.tests.resources.TestPerformer.performTestRecursiveLoop(TestPerformer.java:111)\nat\norg.eclipse.core.tests.resources.TestPerformer.performTestRecursiveLoop(TestPerformer.java:111)\nat org.eclipse.core.tests.resources.TestPerformer.performTest(TestPerformer.java:55)\nat org.eclipse.core.tests.resources.IResourceTest.testDelete(IResourceTest.java:982)\nat sun.reflect.NativeMethodAccessorImpl.invoke0(Native Method)\nat sun.reflect.NativeMethodAccessorImpl.invoke(NativeMethodAccessorImpl.java:39)\nat\nsun.reflect.DelegatingMethodAccessorImpl.invoke(DelegatingMethodAccessorImpl.java:25)\nat org.eclipse.test.EclipseTestRunner.run(EclipseTestRunner.java:313)\nat org.eclipse.test.EclipseTestRunner.run(EclipseTestRunner.java:199)\nat org.eclipse.test.CoreTestApplication.runTests(CoreTestApplication.java:35)\nat org.eclipse.test.CoreTestApplication.run(CoreTestApplication.java:31)\nat\norg.eclipse.core.internal.runtime.PlatformActivator$1.run(PlatformActivator.java:228)\nat org.eclipse.core.runtime.adaptor.EclipseStarter.run(EclipseStarter.java:338)\nat org.eclipse.core.runtime.adaptor.EclipseStarter.run(EclipseStarter.java:151)\nat sun.reflect.NativeMethodAccessorImpl.invoke0(Native Method)\nat sun.reflect.NativeMethodAccessorImpl.invoke(NativeMethodAccessorImpl.java:39)\nat\nsun.reflect.DelegatingMethodAccessorImpl.invoke(DelegatingMethodAccessorImpl.java:25)\nat org.eclipse.core.launcher.Main.invokeFramework(Main.java:315)\nat org.eclipse.core.launcher.Main.basicRun(Main.java:268)\nat org.eclipse.core.launcher.Main.run(Main.java:942)\nat org.eclipse.core.launcher.Main.main(Main.java:926)",
    "I20050906 Linux:\n\ntestDelete\tFailure\tinvocation 57 should fail, but it doesn\u0027t\n[false,org.eclipse.core.tests.harness.CancelingProgressMonitor@1cc5461,P/openProject]\n\njunit.framework.AssertionFailedError: invocation 57 should fail, but it doesn\u0027t\n[false,org.eclipse.core.tests.harness.CancelingProgressMonitor@1cc5461,P/openProject]\nat\norg.eclipse.core.tests.resources.TestPerformer.performTestRecursiveLoop(TestPerformer.java:80)\nat\norg.eclipse.core.tests.resources.TestPerformer.performTestRecursiveLoop(TestPerformer.java:111)\nat\norg.eclipse.core.tests.resources.TestPerformer.performTestRecursiveLoop(TestPerformer.java:111)\nat org.eclipse.core.tests.resources.TestPerformer.performTest(TestPerformer.java:55)\nat org.eclipse.core.tests.resources.IResourceTest.testDelete(IResourceTest.java:982)\nat org.eclipse.test.EclipseTestRunner.run(EclipseTestRunner.java:313)\nat org.eclipse.test.EclipseTestRunner.run(EclipseTestRunner.java:199)\nat org.eclipse.test.CoreTestApplication.runTests(CoreTestApplication.java:35)\nat org.eclipse.test.CoreTestApplication.run(CoreTestApplication.java:31)\nat\norg.eclipse.core.internal.runtime.PlatformActivator$1.run(PlatformActivator.java:226)\nat org.eclipse.core.runtime.adaptor.EclipseStarter.run(EclipseStarter.java:377)\nat org.eclipse.core.runtime.adaptor.EclipseStarter.run(EclipseStarter.java:164)\nat org.eclipse.core.launcher.Main.invokeFramework(Main.java:338)\nat org.eclipse.core.launcher.Main.basicRun(Main.java:282)\nat org.eclipse.core.launcher.Main.run(Main.java:977)\nat org.eclipse.core.launcher.Main.main(Main.java:952)",
    "I have fixed our good friend IResourceTest#testDelete in my abstract file system\nbranch.  It required fixing the implementation of delete to ensure that it\nconsistently checked for cancellation.  Since the fix is a bit complicated, I\nhave just modified the test in HEAD to not use the cancelling progress monitor\nat all.",
    "I20051012-1200 Windows:\n\nIProjectTest.testProjectDeletionOpenUserDefinedOutOfSync\t\n\nFailure\tIResourceTest#clear.99: org.eclipse.core.runtime.CoreException: Problems\nencountered while deleting files.\n\njunit.framework.AssertionFailedError: IResourceTest#clear.99:\norg.eclipse.core.runtime.CoreException: Problems encountered while deleting files.\nat org.eclipse.core.tests.harness.CoreTest.fail(CoreTest.java:46)\nat org.eclipse.core.tests.resources.ResourceTest.clear(ResourceTest.java:368)\nat org.eclipse.core.tests.resources.ResourceTest.cleanup(ResourceTest.java:356)\nat org.eclipse.core.tests.resources.ResourceTest.tearDown(ResourceTest.java:849)\nat org.eclipse.core.tests.resources.IProjectTest.tearDown(IProjectTest.java:72)\nat org.eclipse.test.EclipseTestRunner.run(EclipseTestRunner.java:330)\nat org.eclipse.test.EclipseTestRunner.run(EclipseTestRunner.java:204)\nat org.eclipse.test.CoreTestApplication.runTests(CoreTestApplication.java:35)\nat org.eclipse.test.CoreTestApplication.run(CoreTestApplication.java:31)\nat\norg.eclipse.core.internal.runtime.PlatformActivator$1.run(PlatformActivator.java:226)\nat org.eclipse.core.runtime.adaptor.EclipseStarter.run(EclipseStarter.java:375)\nat org.eclipse.core.runtime.adaptor.EclipseStarter.run(EclipseStarter.java:164)\nat org.eclipse.core.launcher.Main.invokeFramework(Main.java:338)\nat org.eclipse.core.launcher.Main.basicRun(Main.java:282)\nat org.eclipse.core.launcher.Main.run(Main.java:977)\nat org.eclipse.core.launcher.Main.main(Main.java:952)",
    "I20060124-0800 Windows\n\ntestJobFamilySleep\tError\tassertion failed:\n\norg.eclipse.core.runtime.AssertionFailedException: assertion failed:\nat org.eclipse.core.runtime.Assert.isTrue(Assert.java:107)\nat org.eclipse.core.runtime.Assert.isTrue(Assert.java:93)\nat org.eclipse.core.internal.jobs.JobQueue.enqueue(JobQueue.java:72)\nat org.eclipse.core.internal.jobs.JobManager.changeState(JobManager.java:307)\nat org.eclipse.core.internal.jobs.JobManager.sleep(JobManager.java:1055)\nat org.eclipse.core.internal.jobs.JobManager.sleep(JobManager.java:1067)\nat org.eclipse.core.tests.runtime.jobs.IJobManagerTest.testJobFamilySleep(IJobManagerTest.java:970)\nat org.eclipse.test.EclipseTestRunner.run(EclipseTestRunner.java:330)\nat org.eclipse.test.EclipseTestRunner.run(EclipseTestRunner.java:204)\nat org.eclipse.test.CoreTestApplication.runTests(CoreTestApplication.java:35)\nat org.eclipse.test.CoreTestApplication.run(CoreTestApplication.java:31)\nat org.eclipse.core.internal.runtime.PlatformActivator$1.run(PlatformActivator.java:109)\nat org.eclipse.core.runtime.internal.adaptor.EclipseAppLauncher.runApplication(EclipseAppLauncher.java:93)\nat org.eclipse.core.runtime.internal.adaptor.EclipseAppLauncher.start(EclipseAppLauncher.java:69)\nat org.eclipse.core.runtime.adaptor.EclipseStarter.run(EclipseStarter.java:374)\nat org.eclipse.core.runtime.adaptor.EclipseStarter.run(EclipseStarter.java:169)\nat org.eclipse.core.launcher.Main.invokeFramework(Main.java:338)\nat org.eclipse.core.launcher.Main.basicRun(Main.java:282)\nat org.eclipse.core.launcher.Main.run(Main.java:977)\nat org.eclipse.core.launcher.Main.main(Main.java:952)",
    "N20060220 Linux GTK:\n\ntestMutexRule\tFailure\tTimeout waiting for job to start. Job: testSimpleRules(246), state: 2\n\njunit.framework.AssertionFailedError: Timeout waiting for job to start. Job: testSimpleRules(246), state: 2\nat org.eclipse.core.tests.runtime.jobs.IJobManagerTest.waitForStart(IJobManagerTest.java:1663)\nat org.eclipse.core.tests.runtime.jobs.IJobManagerTest.testMutexRule(IJobManagerTest.java:1142)\nat org.eclipse.test.EclipseTestRunner.run(EclipseTestRunner.java:330)\nat org.eclipse.test.EclipseTestRunner.run(EclipseTestRunner.java:204)\nat org.eclipse.test.CoreTestApplication.runTests(CoreTestApplication.java:35)\nat org.eclipse.test.CoreTestApplication.run(CoreTestApplication.java:31)\nat org.eclipse.core.internal.runtime.PlatformActivator$1.run(PlatformActivator.java:99)\nat org.eclipse.core.runtime.internal.adaptor.EclipseAppLauncher.runApplication(EclipseAppLauncher.java:92)\nat org.eclipse.core.runtime.internal.adaptor.EclipseAppLauncher.start(EclipseAppLauncher.java:68)\nat org.eclipse.core.runtime.adaptor.EclipseStarter.run(EclipseStarter.java:374)\nat org.eclipse.core.runtime.adaptor.EclipseStarter.run(EclipseStarter.java:169)\nat org.eclipse.core.launcher.Main.invokeFramework(Main.java:338)\nat org.eclipse.core.launcher.Main.basicRun(Main.java:282)\nat org.eclipse.core.launcher.Main.run(Main.java:977)\nat org.eclipse.core.launcher.Main.main(Main.java:952)",
    "N20060226, Mac OSX\n\ntestJobFamilyJoin\tFailure\t2.11\n\njunit.framework.AssertionFailedError: 2.11\nat org.eclipse.core.tests.runtime.jobs.IJobManagerTest.testJobFamilyJoin(IJobManagerTest.java:619)\nat org.eclipse.test.EclipseTestRunner.run(EclipseTestRunner.java:330)\nat org.eclipse.test.EclipseTestRunner.run(EclipseTestRunner.java:204)\nat org.eclipse.test.CoreTestApplication.runTests(CoreTestApplication.java:35)\nat org.eclipse.test.CoreTestApplication.run(CoreTestApplication.java:31)\nat org.eclipse.core.internal.runtime.PlatformActivator$1.run(PlatformActivator.java:99)\nat org.eclipse.core.runtime.internal.adaptor.EclipseAppLauncher.runApplication(EclipseAppLauncher.java:92)\nat org.eclipse.core.runtime.internal.adaptor.EclipseAppLauncher.start(EclipseAppLauncher.java:68)\nat org.eclipse.core.runtime.adaptor.EclipseStarter.run(EclipseStarter.java:374)\nat org.eclipse.core.runtime.adaptor.EclipseStarter.run(EclipseStarter.java:169)\nat org.eclipse.core.launcher.Main.invokeFramework(Main.java:338)\nat org.eclipse.core.launcher.Main.basicRun(Main.java:282)\nat org.eclipse.core.launcher.Main.run(Main.java:977)\nat org.eclipse.core.launcher.Main.main(Main.java:952)",
    "Comment #27 was a race condition in the test.  I have released a fix in IJobManagerTest#testJobFamilyJoin",
    "N20060225 Linux:\n\ntestMutexRule\tFailure\tTimeout waiting for job to start. Job: testSimpleRules(237), state: 2\n\njunit.framework.AssertionFailedError: Timeout waiting for job to start. Job: testSimpleRules(237), state: 2\nat org.eclipse.core.tests.runtime.jobs.IJobManagerTest.waitForStart(IJobManagerTest.java:1678)\nat org.eclipse.core.tests.runtime.jobs.IJobManagerTest.testMutexRule(IJobManagerTest.java:1157)\nat org.eclipse.test.EclipseTestRunner.run(EclipseTestRunner.java:330)\nat org.eclipse.test.EclipseTestRunner.run(EclipseTestRunner.java:204)\nat org.eclipse.test.CoreTestApplication.runTests(CoreTestApplication.java:35)\nat org.eclipse.test.CoreTestApplication.run(CoreTestApplication.java:31)\nat org.eclipse.core.internal.runtime.PlatformActivator$1.run(PlatformActivator.java:99)\nat org.eclipse.core.runtime.internal.adaptor.EclipseAppLauncher.runApplication(EclipseAppLauncher.java:92)\nat org.eclipse.core.runtime.internal.adaptor.EclipseAppLauncher.start(EclipseAppLauncher.java:68)\nat org.eclipse.core.runtime.adaptor.EclipseStarter.run(EclipseStarter.java:374)\nat org.eclipse.core.runtime.adaptor.EclipseStarter.run(EclipseStarter.java:169)\nat org.eclipse.core.launcher.Main.invokeFramework(Main.java:338)\nat org.eclipse.core.launcher.Main.basicRun(Main.java:282)\nat org.eclipse.core.launcher.Main.run(Main.java:977)\nat org.eclipse.core.launcher.Main.main(Main.java:952)",
    "Comment 29 is a failure pattern I have seen a few times, but have not be able to reliably reproduce.  Simply, job i is canceled, and job i+1 should then be running. In the failure case, a job from near the *end* of the wait queue is running instead of the first job.  In this case, job 237 should have been running, but the failure state was:\n\n testSimpleRules(244) state: RUNNING\n testSimpleRules(245) state: WAITING\n testSimpleRules(237) state: WAITING\n testSimpleRules(238) state: WAITING\n testSimpleRules(239) state: WAITING\n testSimpleRules(240) state: WAITING\n testSimpleRules(241) state: WAITING\n testSimpleRules(242) state: WAITING\n testSimpleRules(243) state: WAITING",
    "N20060524\n\njunit.framework.AssertionFailedError: 1.1./1 expected:\u003c4\u003e but was:\u003c0\u003e\norg.eclipse.core.tests.resources.MarkerTest.testMarkerChangesInDelta3(MarkerTest.java:77)\n\njunit.framework.AssertionFailedError: 1.2./ expected:\u003c1\u003e but was:\u003c0\u003e\norg.eclipse.core.tests.resources.MarkerTest.testCreateMarker(MarkerTest.java:457)\n\njunit.framework.AssertionFailedError: 2.0./ expected:\u003c1\u003e but was:\u003c0\u003e\norg.eclipse.core.tests.resources.MarkerTest.testDeleteMarker(MarkerTest.java:520)\n\njunit.framework.AssertionFailedError: 1.1./ expected:\u003c1\u003e but was:\u003c0\u003e\norg.eclipse.core.tests.resources.MarkerTest.testMarkerChangesInDelta(MarkerTest.java:791)\n\njunit.framework.AssertionFailedError: 2.2./ expected:\u003c1\u003e but was:\u003c0\u003e\norg.eclipse.core.tests.resources.MarkerTest.testMarkerDeltasMerge(MarkerTest.java:1106)\n\njunit.framework.AssertionFailedError: 3.1\norg.eclipse.core.tests.resources.MarkerTest.testMarkerDeltasMoveFolder(MarkerTest.java:1232)",
    "I20060926-0800, Linux GTK:\n\ntestJobFamilySleep\tFailure\t2.0: expected state: RUNNING actual state: SLEEPING\n\njunit.framework.AssertionFailedError: 2.0: expected state: RUNNING actual state: SLEEPING\nat org.eclipse.core.tests.runtime.jobs.IJobManagerTest.assertState(IJobManagerTest.java:87)\nat org.eclipse.core.tests.runtime.jobs.IJobManagerTest.testJobFamilySleep(IJobManagerTest.java:985)\nat org.eclipse.test.EclipseTestRunner.run(EclipseTestRunner.java:327)\nat org.eclipse.test.EclipseTestRunner.run(EclipseTestRunner.java:201)\nat org.eclipse.test.CoreTestApplication.runTests(CoreTestApplication.java:35)\nat org.eclipse.test.CoreTestApplication.run(CoreTestApplication.java:31)\nat org.eclipse.core.internal.runtime.PlatformActivator$1.run(PlatformActivator.java:78)\nat org.eclipse.core.runtime.internal.adaptor.EclipseAppLauncher.runApplication(EclipseAppLauncher.java:104)\nat org.eclipse.core.runtime.internal.adaptor.EclipseAppLauncher.start(EclipseAppLauncher.java:74)\nat org.eclipse.core.runtime.adaptor.EclipseStarter.run(EclipseStarter.java:348)\nat org.eclipse.core.runtime.adaptor.EclipseStarter.run(EclipseStarter.java:165)\nat org.eclipse.core.launcher.Main.invokeFramework(Main.java:341)\nat org.eclipse.core.launcher.Main.basicRun(Main.java:285)\nat org.eclipse.core.launcher.Main.run(Main.java:987)\nat org.eclipse.core.launcher.Main.main(Main.java:962)",
    "*** Bug 129950 has been marked as a duplicate of this bug. ***",
    "I20070615-1200/testresults/html/org.eclipse.core.tests.runtime_win32.win32.x86.html\n\n8.9: expected state: NONE actual state: RUNNING\n\njunit.framework.AssertionFailedError: 8.9: expected state: NONE actual state: RUNNING\nat org.eclipse.core.tests.runtime.jobs.IJobManagerTest.assertState(IJobManagerTest.java:87)\nat org.eclipse.core.tests.runtime.jobs.IJobManagerTest.testJobFamilyWakeUp(IJobManagerTest.java:1120)\nat org.eclipse.test.EclipseTestRunner.run(EclipseTestRunner.java:354)\nat org.eclipse.test.EclipseTestRunner.run(EclipseTestRunner.java:206)\nat org.eclipse.test.CoreTestApplication.runTests(CoreTestApplication.java:35)\nat org.eclipse.test.CoreTestApplication.run(CoreTestApplication.java:31)\nat org.eclipse.equinox.internal.app.EclipseAppContainer.callMethod(EclipseAppContainer.java:533)\nat org.eclipse.equinox.internal.app.EclipseAppHandle.run(EclipseAppHandle.java:155)\nat org.eclipse.core.runtime.internal.adaptor.EclipseAppLauncher.runApplication(EclipseAppLauncher.java:106)\nat org.eclipse.core.runtime.internal.adaptor.EclipseAppLauncher.start(EclipseAppLauncher.java:76)\nat org.eclipse.core.runtime.adaptor.EclipseStarter.run(EclipseStarter.java:363)\nat org.eclipse.core.runtime.adaptor.EclipseStarter.run(EclipseStarter.java:176)\nat org.eclipse.equinox.launcher.Main.invokeFramework(Main.java:504)\nat org.eclipse.equinox.launcher.Main.basicRun(Main.java:443)\nat org.eclipse.equinox.launcher.Main.run(Main.java:1169)\nat org.eclipse.equinox.launcher.Main.main(Main.java:1144)\nat org.eclipse.core.launcher.Main.main(Main.java:30)",
    "testJobFamilyWakeUp, N20070627-0010, win32\n\n\nFailure\t8.4: expected state: NONE actual state: RUNNING\n\njunit.framework.AssertionFailedError: 8.4: expected state: NONE actual state: RUNNING\nat org.eclipse.core.tests.runtime.jobs.IJobManagerTest.assertState(IJobManagerTest.java:87)\nat org.eclipse.core.tests.runtime.jobs.IJobManagerTest.testJobFamilyWakeUp(IJobManagerTest.java:1120)\nat org.eclipse.test.EclipseTestRunner.run(EclipseTestRunner.java:354)\nat org.eclipse.test.EclipseTestRunner.run(EclipseTestRunner.java:206)\nat org.eclipse.test.CoreTestApplication.runTests(CoreTestApplication.java:35)\nat org.eclipse.test.CoreTestApplication.run(CoreTestApplication.java:31)\nat org.eclipse.equinox.internal.app.EclipseAppContainer.callMethod(EclipseAppContainer.java:533)\nat org.eclipse.equinox.internal.app.EclipseAppHandle.run(EclipseAppHandle.java:155)\nat org.eclipse.core.runtime.internal.adaptor.EclipseAppLauncher.runApplication(EclipseAppLauncher.java:106)\nat org.eclipse.core.runtime.internal.adaptor.EclipseAppLauncher.start(EclipseAppLauncher.java:76)\nat org.eclipse.core.runtime.adaptor.EclipseStarter.run(EclipseStarter.java:363)\nat org.eclipse.core.runtime.adaptor.EclipseStarter.run(EclipseStarter.java:176)\nat org.eclipse.equinox.launcher.Main.invokeFramework(Main.java:504)\nat org.eclipse.equinox.launcher.Main.basicRun(Main.java:443)\nat org.eclipse.equinox.launcher.Main.run(Main.java:1169)\nat org.eclipse.equinox.launcher.Main.main(Main.java:1144)\nat org.eclipse.core.launcher.Main.main(Main.java:30)",
    "*** Bug 127752 has been marked as a duplicate of this bug. ***",
    "N20071115-0010, Mac Java 5:\n\n8.0: expected state: NONE actual state: RUNNING\n\njunit.framework.AssertionFailedError: 8.0: expected state: NONE actual state: RUNNING\nat org.eclipse.core.tests.runtime.jobs.IJobManagerTest.assertState(IJobManagerTest.java:87)\nat org.eclipse.core.tests.runtime.jobs.IJobManagerTest.testJobFamilyWakeUp(IJobManagerTest.java:1152)\nat org.eclipse.test.EclipseTestRunner.run(EclipseTestRunner.java:354)\nat org.eclipse.test.EclipseTestRunner.run(EclipseTestRunner.java:206)\nat org.eclipse.test.CoreTestApplication.runTests(CoreTestApplication.java:35)\nat org.eclipse.test.CoreTestApplication.run(CoreTestApplication.java:31)\nat org.eclipse.equinox.internal.app.EclipseAppContainer.callMethod(EclipseAppContainer.java:570)\nat org.eclipse.equinox.internal.app.EclipseAppHandle.run(EclipseAppHandle.java:195)\nat org.eclipse.core.runtime.internal.adaptor.EclipseAppLauncher.runApplication(EclipseAppLauncher.java:106)\nat org.eclipse.core.runtime.internal.adaptor.EclipseAppLauncher.start(EclipseAppLauncher.java:76)\nat org.eclipse.core.runtime.adaptor.EclipseStarter.run(EclipseStarter.java:362)\nat org.eclipse.core.runtime.adaptor.EclipseStarter.run(EclipseStarter.java:175)\nat org.eclipse.equinox.launcher.Main.invokeFramework(Main.java:516)\nat org.eclipse.equinox.launcher.Main.basicRun(Main.java:456)\nat org.eclipse.equinox.launcher.Main.run(Main.java:1194)\nat org.eclipse.equinox.launcher.Main.main(Main.java:1170)\nat org.eclipse.core.launcher.Main.main(Main.java:30)"
  ],
  "commentCreationDates": [
    "2004-02-10T20:45:29+01:00",
    "2004-02-10T20:47:02+01:00",
    "2004-05-14T20:40:53+02:00",
    "2004-05-14T20:48:14+02:00",
    "2004-05-17T16:26:26+02:00",
    "2004-06-02T15:56:14+02:00",
    "2004-06-25T21:44:43+02:00",
    "2004-11-23T03:59:06+01:00",
    "2004-11-23T18:51:02+01:00",
    "2004-12-14T16:17:59+01:00",
    "2004-12-14T16:31:50+01:00",
    "2004-12-16T21:31:55+01:00",
    "2004-12-16T22:00:40+01:00",
    "2005-01-24T18:14:50+01:00",
    "2005-01-25T19:11:40+01:00",
    "2005-01-25T20:24:55+01:00",
    "2005-02-07T14:42:16+01:00",
    "2005-03-16T17:11:12+01:00",
    "2005-03-24T16:36:29+01:00",
    "2005-03-24T16:45:21+01:00",
    "2005-03-24T17:07:20+01:00",
    "2005-03-28T16:18:43+02:00",
    "2005-09-07T18:11:32+02:00",
    "2005-09-22T17:48:22+02:00",
    "2005-10-14T22:50:37+02:00",
    "2006-01-24T21:49:48+01:00",
    "2006-02-20T15:00:22+01:00",
    "2006-02-27T18:44:37+01:00",
    "2006-02-27T18:48:30+01:00",
    "2006-02-27T18:49:09+01:00",
    "2006-02-27T18:55:09+01:00",
    "2006-05-24T15:54:21+02:00",
    "2006-09-26T19:53:06+02:00",
    "2006-11-21T18:57:00+01:00",
    "2007-06-18T15:41:59+02:00",
    "2007-06-27T15:40:41+02:00",
    "2007-07-11T20:13:09+02:00",
    "2007-11-15T19:00:42+01:00"
  ],
  "traces": [
    {
      "exceptionType": "org.eclipse.core.runtime.OperationCanceledException",
      "elements": [
        {
          "method": "org.eclipse.core.tests.resources.TestPerformer.performTestRecursiveLoop",
          "source": "TestPerformer.java:90"
        },
        {
          "method": "org.eclipse.core.tests.resources.TestPerformer.performTestRecursiveLoop",
          "source": "TestPerformer.java:103"
        },
        {
          "method": "org.eclipse.core.tests.resources.TestPerformer.performTestRecursiveLoop",
          "source": "TestPerformer.java:103"
        },
        {
          "method": "org.eclipse.core.tests.resources.TestPerformer.performTest",
          "source": "TestPerformer.java:55"
        },
        {
          "method": "org.eclipse.core.tests.resources.IResourceTest.testDelete",
          "source": "IResourceTest.java:850"
        },
        {
          "method": "sun.reflect.NativeMethodAccessorImpl.invoke0",
          "source": "Native Method"
        },
        {
          "method": "sun.reflect.NativeMethodAccessorImpl.invoke",
          "source": "NativeMethodAccessorImpl.java:39"
        },
        {
          "method": "sun.reflect.DelegatingMethodAccessorImpl.invoke",
          "source": "DelegatingMethodAccessorImpl.java:25"
        },
        {
          "method": "org.eclipse.test.EclipseTestRunner.run",
          "source": "EclipseTestRunner.java:322"
        },
        {
          "method": "org.eclipse.test.EclipseTestRunner.run",
          "source": "EclipseTestRunner.java:198"
        },
        {
          "method": "org.eclipse.test.CoreTestApplication.runTests",
          "source": "CoreTestApplication.java:35"
        },
        {
          "method": "org.eclipse.test.CoreTestApplication.run",
          "source": "CoreTestApplication.java:31"
        },
        {
          "method": "org.eclipse.core.internal.runtime.PlatformActivator$1.run",
          "source": "PlatformActivator.java:299"
        },
        {
          "method": "org.eclipse.core.runtime.adaptor.EclipseStarter.run",
          "source": "EclipseStarter.java:256"
        },
        {
          "method": "org.eclipse.core.runtime.adaptor.EclipseStarter.run",
          "source": "EclipseStarter.java:127"
        },
        {
          "method": "sun.reflect.NativeMethodAccessorImpl.invoke0",
          "source": "Native Method"
        },
        {
          "method": "sun.reflect.NativeMethodAccessorImpl.invoke",
          "source": "NativeMethodAccessorImpl.java:39"
        },
        {
          "method": "sun.reflect.DelegatingMethodAccessorImpl.invoke",
          "source": "DelegatingMethodAccessorImpl.java:25"
        },
        {
          "method": "org.eclipse.core.launcher.Main.basicRun",
          "source": "Main.java:184"
        },
        {
          "method": "org.eclipse.core.launcher.Main.run",
          "source": "Main.java:637"
        },
        {
          "method": "org.eclipse.core.launcher.Main.main",
          "source": "Main.java:621"
        }
      ],
      "number": 0,
      "commentIndex": 4,
      "bugId": "51538",
      "date": "2004-05-17T16:26:26+02:00",
      "product": "Platform",
      "component": "Resources",
      "severity": "normal"
    },
    {
      "exceptionType": "junit.framework.AssertionFailedError",
      "message": "3.2",
      "elements": [
        {
          "method": "org.eclipse.core.tests.resources.regression.IProjectTest.testAutoBuild_1GC2FKV",
          "source": "IProjectTest.java:161"
        },
        {
          "method": "sun.reflect.NativeMethodAccessorImpl.invoke0",
          "source": "Native Method"
        },
        {
          "method": "sun.reflect.NativeMethodAccessorImpl.invoke",
          "source": "NativeMethodAccessorImpl.java:39"
        },
        {
          "method": "sun.reflect.DelegatingMethodAccessorImpl.invoke",
          "source": "DelegatingMethodAccessorImpl.java:25"
        },
        {
          "method": "org.eclipse.test.EclipseTestRunner.run",
          "source": "EclipseTestRunner.java:322"
        },
        {
          "method": "org.eclipse.test.EclipseTestRunner.run",
          "source": "EclipseTestRunner.java:198"
        },
        {
          "method": "org.eclipse.test.CoreTestApplication.runTests",
          "source": "CoreTestApplication.java:35"
        },
        {
          "method": "org.eclipse.test.CoreTestApplication.run",
          "source": "CoreTestApplication.java:31"
        },
        {
          "method": "org.eclipse.core.internal.runtime.PlatformActivator$1.run",
          "source": "PlatformActivator.java:334"
        },
        {
          "method": "org.eclipse.core.runtime.adaptor.EclipseStarter.run",
          "source": "EclipseStarter.java:273"
        },
        {
          "method": "org.eclipse.core.runtime.adaptor.EclipseStarter.run",
          "source": "EclipseStarter.java:128"
        },
        {
          "method": "sun.reflect.NativeMethodAccessorImpl.invoke0",
          "source": "Native Method"
        },
        {
          "method": "sun.reflect.NativeMethodAccessorImpl.invoke",
          "source": "NativeMethodAccessorImpl.java:39"
        },
        {
          "method": "sun.reflect.DelegatingMethodAccessorImpl.invoke",
          "source": "DelegatingMethodAccessorImpl.java:25"
        },
        {
          "method": "org.eclipse.core.launcher.Main.basicRun",
          "source": "Main.java:185"
        },
        {
          "method": "org.eclipse.core.launcher.Main.run",
          "source": "Main.java:638"
        },
        {
          "method": "org.eclipse.core.launcher.Main.main",
          "source": "Main.java:622"
        }
      ],
      "number": 1,
      "commentIndex": 5,
      "bugId": "51538",
      "date": "2004-06-02T15:56:14+02:00",
      "product": "Platform",
      "component": "Resources",
      "severity": "normal"
    },
    {
      "exceptionType": "junit.framework.AssertionFailedError",
      "message": "3.1 expected:\u003c1\u003e but was:\u003c2\u003e",
      "elements": [
        {
          "method": "junit.framework.Assert.fail",
          "source": "Assert.java:47"
        },
        {
          "method": "junit.framework.Assert.failNotEquals",
          "source": "Assert.java:282"
        },
        {
          "method": "junit.framework.Assert.assertEquals",
          "source": "Assert.java:64"
        },
        {
          "method": "junit.framework.Assert.assertEquals",
          "source": "Assert.java:201"
        },
        {
          "method": "org.eclipse.core.tests.resources.regression.Bug_27271.testBug",
          "source": "Bug_27271.java:80"
        },
        {
          "method": "sun.reflect.NativeMethodAccessorImpl.invoke0",
          "source": "Native Method"
        },
        {
          "method": "sun.reflect.NativeMethodAccessorImpl.invoke",
          "source": "NativeMethodAccessorImpl.java:85"
        },
        {
          "method": "sun.reflect.NativeMethodAccessorImpl.invoke",
          "source": "NativeMethodAccessorImpl.java:58"
        },
        {
          "method": "sun.reflect.DelegatingMethodAccessorImpl.invoke",
          "source": "DelegatingMethodAccessorImpl.java:60"
        },
        {
          "method": "java.lang.reflect.Method.invoke",
          "source": "Method.java:391"
        },
        {
          "method": "junit.framework.TestCase.runTest",
          "source": "TestCase.java:154"
        },
        {
          "method": "junit.framework.TestCase.runBare",
          "source": "TestCase.java:127"
        },
        {
          "method": "junit.framework.TestResult$1.protect",
          "source": "TestResult.java:106"
        },
        {
          "method": "junit.framework.TestResult.runProtected",
          "source": "TestResult.java:124"
        },
        {
          "method": "junit.framework.TestResult.run",
          "source": "TestResult.java:109"
        },
        {
          "method": "junit.framework.TestCase.run",
          "source": "TestCase.java:118"
        },
        {
          "method": "junit.framework.TestSuite.runTest",
          "source": "TestSuite.java:208"
        },
        {
          "method": "junit.framework.TestSuite.run",
          "source": "TestSuite.java:203"
        },
        {
          "method": "junit.framework.TestSuite.runTest",
          "source": "TestSuite.java:208"
        },
        {
          "method": "junit.framework.TestSuite.run",
          "source": "TestSuite.java:203"
        },
        {
          "method": "junit.framework.TestSuite.runTest",
          "source": "TestSuite.java:208"
        },
        {
          "method": "junit.framework.TestSuite.run",
          "source": "TestSuite.java:203"
        },
        {
          "method": "org.eclipse.jdt.internal.junit.runner.RemoteTestRunner.runTests",
          "source": "RemoteTestRunner.java:421"
        },
        {
          "method": "org.eclipse.jdt.internal.junit.runner.RemoteTestRunner.run",
          "source": "RemoteTestRunner.java:305"
        },
        {
          "method": "org.eclipse.pde.internal.junit.runtime.RemotePluginTestRunner.main",
          "source": "RemotePluginTestRunner.java:30"
        },
        {
          "method": "org.eclipse.pde.internal.junit.runtime.CoreTestApplication.run",
          "source": "CoreTestApplication.java:26"
        },
        {
          "method": "org.eclipse.core.internal.runtime.PlatformActivator$1.run",
          "source": "PlatformActivator.java:220"
        },
        {
          "method": "org.eclipse.core.runtime.adaptor.EclipseStarter.run",
          "source": "EclipseStarter.java:273"
        },
        {
          "method": "org.eclipse.core.runtime.adaptor.EclipseStarter.run",
          "source": "EclipseStarter.java:129"
        },
        {
          "method": "sun.reflect.NativeMethodAccessorImpl.invoke0",
          "source": "Native Method"
        },
        {
          "method": "sun.reflect.NativeMethodAccessorImpl.invoke",
          "source": "NativeMethodAccessorImpl.java:85"
        },
        {
          "method": "sun.reflect.NativeMethodAccessorImpl.invoke",
          "source": "NativeMethodAccessorImpl.java:58"
        },
        {
          "method": "sun.reflect.DelegatingMethodAccessorImpl.invoke",
          "source": "DelegatingMethodAccessorImpl.java:60"
        },
        {
          "method": "java.lang.reflect.Method.invoke",
          "source": "Method.java:391"
        },
        {
          "method": "org.eclipse.core.launcher.Main.basicRun",
          "source": "Main.java:185"
        },
        {
          "method": "org.eclipse.core.launcher.Main.run",
          "source": "Main.java:710"
        },
        {
          "method": "org.eclipse.core.launcher.Main.main",
          "source": "Main.java:694"
        }
      ],
      "number": 2,
      "commentIndex": 7,
      "bugId": "51538",
      "date": "2004-11-23T03:59:06+01:00",
      "product": "Platform",
      "component": "Resources",
      "severity": "normal"
    },
    {
      "exceptionType": "junit.framework.AssertionFailedError",
      "message": "Verifier has not yet been given a resource delta",
      "elements": [
        {
          "method": "org.eclipse.core.tests.resources.ResourceDeltaVerifier.getMessage",
          "source": "ResourceDeltaVerifier.java:478"
        },
        {
          "method": "org.eclipse.core.tests.resources.regression.PR_1GEAB3C_Test.assertDelta",
          "source": "PR_1GEAB3C_Test.java:34"
        },
        {
          "method": "org.eclipse.core.tests.resources.regression.PR_1GEAB3C_Test.test_1GEAB3C",
          "source": "PR_1GEAB3C_Test.java:93"
        },
        {
          "method": "sun.reflect.NativeMethodAccessorImpl.invoke0",
          "source": "Native Method"
        },
        {
          "method": "sun.reflect.NativeMethodAccessorImpl.invoke",
          "source": "NativeMethodAccessorImpl.java:39"
        },
        {
          "method": "sun.reflect.DelegatingMethodAccessorImpl.invoke",
          "source": "DelegatingMethodAccessorImpl.java:25"
        },
        {
          "method": "org.eclipse.test.EclipseTestRunner.run",
          "source": "EclipseTestRunner.java:313"
        },
        {
          "method": "org.eclipse.test.EclipseTestRunner.run",
          "source": "EclipseTestRunner.java:199"
        },
        {
          "method": "org.eclipse.test.CoreTestApplication.runTests",
          "source": "CoreTestApplication.java:35"
        },
        {
          "method": "org.eclipse.test.CoreTestApplication.run",
          "source": "CoreTestApplication.java:31"
        },
        {
          "method": "org.eclipse.core.internal.runtime.PlatformActivator$1.run",
          "source": "PlatformActivator.java:220"
        },
        {
          "method": "org.eclipse.core.runtime.adaptor.EclipseStarter.run",
          "source": "EclipseStarter.java:273"
        },
        {
          "method": "org.eclipse.core.runtime.adaptor.EclipseStarter.run",
          "source": "EclipseStarter.java:129"
        },
        {
          "method": "sun.reflect.NativeMethodAccessorImpl.invoke0",
          "source": "Native Method"
        },
        {
          "method": "sun.reflect.NativeMethodAccessorImpl.invoke",
          "source": "NativeMethodAccessorImpl.java:39"
        },
        {
          "method": "sun.reflect.DelegatingMethodAccessorImpl.invoke",
          "source": "DelegatingMethodAccessorImpl.java:25"
        },
        {
          "method": "org.eclipse.core.launcher.Main.basicRun",
          "source": "Main.java:185"
        },
        {
          "method": "org.eclipse.core.launcher.Main.run",
          "source": "Main.java:710"
        },
        {
          "method": "org.eclipse.core.launcher.Main.main",
          "source": "Main.java:694"
        }
      ],
      "number": 3,
      "commentIndex": 9,
      "bugId": "51538",
      "date": "2004-12-14T16:17:59+01:00",
      "product": "Platform",
      "component": "Resources",
      "severity": "normal"
    },
    {
      "exceptionType": "junit.framework.AssertionFailedError",
      "message": "3.2",
      "elements": [
        {
          "method": "org.eclipse.core.tests.resources.regression.IProjectTest.testAutoBuild_1GC2FKV",
          "source": "IProjectTest.java:160"
        },
        {
          "method": "sun.reflect.NativeMethodAccessorImpl.invoke0",
          "source": "Native Method"
        },
        {
          "method": "sun.reflect.NativeMethodAccessorImpl.invoke",
          "source": "NativeMethodAccessorImpl.java:39"
        },
        {
          "method": "sun.reflect.DelegatingMethodAccessorImpl.invoke",
          "source": "DelegatingMethodAccessorImpl.java:25"
        },
        {
          "method": "org.eclipse.test.EclipseTestRunner.run",
          "source": "EclipseTestRunner.java:313"
        },
        {
          "method": "org.eclipse.test.EclipseTestRunner.run",
          "source": "EclipseTestRunner.java:199"
        },
        {
          "method": "org.eclipse.test.CoreTestApplication.runTests",
          "source": "CoreTestApplication.java:35"
        },
        {
          "method": "org.eclipse.test.CoreTestApplication.run",
          "source": "CoreTestApplication.java:31"
        },
        {
          "method": "org.eclipse.core.internal.runtime.PlatformActivator$1.run",
          "source": "PlatformActivator.java:225"
        },
        {
          "method": "org.eclipse.core.runtime.adaptor.EclipseStarter.run",
          "source": "EclipseStarter.java:274"
        },
        {
          "method": "org.eclipse.core.runtime.adaptor.EclipseStarter.run",
          "source": "EclipseStarter.java:129"
        },
        {
          "method": "sun.reflect.NativeMethodAccessorImpl.invoke0",
          "source": "Native Method"
        },
        {
          "method": "sun.reflect.NativeMethodAccessorImpl.invoke",
          "source": "NativeMethodAccessorImpl.java:39"
        },
        {
          "method": "sun.reflect.DelegatingMethodAccessorImpl.invoke",
          "source": "DelegatingMethodAccessorImpl.java:25"
        },
        {
          "method": "org.eclipse.core.launcher.Main.basicRun",
          "source": "Main.java:255"
        },
        {
          "method": "org.eclipse.core.launcher.Main.run",
          "source": "Main.java:811"
        },
        {
          "method": "org.eclipse.core.launcher.Main.main",
          "source": "Main.java:795"
        }
      ],
      "number": 4,
      "commentIndex": 13,
      "bugId": "51538",
      "date": "2005-01-24T18:14:50+01:00",
      "product": "Platform",
      "component": "Resources",
      "severity": "normal"
    },
    {
      "exceptionType": "junit.framework.AssertionFailedError",
      "message": "invocation 53 should fail, but it doesn\u0027t [false,org.eclipse.core.tests.harness.CancelingProgressMonitor@18600d6,F/openProject/1/1/2/2]",
      "elements": [
        {
          "method": "org.eclipse.core.tests.resources.TestPerformer.performTestRecursiveLoop",
          "source": "TestPerformer.java:80"
        },
        {
          "method": "org.eclipse.core.tests.resources.TestPerformer.performTestRecursiveLoop",
          "source": "TestPerformer.java:111"
        },
        {
          "method": "org.eclipse.core.tests.resources.TestPerformer.performTestRecursiveLoop",
          "source": "TestPerformer.java:111"
        },
        {
          "method": "org.eclipse.core.tests.resources.TestPerformer.performTest",
          "source": "TestPerformer.java:55"
        },
        {
          "method": "org.eclipse.core.tests.resources.IResourceTest.testDelete",
          "source": "IResourceTest.java:982"
        },
        {
          "method": "sun.reflect.NativeMethodAccessorImpl.invoke0",
          "source": "Native Method"
        },
        {
          "method": "sun.reflect.NativeMethodAccessorImpl.invoke",
          "source": "NativeMethodAccessorImpl.java:39"
        },
        {
          "method": "sun.reflect.DelegatingMethodAccessorImpl.invoke",
          "source": "DelegatingMethodAccessorImpl.java:25"
        },
        {
          "method": "org.eclipse.test.EclipseTestRunner.run",
          "source": "EclipseTestRunner.java:313"
        },
        {
          "method": "org.eclipse.test.EclipseTestRunner.run",
          "source": "EclipseTestRunner.java:199"
        },
        {
          "method": "org.eclipse.test.CoreTestApplication.runTests",
          "source": "CoreTestApplication.java:35"
        },
        {
          "method": "org.eclipse.test.CoreTestApplication.run",
          "source": "CoreTestApplication.java:31"
        },
        {
          "method": "org.eclipse.core.internal.runtime.PlatformActivator$1.run",
          "source": "PlatformActivator.java:227"
        },
        {
          "method": "org.eclipse.core.runtime.adaptor.EclipseStarter.run",
          "source": "EclipseStarter.java:281"
        },
        {
          "method": "org.eclipse.core.runtime.adaptor.EclipseStarter.run",
          "source": "EclipseStarter.java:131"
        },
        {
          "method": "sun.reflect.NativeMethodAccessorImpl.invoke0",
          "source": "Native Method"
        },
        {
          "method": "sun.reflect.NativeMethodAccessorImpl.invoke",
          "source": "NativeMethodAccessorImpl.java:39"
        },
        {
          "method": "sun.reflect.DelegatingMethodAccessorImpl.invoke",
          "source": "DelegatingMethodAccessorImpl.java:25"
        },
        {
          "method": "org.eclipse.core.launcher.Main.basicRun",
          "source": "Main.java:261"
        },
        {
          "method": "org.eclipse.core.launcher.Main.run",
          "source": "Main.java:817"
        },
        {
          "method": "org.eclipse.core.launcher.Main.main",
          "source": "Main.java:801"
        }
      ],
      "number": 5,
      "commentIndex": 16,
      "bugId": "51538",
      "date": "2005-02-07T14:42:16+01:00",
      "product": "Platform",
      "component": "Resources",
      "severity": "normal"
    },
    {
      "exceptionType": "junit.framework.AssertionFailedError",
      "message": "invocation 64 should fail, but it doesn\u0027t [false,org.eclipse.core.tests.harness.CancelingProgressMonitor@1f42731,F/openProject/1/1]",
      "elements": [
        {
          "method": "org.eclipse.core.tests.resources.TestPerformer.performTestRecursiveLoop",
          "source": "TestPerformer.java:80"
        },
        {
          "method": "org.eclipse.core.tests.resources.TestPerformer.performTestRecursiveLoop",
          "source": "TestPerformer.java:111"
        },
        {
          "method": "org.eclipse.core.tests.resources.TestPerformer.performTestRecursiveLoop",
          "source": "TestPerformer.java:111"
        },
        {
          "method": "org.eclipse.core.tests.resources.TestPerformer.performTest",
          "source": "TestPerformer.java:55"
        },
        {
          "method": "org.eclipse.core.tests.resources.IResourceTest.testDelete",
          "source": "IResourceTest.java:982"
        },
        {
          "method": "sun.reflect.NativeMethodAccessorImpl.invoke0",
          "source": "Native Method"
        },
        {
          "method": "sun.reflect.NativeMethodAccessorImpl.invoke",
          "source": "NativeMethodAccessorImpl.java:39"
        },
        {
          "method": "sun.reflect.DelegatingMethodAccessorImpl.invoke",
          "source": "DelegatingMethodAccessorImpl.java:25"
        },
        {
          "method": "org.eclipse.test.EclipseTestRunner.run",
          "source": "EclipseTestRunner.java:313"
        },
        {
          "method": "org.eclipse.test.EclipseTestRunner.run",
          "source": "EclipseTestRunner.java:199"
        },
        {
          "method": "org.eclipse.test.CoreTestApplication.runTests",
          "source": "CoreTestApplication.java:35"
        },
        {
          "method": "org.eclipse.test.CoreTestApplication.run",
          "source": "CoreTestApplication.java:31"
        },
        {
          "method": "org.eclipse.core.internal.runtime.PlatformActivator$1.run",
          "source": "PlatformActivator.java:228"
        },
        {
          "method": "org.eclipse.core.runtime.adaptor.EclipseStarter.run",
          "source": "EclipseStarter.java:338"
        },
        {
          "method": "org.eclipse.core.runtime.adaptor.EclipseStarter.run",
          "source": "EclipseStarter.java:151"
        },
        {
          "method": "sun.reflect.NativeMethodAccessorImpl.invoke0",
          "source": "Native Method"
        },
        {
          "method": "sun.reflect.NativeMethodAccessorImpl.invoke",
          "source": "NativeMethodAccessorImpl.java:39"
        },
        {
          "method": "sun.reflect.DelegatingMethodAccessorImpl.invoke",
          "source": "DelegatingMethodAccessorImpl.java:25"
        },
        {
          "method": "org.eclipse.core.launcher.Main.invokeFramework",
          "source": "Main.java:315"
        },
        {
          "method": "org.eclipse.core.launcher.Main.basicRun",
          "source": "Main.java:268"
        },
        {
          "method": "org.eclipse.core.launcher.Main.run",
          "source": "Main.java:942"
        },
        {
          "method": "org.eclipse.core.launcher.Main.main",
          "source": "Main.java:926"
        }
      ],
      "number": 6,
      "commentIndex": 21,
      "bugId": "51538",
      "date": "2005-03-28T16:18:43+02:00",
      "product": "Platform",
      "component": "Resources",
      "severity": "normal"
    },
    {
      "exceptionType": "junit.framework.AssertionFailedError",
      "message": "invocation 57 should fail, but it doesn\u0027t [false,org.eclipse.core.tests.harness.CancelingProgressMonitor@1cc5461,P/openProject]",
      "elements": [
        {
          "method": "org.eclipse.core.tests.resources.TestPerformer.performTestRecursiveLoop",
          "source": "TestPerformer.java:80"
        },
        {
          "method": "org.eclipse.core.tests.resources.TestPerformer.performTestRecursiveLoop",
          "source": "TestPerformer.java:111"
        },
        {
          "method": "org.eclipse.core.tests.resources.TestPerformer.performTestRecursiveLoop",
          "source": "TestPerformer.java:111"
        },
        {
          "method": "org.eclipse.core.tests.resources.TestPerformer.performTest",
          "source": "TestPerformer.java:55"
        },
        {
          "method": "org.eclipse.core.tests.resources.IResourceTest.testDelete",
          "source": "IResourceTest.java:982"
        },
        {
          "method": "org.eclipse.test.EclipseTestRunner.run",
          "source": "EclipseTestRunner.java:313"
        },
        {
          "method": "org.eclipse.test.EclipseTestRunner.run",
          "source": "EclipseTestRunner.java:199"
        },
        {
          "method": "org.eclipse.test.CoreTestApplication.runTests",
          "source": "CoreTestApplication.java:35"
        },
        {
          "method": "org.eclipse.test.CoreTestApplication.run",
          "source": "CoreTestApplication.java:31"
        },
        {
          "method": "org.eclipse.core.internal.runtime.PlatformActivator$1.run",
          "source": "PlatformActivator.java:226"
        },
        {
          "method": "org.eclipse.core.runtime.adaptor.EclipseStarter.run",
          "source": "EclipseStarter.java:377"
        },
        {
          "method": "org.eclipse.core.runtime.adaptor.EclipseStarter.run",
          "source": "EclipseStarter.java:164"
        },
        {
          "method": "org.eclipse.core.launcher.Main.invokeFramework",
          "source": "Main.java:338"
        },
        {
          "method": "org.eclipse.core.launcher.Main.basicRun",
          "source": "Main.java:282"
        },
        {
          "method": "org.eclipse.core.launcher.Main.run",
          "source": "Main.java:977"
        },
        {
          "method": "org.eclipse.core.launcher.Main.main",
          "source": "Main.java:952"
        }
      ],
      "number": 7,
      "commentIndex": 22,
      "bugId": "51538",
      "date": "2005-09-07T18:11:32+02:00",
      "product": "Platform",
      "component": "Resources",
      "severity": "normal"
    },
    {
      "exceptionType": "org.eclipse.core.runtime.CoreException",
      "message": "Problems encountered while deleting files.",
      "elements": [
        {
          "method": "org.eclipse.core.tests.harness.CoreTest.fail",
          "source": "CoreTest.java:46"
        },
        {
          "method": "org.eclipse.core.tests.resources.ResourceTest.clear",
          "source": "ResourceTest.java:368"
        },
        {
          "method": "org.eclipse.core.tests.resources.ResourceTest.cleanup",
          "source": "ResourceTest.java:356"
        },
        {
          "method": "org.eclipse.core.tests.resources.ResourceTest.tearDown",
          "source": "ResourceTest.java:849"
        },
        {
          "method": "org.eclipse.core.tests.resources.IProjectTest.tearDown",
          "source": "IProjectTest.java:72"
        },
        {
          "method": "org.eclipse.test.EclipseTestRunner.run",
          "source": "EclipseTestRunner.java:330"
        },
        {
          "method": "org.eclipse.test.EclipseTestRunner.run",
          "source": "EclipseTestRunner.java:204"
        },
        {
          "method": "org.eclipse.test.CoreTestApplication.runTests",
          "source": "CoreTestApplication.java:35"
        },
        {
          "method": "org.eclipse.test.CoreTestApplication.run",
          "source": "CoreTestApplication.java:31"
        },
        {
          "method": "org.eclipse.core.internal.runtime.PlatformActivator$1.run",
          "source": "PlatformActivator.java:226"
        },
        {
          "method": "org.eclipse.core.runtime.adaptor.EclipseStarter.run",
          "source": "EclipseStarter.java:375"
        },
        {
          "method": "org.eclipse.core.runtime.adaptor.EclipseStarter.run",
          "source": "EclipseStarter.java:164"
        },
        {
          "method": "org.eclipse.core.launcher.Main.invokeFramework",
          "source": "Main.java:338"
        },
        {
          "method": "org.eclipse.core.launcher.Main.basicRun",
          "source": "Main.java:282"
        },
        {
          "method": "org.eclipse.core.launcher.Main.run",
          "source": "Main.java:977"
        },
        {
          "method": "org.eclipse.core.launcher.Main.main",
          "source": "Main.java:952"
        }
      ],
      "number": 8,
      "commentIndex": 24,
      "bugId": "51538",
      "date": "2005-10-14T22:50:37+02:00",
      "product": "Platform",
      "component": "Resources",
      "severity": "normal"
    },
    {
      "exceptionType": "org.eclipse.core.runtime.AssertionFailedException",
      "message": "assertion failed:",
      "elements": [
        {
          "method": "org.eclipse.core.runtime.Assert.isTrue",
          "source": "Assert.java:107"
        },
        {
          "method": "org.eclipse.core.runtime.Assert.isTrue",
          "source": "Assert.java:93"
        },
        {
          "method": "org.eclipse.core.internal.jobs.JobQueue.enqueue",
          "source": "JobQueue.java:72"
        },
        {
          "method": "org.eclipse.core.internal.jobs.JobManager.changeState",
          "source": "JobManager.java:307"
        },
        {
          "method": "org.eclipse.core.internal.jobs.JobManager.sleep",
          "source": "JobManager.java:1055"
        },
        {
          "method": "org.eclipse.core.internal.jobs.JobManager.sleep",
          "source": "JobManager.java:1067"
        },
        {
          "method": "org.eclipse.core.tests.runtime.jobs.IJobManagerTest.testJobFamilySleep",
          "source": "IJobManagerTest.java:970"
        },
        {
          "method": "org.eclipse.test.EclipseTestRunner.run",
          "source": "EclipseTestRunner.java:330"
        },
        {
          "method": "org.eclipse.test.EclipseTestRunner.run",
          "source": "EclipseTestRunner.java:204"
        },
        {
          "method": "org.eclipse.test.CoreTestApplication.runTests",
          "source": "CoreTestApplication.java:35"
        },
        {
          "method": "org.eclipse.test.CoreTestApplication.run",
          "source": "CoreTestApplication.java:31"
        },
        {
          "method": "org.eclipse.core.internal.runtime.PlatformActivator$1.run",
          "source": "PlatformActivator.java:109"
        },
        {
          "method": "org.eclipse.core.runtime.internal.adaptor.EclipseAppLauncher.runApplication",
          "source": "EclipseAppLauncher.java:93"
        },
        {
          "method": "org.eclipse.core.runtime.internal.adaptor.EclipseAppLauncher.start",
          "source": "EclipseAppLauncher.java:69"
        },
        {
          "method": "org.eclipse.core.runtime.adaptor.EclipseStarter.run",
          "source": "EclipseStarter.java:374"
        },
        {
          "method": "org.eclipse.core.runtime.adaptor.EclipseStarter.run",
          "source": "EclipseStarter.java:169"
        },
        {
          "method": "org.eclipse.core.launcher.Main.invokeFramework",
          "source": "Main.java:338"
        },
        {
          "method": "org.eclipse.core.launcher.Main.basicRun",
          "source": "Main.java:282"
        },
        {
          "method": "org.eclipse.core.launcher.Main.run",
          "source": "Main.java:977"
        },
        {
          "method": "org.eclipse.core.launcher.Main.main",
          "source": "Main.java:952"
        }
      ],
      "number": 9,
      "commentIndex": 25,
      "bugId": "51538",
      "date": "2006-01-24T21:49:48+01:00",
      "product": "Platform",
      "component": "Resources",
      "severity": "normal"
    },
    {
      "exceptionType": "junit.framework.AssertionFailedError",
      "message": "Timeout waiting for job to start. Job: testSimpleRules(246), state: 2",
      "elements": [
        {
          "method": "org.eclipse.core.tests.runtime.jobs.IJobManagerTest.waitForStart",
          "source": "IJobManagerTest.java:1663"
        },
        {
          "method": "org.eclipse.core.tests.runtime.jobs.IJobManagerTest.testMutexRule",
          "source": "IJobManagerTest.java:1142"
        },
        {
          "method": "org.eclipse.test.EclipseTestRunner.run",
          "source": "EclipseTestRunner.java:330"
        },
        {
          "method": "org.eclipse.test.EclipseTestRunner.run",
          "source": "EclipseTestRunner.java:204"
        },
        {
          "method": "org.eclipse.test.CoreTestApplication.runTests",
          "source": "CoreTestApplication.java:35"
        },
        {
          "method": "org.eclipse.test.CoreTestApplication.run",
          "source": "CoreTestApplication.java:31"
        },
        {
          "method": "org.eclipse.core.internal.runtime.PlatformActivator$1.run",
          "source": "PlatformActivator.java:99"
        },
        {
          "method": "org.eclipse.core.runtime.internal.adaptor.EclipseAppLauncher.runApplication",
          "source": "EclipseAppLauncher.java:92"
        },
        {
          "method": "org.eclipse.core.runtime.internal.adaptor.EclipseAppLauncher.start",
          "source": "EclipseAppLauncher.java:68"
        },
        {
          "method": "org.eclipse.core.runtime.adaptor.EclipseStarter.run",
          "source": "EclipseStarter.java:374"
        },
        {
          "method": "org.eclipse.core.runtime.adaptor.EclipseStarter.run",
          "source": "EclipseStarter.java:169"
        },
        {
          "method": "org.eclipse.core.launcher.Main.invokeFramework",
          "source": "Main.java:338"
        },
        {
          "method": "org.eclipse.core.launcher.Main.basicRun",
          "source": "Main.java:282"
        },
        {
          "method": "org.eclipse.core.launcher.Main.run",
          "source": "Main.java:977"
        },
        {
          "method": "org.eclipse.core.launcher.Main.main",
          "source": "Main.java:952"
        }
      ],
      "number": 10,
      "commentIndex": 26,
      "bugId": "51538",
      "date": "2006-02-20T15:00:22+01:00",
      "product": "Platform",
      "component": "Resources",
      "severity": "normal"
    },
    {
      "exceptionType": "junit.framework.AssertionFailedError",
      "message": "2.11",
      "elements": [
        {
          "method": "org.eclipse.core.tests.runtime.jobs.IJobManagerTest.testJobFamilyJoin",
          "source": "IJobManagerTest.java:619"
        },
        {
          "method": "org.eclipse.test.EclipseTestRunner.run",
          "source": "EclipseTestRunner.java:330"
        },
        {
          "method": "org.eclipse.test.EclipseTestRunner.run",
          "source": "EclipseTestRunner.java:204"
        },
        {
          "method": "org.eclipse.test.CoreTestApplication.runTests",
          "source": "CoreTestApplication.java:35"
        },
        {
          "method": "org.eclipse.test.CoreTestApplication.run",
          "source": "CoreTestApplication.java:31"
        },
        {
          "method": "org.eclipse.core.internal.runtime.PlatformActivator$1.run",
          "source": "PlatformActivator.java:99"
        },
        {
          "method": "org.eclipse.core.runtime.internal.adaptor.EclipseAppLauncher.runApplication",
          "source": "EclipseAppLauncher.java:92"
        },
        {
          "method": "org.eclipse.core.runtime.internal.adaptor.EclipseAppLauncher.start",
          "source": "EclipseAppLauncher.java:68"
        },
        {
          "method": "org.eclipse.core.runtime.adaptor.EclipseStarter.run",
          "source": "EclipseStarter.java:374"
        },
        {
          "method": "org.eclipse.core.runtime.adaptor.EclipseStarter.run",
          "source": "EclipseStarter.java:169"
        },
        {
          "method": "org.eclipse.core.launcher.Main.invokeFramework",
          "source": "Main.java:338"
        },
        {
          "method": "org.eclipse.core.launcher.Main.basicRun",
          "source": "Main.java:282"
        },
        {
          "method": "org.eclipse.core.launcher.Main.run",
          "source": "Main.java:977"
        },
        {
          "method": "org.eclipse.core.launcher.Main.main",
          "source": "Main.java:952"
        }
      ],
      "number": 11,
      "commentIndex": 27,
      "bugId": "51538",
      "date": "2006-02-27T18:44:37+01:00",
      "product": "Platform",
      "component": "Resources",
      "severity": "normal"
    },
    {
      "exceptionType": "junit.framework.AssertionFailedError",
      "message": "Timeout waiting for job to start. Job: testSimpleRules(237), state: 2",
      "elements": [
        {
          "method": "org.eclipse.core.tests.runtime.jobs.IJobManagerTest.waitForStart",
          "source": "IJobManagerTest.java:1678"
        },
        {
          "method": "org.eclipse.core.tests.runtime.jobs.IJobManagerTest.testMutexRule",
          "source": "IJobManagerTest.java:1157"
        },
        {
          "method": "org.eclipse.test.EclipseTestRunner.run",
          "source": "EclipseTestRunner.java:330"
        },
        {
          "method": "org.eclipse.test.EclipseTestRunner.run",
          "source": "EclipseTestRunner.java:204"
        },
        {
          "method": "org.eclipse.test.CoreTestApplication.runTests",
          "source": "CoreTestApplication.java:35"
        },
        {
          "method": "org.eclipse.test.CoreTestApplication.run",
          "source": "CoreTestApplication.java:31"
        },
        {
          "method": "org.eclipse.core.internal.runtime.PlatformActivator$1.run",
          "source": "PlatformActivator.java:99"
        },
        {
          "method": "org.eclipse.core.runtime.internal.adaptor.EclipseAppLauncher.runApplication",
          "source": "EclipseAppLauncher.java:92"
        },
        {
          "method": "org.eclipse.core.runtime.internal.adaptor.EclipseAppLauncher.start",
          "source": "EclipseAppLauncher.java:68"
        },
        {
          "method": "org.eclipse.core.runtime.adaptor.EclipseStarter.run",
          "source": "EclipseStarter.java:374"
        },
        {
          "method": "org.eclipse.core.runtime.adaptor.EclipseStarter.run",
          "source": "EclipseStarter.java:169"
        },
        {
          "method": "org.eclipse.core.launcher.Main.invokeFramework",
          "source": "Main.java:338"
        },
        {
          "method": "org.eclipse.core.launcher.Main.basicRun",
          "source": "Main.java:282"
        },
        {
          "method": "org.eclipse.core.launcher.Main.run",
          "source": "Main.java:977"
        },
        {
          "method": "org.eclipse.core.launcher.Main.main",
          "source": "Main.java:952"
        }
      ],
      "number": 12,
      "commentIndex": 29,
      "bugId": "51538",
      "date": "2006-02-27T18:49:09+01:00",
      "product": "Platform",
      "component": "Resources",
      "severity": "normal"
    },
    {
      "exceptionType": "junit.framework.AssertionFailedError",
      "message": "2.0: expected state: RUNNING actual state: SLEEPING",
      "elements": [
        {
          "method": "org.eclipse.core.tests.runtime.jobs.IJobManagerTest.assertState",
          "source": "IJobManagerTest.java:87"
        },
        {
          "method": "org.eclipse.core.tests.runtime.jobs.IJobManagerTest.testJobFamilySleep",
          "source": "IJobManagerTest.java:985"
        },
        {
          "method": "org.eclipse.test.EclipseTestRunner.run",
          "source": "EclipseTestRunner.java:327"
        },
        {
          "method": "org.eclipse.test.EclipseTestRunner.run",
          "source": "EclipseTestRunner.java:201"
        },
        {
          "method": "org.eclipse.test.CoreTestApplication.runTests",
          "source": "CoreTestApplication.java:35"
        },
        {
          "method": "org.eclipse.test.CoreTestApplication.run",
          "source": "CoreTestApplication.java:31"
        },
        {
          "method": "org.eclipse.core.internal.runtime.PlatformActivator$1.run",
          "source": "PlatformActivator.java:78"
        },
        {
          "method": "org.eclipse.core.runtime.internal.adaptor.EclipseAppLauncher.runApplication",
          "source": "EclipseAppLauncher.java:104"
        },
        {
          "method": "org.eclipse.core.runtime.internal.adaptor.EclipseAppLauncher.start",
          "source": "EclipseAppLauncher.java:74"
        },
        {
          "method": "org.eclipse.core.runtime.adaptor.EclipseStarter.run",
          "source": "EclipseStarter.java:348"
        },
        {
          "method": "org.eclipse.core.runtime.adaptor.EclipseStarter.run",
          "source": "EclipseStarter.java:165"
        },
        {
          "method": "org.eclipse.core.launcher.Main.invokeFramework",
          "source": "Main.java:341"
        },
        {
          "method": "org.eclipse.core.launcher.Main.basicRun",
          "source": "Main.java:285"
        },
        {
          "method": "org.eclipse.core.launcher.Main.run",
          "source": "Main.java:987"
        },
        {
          "method": "org.eclipse.core.launcher.Main.main",
          "source": "Main.java:962"
        }
      ],
      "number": 13,
      "commentIndex": 32,
      "bugId": "51538",
      "date": "2006-09-26T19:53:06+02:00",
      "product": "Platform",
      "component": "Resources",
      "severity": "normal"
    },
    {
      "exceptionType": "junit.framework.AssertionFailedError",
      "message": "8.9: expected state: NONE actual state: RUNNING",
      "elements": [
        {
          "method": "org.eclipse.core.tests.runtime.jobs.IJobManagerTest.assertState",
          "source": "IJobManagerTest.java:87"
        },
        {
          "method": "org.eclipse.core.tests.runtime.jobs.IJobManagerTest.testJobFamilyWakeUp",
          "source": "IJobManagerTest.java:1120"
        },
        {
          "method": "org.eclipse.test.EclipseTestRunner.run",
          "source": "EclipseTestRunner.java:354"
        },
        {
          "method": "org.eclipse.test.EclipseTestRunner.run",
          "source": "EclipseTestRunner.java:206"
        },
        {
          "method": "org.eclipse.test.CoreTestApplication.runTests",
          "source": "CoreTestApplication.java:35"
        },
        {
          "method": "org.eclipse.test.CoreTestApplication.run",
          "source": "CoreTestApplication.java:31"
        },
        {
          "method": "org.eclipse.equinox.internal.app.EclipseAppContainer.callMethod",
          "source": "EclipseAppContainer.java:533"
        },
        {
          "method": "org.eclipse.equinox.internal.app.EclipseAppHandle.run",
          "source": "EclipseAppHandle.java:155"
        },
        {
          "method": "org.eclipse.core.runtime.internal.adaptor.EclipseAppLauncher.runApplication",
          "source": "EclipseAppLauncher.java:106"
        },
        {
          "method": "org.eclipse.core.runtime.internal.adaptor.EclipseAppLauncher.start",
          "source": "EclipseAppLauncher.java:76"
        },
        {
          "method": "org.eclipse.core.runtime.adaptor.EclipseStarter.run",
          "source": "EclipseStarter.java:363"
        },
        {
          "method": "org.eclipse.core.runtime.adaptor.EclipseStarter.run",
          "source": "EclipseStarter.java:176"
        },
        {
          "method": "org.eclipse.equinox.launcher.Main.invokeFramework",
          "source": "Main.java:504"
        },
        {
          "method": "org.eclipse.equinox.launcher.Main.basicRun",
          "source": "Main.java:443"
        },
        {
          "method": "org.eclipse.equinox.launcher.Main.run",
          "source": "Main.java:1169"
        },
        {
          "method": "org.eclipse.equinox.launcher.Main.main",
          "source": "Main.java:1144"
        },
        {
          "method": "org.eclipse.core.launcher.Main.main",
          "source": "Main.java:30"
        }
      ],
      "number": 14,
      "commentIndex": 34,
      "bugId": "51538",
      "date": "2007-06-18T15:41:59+02:00",
      "product": "Platform",
      "component": "Resources",
      "severity": "normal"
    },
    {
      "exceptionType": "junit.framework.AssertionFailedError",
      "message": "8.4: expected state: NONE actual state: RUNNING",
      "elements": [
        {
          "method": "org.eclipse.core.tests.runtime.jobs.IJobManagerTest.assertState",
          "source": "IJobManagerTest.java:87"
        },
        {
          "method": "org.eclipse.core.tests.runtime.jobs.IJobManagerTest.testJobFamilyWakeUp",
          "source": "IJobManagerTest.java:1120"
        },
        {
          "method": "org.eclipse.test.EclipseTestRunner.run",
          "source": "EclipseTestRunner.java:354"
        },
        {
          "method": "org.eclipse.test.EclipseTestRunner.run",
          "source": "EclipseTestRunner.java:206"
        },
        {
          "method": "org.eclipse.test.CoreTestApplication.runTests",
          "source": "CoreTestApplication.java:35"
        },
        {
          "method": "org.eclipse.test.CoreTestApplication.run",
          "source": "CoreTestApplication.java:31"
        },
        {
          "method": "org.eclipse.equinox.internal.app.EclipseAppContainer.callMethod",
          "source": "EclipseAppContainer.java:533"
        },
        {
          "method": "org.eclipse.equinox.internal.app.EclipseAppHandle.run",
          "source": "EclipseAppHandle.java:155"
        },
        {
          "method": "org.eclipse.core.runtime.internal.adaptor.EclipseAppLauncher.runApplication",
          "source": "EclipseAppLauncher.java:106"
        },
        {
          "method": "org.eclipse.core.runtime.internal.adaptor.EclipseAppLauncher.start",
          "source": "EclipseAppLauncher.java:76"
        },
        {
          "method": "org.eclipse.core.runtime.adaptor.EclipseStarter.run",
          "source": "EclipseStarter.java:363"
        },
        {
          "method": "org.eclipse.core.runtime.adaptor.EclipseStarter.run",
          "source": "EclipseStarter.java:176"
        },
        {
          "method": "org.eclipse.equinox.launcher.Main.invokeFramework",
          "source": "Main.java:504"
        },
        {
          "method": "org.eclipse.equinox.launcher.Main.basicRun",
          "source": "Main.java:443"
        },
        {
          "method": "org.eclipse.equinox.launcher.Main.run",
          "source": "Main.java:1169"
        },
        {
          "method": "org.eclipse.equinox.launcher.Main.main",
          "source": "Main.java:1144"
        },
        {
          "method": "org.eclipse.core.launcher.Main.main",
          "source": "Main.java:30"
        }
      ],
      "number": 15,
      "commentIndex": 35,
      "bugId": "51538",
      "date": "2007-06-27T15:40:41+02:00",
      "product": "Platform",
      "component": "Resources",
      "severity": "normal"
    },
    {
      "exceptionType": "junit.framework.AssertionFailedError",
      "message": "8.0: expected state: NONE actual state: RUNNING",
      "elements": [
        {
          "method": "org.eclipse.core.tests.runtime.jobs.IJobManagerTest.assertState",
          "source": "IJobManagerTest.java:87"
        },
        {
          "method": "org.eclipse.core.tests.runtime.jobs.IJobManagerTest.testJobFamilyWakeUp",
          "source": "IJobManagerTest.java:1152"
        },
        {
          "method": "org.eclipse.test.EclipseTestRunner.run",
          "source": "EclipseTestRunner.java:354"
        },
        {
          "method": "org.eclipse.test.EclipseTestRunner.run",
          "source": "EclipseTestRunner.java:206"
        },
        {
          "method": "org.eclipse.test.CoreTestApplication.runTests",
          "source": "CoreTestApplication.java:35"
        },
        {
          "method": "org.eclipse.test.CoreTestApplication.run",
          "source": "CoreTestApplication.java:31"
        },
        {
          "method": "org.eclipse.equinox.internal.app.EclipseAppContainer.callMethod",
          "source": "EclipseAppContainer.java:570"
        },
        {
          "method": "org.eclipse.equinox.internal.app.EclipseAppHandle.run",
          "source": "EclipseAppHandle.java:195"
        },
        {
          "method": "org.eclipse.core.runtime.internal.adaptor.EclipseAppLauncher.runApplication",
          "source": "EclipseAppLauncher.java:106"
        },
        {
          "method": "org.eclipse.core.runtime.internal.adaptor.EclipseAppLauncher.start",
          "source": "EclipseAppLauncher.java:76"
        },
        {
          "method": "org.eclipse.core.runtime.adaptor.EclipseStarter.run",
          "source": "EclipseStarter.java:362"
        },
        {
          "method": "org.eclipse.core.runtime.adaptor.EclipseStarter.run",
          "source": "EclipseStarter.java:175"
        },
        {
          "method": "org.eclipse.equinox.launcher.Main.invokeFramework",
          "source": "Main.java:516"
        },
        {
          "method": "org.eclipse.equinox.launcher.Main.basicRun",
          "source": "Main.java:456"
        },
        {
          "method": "org.eclipse.equinox.launcher.Main.run",
          "source": "Main.java:1194"
        },
        {
          "method": "org.eclipse.equinox.launcher.Main.main",
          "source": "Main.java:1170"
        },
        {
          "method": "org.eclipse.core.launcher.Main.main",
          "source": "Main.java:30"
        }
      ],
      "number": 16,
      "commentIndex": 37,
      "bugId": "51538",
      "date": "2007-11-15T19:00:42+01:00",
      "product": "Platform",
      "component": "Resources",
      "severity": "normal"
    }
  ],
  "groupId": "51538",
  "bugId": "51538",
  "date": "2004-02-10T20:45:29+01:00",
  "product": "Platform",
  "component": "Resources",
  "severity": "normal"
}