{
  "comments": [
    "Tested on Windows 2003 Server - Standard Edition with Arabic locale \"ar_EG\"\nEclipse Build ID: I20050401-1645\n\nDescription:\nWhen naming a new test case with Arabic name or adding Arabic named methods to \nit , it cannot run\n\nPrerequisites: \n- Please make that agent controller is running\n\nSteps to re-create the problem:\n1. In Eclipse workspace, click on main Menu \"File\"--\u003e\"New\"--\u003e\"Project?\", the \nnew Project Wizard that comes up, select Java Project, click Next, give the \nProject a name, then click on Finish.\n2. Switch to Test perspective by click main menu \"Window\"--\u003e\"Open Perspective\"--\n\u003e\"Other?\", then select Test\n3. In Test Navigator view, right click on the Java Project you created, \"New\"--\n\u003e\"Test Element?\" the New Test Element Wizard comes up.\n4. Select ?TPTP Manual Test?\n5. Give it an Arabic name.\n6. Click on Next\n7. Click Next then Click Finish.\n8. Right click on the newly created test case in the navigator, then select Run \nAs \u003e Test\n\nExpected Results:\n1. The test case should be executed properly in the presence of Arabic data \nwithout any errors\n\n2. In the Test Navigator view, double-click on the execution file of the test \ncase \"\u003ctestCaseName\u003e.execution\", then the test is supposed to run correctly\n\nActual Results:\n1. The Arabic named test case does not work, and produces the following error \nmessages when executing the test case:\n\t1- System.err: org.xml.sax.SAXParseException: Invalid byte 2 of 3-byte \nUTF-8 sequence.\n\t2- System.err:at \ncom.sun.org.apache.xerces.internal.parsers.DOMParser.parse(Unknown Source)\n\t3- System.err:at \ncom.sun.org.apache.xerces.internal.jaxp.DocumentBuilderImpl.parse(Unknown \nSource)\n\t4- System.err:at javax.xml.parsers.DocumentBuilder.parse(Unknown Source)\n\t5- System.err:at org.eclipse.hyades.test.common.util.XMLUtil.loadDom\n(XMLUtil.java:135)\n\t6- System.err:at org.eclipse.hyades.test.common.util.XMLUtil.loadDom\n(XMLUtil.java:169)\n\t7- System.err:at \norg.eclipse.hyades.test.manual.runner.model.util.ScriptParser.parse\n(ScriptParser.java:81)\n\t8- System.err:at \norg.eclipse.hyades.test.manual.runner.RemoteApp.initialize(RemoteApp.java:54)\n\t9- System.err:at \norg.eclipse.hyades.test.manual.runner.HyadesManualRunner.initializeRemoteApp\n(HyadesManualRunner.java:261)\n\t10- System.err:at \norg.eclipse.hyades.test.manual.runner.HyadesManualRunner.main\n(HyadesManualRunner.java:175)\n\t11- java.lang.IllegalArgumentException: The xml script is not valid or \nthe test case main block doesn\u0027t have any child element\n\tat org.eclipse.hyades.test.manual.runner.RemoteApp.initialize\n(RemoteApp.java:58)\n\tat \norg.eclipse.hyades.test.manual.runner.HyadesManualRunner.initializeRemoteApp\n(HyadesManualRunner.java:261)\n\tat org.eclipse.hyades.test.manual.runner.HyadesManualRunner.main\n(HyadesManualRunner.java:17\n\n\t12- System.err:\n\u003c?xml version\u003d\"1.0\" encoding\u003d\"UTF-8\"?\u003e\u003ctestScript\u003e\u003ctestSuite \nid\u003d\"C6E6B15008B79E504A55B5D0B72E11D9\" name\u003d\"\" \nlocation\u003d\"/jproj/\"ARABIC\".testsuite\"\u003e\u003ctestCases\u003e\u003ctestCase \nid\u003d\"C6E6B15008B79E500B1BFDB0B72F11D9\" name\u003d\"ARABIC\"/\u003e\u003ctestCase \nid\u003d\"C6E6B15008B79E500BEDCCA0B72F11D9\" name\u003d\"ARABIC\"/\u003e\u003ctestCase \nid\u003d\"C6E6B15008B79E500C118140B72F11D9\" name\u003d\"ARABIC\"/\u003e\u003ctestCase \nid\u003d\"C6E6B15008B79E500C2E3100B72F11D9\" name\u003d\"ARABIC\"/\u003e\u003ctestCase \nid\u003d\"C6E6B15008B79E500C4AB9B0B72F11D9\" \nname\u003d\"ARABIC\"/\u003e\u003c/testCases\u003e\u003c/testSuite\u003e\u003cverdicts\u003e\u003cverdict label\u003d\"inconclusive\" \nvalue\u003d\"0\" isDefault\u003d\"false\"/\u003e\u003cverdict label\u003d\"pass\" value\u003d\"1\" \nisDefault\u003d\"true\"/\u003e\u003cverdict label\u003d\"fail\" value\u003d\"2\" isDefault\u003d\"false\"/\u003e\u003cverdict \nlabel\u003d\"error\" value\u003d\"3\" isDefault\u003d\"false\"/\u003e\u003c/verdicts\u003e\u003c/testScript\u003e\n\nNOTE: in Error 12, each \"ARABIC\" represents arabic text supposed to appear (but \nthe error message contains garbage instead)\n\nComments:\n1. When arabic text is used, manual test-cases does not work",
    "The enablement testers have said that these major/critical/blocker defects\nprevent them from making progress, and they need to finish testing on May 13.\nPlease fix this bug before May 13 so that they can finish testing on time.",
    "This is a dupe of several other similar defects.\n\nBianca, apparently this defect is becoming more severe as it is blocking \ntesters.  Can you please dupe this to the appropriate defect and look into the \nproblem further?  Thanks.",
    "\n\n*** This bug has been marked as a duplicate of 93098 ***",
    "This scenario has been tested on Hyades 4.0.0, Build: I20050505\nand the problem still remains",
    "There has been another fix goes into TPTP build 200505101714. This is the same \nproblem as bug 92200 which has been verified working in a TPTP build later \nthan 200505101714. Please test against 200505101714 or later. If the problem \nstill exist, please attach the .execution file here. Thanks.",
    "Tested on 200505121000 and works so fine, Thank you Bianca ...\n",
    "ACTION: Please verify/close this defect.",
    "Closing by default since not closed by the originator in the 7+ months since being resolved.  \n\nPlease reopen if the issue is still present in the latest TPTP release or the resolution is not correct."
  ],
  "commentCreationDates": [
    "2005-04-27T17:50:15+02:00",
    "2005-05-03T20:52:46+02:00",
    "2005-05-03T22:55:04+02:00",
    "2005-05-03T23:50:29+02:00",
    "2005-05-12T14:34:37+02:00",
    "2005-05-12T16:50:21+02:00",
    "2005-05-15T15:42:25+02:00",
    "2006-11-16T13:57:41+01:00",
    "2007-02-12T17:56:57+01:00"
  ],
  "traces": [
    {
      "exceptionType": "org.xml.sax.SAXParseException",
      "message": "Invalid byte 2 of 3-byte  UTF-8 sequence.  2- System.err:",
      "elements": [
        {
          "method": "com.sun.org.apache.xerces.internal.parsers.DOMParser.parse",
          "source": "Unknown Source"
        }
      ],
      "number": 0,
      "commentIndex": 0,
      "bugId": "92929",
      "date": "2005-04-27T17:50:15+02:00",
      "product": "TPTP Testing",
      "component": "Test.UI.ManualTestClient",
      "severity": "critical"
    },
    {
      "exceptionType": "java.lang.IllegalArgumentException",
      "message": "The xml script is not valid or  the test case main block doesn\u0027t have any child element",
      "elements": [
        {
          "method": "org.eclipse.hyades.test.manual.runner.RemoteApp.initialize",
          "source": "RemoteApp.java:58"
        },
        {
          "method": "org.eclipse.hyades.test.manual.runner.HyadesManualRunner.initializeRemoteApp",
          "source": "HyadesManualRunner.java:261"
        }
      ],
      "number": 1,
      "commentIndex": 0,
      "bugId": "92929",
      "date": "2005-04-27T17:50:15+02:00",
      "product": "TPTP Testing",
      "component": "Test.UI.ManualTestClient",
      "severity": "critical"
    }
  ],
  "groupId": "92929",
  "bugId": "92929",
  "date": "2005-04-27T17:50:15+02:00",
  "product": "TPTP Testing",
  "component": "Test.UI.ManualTestClient",
  "severity": "critical"
}